[0.007s] Invoking command in '/home/anton202/devlab/drone_ws/build/aruco': CMAKE_PREFIX_PATH=/opt/ros/iron /home/anton202/.local/bin/cmake --build /home/anton202/devlab/drone_ws/build/aruco -- -j20 -l20
[0.054s] -- Found ament_cmake_ros: 0.11.2 (/opt/ros/iron/share/ament_cmake_ros/cmake)
[0.194s] -- Found rclcpp: 21.0.6 (/opt/ros/iron/share/rclcpp/cmake)
[0.228s] -- Found rosidl_generator_c: 4.0.1 (/opt/ros/iron/share/rosidl_generator_c/cmake)
[0.238s] -- Found rosidl_generator_cpp: 4.0.1 (/opt/ros/iron/share/rosidl_generator_cpp/cmake)
[0.251s] -- Using all available rosidl_typesupport_c: rosidl_typesupport_fastrtps_c;rosidl_typesupport_introspection_c
[0.270s] -- Using all available rosidl_typesupport_cpp: rosidl_typesupport_fastrtps_cpp;rosidl_typesupport_introspection_cpp
[0.433s] -- Found rmw_implementation_cmake: 7.1.0 (/opt/ros/iron/share/rmw_implementation_cmake/cmake)
[0.435s] -- Found rmw_fastrtps_cpp: 7.1.3 (/opt/ros/iron/share/rmw_fastrtps_cpp/cmake)
[0.556s] -- Using RMW implementation 'rmw_fastrtps_cpp' as default
[0.728s] -- Found std_msgs: 5.0.0 (/opt/ros/iron/share/std_msgs/cmake)
[0.761s] -- Found sensor_msgs: 5.0.0 (/opt/ros/iron/share/sensor_msgs/cmake)
[0.916s] [31mCMake Error at CMakeLists.txt:21 (find_package):
[0.916s]   Could not find a configuration file for package "OpenCV" that is compatible
[0.916s]   with requested version "3".
[0.916s] 
[0.916s]   The following configuration files were considered but not accepted:
[0.916s] 
[0.916s]     /usr/local/lib/cmake/opencv4/OpenCVConfig.cmake, version: 4.7.0
[0.916s]     /usr/lib/x86_64-linux-gnu/cmake/opencv4/OpenCVConfig.cmake, version: 4.5.4
[0.916s]     /lib/x86_64-linux-gnu/cmake/opencv4/OpenCVConfig.cmake, version: 4.5.4
[0.916s] 
[0.916s] 
[0.916s] [0m
[0.916s] -- Configuring incomplete, errors occurred!
[0.922s] gmake: *** [Makefile:470: cmake_check_build_system] Error 1
[0.930s] Invoked command in '/home/anton202/devlab/drone_ws/build/aruco' returned '2': CMAKE_PREFIX_PATH=/opt/ros/iron /home/anton202/.local/bin/cmake --build /home/anton202/devlab/drone_ws/build/aruco -- -j20 -l20
