[0.005s] Invoking command in '/home/anton202/devlab/drone_ws/build/aruco_msgs': CMAKE_PREFIX_PATH=/opt/ros/iron /home/anton202/.local/bin/cmake --build /home/anton202/devlab/drone_ws/build/aruco_msgs -- -j20 -l20
[0.056s] [  2%] [34m[1mGenerating type hashes for ROS interfaces[0m
[0.058s] [  2%] Built target ament_cmake_python_copy_aruco_msgs
[0.169s] running egg_info
[0.170s] creating aruco_msgs.egg-info
[0.174s] [  2%] Built target aruco_msgs__rosidl_generator_type_description
[0.177s] [  4%] [34m[1mGenerating C code for ROS interfaces[0m
[0.179s] writing aruco_msgs.egg-info/PKG-INFO
[0.179s] writing dependency_links to aruco_msgs.egg-info/dependency_links.txt
[0.180s] writing top-level names to aruco_msgs.egg-info/top_level.txt
[0.180s] [  6%] [34m[1mGenerating C++ code for ROS interfaces[0m
[0.180s] writing manifest file 'aruco_msgs.egg-info/SOURCES.txt'
[0.209s] reading manifest file 'aruco_msgs.egg-info/SOURCES.txt'
[0.210s] writing manifest file 'aruco_msgs.egg-info/SOURCES.txt'
[0.223s] [  6%] Built target ament_cmake_python_build_aruco_msgs_egg
[0.346s] [  6%] Built target aruco_msgs__cpp
[0.384s] [  9%] [32mBuilding C object CMakeFiles/aruco_msgs__rosidl_generator_c.dir/rosidl_generator_c/aruco_msgs/msg/detail/marker__description.c.o[0m
[0.384s] [ 11%] [32mBuilding C object CMakeFiles/aruco_msgs__rosidl_generator_c.dir/rosidl_generator_c/aruco_msgs/msg/detail/marker__functions.c.o[0m
[0.384s] [ 13%] [32mBuilding C object CMakeFiles/aruco_msgs__rosidl_generator_c.dir/rosidl_generator_c/aruco_msgs/msg/detail/marker__type_support.c.o[0m
[0.384s] [ 15%] [32mBuilding C object CMakeFiles/aruco_msgs__rosidl_generator_c.dir/rosidl_generator_c/aruco_msgs/msg/detail/marker_array__description.c.o[0m
[0.384s] [ 18%] [32mBuilding C object CMakeFiles/aruco_msgs__rosidl_generator_c.dir/rosidl_generator_c/aruco_msgs/msg/detail/marker_array__functions.c.o[0m
[0.385s] [ 20%] [32mBuilding C object CMakeFiles/aruco_msgs__rosidl_generator_c.dir/rosidl_generator_c/aruco_msgs/msg/detail/marker_array__type_support.c.o[0m
[0.424s] [ 22%] [32m[1mLinking C shared library libaruco_msgs__rosidl_generator_c.so[0m
[0.439s] [ 22%] Built target aruco_msgs__rosidl_generator_c
[0.442s] [ 25%] [34m[1mGenerating C introspection for ROS interfaces[0m
[0.442s] [ 27%] [34m[1mGenerating C type support dispatch for ROS interfaces[0m
[0.442s] [ 29%] [34m[1mGenerating C++ type support for eProsima Fast-RTPS[0m
[0.442s] [ 31%] [34m[1mGenerating C++ introspection for ROS interfaces[0m
[0.442s] [ 34%] [34m[1mGenerating C++ type support dispatch for ROS interfaces[0m
[0.443s] [ 36%] [34m[1mGenerating C type support for eProsima Fast-RTPS[0m
[0.596s] [ 38%] [32mBuilding CXX object CMakeFiles/aruco_msgs__rosidl_typesupport_cpp.dir/rosidl_typesupport_cpp/aruco_msgs/msg/marker__type_support.cpp.o[0m
[0.597s] [ 40%] [32mBuilding CXX object CMakeFiles/aruco_msgs__rosidl_typesupport_cpp.dir/rosidl_typesupport_cpp/aruco_msgs/msg/marker_array__type_support.cpp.o[0m
[0.603s] [ 43%] [32mBuilding CXX object CMakeFiles/aruco_msgs__rosidl_typesupport_c.dir/rosidl_typesupport_c/aruco_msgs/msg/marker__type_support.cpp.o[0m
[0.604s] [ 45%] [32mBuilding CXX object CMakeFiles/aruco_msgs__rosidl_typesupport_c.dir/rosidl_typesupport_c/aruco_msgs/msg/marker_array__type_support.cpp.o[0m
[0.610s] [ 47%] [32mBuilding CXX object CMakeFiles/aruco_msgs__rosidl_typesupport_introspection_cpp.dir/rosidl_typesupport_introspection_cpp/aruco_msgs/msg/detail/marker__type_support.cpp.o[0m
[0.610s] [ 50%] [32mBuilding CXX object CMakeFiles/aruco_msgs__rosidl_typesupport_introspection_cpp.dir/rosidl_typesupport_introspection_cpp/aruco_msgs/msg/detail/marker_array__type_support.cpp.o[0m
[0.613s] [ 52%] [32mBuilding C object CMakeFiles/aruco_msgs__rosidl_typesupport_introspection_c.dir/rosidl_typesupport_introspection_c/aruco_msgs/msg/detail/marker__type_support.c.o[0m
[0.613s] [ 54%] [32mBuilding C object CMakeFiles/aruco_msgs__rosidl_typesupport_introspection_c.dir/rosidl_typesupport_introspection_c/aruco_msgs/msg/detail/marker_array__type_support.c.o[0m
[0.616s] [ 56%] [32mBuilding CXX object CMakeFiles/aruco_msgs__rosidl_typesupport_fastrtps_c.dir/rosidl_typesupport_fastrtps_c/aruco_msgs/msg/detail/marker__type_support_c.cpp.o[0m
[0.616s] [ 59%] [32mBuilding CXX object CMakeFiles/aruco_msgs__rosidl_typesupport_fastrtps_c.dir/rosidl_typesupport_fastrtps_c/aruco_msgs/msg/detail/marker_array__type_support_c.cpp.o[0m
[0.619s] [ 61%] [32mBuilding CXX object CMakeFiles/aruco_msgs__rosidl_typesupport_fastrtps_cpp.dir/rosidl_typesupport_fastrtps_cpp/aruco_msgs/msg/detail/dds_fastrtps/marker__type_support.cpp.o[0m
[0.619s] [ 63%] [32mBuilding CXX object CMakeFiles/aruco_msgs__rosidl_typesupport_fastrtps_cpp.dir/rosidl_typesupport_fastrtps_cpp/aruco_msgs/msg/detail/dds_fastrtps/marker_array__type_support.cpp.o[0m
[0.635s] [ 65%] [32m[1mLinking CXX shared library libaruco_msgs__rosidl_typesupport_c.so[0m
[0.638s] [ 68%] [32m[1mLinking C shared library libaruco_msgs__rosidl_typesupport_introspection_c.so[0m
[0.653s] [ 68%] Built target aruco_msgs__rosidl_typesupport_introspection_c
[0.655s] [ 68%] Built target aruco_msgs__rosidl_typesupport_c
[0.944s] [ 70%] [32m[1mLinking CXX shared library libaruco_msgs__rosidl_typesupport_fastrtps_c.so[0m
[0.950s] [ 72%] [32m[1mLinking CXX shared library libaruco_msgs__rosidl_typesupport_fastrtps_cpp.so[0m
[0.987s] [ 75%] [32m[1mLinking CXX shared library libaruco_msgs__rosidl_typesupport_cpp.so[0m
[0.989s] [ 75%] Built target aruco_msgs__rosidl_typesupport_fastrtps_c
[0.994s] [ 75%] Built target aruco_msgs__rosidl_typesupport_fastrtps_cpp
[1.007s] [ 75%] Built target aruco_msgs__rosidl_typesupport_cpp
[1.047s] [ 77%] [32m[1mLinking CXX shared library libaruco_msgs__rosidl_typesupport_introspection_cpp.so[0m
[1.083s] [ 77%] Built target aruco_msgs__rosidl_typesupport_introspection_cpp
[1.088s] [ 77%] Built target aruco_msgs
[1.093s] [ 79%] [34m[1mGenerating Python code for ROS interfaces[0m
[1.288s] [ 79%] Built target aruco_msgs__py
[1.293s] [ 81%] [32mBuilding C object CMakeFiles/aruco_msgs__rosidl_generator_py.dir/rosidl_generator_py/aruco_msgs/msg/_marker_s.c.o[0m
[1.294s] [ 84%] [32mBuilding C object CMakeFiles/aruco_msgs__rosidl_generator_py.dir/rosidl_generator_py/aruco_msgs/msg/_marker_array_s.c.o[0m
[1.358s] [ 86%] [32m[1mLinking C shared library rosidl_generator_py/aruco_msgs/libaruco_msgs__rosidl_generator_py.so[0m
[1.376s] [ 86%] Built target aruco_msgs__rosidl_generator_py
[1.381s] [ 88%] [32mBuilding C object CMakeFiles/aruco_msgs__rosidl_typesupport_fastrtps_c__pyext.dir/rosidl_generator_py/aruco_msgs/_aruco_msgs_s.ep.rosidl_typesupport_fastrtps_c.c.o[0m
[1.381s] [ 90%] [32mBuilding C object CMakeFiles/aruco_msgs__rosidl_typesupport_introspection_c__pyext.dir/rosidl_generator_py/aruco_msgs/_aruco_msgs_s.ep.rosidl_typesupport_introspection_c.c.o[0m
[1.381s] [ 93%] [32mBuilding C object CMakeFiles/aruco_msgs__rosidl_typesupport_c__pyext.dir/rosidl_generator_py/aruco_msgs/_aruco_msgs_s.ep.rosidl_typesupport_c.c.o[0m
[1.433s] [100%] [32m[1mLinking C shared library rosidl_generator_py/aruco_msgs/aruco_msgs_s__rosidl_typesupport_c.cpython-310-x86_64-linux-gnu.so[0m
[1.433s] [100%] [32m[1mLinking C shared library rosidl_generator_py/aruco_msgs/aruco_msgs_s__rosidl_typesupport_introspection_c.cpython-310-x86_64-linux-gnu.so[0m
[1.433s] [100%] [32m[1mLinking C shared library rosidl_generator_py/aruco_msgs/aruco_msgs_s__rosidl_typesupport_fastrtps_c.cpython-310-x86_64-linux-gnu.so[0m
[1.449s] [100%] Built target aruco_msgs__rosidl_typesupport_c__pyext
[1.449s] [100%] Built target aruco_msgs__rosidl_typesupport_fastrtps_c__pyext
[1.449s] [100%] Built target aruco_msgs__rosidl_typesupport_introspection_c__pyext
