[0.466s] Invoking command in '/home/anton202/devlab/drone_ws/build/ros2_aruco_interfaces': CMAKE_PREFIX_PATH=${CMAKE_PREFIX_PATH}:/home/anton202/devlab/drone_ws/install/ros2_aruco:/home/anton202/devlab/drone_ws/install/py_pubsub:/home/anton202/devlab/drone_ws/install/learning_tf2_py:/home/anton202/devlab/drone_ws/install/drone_localization:/opt/ros/iron CONDA_PROMPT_MODIFIER=(base) /home/anton202/.local/bin/cmake --build /home/anton202/devlab/drone_ws/build/ros2_aruco_interfaces -- -j20 -l20
[0.526s] [  2%] Built target ros2_aruco_interfaces__rosidl_generator_type_description
[0.532s] [  5%] Built target ros2_aruco_interfaces__cpp
[0.532s] [  5%] Built target ament_cmake_python_copy_ros2_aruco_interfaces
[0.537s] [ 20%] Built target ros2_aruco_interfaces__rosidl_generator_c
[0.547s] [ 29%] Built target ros2_aruco_interfaces__rosidl_typesupport_cpp
[0.547s] [ 38%] Built target ros2_aruco_interfaces__rosidl_typesupport_introspection_c
[0.548s] [ 47%] Built target ros2_aruco_interfaces__rosidl_typesupport_fastrtps_c
[0.548s] [ 58%] Built target ros2_aruco_interfaces__rosidl_typesupport_fastrtps_cpp
[0.548s] [ 67%] Built target ros2_aruco_interfaces__rosidl_typesupport_c
[0.548s] [ 73%] Built target ros2_aruco_interfaces__rosidl_typesupport_introspection_cpp
[0.554s] [ 73%] Built target ros2_aruco_interfaces
[0.561s] [ 76%] Built target ros2_aruco_interfaces__py
[0.568s] [ 82%] Built target ros2_aruco_interfaces__rosidl_generator_py
[0.576s] [ 88%] Built target ros2_aruco_interfaces__rosidl_typesupport_fastrtps_c__pyext
[0.577s] [ 94%] Built target ros2_aruco_interfaces__rosidl_typesupport_introspection_c__pyext
[0.578s] [100%] Built target ros2_aruco_interfaces__rosidl_typesupport_c__pyext
[0.673s] running egg_info
[0.685s] writing ros2_aruco_interfaces.egg-info/PKG-INFO
[0.685s] writing dependency_links to ros2_aruco_interfaces.egg-info/dependency_links.txt
[0.685s] writing top-level names to ros2_aruco_interfaces.egg-info/top_level.txt
[0.718s] reading manifest file 'ros2_aruco_interfaces.egg-info/SOURCES.txt'
[0.718s] writing manifest file 'ros2_aruco_interfaces.egg-info/SOURCES.txt'
[0.733s] [100%] Built target ament_cmake_python_build_ros2_aruco_interfaces_egg
[0.748s] Invoked command in '/home/anton202/devlab/drone_ws/build/ros2_aruco_interfaces' returned '0': CMAKE_PREFIX_PATH=${CMAKE_PREFIX_PATH}:/home/anton202/devlab/drone_ws/install/ros2_aruco:/home/anton202/devlab/drone_ws/install/py_pubsub:/home/anton202/devlab/drone_ws/install/learning_tf2_py:/home/anton202/devlab/drone_ws/install/drone_localization:/opt/ros/iron CONDA_PROMPT_MODIFIER=(base) /home/anton202/.local/bin/cmake --build /home/anton202/devlab/drone_ws/build/ros2_aruco_interfaces -- -j20 -l20
[0.848s] Invoking command in '/home/anton202/devlab/drone_ws/build/ros2_aruco_interfaces': CMAKE_PREFIX_PATH=${CMAKE_PREFIX_PATH}:/home/anton202/devlab/drone_ws/install/ros2_aruco:/home/anton202/devlab/drone_ws/install/py_pubsub:/home/anton202/devlab/drone_ws/install/learning_tf2_py:/home/anton202/devlab/drone_ws/install/drone_localization:/opt/ros/iron CONDA_PROMPT_MODIFIER=(base) /home/anton202/.local/bin/cmake --install /home/anton202/devlab/drone_ws/build/ros2_aruco_interfaces
[0.902s] -- Install configuration: ""
[0.902s] -- Up-to-date: /home/anton202/devlab/drone_ws/install/ros2_aruco_interfaces/share/ament_index/resource_index/rosidl_interfaces/ros2_aruco_interfaces
[0.903s] -- Up-to-date: /home/anton202/devlab/drone_ws/install/ros2_aruco_interfaces/share/ros2_aruco_interfaces/msg/ArucoMarkers.json
[0.903s] -- Up-to-date: /home/anton202/devlab/drone_ws/install/ros2_aruco_interfaces/include/ros2_aruco_interfaces/ros2_aruco_interfaces
[0.903s] -- Up-to-date: /home/anton202/devlab/drone_ws/install/ros2_aruco_interfaces/include/ros2_aruco_interfaces/ros2_aruco_interfaces/msg
[0.903s] -- Up-to-date: /home/anton202/devlab/drone_ws/install/ros2_aruco_interfaces/include/ros2_aruco_interfaces/ros2_aruco_interfaces/msg/aruco_markers.h
[0.903s] -- Up-to-date: /home/anton202/devlab/drone_ws/install/ros2_aruco_interfaces/include/ros2_aruco_interfaces/ros2_aruco_interfaces/msg/detail
[0.903s] -- Up-to-date: /home/anton202/devlab/drone_ws/install/ros2_aruco_interfaces/include/ros2_aruco_interfaces/ros2_aruco_interfaces/msg/detail/aruco_markers__struct.h
[0.903s] -- Up-to-date: /home/anton202/devlab/drone_ws/install/ros2_aruco_interfaces/include/ros2_aruco_interfaces/ros2_aruco_interfaces/msg/detail/aruco_markers__description.c
[0.903s] -- Up-to-date: /home/anton202/devlab/drone_ws/install/ros2_aruco_interfaces/include/ros2_aruco_interfaces/ros2_aruco_interfaces/msg/detail/aruco_markers__functions.c
[0.903s] -- Up-to-date: /home/anton202/devlab/drone_ws/install/ros2_aruco_interfaces/include/ros2_aruco_interfaces/ros2_aruco_interfaces/msg/detail/aruco_markers__type_support.h
[0.903s] -- Up-to-date: /home/anton202/devlab/drone_ws/install/ros2_aruco_interfaces/include/ros2_aruco_interfaces/ros2_aruco_interfaces/msg/detail/aruco_markers__functions.h
[0.904s] -- Up-to-date: /home/anton202/devlab/drone_ws/install/ros2_aruco_interfaces/include/ros2_aruco_interfaces/ros2_aruco_interfaces/msg/detail/aruco_markers__type_support.c
[0.904s] -- Up-to-date: /home/anton202/devlab/drone_ws/install/ros2_aruco_interfaces/include/ros2_aruco_interfaces/ros2_aruco_interfaces/msg/rosidl_generator_c__visibility_control.h
[0.904s] -- Up-to-date: /home/anton202/devlab/drone_ws/install/ros2_aruco_interfaces/share/ros2_aruco_interfaces/environment/library_path.sh
[0.904s] -- Up-to-date: /home/anton202/devlab/drone_ws/install/ros2_aruco_interfaces/share/ros2_aruco_interfaces/environment/library_path.dsv
[0.904s] -- Up-to-date: /home/anton202/devlab/drone_ws/install/ros2_aruco_interfaces/lib/libros2_aruco_interfaces__rosidl_generator_c.so
[0.904s] -- Up-to-date: /home/anton202/devlab/drone_ws/install/ros2_aruco_interfaces/include/ros2_aruco_interfaces/ros2_aruco_interfaces
[0.904s] -- Up-to-date: /home/anton202/devlab/drone_ws/install/ros2_aruco_interfaces/include/ros2_aruco_interfaces/ros2_aruco_interfaces/msg
[0.904s] -- Up-to-date: /home/anton202/devlab/drone_ws/install/ros2_aruco_interfaces/include/ros2_aruco_interfaces/ros2_aruco_interfaces/msg/detail
[0.904s] -- Up-to-date: /home/anton202/devlab/drone_ws/install/ros2_aruco_interfaces/include/ros2_aruco_interfaces/ros2_aruco_interfaces/msg/detail/aruco_markers__rosidl_typesupport_fastrtps_c.h
[0.904s] -- Up-to-date: /home/anton202/devlab/drone_ws/install/ros2_aruco_interfaces/include/ros2_aruco_interfaces/ros2_aruco_interfaces/msg/rosidl_typesupport_fastrtps_c__visibility_control.h
[0.904s] -- Up-to-date: /home/anton202/devlab/drone_ws/install/ros2_aruco_interfaces/lib/libros2_aruco_interfaces__rosidl_typesupport_fastrtps_c.so
[0.904s] -- Up-to-date: /home/anton202/devlab/drone_ws/install/ros2_aruco_interfaces/include/ros2_aruco_interfaces/ros2_aruco_interfaces
[0.904s] -- Up-to-date: /home/anton202/devlab/drone_ws/install/ros2_aruco_interfaces/include/ros2_aruco_interfaces/ros2_aruco_interfaces/msg
[0.904s] -- Up-to-date: /home/anton202/devlab/drone_ws/install/ros2_aruco_interfaces/include/ros2_aruco_interfaces/ros2_aruco_interfaces/msg/aruco_markers.hpp
[0.905s] -- Up-to-date: /home/anton202/devlab/drone_ws/install/ros2_aruco_interfaces/include/ros2_aruco_interfaces/ros2_aruco_interfaces/msg/detail
[0.905s] -- Up-to-date: /home/anton202/devlab/drone_ws/install/ros2_aruco_interfaces/include/ros2_aruco_interfaces/ros2_aruco_interfaces/msg/detail/aruco_markers__struct.hpp
[0.905s] -- Up-to-date: /home/anton202/devlab/drone_ws/install/ros2_aruco_interfaces/include/ros2_aruco_interfaces/ros2_aruco_interfaces/msg/detail/aruco_markers__traits.hpp
[0.905s] -- Up-to-date: /home/anton202/devlab/drone_ws/install/ros2_aruco_interfaces/include/ros2_aruco_interfaces/ros2_aruco_interfaces/msg/detail/aruco_markers__builder.hpp
[0.905s] -- Up-to-date: /home/anton202/devlab/drone_ws/install/ros2_aruco_interfaces/include/ros2_aruco_interfaces/ros2_aruco_interfaces
[0.905s] -- Up-to-date: /home/anton202/devlab/drone_ws/install/ros2_aruco_interfaces/include/ros2_aruco_interfaces/ros2_aruco_interfaces/msg
[0.905s] -- Up-to-date: /home/anton202/devlab/drone_ws/install/ros2_aruco_interfaces/include/ros2_aruco_interfaces/ros2_aruco_interfaces/msg/detail
[0.906s] -- Up-to-date: /home/anton202/devlab/drone_ws/install/ros2_aruco_interfaces/include/ros2_aruco_interfaces/ros2_aruco_interfaces/msg/detail/aruco_markers__rosidl_typesupport_fastrtps_cpp.hpp
[0.906s] -- Up-to-date: /home/anton202/devlab/drone_ws/install/ros2_aruco_interfaces/include/ros2_aruco_interfaces/ros2_aruco_interfaces/msg/detail/dds_fastrtps
[0.906s] -- Up-to-date: /home/anton202/devlab/drone_ws/install/ros2_aruco_interfaces/include/ros2_aruco_interfaces/ros2_aruco_interfaces/msg/rosidl_typesupport_fastrtps_cpp__visibility_control.h
[0.906s] -- Up-to-date: /home/anton202/devlab/drone_ws/install/ros2_aruco_interfaces/lib/libros2_aruco_interfaces__rosidl_typesupport_fastrtps_cpp.so
[0.906s] -- Up-to-date: /home/anton202/devlab/drone_ws/install/ros2_aruco_interfaces/include/ros2_aruco_interfaces/ros2_aruco_interfaces
[0.906s] -- Up-to-date: /home/anton202/devlab/drone_ws/install/ros2_aruco_interfaces/include/ros2_aruco_interfaces/ros2_aruco_interfaces/msg
[0.906s] -- Up-to-date: /home/anton202/devlab/drone_ws/install/ros2_aruco_interfaces/include/ros2_aruco_interfaces/ros2_aruco_interfaces/msg/rosidl_typesupport_introspection_c__visibility_control.h
[0.906s] -- Up-to-date: /home/anton202/devlab/drone_ws/install/ros2_aruco_interfaces/include/ros2_aruco_interfaces/ros2_aruco_interfaces/msg/detail
[0.906s] -- Up-to-date: /home/anton202/devlab/drone_ws/install/ros2_aruco_interfaces/include/ros2_aruco_interfaces/ros2_aruco_interfaces/msg/detail/aruco_markers__rosidl_typesupport_introspection_c.h
[0.906s] -- Up-to-date: /home/anton202/devlab/drone_ws/install/ros2_aruco_interfaces/include/ros2_aruco_interfaces/ros2_aruco_interfaces/msg/detail/aruco_markers__type_support.c
[0.906s] -- Up-to-date: /home/anton202/devlab/drone_ws/install/ros2_aruco_interfaces/lib/libros2_aruco_interfaces__rosidl_typesupport_introspection_c.so
[0.907s] -- Up-to-date: /home/anton202/devlab/drone_ws/install/ros2_aruco_interfaces/lib/libros2_aruco_interfaces__rosidl_typesupport_c.so
[0.907s] -- Up-to-date: /home/anton202/devlab/drone_ws/install/ros2_aruco_interfaces/include/ros2_aruco_interfaces/ros2_aruco_interfaces
[0.907s] -- Up-to-date: /home/anton202/devlab/drone_ws/install/ros2_aruco_interfaces/include/ros2_aruco_interfaces/ros2_aruco_interfaces/msg
[0.907s] -- Up-to-date: /home/anton202/devlab/drone_ws/install/ros2_aruco_interfaces/include/ros2_aruco_interfaces/ros2_aruco_interfaces/msg/detail
[0.907s] -- Up-to-date: /home/anton202/devlab/drone_ws/install/ros2_aruco_interfaces/include/ros2_aruco_interfaces/ros2_aruco_interfaces/msg/detail/aruco_markers__type_support.cpp
[0.907s] -- Up-to-date: /home/anton202/devlab/drone_ws/install/ros2_aruco_interfaces/include/ros2_aruco_interfaces/ros2_aruco_interfaces/msg/detail/aruco_markers__rosidl_typesupport_introspection_cpp.hpp
[0.907s] -- Up-to-date: /home/anton202/devlab/drone_ws/install/ros2_aruco_interfaces/lib/libros2_aruco_interfaces__rosidl_typesupport_introspection_cpp.so
[0.907s] -- Up-to-date: /home/anton202/devlab/drone_ws/install/ros2_aruco_interfaces/lib/libros2_aruco_interfaces__rosidl_typesupport_cpp.so
[0.907s] -- Up-to-date: /home/anton202/devlab/drone_ws/install/ros2_aruco_interfaces/share/ros2_aruco_interfaces/environment/pythonpath.sh
[0.907s] -- Up-to-date: /home/anton202/devlab/drone_ws/install/ros2_aruco_interfaces/share/ros2_aruco_interfaces/environment/pythonpath.dsv
[0.907s] -- Up-to-date: /home/anton202/devlab/drone_ws/install/ros2_aruco_interfaces/lib/python3.10/site-packages/ros2_aruco_interfaces-0.1.0-py3.10.egg-info
[0.908s] -- Installing: /home/anton202/devlab/drone_ws/install/ros2_aruco_interfaces/lib/python3.10/site-packages/ros2_aruco_interfaces-0.1.0-py3.10.egg-info/SOURCES.txt
[0.908s] -- Installing: /home/anton202/devlab/drone_ws/install/ros2_aruco_interfaces/lib/python3.10/site-packages/ros2_aruco_interfaces-0.1.0-py3.10.egg-info/top_level.txt
[0.908s] -- Installing: /home/anton202/devlab/drone_ws/install/ros2_aruco_interfaces/lib/python3.10/site-packages/ros2_aruco_interfaces-0.1.0-py3.10.egg-info/PKG-INFO
[0.908s] -- Installing: /home/anton202/devlab/drone_ws/install/ros2_aruco_interfaces/lib/python3.10/site-packages/ros2_aruco_interfaces-0.1.0-py3.10.egg-info/dependency_links.txt
[0.908s] -- Up-to-date: /home/anton202/devlab/drone_ws/install/ros2_aruco_interfaces/lib/python3.10/site-packages/ros2_aruco_interfaces
[0.908s] -- Up-to-date: /home/anton202/devlab/drone_ws/install/ros2_aruco_interfaces/lib/python3.10/site-packages/ros2_aruco_interfaces/ros2_aruco_interfaces_s__rosidl_typesupport_c.cpython-310-x86_64-linux-gnu.so
[0.908s] -- Up-to-date: /home/anton202/devlab/drone_ws/install/ros2_aruco_interfaces/lib/python3.10/site-packages/ros2_aruco_interfaces/msg
[0.908s] -- Up-to-date: /home/anton202/devlab/drone_ws/install/ros2_aruco_interfaces/lib/python3.10/site-packages/ros2_aruco_interfaces/msg/_aruco_markers.py
[0.908s] -- Up-to-date: /home/anton202/devlab/drone_ws/install/ros2_aruco_interfaces/lib/python3.10/site-packages/ros2_aruco_interfaces/msg/__init__.py
[0.908s] -- Up-to-date: /home/anton202/devlab/drone_ws/install/ros2_aruco_interfaces/lib/python3.10/site-packages/ros2_aruco_interfaces/msg/_aruco_markers_s.c
[0.908s] -- Up-to-date: /home/anton202/devlab/drone_ws/install/ros2_aruco_interfaces/lib/python3.10/site-packages/ros2_aruco_interfaces/_ros2_aruco_interfaces_s.ep.rosidl_typesupport_fastrtps_c.c
[0.908s] -- Up-to-date: /home/anton202/devlab/drone_ws/install/ros2_aruco_interfaces/lib/python3.10/site-packages/ros2_aruco_interfaces/ros2_aruco_interfaces_s__rosidl_typesupport_introspection_c.cpython-310-x86_64-linux-gnu.so
[0.908s] -- Up-to-date: /home/anton202/devlab/drone_ws/install/ros2_aruco_interfaces/lib/python3.10/site-packages/ros2_aruco_interfaces/_ros2_aruco_interfaces_s.ep.rosidl_typesupport_introspection_c.c
[0.908s] -- Up-to-date: /home/anton202/devlab/drone_ws/install/ros2_aruco_interfaces/lib/python3.10/site-packages/ros2_aruco_interfaces/libros2_aruco_interfaces__rosidl_generator_py.so
[0.908s] -- Up-to-date: /home/anton202/devlab/drone_ws/install/ros2_aruco_interfaces/lib/python3.10/site-packages/ros2_aruco_interfaces/__init__.py
[0.909s] -- Up-to-date: /home/anton202/devlab/drone_ws/install/ros2_aruco_interfaces/lib/python3.10/site-packages/ros2_aruco_interfaces/ros2_aruco_interfaces_s__rosidl_typesupport_fastrtps_c.cpython-310-x86_64-linux-gnu.so
[0.909s] -- Up-to-date: /home/anton202/devlab/drone_ws/install/ros2_aruco_interfaces/lib/python3.10/site-packages/ros2_aruco_interfaces/_ros2_aruco_interfaces_s.ep.rosidl_typesupport_c.c
[0.926s] Listing '/home/anton202/devlab/drone_ws/install/ros2_aruco_interfaces/lib/python3.10/site-packages/ros2_aruco_interfaces'...
[0.926s] Listing '/home/anton202/devlab/drone_ws/install/ros2_aruco_interfaces/lib/python3.10/site-packages/ros2_aruco_interfaces/msg'...
[0.929s] -- Up-to-date: /home/anton202/devlab/drone_ws/install/ros2_aruco_interfaces/lib/python3.10/site-packages/ros2_aruco_interfaces/ros2_aruco_interfaces_s__rosidl_typesupport_fastrtps_c.cpython-310-x86_64-linux-gnu.so
[0.929s] -- Up-to-date: /home/anton202/devlab/drone_ws/install/ros2_aruco_interfaces/lib/python3.10/site-packages/ros2_aruco_interfaces/ros2_aruco_interfaces_s__rosidl_typesupport_introspection_c.cpython-310-x86_64-linux-gnu.so
[0.929s] -- Up-to-date: /home/anton202/devlab/drone_ws/install/ros2_aruco_interfaces/lib/python3.10/site-packages/ros2_aruco_interfaces/ros2_aruco_interfaces_s__rosidl_typesupport_c.cpython-310-x86_64-linux-gnu.so
[0.929s] -- Up-to-date: /home/anton202/devlab/drone_ws/install/ros2_aruco_interfaces/lib/libros2_aruco_interfaces__rosidl_generator_py.so
[0.930s] -- Up-to-date: /home/anton202/devlab/drone_ws/install/ros2_aruco_interfaces/share/ros2_aruco_interfaces/msg/ArucoMarkers.idl
[0.930s] -- Up-to-date: /home/anton202/devlab/drone_ws/install/ros2_aruco_interfaces/share/ros2_aruco_interfaces/msg/ArucoMarkers.msg
[0.930s] -- Up-to-date: /home/anton202/devlab/drone_ws/install/ros2_aruco_interfaces/share/ament_index/resource_index/package_run_dependencies/ros2_aruco_interfaces
[0.930s] -- Up-to-date: /home/anton202/devlab/drone_ws/install/ros2_aruco_interfaces/share/ament_index/resource_index/parent_prefix_path/ros2_aruco_interfaces
[0.930s] -- Up-to-date: /home/anton202/devlab/drone_ws/install/ros2_aruco_interfaces/share/ros2_aruco_interfaces/environment/ament_prefix_path.sh
[0.930s] -- Up-to-date: /home/anton202/devlab/drone_ws/install/ros2_aruco_interfaces/share/ros2_aruco_interfaces/environment/ament_prefix_path.dsv
[0.930s] -- Up-to-date: /home/anton202/devlab/drone_ws/install/ros2_aruco_interfaces/share/ros2_aruco_interfaces/environment/path.sh
[0.930s] -- Up-to-date: /home/anton202/devlab/drone_ws/install/ros2_aruco_interfaces/share/ros2_aruco_interfaces/environment/path.dsv
[0.930s] -- Up-to-date: /home/anton202/devlab/drone_ws/install/ros2_aruco_interfaces/share/ros2_aruco_interfaces/local_setup.bash
[0.930s] -- Up-to-date: /home/anton202/devlab/drone_ws/install/ros2_aruco_interfaces/share/ros2_aruco_interfaces/local_setup.sh
[0.931s] -- Up-to-date: /home/anton202/devlab/drone_ws/install/ros2_aruco_interfaces/share/ros2_aruco_interfaces/local_setup.zsh
[0.931s] -- Up-to-date: /home/anton202/devlab/drone_ws/install/ros2_aruco_interfaces/share/ros2_aruco_interfaces/local_setup.dsv
[0.931s] -- Installing: /home/anton202/devlab/drone_ws/install/ros2_aruco_interfaces/share/ros2_aruco_interfaces/package.dsv
[0.931s] -- Up-to-date: /home/anton202/devlab/drone_ws/install/ros2_aruco_interfaces/share/ament_index/resource_index/packages/ros2_aruco_interfaces
[0.931s] -- Up-to-date: /home/anton202/devlab/drone_ws/install/ros2_aruco_interfaces/share/ros2_aruco_interfaces/cmake/export_ros2_aruco_interfaces__rosidl_generator_cExport.cmake
[0.931s] -- Up-to-date: /home/anton202/devlab/drone_ws/install/ros2_aruco_interfaces/share/ros2_aruco_interfaces/cmake/export_ros2_aruco_interfaces__rosidl_generator_cExport-noconfig.cmake
[0.931s] -- Up-to-date: /home/anton202/devlab/drone_ws/install/ros2_aruco_interfaces/share/ros2_aruco_interfaces/cmake/export_ros2_aruco_interfaces__rosidl_typesupport_fastrtps_cExport.cmake
[0.931s] -- Up-to-date: /home/anton202/devlab/drone_ws/install/ros2_aruco_interfaces/share/ros2_aruco_interfaces/cmake/export_ros2_aruco_interfaces__rosidl_typesupport_fastrtps_cExport-noconfig.cmake
[0.931s] -- Up-to-date: /home/anton202/devlab/drone_ws/install/ros2_aruco_interfaces/share/ros2_aruco_interfaces/cmake/export_ros2_aruco_interfaces__rosidl_generator_cppExport.cmake
[0.931s] -- Up-to-date: /home/anton202/devlab/drone_ws/install/ros2_aruco_interfaces/share/ros2_aruco_interfaces/cmake/export_ros2_aruco_interfaces__rosidl_typesupport_fastrtps_cppExport.cmake
[0.931s] -- Up-to-date: /home/anton202/devlab/drone_ws/install/ros2_aruco_interfaces/share/ros2_aruco_interfaces/cmake/export_ros2_aruco_interfaces__rosidl_typesupport_fastrtps_cppExport-noconfig.cmake
[0.931s] -- Up-to-date: /home/anton202/devlab/drone_ws/install/ros2_aruco_interfaces/share/ros2_aruco_interfaces/cmake/ros2_aruco_interfaces__rosidl_typesupport_introspection_cExport.cmake
[0.931s] -- Up-to-date: /home/anton202/devlab/drone_ws/install/ros2_aruco_interfaces/share/ros2_aruco_interfaces/cmake/ros2_aruco_interfaces__rosidl_typesupport_introspection_cExport-noconfig.cmake
[0.931s] -- Up-to-date: /home/anton202/devlab/drone_ws/install/ros2_aruco_interfaces/share/ros2_aruco_interfaces/cmake/ros2_aruco_interfaces__rosidl_typesupport_cExport.cmake
[0.931s] -- Up-to-date: /home/anton202/devlab/drone_ws/install/ros2_aruco_interfaces/share/ros2_aruco_interfaces/cmake/ros2_aruco_interfaces__rosidl_typesupport_cExport-noconfig.cmake
[0.932s] -- Up-to-date: /home/anton202/devlab/drone_ws/install/ros2_aruco_interfaces/share/ros2_aruco_interfaces/cmake/ros2_aruco_interfaces__rosidl_typesupport_introspection_cppExport.cmake
[0.932s] -- Up-to-date: /home/anton202/devlab/drone_ws/install/ros2_aruco_interfaces/share/ros2_aruco_interfaces/cmake/ros2_aruco_interfaces__rosidl_typesupport_introspection_cppExport-noconfig.cmake
[0.932s] -- Up-to-date: /home/anton202/devlab/drone_ws/install/ros2_aruco_interfaces/share/ros2_aruco_interfaces/cmake/ros2_aruco_interfaces__rosidl_typesupport_cppExport.cmake
[0.932s] -- Up-to-date: /home/anton202/devlab/drone_ws/install/ros2_aruco_interfaces/share/ros2_aruco_interfaces/cmake/ros2_aruco_interfaces__rosidl_typesupport_cppExport-noconfig.cmake
[0.932s] -- Up-to-date: /home/anton202/devlab/drone_ws/install/ros2_aruco_interfaces/share/ros2_aruco_interfaces/cmake/export_ros2_aruco_interfaces__rosidl_generator_pyExport.cmake
[0.932s] -- Up-to-date: /home/anton202/devlab/drone_ws/install/ros2_aruco_interfaces/share/ros2_aruco_interfaces/cmake/export_ros2_aruco_interfaces__rosidl_generator_pyExport-noconfig.cmake
[0.932s] -- Up-to-date: /home/anton202/devlab/drone_ws/install/ros2_aruco_interfaces/share/ros2_aruco_interfaces/cmake/rosidl_cmake-extras.cmake
[0.932s] -- Up-to-date: /home/anton202/devlab/drone_ws/install/ros2_aruco_interfaces/share/ros2_aruco_interfaces/cmake/ament_cmake_export_dependencies-extras.cmake
[0.932s] -- Up-to-date: /home/anton202/devlab/drone_ws/install/ros2_aruco_interfaces/share/ros2_aruco_interfaces/cmake/ament_cmake_export_include_directories-extras.cmake
[0.932s] -- Up-to-date: /home/anton202/devlab/drone_ws/install/ros2_aruco_interfaces/share/ros2_aruco_interfaces/cmake/ament_cmake_export_libraries-extras.cmake
[0.932s] -- Up-to-date: /home/anton202/devlab/drone_ws/install/ros2_aruco_interfaces/share/ros2_aruco_interfaces/cmake/ament_cmake_export_targets-extras.cmake
[0.932s] -- Up-to-date: /home/anton202/devlab/drone_ws/install/ros2_aruco_interfaces/share/ros2_aruco_interfaces/cmake/rosidl_cmake_export_typesupport_targets-extras.cmake
[0.932s] -- Up-to-date: /home/anton202/devlab/drone_ws/install/ros2_aruco_interfaces/share/ros2_aruco_interfaces/cmake/rosidl_cmake_export_typesupport_libraries-extras.cmake
[0.932s] -- Up-to-date: /home/anton202/devlab/drone_ws/install/ros2_aruco_interfaces/share/ros2_aruco_interfaces/cmake/ros2_aruco_interfacesConfig.cmake
[0.933s] -- Up-to-date: /home/anton202/devlab/drone_ws/install/ros2_aruco_interfaces/share/ros2_aruco_interfaces/cmake/ros2_aruco_interfacesConfig-version.cmake
[0.933s] -- Up-to-date: /home/anton202/devlab/drone_ws/install/ros2_aruco_interfaces/share/ros2_aruco_interfaces/package.xml
[0.941s] Invoked command in '/home/anton202/devlab/drone_ws/build/ros2_aruco_interfaces' returned '0': CMAKE_PREFIX_PATH=${CMAKE_PREFIX_PATH}:/home/anton202/devlab/drone_ws/install/ros2_aruco:/home/anton202/devlab/drone_ws/install/py_pubsub:/home/anton202/devlab/drone_ws/install/learning_tf2_py:/home/anton202/devlab/drone_ws/install/drone_localization:/opt/ros/iron CONDA_PROMPT_MODIFIER=(base) /home/anton202/.local/bin/cmake --install /home/anton202/devlab/drone_ws/build/ros2_aruco_interfaces
