[0.495s] Invoking command in '/home/anton202/devlab/drone_ws/src/ros2_aruco/ros2_aruco': PYTHONPATH=/home/anton202/devlab/drone_ws/build/ros2_aruco/prefix_override:/home/anton202/devlab/drone_ws/install/ros2_aruco/lib/python3.10/site-packages:${PYTHONPATH} /usr/bin/python3 -W ignore:setup.py install is deprecated setup.py egg_info --egg-base ../../../build/ros2_aruco build --build-base /home/anton202/devlab/drone_ws/build/ros2_aruco/build install --record /home/anton202/devlab/drone_ws/build/ros2_aruco/install.log --single-version-externally-managed install_data
[0.639s] running egg_info
[0.648s] writing ../../../build/ros2_aruco/ros2_aruco.egg-info/PKG-INFO
[0.649s] writing dependency_links to ../../../build/ros2_aruco/ros2_aruco.egg-info/dependency_links.txt
[0.649s] writing entry points to ../../../build/ros2_aruco/ros2_aruco.egg-info/entry_points.txt
[0.649s] writing requirements to ../../../build/ros2_aruco/ros2_aruco.egg-info/requires.txt
[0.649s] writing top-level names to ../../../build/ros2_aruco/ros2_aruco.egg-info/top_level.txt
[0.669s] reading manifest file '../../../build/ros2_aruco/ros2_aruco.egg-info/SOURCES.txt'
[0.669s] writing manifest file '../../../build/ros2_aruco/ros2_aruco.egg-info/SOURCES.txt'
[0.669s] running build
[0.669s] running build_py
[0.670s] copying ros2_aruco/aruco_generate_marker.py -> /home/anton202/devlab/drone_ws/build/ros2_aruco/build/lib/ros2_aruco
[0.670s] copying ros2_aruco/aruco_node.py -> /home/anton202/devlab/drone_ws/build/ros2_aruco/build/lib/ros2_aruco
[0.670s] copying ros2_aruco/__init__.py -> /home/anton202/devlab/drone_ws/build/ros2_aruco/build/lib/ros2_aruco
[0.670s] running install
[0.673s] running install_lib
[0.683s] running install_data
[0.683s] copying resource/ros2_aruco -> /home/anton202/devlab/drone_ws/install/ros2_aruco/share/ament_index/resource_index/packages
[0.683s] copying package.xml -> /home/anton202/devlab/drone_ws/install/ros2_aruco/share/ros2_aruco
[0.683s] copying launch/aruco_recognition.launch.py -> /home/anton202/devlab/drone_ws/install/ros2_aruco/share/ros2_aruco/launch
[0.683s] copying config/aruco_parameters.yaml -> /home/anton202/devlab/drone_ws/install/ros2_aruco/share/ros2_aruco/config
[0.683s] running install_egg_info
[0.693s] removing '/home/anton202/devlab/drone_ws/install/ros2_aruco/lib/python3.10/site-packages/ros2_aruco-0.1.0-py3.10.egg-info' (and everything under it)
[0.694s] Copying ../../../build/ros2_aruco/ros2_aruco.egg-info to /home/anton202/devlab/drone_ws/install/ros2_aruco/lib/python3.10/site-packages/ros2_aruco-0.1.0-py3.10.egg-info
[0.694s] running install_scripts
[0.784s] Installing aruco_generate_marker script to /home/anton202/devlab/drone_ws/install/ros2_aruco/lib/ros2_aruco
[0.785s] Installing aruco_node script to /home/anton202/devlab/drone_ws/install/ros2_aruco/lib/ros2_aruco
[0.785s] writing list of installed files to '/home/anton202/devlab/drone_ws/build/ros2_aruco/install.log'
[0.799s] Invoked command in '/home/anton202/devlab/drone_ws/src/ros2_aruco/ros2_aruco' returned '0': PYTHONPATH=/home/anton202/devlab/drone_ws/build/ros2_aruco/prefix_override:/home/anton202/devlab/drone_ws/install/ros2_aruco/lib/python3.10/site-packages:${PYTHONPATH} /usr/bin/python3 -W ignore:setup.py install is deprecated setup.py egg_info --egg-base ../../../build/ros2_aruco build --build-base /home/anton202/devlab/drone_ws/build/ros2_aruco/build install --record /home/anton202/devlab/drone_ws/build/ros2_aruco/install.log --single-version-externally-managed install_data
