[0.006s] Invoking command in '/home/anton202/devlab/drone_ws/build/aruco': CMAKE_PREFIX_PATH=/opt/ros/iron /home/anton202/.local/bin/cmake /home/anton202/devlab/drone_ws/src/aruco_ros2/aruco -DCMAKE_INSTALL_PREFIX=/home/anton202/devlab/drone_ws/install/aruco
[0.051s] -- Found ament_cmake_ros: 0.11.2 (/opt/ros/iron/share/ament_cmake_ros/cmake)
[0.185s] -- Found rclcpp: 21.0.6 (/opt/ros/iron/share/rclcpp/cmake)
[0.217s] -- Found rosidl_generator_c: 4.0.1 (/opt/ros/iron/share/rosidl_generator_c/cmake)
[0.226s] -- Found rosidl_generator_cpp: 4.0.1 (/opt/ros/iron/share/rosidl_generator_cpp/cmake)
[0.239s] -- Using all available rosidl_typesupport_c: rosidl_typesupport_fastrtps_c;rosidl_typesupport_introspection_c
[0.257s] -- Using all available rosidl_typesupport_cpp: rosidl_typesupport_fastrtps_cpp;rosidl_typesupport_introspection_cpp
[0.422s] -- Found rmw_implementation_cmake: 7.1.0 (/opt/ros/iron/share/rmw_implementation_cmake/cmake)
[0.423s] -- Found rmw_fastrtps_cpp: 7.1.3 (/opt/ros/iron/share/rmw_fastrtps_cpp/cmake)
[0.544s] -- Using RMW implementation 'rmw_fastrtps_cpp' as default
[0.715s] -- Found std_msgs: 5.0.0 (/opt/ros/iron/share/std_msgs/cmake)
[0.748s] -- Found sensor_msgs: 5.0.0 (/opt/ros/iron/share/sensor_msgs/cmake)
[0.902s] -- Configuring incomplete, errors occurred!
[0.903s] [31mCMake Error at CMakeLists.txt:21 (find_package):
[0.903s]   Could not find a configuration file for package "OpenCV" that is compatible
[0.903s]   with requested version "3".
[0.903s] 
[0.903s]   The following configuration files were considered but not accepted:
[0.903s] 
[0.903s]     /usr/local/lib/cmake/opencv4/OpenCVConfig.cmake, version: 4.7.0
[0.903s]     /usr/lib/x86_64-linux-gnu/cmake/opencv4/OpenCVConfig.cmake, version: 4.5.4
[0.903s]     /lib/x86_64-linux-gnu/cmake/opencv4/OpenCVConfig.cmake, version: 4.5.4
[0.903s] 
[0.903s] 
[0.903s] [0m
[0.917s] Invoked command in '/home/anton202/devlab/drone_ws/build/aruco' returned '1': CMAKE_PREFIX_PATH=/opt/ros/iron /home/anton202/.local/bin/cmake /home/anton202/devlab/drone_ws/src/aruco_ros2/aruco -DCMAKE_INSTALL_PREFIX=/home/anton202/devlab/drone_ws/install/aruco
