[0.920s] Invoking command in '/home/anton202/devlab/drone_ws/src/ros2_aruco/ros2_aruco': CONDA_PROMPT_MODIFIER=(base) PYTHONPATH=/home/anton202/devlab/drone_ws/build/ros2_aruco/prefix_override:/home/anton202/devlab/drone_ws/install/ros2_aruco/lib/python3.10/site-packages:${PYTHONPATH} /usr/bin/python3 -W ignore:setup.py install is deprecated setup.py egg_info --egg-base ../../../build/ros2_aruco build --build-base /home/anton202/devlab/drone_ws/build/ros2_aruco/build install --record /home/anton202/devlab/drone_ws/build/ros2_aruco/install.log --single-version-externally-managed install_data
[1.097s] running egg_info
[1.109s] writing ../../../build/ros2_aruco/ros2_aruco.egg-info/PKG-INFO
[1.109s] writing dependency_links to ../../../build/ros2_aruco/ros2_aruco.egg-info/dependency_links.txt
[1.109s] writing entry points to ../../../build/ros2_aruco/ros2_aruco.egg-info/entry_points.txt
[1.109s] writing requirements to ../../../build/ros2_aruco/ros2_aruco.egg-info/requires.txt
[1.109s] writing top-level names to ../../../build/ros2_aruco/ros2_aruco.egg-info/top_level.txt
[1.133s] reading manifest file '../../../build/ros2_aruco/ros2_aruco.egg-info/SOURCES.txt'
[1.134s] writing manifest file '../../../build/ros2_aruco/ros2_aruco.egg-info/SOURCES.txt'
[1.134s] running build
[1.134s] running build_py
[1.134s] copying ros2_aruco/aruco_generate_marker.py -> /home/anton202/devlab/drone_ws/build/ros2_aruco/build/lib/ros2_aruco
[1.134s] copying ros2_aruco/aruco_node.py -> /home/anton202/devlab/drone_ws/build/ros2_aruco/build/lib/ros2_aruco
[1.134s] copying ros2_aruco/__init__.py -> /home/anton202/devlab/drone_ws/build/ros2_aruco/build/lib/ros2_aruco
[1.134s] running install
[1.138s] running install_lib
[1.150s] running install_data
[1.150s] copying resource/ros2_aruco -> /home/anton202/devlab/drone_ws/install/ros2_aruco/share/ament_index/resource_index/packages
[1.150s] copying package.xml -> /home/anton202/devlab/drone_ws/install/ros2_aruco/share/ros2_aruco
[1.151s] copying launch/aruco_recognition.launch.py -> /home/anton202/devlab/drone_ws/install/ros2_aruco/share/ros2_aruco/launch
[1.151s] copying config/aruco_parameters.yaml -> /home/anton202/devlab/drone_ws/install/ros2_aruco/share/ros2_aruco/config
[1.151s] running install_egg_info
[1.163s] removing '/home/anton202/devlab/drone_ws/install/ros2_aruco/lib/python3.10/site-packages/ros2_aruco-0.1.0-py3.10.egg-info' (and everything under it)
[1.163s] Copying ../../../build/ros2_aruco/ros2_aruco.egg-info to /home/anton202/devlab/drone_ws/install/ros2_aruco/lib/python3.10/site-packages/ros2_aruco-0.1.0-py3.10.egg-info
[1.163s] running install_scripts
[1.270s] Installing aruco_generate_marker script to /home/anton202/devlab/drone_ws/install/ros2_aruco/lib/ros2_aruco
[1.270s] Installing aruco_node script to /home/anton202/devlab/drone_ws/install/ros2_aruco/lib/ros2_aruco
[1.270s] writing list of installed files to '/home/anton202/devlab/drone_ws/build/ros2_aruco/install.log'
[1.290s] Invoked command in '/home/anton202/devlab/drone_ws/src/ros2_aruco/ros2_aruco' returned '0': CONDA_PROMPT_MODIFIER=(base) PYTHONPATH=/home/anton202/devlab/drone_ws/build/ros2_aruco/prefix_override:/home/anton202/devlab/drone_ws/install/ros2_aruco/lib/python3.10/site-packages:${PYTHONPATH} /usr/bin/python3 -W ignore:setup.py install is deprecated setup.py egg_info --egg-base ../../../build/ros2_aruco build --build-base /home/anton202/devlab/drone_ws/build/ros2_aruco/build install --record /home/anton202/devlab/drone_ws/build/ros2_aruco/install.log --single-version-externally-managed install_data
