[0.062s] DEBUG:colcon:Command line arguments: ['/usr/bin/colcon', 'build']
[0.062s] DEBUG:colcon:Parsed command line arguments: Namespace(log_base=None, log_level=None, verb_name='build', build_base='build', install_base='install', merge_install=False, symlink_install=False, test_result_base=None, continue_on_error=False, executor='parallel', parallel_workers=20, event_handlers=None, ignore_user_meta=False, metas=['./colcon.meta'], base_paths=['.'], packages_ignore=None, packages_ignore_regex=None, paths=None, packages_up_to=None, packages_up_to_regex=None, packages_above=None, packages_above_and_dependencies=None, packages_above_depth=None, packages_select_by_dep=None, packages_skip_by_dep=None, packages_skip_up_to=None, packages_select_build_failed=False, packages_skip_build_finished=False, packages_select_test_failures=False, packages_skip_test_passed=False, packages_select=None, packages_skip=None, packages_select_regex=None, packages_skip_regex=None, packages_start=None, packages_end=None, allow_overriding=[], cmake_args=None, cmake_target=None, cmake_target_skip_unavailable=False, cmake_clean_cache=False, cmake_clean_first=False, cmake_force_configure=False, ament_cmake_args=None, catkin_cmake_args=None, catkin_skip_building_tests=False, mixin_files=None, mixin=None, verb_parser=<colcon_mixin.mixin.mixin_argument.MixinArgumentDecorator object at 0x74edb9d5c9a0>, verb_extension=<colcon_core.verb.build.BuildVerb object at 0x74edb9d5c370>, main=<bound method BuildVerb.main of <colcon_core.verb.build.BuildVerb object at 0x74edb9d5c370>>, mixin_verb=('build',))
[0.084s] Level 1:colcon.colcon_core.package_discovery:discover_packages(colcon_meta) check parameters
[0.084s] Level 1:colcon.colcon_core.package_discovery:discover_packages(recursive) check parameters
[0.084s] Level 1:colcon.colcon_core.package_discovery:discover_packages(ignore) check parameters
[0.084s] Level 1:colcon.colcon_core.package_discovery:discover_packages(path) check parameters
[0.084s] Level 1:colcon.colcon_core.package_discovery:discover_packages(colcon_meta) discover
[0.084s] Level 1:colcon.colcon_core.package_discovery:discover_packages(recursive) discover
[0.084s] INFO:colcon.colcon_core.package_discovery:Crawling recursively for packages in '/home/anton202/devlab/drone_ws'
[0.084s] Level 1:colcon.colcon_core.package_identification:_identify(.) by extensions ['ignore', 'ignore_ament_install']
[0.084s] Level 1:colcon.colcon_core.package_identification:_identify(.) by extension 'ignore'
[0.084s] Level 1:colcon.colcon_core.package_identification:_identify(.) by extension 'ignore_ament_install'
[0.084s] Level 1:colcon.colcon_core.package_identification:_identify(.) by extensions ['colcon_pkg']
[0.084s] Level 1:colcon.colcon_core.package_identification:_identify(.) by extension 'colcon_pkg'
[0.084s] Level 1:colcon.colcon_core.package_identification:_identify(.) by extensions ['colcon_meta']
[0.084s] Level 1:colcon.colcon_core.package_identification:_identify(.) by extension 'colcon_meta'
[0.084s] Level 1:colcon.colcon_core.package_identification:_identify(.) by extensions ['ros']
[0.084s] Level 1:colcon.colcon_core.package_identification:_identify(.) by extension 'ros'
[0.093s] Level 1:colcon.colcon_core.package_identification:_identify(.) by extensions ['cmake', 'python']
[0.093s] Level 1:colcon.colcon_core.package_identification:_identify(.) by extension 'cmake'
[0.093s] Level 1:colcon.colcon_core.package_identification:_identify(.) by extension 'python'
[0.093s] Level 1:colcon.colcon_core.package_identification:_identify(.) by extensions ['python_setup_py']
[0.093s] Level 1:colcon.colcon_core.package_identification:_identify(.) by extension 'python_setup_py'
[0.093s] Level 1:colcon.colcon_core.package_identification:_identify(build) by extensions ['ignore', 'ignore_ament_install']
[0.094s] Level 1:colcon.colcon_core.package_identification:_identify(build) by extension 'ignore'
[0.094s] Level 1:colcon.colcon_core.package_identification:_identify(build) ignored
[0.094s] Level 1:colcon.colcon_core.package_identification:_identify(install) by extensions ['ignore', 'ignore_ament_install']
[0.094s] Level 1:colcon.colcon_core.package_identification:_identify(install) by extension 'ignore'
[0.094s] Level 1:colcon.colcon_core.package_identification:_identify(install) ignored
[0.094s] Level 1:colcon.colcon_core.package_identification:_identify(log) by extensions ['ignore', 'ignore_ament_install']
[0.094s] Level 1:colcon.colcon_core.package_identification:_identify(log) by extension 'ignore'
[0.094s] Level 1:colcon.colcon_core.package_identification:_identify(log) ignored
[0.094s] Level 1:colcon.colcon_core.package_identification:_identify(src) by extensions ['ignore', 'ignore_ament_install']
[0.094s] Level 1:colcon.colcon_core.package_identification:_identify(src) by extension 'ignore'
[0.094s] Level 1:colcon.colcon_core.package_identification:_identify(src) by extension 'ignore_ament_install'
[0.094s] Level 1:colcon.colcon_core.package_identification:_identify(src) by extensions ['colcon_pkg']
[0.094s] Level 1:colcon.colcon_core.package_identification:_identify(src) by extension 'colcon_pkg'
[0.094s] Level 1:colcon.colcon_core.package_identification:_identify(src) by extensions ['colcon_meta']
[0.094s] Level 1:colcon.colcon_core.package_identification:_identify(src) by extension 'colcon_meta'
[0.094s] Level 1:colcon.colcon_core.package_identification:_identify(src) by extensions ['ros']
[0.094s] Level 1:colcon.colcon_core.package_identification:_identify(src) by extension 'ros'
[0.094s] Level 1:colcon.colcon_core.package_identification:_identify(src) by extensions ['cmake', 'python']
[0.094s] Level 1:colcon.colcon_core.package_identification:_identify(src) by extension 'cmake'
[0.094s] Level 1:colcon.colcon_core.package_identification:_identify(src) by extension 'python'
[0.094s] Level 1:colcon.colcon_core.package_identification:_identify(src) by extensions ['python_setup_py']
[0.094s] Level 1:colcon.colcon_core.package_identification:_identify(src) by extension 'python_setup_py'
[0.094s] Level 1:colcon.colcon_core.package_identification:_identify(src/drone_localization) by extensions ['ignore', 'ignore_ament_install']
[0.094s] Level 1:colcon.colcon_core.package_identification:_identify(src/drone_localization) by extension 'ignore'
[0.094s] Level 1:colcon.colcon_core.package_identification:_identify(src/drone_localization) by extension 'ignore_ament_install'
[0.094s] Level 1:colcon.colcon_core.package_identification:_identify(src/drone_localization) by extensions ['colcon_pkg']
[0.094s] Level 1:colcon.colcon_core.package_identification:_identify(src/drone_localization) by extension 'colcon_pkg'
[0.094s] Level 1:colcon.colcon_core.package_identification:_identify(src/drone_localization) by extensions ['colcon_meta']
[0.094s] Level 1:colcon.colcon_core.package_identification:_identify(src/drone_localization) by extension 'colcon_meta'
[0.094s] Level 1:colcon.colcon_core.package_identification:_identify(src/drone_localization) by extensions ['ros']
[0.094s] Level 1:colcon.colcon_core.package_identification:_identify(src/drone_localization) by extension 'ros'
[0.096s] DEBUG:colcon.colcon_core.package_identification:Package 'src/drone_localization' with type 'ros.ament_python' and name 'drone_localization'
[0.096s] Level 1:colcon.colcon_core.package_identification:_identify(src/learning_tf2_py) by extensions ['ignore', 'ignore_ament_install']
[0.096s] Level 1:colcon.colcon_core.package_identification:_identify(src/learning_tf2_py) by extension 'ignore'
[0.096s] Level 1:colcon.colcon_core.package_identification:_identify(src/learning_tf2_py) by extension 'ignore_ament_install'
[0.096s] Level 1:colcon.colcon_core.package_identification:_identify(src/learning_tf2_py) by extensions ['colcon_pkg']
[0.096s] Level 1:colcon.colcon_core.package_identification:_identify(src/learning_tf2_py) by extension 'colcon_pkg'
[0.096s] Level 1:colcon.colcon_core.package_identification:_identify(src/learning_tf2_py) by extensions ['colcon_meta']
[0.096s] Level 1:colcon.colcon_core.package_identification:_identify(src/learning_tf2_py) by extension 'colcon_meta'
[0.096s] Level 1:colcon.colcon_core.package_identification:_identify(src/learning_tf2_py) by extensions ['ros']
[0.096s] Level 1:colcon.colcon_core.package_identification:_identify(src/learning_tf2_py) by extension 'ros'
[0.096s] DEBUG:colcon.colcon_core.package_identification:Package 'src/learning_tf2_py' with type 'ros.ament_python' and name 'learning_tf2_py'
[0.096s] Level 1:colcon.colcon_core.package_identification:_identify(src/py_pubsub) by extensions ['ignore', 'ignore_ament_install']
[0.096s] Level 1:colcon.colcon_core.package_identification:_identify(src/py_pubsub) by extension 'ignore'
[0.096s] Level 1:colcon.colcon_core.package_identification:_identify(src/py_pubsub) by extension 'ignore_ament_install'
[0.096s] Level 1:colcon.colcon_core.package_identification:_identify(src/py_pubsub) by extensions ['colcon_pkg']
[0.096s] Level 1:colcon.colcon_core.package_identification:_identify(src/py_pubsub) by extension 'colcon_pkg'
[0.096s] Level 1:colcon.colcon_core.package_identification:_identify(src/py_pubsub) by extensions ['colcon_meta']
[0.096s] Level 1:colcon.colcon_core.package_identification:_identify(src/py_pubsub) by extension 'colcon_meta'
[0.097s] Level 1:colcon.colcon_core.package_identification:_identify(src/py_pubsub) by extensions ['ros']
[0.097s] Level 1:colcon.colcon_core.package_identification:_identify(src/py_pubsub) by extension 'ros'
[0.097s] DEBUG:colcon.colcon_core.package_identification:Package 'src/py_pubsub' with type 'ros.ament_python' and name 'py_pubsub'
[0.097s] Level 1:colcon.colcon_core.package_identification:_identify(src/ros2_aruco) by extensions ['ignore', 'ignore_ament_install']
[0.097s] Level 1:colcon.colcon_core.package_identification:_identify(src/ros2_aruco) by extension 'ignore'
[0.097s] Level 1:colcon.colcon_core.package_identification:_identify(src/ros2_aruco) by extension 'ignore_ament_install'
[0.097s] Level 1:colcon.colcon_core.package_identification:_identify(src/ros2_aruco) by extensions ['colcon_pkg']
[0.097s] Level 1:colcon.colcon_core.package_identification:_identify(src/ros2_aruco) by extension 'colcon_pkg'
[0.097s] Level 1:colcon.colcon_core.package_identification:_identify(src/ros2_aruco) by extensions ['colcon_meta']
[0.097s] Level 1:colcon.colcon_core.package_identification:_identify(src/ros2_aruco) by extension 'colcon_meta'
[0.097s] Level 1:colcon.colcon_core.package_identification:_identify(src/ros2_aruco) by extensions ['ros']
[0.097s] Level 1:colcon.colcon_core.package_identification:_identify(src/ros2_aruco) by extension 'ros'
[0.097s] Level 1:colcon.colcon_core.package_identification:_identify(src/ros2_aruco) by extensions ['cmake', 'python']
[0.097s] Level 1:colcon.colcon_core.package_identification:_identify(src/ros2_aruco) by extension 'cmake'
[0.097s] Level 1:colcon.colcon_core.package_identification:_identify(src/ros2_aruco) by extension 'python'
[0.097s] Level 1:colcon.colcon_core.package_identification:_identify(src/ros2_aruco) by extensions ['python_setup_py']
[0.097s] Level 1:colcon.colcon_core.package_identification:_identify(src/ros2_aruco) by extension 'python_setup_py'
[0.097s] Level 1:colcon.colcon_core.package_identification:_identify(src/ros2_aruco/ros2_aruco) by extensions ['ignore', 'ignore_ament_install']
[0.097s] Level 1:colcon.colcon_core.package_identification:_identify(src/ros2_aruco/ros2_aruco) by extension 'ignore'
[0.097s] Level 1:colcon.colcon_core.package_identification:_identify(src/ros2_aruco/ros2_aruco) by extension 'ignore_ament_install'
[0.097s] Level 1:colcon.colcon_core.package_identification:_identify(src/ros2_aruco/ros2_aruco) by extensions ['colcon_pkg']
[0.097s] Level 1:colcon.colcon_core.package_identification:_identify(src/ros2_aruco/ros2_aruco) by extension 'colcon_pkg'
[0.097s] Level 1:colcon.colcon_core.package_identification:_identify(src/ros2_aruco/ros2_aruco) by extensions ['colcon_meta']
[0.097s] Level 1:colcon.colcon_core.package_identification:_identify(src/ros2_aruco/ros2_aruco) by extension 'colcon_meta'
[0.097s] Level 1:colcon.colcon_core.package_identification:_identify(src/ros2_aruco/ros2_aruco) by extensions ['ros']
[0.097s] Level 1:colcon.colcon_core.package_identification:_identify(src/ros2_aruco/ros2_aruco) by extension 'ros'
[0.098s] DEBUG:colcon.colcon_core.package_identification:Package 'src/ros2_aruco/ros2_aruco' with type 'ros.ament_python' and name 'ros2_aruco'
[0.098s] Level 1:colcon.colcon_core.package_identification:_identify(src/ros2_aruco/ros2_aruco_interfaces) by extensions ['ignore', 'ignore_ament_install']
[0.098s] Level 1:colcon.colcon_core.package_identification:_identify(src/ros2_aruco/ros2_aruco_interfaces) by extension 'ignore'
[0.098s] Level 1:colcon.colcon_core.package_identification:_identify(src/ros2_aruco/ros2_aruco_interfaces) by extension 'ignore_ament_install'
[0.098s] Level 1:colcon.colcon_core.package_identification:_identify(src/ros2_aruco/ros2_aruco_interfaces) by extensions ['colcon_pkg']
[0.098s] Level 1:colcon.colcon_core.package_identification:_identify(src/ros2_aruco/ros2_aruco_interfaces) by extension 'colcon_pkg'
[0.098s] Level 1:colcon.colcon_core.package_identification:_identify(src/ros2_aruco/ros2_aruco_interfaces) by extensions ['colcon_meta']
[0.098s] Level 1:colcon.colcon_core.package_identification:_identify(src/ros2_aruco/ros2_aruco_interfaces) by extension 'colcon_meta'
[0.098s] Level 1:colcon.colcon_core.package_identification:_identify(src/ros2_aruco/ros2_aruco_interfaces) by extensions ['ros']
[0.098s] Level 1:colcon.colcon_core.package_identification:_identify(src/ros2_aruco/ros2_aruco_interfaces) by extension 'ros'
[0.098s] DEBUG:colcon.colcon_core.package_identification:Package 'src/ros2_aruco/ros2_aruco_interfaces' with type 'ros.ament_cmake' and name 'ros2_aruco_interfaces'
[0.098s] Level 1:colcon.colcon_core.package_identification:_identify(src/usb_cam) by extensions ['ignore', 'ignore_ament_install']
[0.098s] Level 1:colcon.colcon_core.package_identification:_identify(src/usb_cam) by extension 'ignore'
[0.098s] Level 1:colcon.colcon_core.package_identification:_identify(src/usb_cam) by extension 'ignore_ament_install'
[0.098s] Level 1:colcon.colcon_core.package_identification:_identify(src/usb_cam) by extensions ['colcon_pkg']
[0.098s] Level 1:colcon.colcon_core.package_identification:_identify(src/usb_cam) by extension 'colcon_pkg'
[0.098s] Level 1:colcon.colcon_core.package_identification:_identify(src/usb_cam) by extensions ['colcon_meta']
[0.098s] Level 1:colcon.colcon_core.package_identification:_identify(src/usb_cam) by extension 'colcon_meta'
[0.098s] Level 1:colcon.colcon_core.package_identification:_identify(src/usb_cam) by extensions ['ros']
[0.098s] Level 1:colcon.colcon_core.package_identification:_identify(src/usb_cam) by extension 'ros'
[0.102s] DEBUG:colcon.colcon_core.package_identification:Package 'src/usb_cam' with type 'ros.ament_cmake' and name 'usb_cam'
[0.102s] Level 1:colcon.colcon_core.package_discovery:discover_packages(recursive) using defaults
[0.102s] Level 1:colcon.colcon_core.package_discovery:discover_packages(ignore) discover
[0.102s] Level 1:colcon.colcon_core.package_discovery:discover_packages(ignore) using defaults
[0.102s] Level 1:colcon.colcon_core.package_discovery:discover_packages(path) discover
[0.102s] Level 1:colcon.colcon_core.package_discovery:discover_packages(path) using defaults
[0.114s] Level 1:colcon.colcon_core.package_discovery:discover_packages(prefix_path) check parameters
[0.115s] Level 1:colcon.colcon_core.package_discovery:discover_packages(prefix_path) discover
[0.116s] DEBUG:colcon.colcon_installed_package_information.package_discovery:Found 9 installed packages in /home/anton202/devlab/drone_ws/install
[0.116s] DEBUG:colcon.colcon_installed_package_information.package_discovery:Found 289 installed packages in /opt/ros/iron
[0.117s] Level 1:colcon.colcon_core.package_discovery:discover_packages(prefix_path) using defaults
[0.139s] Level 5:colcon.colcon_core.verb:set package 'drone_localization' build argument 'cmake_args' from command line to 'None'
[0.139s] Level 5:colcon.colcon_core.verb:set package 'drone_localization' build argument 'cmake_target' from command line to 'None'
[0.139s] Level 5:colcon.colcon_core.verb:set package 'drone_localization' build argument 'cmake_target_skip_unavailable' from command line to 'False'
[0.139s] Level 5:colcon.colcon_core.verb:set package 'drone_localization' build argument 'cmake_clean_cache' from command line to 'False'
[0.139s] Level 5:colcon.colcon_core.verb:set package 'drone_localization' build argument 'cmake_clean_first' from command line to 'False'
[0.139s] Level 5:colcon.colcon_core.verb:set package 'drone_localization' build argument 'cmake_force_configure' from command line to 'False'
[0.139s] Level 5:colcon.colcon_core.verb:set package 'drone_localization' build argument 'ament_cmake_args' from command line to 'None'
[0.139s] Level 5:colcon.colcon_core.verb:set package 'drone_localization' build argument 'catkin_cmake_args' from command line to 'None'
[0.139s] Level 5:colcon.colcon_core.verb:set package 'drone_localization' build argument 'catkin_skip_building_tests' from command line to 'False'
[0.139s] DEBUG:colcon.colcon_core.verb:Building package 'drone_localization' with the following arguments: {'ament_cmake_args': None, 'build_base': '/home/anton202/devlab/drone_ws/build/drone_localization', 'catkin_cmake_args': None, 'catkin_skip_building_tests': False, 'cmake_args': None, 'cmake_clean_cache': False, 'cmake_clean_first': False, 'cmake_force_configure': False, 'cmake_target': None, 'cmake_target_skip_unavailable': False, 'install_base': '/home/anton202/devlab/drone_ws/install/drone_localization', 'merge_install': False, 'path': '/home/anton202/devlab/drone_ws/src/drone_localization', 'symlink_install': False, 'test_result_base': None}
[0.140s] Level 5:colcon.colcon_core.verb:set package 'learning_tf2_py' build argument 'cmake_args' from command line to 'None'
[0.140s] Level 5:colcon.colcon_core.verb:set package 'learning_tf2_py' build argument 'cmake_target' from command line to 'None'
[0.140s] Level 5:colcon.colcon_core.verb:set package 'learning_tf2_py' build argument 'cmake_target_skip_unavailable' from command line to 'False'
[0.140s] Level 5:colcon.colcon_core.verb:set package 'learning_tf2_py' build argument 'cmake_clean_cache' from command line to 'False'
[0.140s] Level 5:colcon.colcon_core.verb:set package 'learning_tf2_py' build argument 'cmake_clean_first' from command line to 'False'
[0.140s] Level 5:colcon.colcon_core.verb:set package 'learning_tf2_py' build argument 'cmake_force_configure' from command line to 'False'
[0.140s] Level 5:colcon.colcon_core.verb:set package 'learning_tf2_py' build argument 'ament_cmake_args' from command line to 'None'
[0.140s] Level 5:colcon.colcon_core.verb:set package 'learning_tf2_py' build argument 'catkin_cmake_args' from command line to 'None'
[0.140s] Level 5:colcon.colcon_core.verb:set package 'learning_tf2_py' build argument 'catkin_skip_building_tests' from command line to 'False'
[0.140s] DEBUG:colcon.colcon_core.verb:Building package 'learning_tf2_py' with the following arguments: {'ament_cmake_args': None, 'build_base': '/home/anton202/devlab/drone_ws/build/learning_tf2_py', 'catkin_cmake_args': None, 'catkin_skip_building_tests': False, 'cmake_args': None, 'cmake_clean_cache': False, 'cmake_clean_first': False, 'cmake_force_configure': False, 'cmake_target': None, 'cmake_target_skip_unavailable': False, 'install_base': '/home/anton202/devlab/drone_ws/install/learning_tf2_py', 'merge_install': False, 'path': '/home/anton202/devlab/drone_ws/src/learning_tf2_py', 'symlink_install': False, 'test_result_base': None}
[0.140s] Level 5:colcon.colcon_core.verb:set package 'py_pubsub' build argument 'cmake_args' from command line to 'None'
[0.140s] Level 5:colcon.colcon_core.verb:set package 'py_pubsub' build argument 'cmake_target' from command line to 'None'
[0.140s] Level 5:colcon.colcon_core.verb:set package 'py_pubsub' build argument 'cmake_target_skip_unavailable' from command line to 'False'
[0.140s] Level 5:colcon.colcon_core.verb:set package 'py_pubsub' build argument 'cmake_clean_cache' from command line to 'False'
[0.140s] Level 5:colcon.colcon_core.verb:set package 'py_pubsub' build argument 'cmake_clean_first' from command line to 'False'
[0.140s] Level 5:colcon.colcon_core.verb:set package 'py_pubsub' build argument 'cmake_force_configure' from command line to 'False'
[0.140s] Level 5:colcon.colcon_core.verb:set package 'py_pubsub' build argument 'ament_cmake_args' from command line to 'None'
[0.140s] Level 5:colcon.colcon_core.verb:set package 'py_pubsub' build argument 'catkin_cmake_args' from command line to 'None'
[0.140s] Level 5:colcon.colcon_core.verb:set package 'py_pubsub' build argument 'catkin_skip_building_tests' from command line to 'False'
[0.140s] DEBUG:colcon.colcon_core.verb:Building package 'py_pubsub' with the following arguments: {'ament_cmake_args': None, 'build_base': '/home/anton202/devlab/drone_ws/build/py_pubsub', 'catkin_cmake_args': None, 'catkin_skip_building_tests': False, 'cmake_args': None, 'cmake_clean_cache': False, 'cmake_clean_first': False, 'cmake_force_configure': False, 'cmake_target': None, 'cmake_target_skip_unavailable': False, 'install_base': '/home/anton202/devlab/drone_ws/install/py_pubsub', 'merge_install': False, 'path': '/home/anton202/devlab/drone_ws/src/py_pubsub', 'symlink_install': False, 'test_result_base': None}
[0.140s] Level 5:colcon.colcon_core.verb:set package 'ros2_aruco' build argument 'cmake_args' from command line to 'None'
[0.140s] Level 5:colcon.colcon_core.verb:set package 'ros2_aruco' build argument 'cmake_target' from command line to 'None'
[0.140s] Level 5:colcon.colcon_core.verb:set package 'ros2_aruco' build argument 'cmake_target_skip_unavailable' from command line to 'False'
[0.140s] Level 5:colcon.colcon_core.verb:set package 'ros2_aruco' build argument 'cmake_clean_cache' from command line to 'False'
[0.140s] Level 5:colcon.colcon_core.verb:set package 'ros2_aruco' build argument 'cmake_clean_first' from command line to 'False'
[0.140s] Level 5:colcon.colcon_core.verb:set package 'ros2_aruco' build argument 'cmake_force_configure' from command line to 'False'
[0.140s] Level 5:colcon.colcon_core.verb:set package 'ros2_aruco' build argument 'ament_cmake_args' from command line to 'None'
[0.140s] Level 5:colcon.colcon_core.verb:set package 'ros2_aruco' build argument 'catkin_cmake_args' from command line to 'None'
[0.140s] Level 5:colcon.colcon_core.verb:set package 'ros2_aruco' build argument 'catkin_skip_building_tests' from command line to 'False'
[0.140s] DEBUG:colcon.colcon_core.verb:Building package 'ros2_aruco' with the following arguments: {'ament_cmake_args': None, 'build_base': '/home/anton202/devlab/drone_ws/build/ros2_aruco', 'catkin_cmake_args': None, 'catkin_skip_building_tests': False, 'cmake_args': None, 'cmake_clean_cache': False, 'cmake_clean_first': False, 'cmake_force_configure': False, 'cmake_target': None, 'cmake_target_skip_unavailable': False, 'install_base': '/home/anton202/devlab/drone_ws/install/ros2_aruco', 'merge_install': False, 'path': '/home/anton202/devlab/drone_ws/src/ros2_aruco/ros2_aruco', 'symlink_install': False, 'test_result_base': None}
[0.140s] Level 5:colcon.colcon_core.verb:set package 'ros2_aruco_interfaces' build argument 'cmake_args' from command line to 'None'
[0.140s] Level 5:colcon.colcon_core.verb:set package 'ros2_aruco_interfaces' build argument 'cmake_target' from command line to 'None'
[0.140s] Level 5:colcon.colcon_core.verb:set package 'ros2_aruco_interfaces' build argument 'cmake_target_skip_unavailable' from command line to 'False'
[0.140s] Level 5:colcon.colcon_core.verb:set package 'ros2_aruco_interfaces' build argument 'cmake_clean_cache' from command line to 'False'
[0.141s] Level 5:colcon.colcon_core.verb:set package 'ros2_aruco_interfaces' build argument 'cmake_clean_first' from command line to 'False'
[0.141s] Level 5:colcon.colcon_core.verb:set package 'ros2_aruco_interfaces' build argument 'cmake_force_configure' from command line to 'False'
[0.141s] Level 5:colcon.colcon_core.verb:set package 'ros2_aruco_interfaces' build argument 'ament_cmake_args' from command line to 'None'
[0.141s] Level 5:colcon.colcon_core.verb:set package 'ros2_aruco_interfaces' build argument 'catkin_cmake_args' from command line to 'None'
[0.141s] Level 5:colcon.colcon_core.verb:set package 'ros2_aruco_interfaces' build argument 'catkin_skip_building_tests' from command line to 'False'
[0.141s] DEBUG:colcon.colcon_core.verb:Building package 'ros2_aruco_interfaces' with the following arguments: {'ament_cmake_args': None, 'build_base': '/home/anton202/devlab/drone_ws/build/ros2_aruco_interfaces', 'catkin_cmake_args': None, 'catkin_skip_building_tests': False, 'cmake_args': None, 'cmake_clean_cache': False, 'cmake_clean_first': False, 'cmake_force_configure': False, 'cmake_target': None, 'cmake_target_skip_unavailable': False, 'install_base': '/home/anton202/devlab/drone_ws/install/ros2_aruco_interfaces', 'merge_install': False, 'path': '/home/anton202/devlab/drone_ws/src/ros2_aruco/ros2_aruco_interfaces', 'symlink_install': False, 'test_result_base': None}
[0.141s] Level 5:colcon.colcon_core.verb:set package 'usb_cam' build argument 'cmake_args' from command line to 'None'
[0.141s] Level 5:colcon.colcon_core.verb:set package 'usb_cam' build argument 'cmake_target' from command line to 'None'
[0.141s] Level 5:colcon.colcon_core.verb:set package 'usb_cam' build argument 'cmake_target_skip_unavailable' from command line to 'False'
[0.141s] Level 5:colcon.colcon_core.verb:set package 'usb_cam' build argument 'cmake_clean_cache' from command line to 'False'
[0.141s] Level 5:colcon.colcon_core.verb:set package 'usb_cam' build argument 'cmake_clean_first' from command line to 'False'
[0.141s] Level 5:colcon.colcon_core.verb:set package 'usb_cam' build argument 'cmake_force_configure' from command line to 'False'
[0.141s] Level 5:colcon.colcon_core.verb:set package 'usb_cam' build argument 'ament_cmake_args' from command line to 'None'
[0.141s] Level 5:colcon.colcon_core.verb:set package 'usb_cam' build argument 'catkin_cmake_args' from command line to 'None'
[0.141s] Level 5:colcon.colcon_core.verb:set package 'usb_cam' build argument 'catkin_skip_building_tests' from command line to 'False'
[0.141s] DEBUG:colcon.colcon_core.verb:Building package 'usb_cam' with the following arguments: {'ament_cmake_args': None, 'build_base': '/home/anton202/devlab/drone_ws/build/usb_cam', 'catkin_cmake_args': None, 'catkin_skip_building_tests': False, 'cmake_args': None, 'cmake_clean_cache': False, 'cmake_clean_first': False, 'cmake_force_configure': False, 'cmake_target': None, 'cmake_target_skip_unavailable': False, 'install_base': '/home/anton202/devlab/drone_ws/install/usb_cam', 'merge_install': False, 'path': '/home/anton202/devlab/drone_ws/src/usb_cam', 'symlink_install': False, 'test_result_base': None}
[0.141s] INFO:colcon.colcon_core.executor:Executing jobs using 'parallel' executor
[0.141s] DEBUG:colcon.colcon_parallel_executor.executor.parallel:run_until_complete
[0.142s] INFO:colcon.colcon_ros.task.ament_python.build:Building ROS package in '/home/anton202/devlab/drone_ws/src/drone_localization' with build type 'ament_python'
[0.142s] Level 1:colcon.colcon_core.shell:create_environment_hook('drone_localization', 'ament_prefix_path')
[0.143s] INFO:colcon.colcon_core.plugin_system:Skipping extension 'colcon_core.shell.bat': Not used on non-Windows systems
[0.143s] INFO:colcon.colcon_core.shell:Creating environment hook '/home/anton202/devlab/drone_ws/install/drone_localization/share/drone_localization/hook/ament_prefix_path.ps1'
[0.144s] INFO:colcon.colcon_core.shell:Creating environment descriptor '/home/anton202/devlab/drone_ws/install/drone_localization/share/drone_localization/hook/ament_prefix_path.dsv'
[0.144s] INFO:colcon.colcon_core.shell:Creating environment hook '/home/anton202/devlab/drone_ws/install/drone_localization/share/drone_localization/hook/ament_prefix_path.sh'
[0.144s] INFO:colcon.colcon_core.shell:Skip shell extension 'powershell' for command environment: Not usable outside of PowerShell
[0.144s] DEBUG:colcon.colcon_core.shell:Skip shell extension 'dsv' for command environment
[0.146s] INFO:colcon.colcon_ros.task.ament_python.build:Building ROS package in '/home/anton202/devlab/drone_ws/src/learning_tf2_py' with build type 'ament_python'
[0.146s] Level 1:colcon.colcon_core.shell:create_environment_hook('learning_tf2_py', 'ament_prefix_path')
[0.146s] INFO:colcon.colcon_core.shell:Creating environment hook '/home/anton202/devlab/drone_ws/install/learning_tf2_py/share/learning_tf2_py/hook/ament_prefix_path.ps1'
[0.147s] INFO:colcon.colcon_core.shell:Creating environment descriptor '/home/anton202/devlab/drone_ws/install/learning_tf2_py/share/learning_tf2_py/hook/ament_prefix_path.dsv'
[0.147s] INFO:colcon.colcon_core.shell:Creating environment hook '/home/anton202/devlab/drone_ws/install/learning_tf2_py/share/learning_tf2_py/hook/ament_prefix_path.sh'
[0.147s] INFO:colcon.colcon_core.shell:Skip shell extension 'powershell' for command environment: Not usable outside of PowerShell
[0.147s] DEBUG:colcon.colcon_core.shell:Skip shell extension 'dsv' for command environment
[0.148s] INFO:colcon.colcon_ros.task.ament_python.build:Building ROS package in '/home/anton202/devlab/drone_ws/src/py_pubsub' with build type 'ament_python'
[0.149s] Level 1:colcon.colcon_core.shell:create_environment_hook('py_pubsub', 'ament_prefix_path')
[0.149s] INFO:colcon.colcon_core.shell:Creating environment hook '/home/anton202/devlab/drone_ws/install/py_pubsub/share/py_pubsub/hook/ament_prefix_path.ps1'
[0.149s] INFO:colcon.colcon_core.shell:Creating environment descriptor '/home/anton202/devlab/drone_ws/install/py_pubsub/share/py_pubsub/hook/ament_prefix_path.dsv'
[0.149s] INFO:colcon.colcon_core.shell:Creating environment hook '/home/anton202/devlab/drone_ws/install/py_pubsub/share/py_pubsub/hook/ament_prefix_path.sh'
[0.149s] INFO:colcon.colcon_core.shell:Skip shell extension 'powershell' for command environment: Not usable outside of PowerShell
[0.149s] DEBUG:colcon.colcon_core.shell:Skip shell extension 'dsv' for command environment
[0.151s] INFO:colcon.colcon_ros.task.ament_python.build:Building ROS package in '/home/anton202/devlab/drone_ws/src/ros2_aruco/ros2_aruco' with build type 'ament_python'
[0.151s] Level 1:colcon.colcon_core.shell:create_environment_hook('ros2_aruco', 'ament_prefix_path')
[0.151s] INFO:colcon.colcon_core.shell:Creating environment hook '/home/anton202/devlab/drone_ws/install/ros2_aruco/share/ros2_aruco/hook/ament_prefix_path.ps1'
[0.151s] INFO:colcon.colcon_core.shell:Creating environment descriptor '/home/anton202/devlab/drone_ws/install/ros2_aruco/share/ros2_aruco/hook/ament_prefix_path.dsv'
[0.152s] INFO:colcon.colcon_core.shell:Creating environment hook '/home/anton202/devlab/drone_ws/install/ros2_aruco/share/ros2_aruco/hook/ament_prefix_path.sh'
[0.152s] INFO:colcon.colcon_core.shell:Skip shell extension 'powershell' for command environment: Not usable outside of PowerShell
[0.152s] DEBUG:colcon.colcon_core.shell:Skip shell extension 'dsv' for command environment
[0.153s] INFO:colcon.colcon_ros.task.ament_cmake.build:Building ROS package in '/home/anton202/devlab/drone_ws/src/ros2_aruco/ros2_aruco_interfaces' with build type 'ament_cmake'
[0.153s] INFO:colcon.colcon_cmake.task.cmake.build:Building CMake package in '/home/anton202/devlab/drone_ws/src/ros2_aruco/ros2_aruco_interfaces'
[0.154s] INFO:colcon.colcon_core.shell:Skip shell extension 'powershell' for command environment: Not usable outside of PowerShell
[0.154s] DEBUG:colcon.colcon_core.shell:Skip shell extension 'dsv' for command environment
[0.155s] INFO:colcon.colcon_ros.task.ament_cmake.build:Building ROS package in '/home/anton202/devlab/drone_ws/src/usb_cam' with build type 'ament_cmake'
[0.155s] INFO:colcon.colcon_cmake.task.cmake.build:Building CMake package in '/home/anton202/devlab/drone_ws/src/usb_cam'
[0.155s] INFO:colcon.colcon_core.shell:Skip shell extension 'powershell' for command environment: Not usable outside of PowerShell
[0.155s] DEBUG:colcon.colcon_core.shell:Skip shell extension 'dsv' for command environment
[0.274s] INFO:colcon.colcon_core.task.python.build:Building Python package in '/home/anton202/devlab/drone_ws/src/drone_localization'
[0.274s] INFO:colcon.colcon_core.shell:Skip shell extension 'powershell' for command environment: Not usable outside of PowerShell
[0.274s] DEBUG:colcon.colcon_core.shell:Skip shell extension 'dsv' for command environment
[0.386s] INFO:colcon.colcon_core.task.python.build:Building Python package in '/home/anton202/devlab/drone_ws/src/learning_tf2_py'
[0.386s] INFO:colcon.colcon_core.shell:Skip shell extension 'powershell' for command environment: Not usable outside of PowerShell
[0.386s] DEBUG:colcon.colcon_core.shell:Skip shell extension 'dsv' for command environment
[0.502s] INFO:colcon.colcon_core.task.python.build:Building Python package in '/home/anton202/devlab/drone_ws/src/py_pubsub'
[0.502s] INFO:colcon.colcon_core.shell:Skip shell extension 'powershell' for command environment: Not usable outside of PowerShell
[0.502s] DEBUG:colcon.colcon_core.shell:Skip shell extension 'dsv' for command environment
[0.619s] INFO:colcon.colcon_core.task.python.build:Building Python package in '/home/anton202/devlab/drone_ws/src/ros2_aruco/ros2_aruco'
[0.620s] INFO:colcon.colcon_core.shell:Skip shell extension 'powershell' for command environment: Not usable outside of PowerShell
[0.620s] DEBUG:colcon.colcon_core.shell:Skip shell extension 'dsv' for command environment
[0.624s] DEBUG:colcon.colcon_core.event_handler.log_command:Invoking command in '/home/anton202/devlab/drone_ws/build/ros2_aruco_interfaces': CMAKE_PREFIX_PATH=${CMAKE_PREFIX_PATH}:/home/anton202/devlab/drone_ws/install/ros2_aruco:/home/anton202/devlab/drone_ws/install/py_pubsub:/home/anton202/devlab/drone_ws/install/learning_tf2_py:/home/anton202/devlab/drone_ws/install/drone_localization:/opt/ros/iron CONDA_PROMPT_MODIFIER=(base) /home/anton202/.local/bin/cmake --build /home/anton202/devlab/drone_ws/build/ros2_aruco_interfaces -- -j20 -l20
[0.628s] DEBUG:colcon.colcon_core.event_handler.log_command:Invoking command in '/home/anton202/devlab/drone_ws/build/usb_cam': CMAKE_PREFIX_PATH=${CMAKE_PREFIX_PATH}:/home/anton202/devlab/drone_ws/install/ros2_aruco:/home/anton202/devlab/drone_ws/install/py_pubsub:/home/anton202/devlab/drone_ws/install/learning_tf2_py:/home/anton202/devlab/drone_ws/install/drone_localization:/opt/ros/iron CONDA_PROMPT_MODIFIER=(base) /home/anton202/.local/bin/cmake --build /home/anton202/devlab/drone_ws/build/usb_cam -- -j20 -l20
[0.719s] DEBUG:colcon.colcon_core.event_handler.log_command:Invoked command in '/home/anton202/devlab/drone_ws/build/usb_cam' returned '0': CMAKE_PREFIX_PATH=${CMAKE_PREFIX_PATH}:/home/anton202/devlab/drone_ws/install/ros2_aruco:/home/anton202/devlab/drone_ws/install/py_pubsub:/home/anton202/devlab/drone_ws/install/learning_tf2_py:/home/anton202/devlab/drone_ws/install/drone_localization:/opt/ros/iron CONDA_PROMPT_MODIFIER=(base) /home/anton202/.local/bin/cmake --build /home/anton202/devlab/drone_ws/build/usb_cam -- -j20 -l20
[0.866s] DEBUG:colcon.colcon_core.event_handler.log_command:Invoking command in '/home/anton202/devlab/drone_ws/build/usb_cam': CMAKE_PREFIX_PATH=${CMAKE_PREFIX_PATH}:/home/anton202/devlab/drone_ws/install/ros2_aruco:/home/anton202/devlab/drone_ws/install/py_pubsub:/home/anton202/devlab/drone_ws/install/learning_tf2_py:/home/anton202/devlab/drone_ws/install/drone_localization:/opt/ros/iron CONDA_PROMPT_MODIFIER=(base) /home/anton202/.local/bin/cmake --install /home/anton202/devlab/drone_ws/build/usb_cam
[0.931s] Level 1:colcon.colcon_core.environment:create_environment_scripts_only(usb_cam)
[0.932s] DEBUG:colcon.colcon_core.event_handler.log_command:Invoked command in '/home/anton202/devlab/drone_ws/build/usb_cam' returned '0': CMAKE_PREFIX_PATH=${CMAKE_PREFIX_PATH}:/home/anton202/devlab/drone_ws/install/ros2_aruco:/home/anton202/devlab/drone_ws/install/py_pubsub:/home/anton202/devlab/drone_ws/install/learning_tf2_py:/home/anton202/devlab/drone_ws/install/drone_localization:/opt/ros/iron CONDA_PROMPT_MODIFIER=(base) /home/anton202/.local/bin/cmake --install /home/anton202/devlab/drone_ws/build/usb_cam
[0.934s] Level 1:colcon.colcon_core.environment:checking '/home/anton202/devlab/drone_ws/install/usb_cam' for CMake module files
[0.935s] Level 1:colcon.colcon_core.environment:checking '/home/anton202/devlab/drone_ws/install/usb_cam' for CMake config files
[0.935s] Level 1:colcon.colcon_core.shell:create_environment_hook('usb_cam', 'cmake_prefix_path')
[0.936s] INFO:colcon.colcon_core.shell:Creating environment hook '/home/anton202/devlab/drone_ws/install/usb_cam/share/usb_cam/hook/cmake_prefix_path.ps1'
[0.936s] INFO:colcon.colcon_core.shell:Creating environment descriptor '/home/anton202/devlab/drone_ws/install/usb_cam/share/usb_cam/hook/cmake_prefix_path.dsv'
[0.936s] INFO:colcon.colcon_core.shell:Creating environment hook '/home/anton202/devlab/drone_ws/install/usb_cam/share/usb_cam/hook/cmake_prefix_path.sh'
[0.937s] Level 1:colcon.colcon_core.environment:checking '/home/anton202/devlab/drone_ws/install/usb_cam/lib'
[0.937s] Level 1:colcon.colcon_core.shell:create_environment_hook('usb_cam', 'ld_library_path_lib')
[0.937s] INFO:colcon.colcon_core.shell:Creating environment hook '/home/anton202/devlab/drone_ws/install/usb_cam/share/usb_cam/hook/ld_library_path_lib.ps1'
[0.938s] INFO:colcon.colcon_core.shell:Creating environment descriptor '/home/anton202/devlab/drone_ws/install/usb_cam/share/usb_cam/hook/ld_library_path_lib.dsv'
[0.938s] INFO:colcon.colcon_core.shell:Creating environment hook '/home/anton202/devlab/drone_ws/install/usb_cam/share/usb_cam/hook/ld_library_path_lib.sh'
[0.938s] Level 1:colcon.colcon_core.environment:checking '/home/anton202/devlab/drone_ws/install/usb_cam/bin'
[0.938s] Level 1:colcon.colcon_core.environment:checking '/home/anton202/devlab/drone_ws/install/usb_cam/lib/pkgconfig/usb_cam.pc'
[0.939s] Level 1:colcon.colcon_core.environment:checking '/home/anton202/devlab/drone_ws/install/usb_cam/lib/python3.10/site-packages'
[0.939s] Level 1:colcon.colcon_core.environment:checking '/home/anton202/devlab/drone_ws/install/usb_cam/bin'
[0.939s] INFO:colcon.colcon_core.shell:Creating package script '/home/anton202/devlab/drone_ws/install/usb_cam/share/usb_cam/package.ps1'
[0.940s] INFO:colcon.colcon_core.shell:Creating package descriptor '/home/anton202/devlab/drone_ws/install/usb_cam/share/usb_cam/package.dsv'
[0.941s] INFO:colcon.colcon_core.shell:Creating package script '/home/anton202/devlab/drone_ws/install/usb_cam/share/usb_cam/package.sh'
[0.942s] INFO:colcon.colcon_core.shell:Creating package script '/home/anton202/devlab/drone_ws/install/usb_cam/share/usb_cam/package.bash'
[0.942s] INFO:colcon.colcon_core.shell:Creating package script '/home/anton202/devlab/drone_ws/install/usb_cam/share/usb_cam/package.zsh'
[0.943s] Level 1:colcon.colcon_core.environment:create_file_with_runtime_dependencies(/home/anton202/devlab/drone_ws/install/usb_cam/share/colcon-core/packages/usb_cam)
[1.028s] Level 1:colcon.colcon_core.environment:create_environment_scripts_only(usb_cam)
[1.028s] Level 1:colcon.colcon_core.environment:checking '/home/anton202/devlab/drone_ws/install/usb_cam' for CMake module files
[1.029s] Level 1:colcon.colcon_core.environment:checking '/home/anton202/devlab/drone_ws/install/usb_cam' for CMake config files
[1.029s] Level 1:colcon.colcon_core.shell:create_environment_hook('usb_cam', 'cmake_prefix_path')
[1.029s] INFO:colcon.colcon_core.shell:Creating environment hook '/home/anton202/devlab/drone_ws/install/usb_cam/share/usb_cam/hook/cmake_prefix_path.ps1'
[1.029s] INFO:colcon.colcon_core.shell:Creating environment descriptor '/home/anton202/devlab/drone_ws/install/usb_cam/share/usb_cam/hook/cmake_prefix_path.dsv'
[1.030s] INFO:colcon.colcon_core.shell:Creating environment hook '/home/anton202/devlab/drone_ws/install/usb_cam/share/usb_cam/hook/cmake_prefix_path.sh'
[1.030s] Level 1:colcon.colcon_core.environment:checking '/home/anton202/devlab/drone_ws/install/usb_cam/lib'
[1.030s] Level 1:colcon.colcon_core.shell:create_environment_hook('usb_cam', 'ld_library_path_lib')
[1.030s] INFO:colcon.colcon_core.shell:Creating environment hook '/home/anton202/devlab/drone_ws/install/usb_cam/share/usb_cam/hook/ld_library_path_lib.ps1'
[1.031s] INFO:colcon.colcon_core.shell:Creating environment descriptor '/home/anton202/devlab/drone_ws/install/usb_cam/share/usb_cam/hook/ld_library_path_lib.dsv'
[1.031s] INFO:colcon.colcon_core.shell:Creating environment hook '/home/anton202/devlab/drone_ws/install/usb_cam/share/usb_cam/hook/ld_library_path_lib.sh'
[1.031s] Level 1:colcon.colcon_core.environment:checking '/home/anton202/devlab/drone_ws/install/usb_cam/bin'
[1.031s] Level 1:colcon.colcon_core.environment:checking '/home/anton202/devlab/drone_ws/install/usb_cam/lib/pkgconfig/usb_cam.pc'
[1.032s] Level 1:colcon.colcon_core.environment:checking '/home/anton202/devlab/drone_ws/install/usb_cam/lib/python3.10/site-packages'
[1.032s] Level 1:colcon.colcon_core.environment:checking '/home/anton202/devlab/drone_ws/install/usb_cam/bin'
[1.032s] INFO:colcon.colcon_core.shell:Creating package script '/home/anton202/devlab/drone_ws/install/usb_cam/share/usb_cam/package.ps1'
[1.033s] INFO:colcon.colcon_core.shell:Creating package descriptor '/home/anton202/devlab/drone_ws/install/usb_cam/share/usb_cam/package.dsv'
[1.033s] INFO:colcon.colcon_core.shell:Creating package script '/home/anton202/devlab/drone_ws/install/usb_cam/share/usb_cam/package.sh'
[1.033s] INFO:colcon.colcon_core.shell:Creating package script '/home/anton202/devlab/drone_ws/install/usb_cam/share/usb_cam/package.bash'
[1.034s] INFO:colcon.colcon_core.shell:Creating package script '/home/anton202/devlab/drone_ws/install/usb_cam/share/usb_cam/package.zsh'
[1.034s] Level 1:colcon.colcon_core.environment:create_file_with_runtime_dependencies(/home/anton202/devlab/drone_ws/install/usb_cam/share/colcon-core/packages/usb_cam)
[1.039s] DEBUG:colcon.colcon_core.event_handler.log_command:Invoking command in '/home/anton202/devlab/drone_ws/src/ros2_aruco/ros2_aruco': CONDA_PROMPT_MODIFIER=(base) PYTHONPATH=/home/anton202/devlab/drone_ws/build/ros2_aruco/prefix_override:/home/anton202/devlab/drone_ws/install/ros2_aruco/lib/python3.10/site-packages:${PYTHONPATH} /usr/bin/python3 -W ignore:setup.py install is deprecated setup.py egg_info --egg-base ../../../build/ros2_aruco build --build-base /home/anton202/devlab/drone_ws/build/ros2_aruco/build install --record /home/anton202/devlab/drone_ws/build/ros2_aruco/install.log --single-version-externally-managed install_data
[1.042s] DEBUG:colcon.colcon_core.event_handler.log_command:Invoking command in '/home/anton202/devlab/drone_ws/src/learning_tf2_py': CONDA_PROMPT_MODIFIER=(base) PYTHONPATH=/home/anton202/devlab/drone_ws/build/learning_tf2_py/prefix_override:/home/anton202/devlab/drone_ws/install/learning_tf2_py/lib/python3.10/site-packages:${PYTHONPATH} /usr/bin/python3 -W ignore:setup.py install is deprecated setup.py egg_info --egg-base ../../build/learning_tf2_py build --build-base /home/anton202/devlab/drone_ws/build/learning_tf2_py/build install --record /home/anton202/devlab/drone_ws/build/learning_tf2_py/install.log --single-version-externally-managed install_data
[1.042s] DEBUG:colcon.colcon_core.event_handler.log_command:Invoking command in '/home/anton202/devlab/drone_ws/src/py_pubsub': CONDA_PROMPT_MODIFIER=(base) PYTHONPATH=/home/anton202/devlab/drone_ws/build/py_pubsub/prefix_override:/home/anton202/devlab/drone_ws/install/py_pubsub/lib/python3.10/site-packages:${PYTHONPATH} /usr/bin/python3 -W ignore:setup.py install is deprecated setup.py egg_info --egg-base ../../build/py_pubsub build --build-base /home/anton202/devlab/drone_ws/build/py_pubsub/build install --record /home/anton202/devlab/drone_ws/build/py_pubsub/install.log --single-version-externally-managed install_data
[1.056s] DEBUG:colcon.colcon_core.event_handler.log_command:Invoking command in '/home/anton202/devlab/drone_ws/src/drone_localization': CONDA_PROMPT_MODIFIER=(base) PYTHONPATH=/home/anton202/devlab/drone_ws/build/drone_localization/prefix_override:/home/anton202/devlab/drone_ws/install/drone_localization/lib/python3.10/site-packages:${PYTHONPATH} /usr/bin/python3 -W ignore:setup.py install is deprecated setup.py egg_info --egg-base ../../build/drone_localization build --build-base /home/anton202/devlab/drone_ws/build/drone_localization/build install --record /home/anton202/devlab/drone_ws/build/drone_localization/install.log --single-version-externally-managed install_data
[1.067s] DEBUG:colcon.colcon_core.event_handler.log_command:Invoked command in '/home/anton202/devlab/drone_ws/build/ros2_aruco_interfaces' returned '0': CMAKE_PREFIX_PATH=${CMAKE_PREFIX_PATH}:/home/anton202/devlab/drone_ws/install/ros2_aruco:/home/anton202/devlab/drone_ws/install/py_pubsub:/home/anton202/devlab/drone_ws/install/learning_tf2_py:/home/anton202/devlab/drone_ws/install/drone_localization:/opt/ros/iron CONDA_PROMPT_MODIFIER=(base) /home/anton202/.local/bin/cmake --build /home/anton202/devlab/drone_ws/build/ros2_aruco_interfaces -- -j20 -l20
[1.170s] DEBUG:colcon.colcon_core.event_handler.log_command:Invoking command in '/home/anton202/devlab/drone_ws/build/ros2_aruco_interfaces': CMAKE_PREFIX_PATH=${CMAKE_PREFIX_PATH}:/home/anton202/devlab/drone_ws/install/ros2_aruco:/home/anton202/devlab/drone_ws/install/py_pubsub:/home/anton202/devlab/drone_ws/install/learning_tf2_py:/home/anton202/devlab/drone_ws/install/drone_localization:/opt/ros/iron CONDA_PROMPT_MODIFIER=(base) /home/anton202/.local/bin/cmake --install /home/anton202/devlab/drone_ws/build/ros2_aruco_interfaces
[1.272s] Level 1:colcon.colcon_core.environment:create_environment_scripts_only(ros2_aruco_interfaces)
[1.273s] Level 1:colcon.colcon_core.environment:checking '/home/anton202/devlab/drone_ws/install/ros2_aruco_interfaces' for CMake module files
[1.273s] DEBUG:colcon.colcon_core.event_handler.log_command:Invoked command in '/home/anton202/devlab/drone_ws/build/ros2_aruco_interfaces' returned '0': CMAKE_PREFIX_PATH=${CMAKE_PREFIX_PATH}:/home/anton202/devlab/drone_ws/install/ros2_aruco:/home/anton202/devlab/drone_ws/install/py_pubsub:/home/anton202/devlab/drone_ws/install/learning_tf2_py:/home/anton202/devlab/drone_ws/install/drone_localization:/opt/ros/iron CONDA_PROMPT_MODIFIER=(base) /home/anton202/.local/bin/cmake --install /home/anton202/devlab/drone_ws/build/ros2_aruco_interfaces
[1.274s] Level 1:colcon.colcon_core.environment:checking '/home/anton202/devlab/drone_ws/install/ros2_aruco_interfaces' for CMake config files
[1.275s] Level 1:colcon.colcon_core.shell:create_environment_hook('ros2_aruco_interfaces', 'cmake_prefix_path')
[1.275s] INFO:colcon.colcon_core.shell:Creating environment hook '/home/anton202/devlab/drone_ws/install/ros2_aruco_interfaces/share/ros2_aruco_interfaces/hook/cmake_prefix_path.ps1'
[1.276s] INFO:colcon.colcon_core.shell:Creating environment descriptor '/home/anton202/devlab/drone_ws/install/ros2_aruco_interfaces/share/ros2_aruco_interfaces/hook/cmake_prefix_path.dsv'
[1.276s] INFO:colcon.colcon_core.shell:Creating environment hook '/home/anton202/devlab/drone_ws/install/ros2_aruco_interfaces/share/ros2_aruco_interfaces/hook/cmake_prefix_path.sh'
[1.277s] Level 1:colcon.colcon_core.environment:checking '/home/anton202/devlab/drone_ws/install/ros2_aruco_interfaces/lib'
[1.277s] Level 1:colcon.colcon_core.shell:create_environment_hook('ros2_aruco_interfaces', 'ld_library_path_lib')
[1.277s] INFO:colcon.colcon_core.shell:Creating environment hook '/home/anton202/devlab/drone_ws/install/ros2_aruco_interfaces/share/ros2_aruco_interfaces/hook/ld_library_path_lib.ps1'
[1.277s] INFO:colcon.colcon_core.shell:Creating environment descriptor '/home/anton202/devlab/drone_ws/install/ros2_aruco_interfaces/share/ros2_aruco_interfaces/hook/ld_library_path_lib.dsv'
[1.277s] INFO:colcon.colcon_core.shell:Creating environment hook '/home/anton202/devlab/drone_ws/install/ros2_aruco_interfaces/share/ros2_aruco_interfaces/hook/ld_library_path_lib.sh'
[1.277s] Level 1:colcon.colcon_core.environment:checking '/home/anton202/devlab/drone_ws/install/ros2_aruco_interfaces/bin'
[1.277s] Level 1:colcon.colcon_core.environment:checking '/home/anton202/devlab/drone_ws/install/ros2_aruco_interfaces/lib/pkgconfig/ros2_aruco_interfaces.pc'
[1.278s] Level 1:colcon.colcon_core.environment:checking '/home/anton202/devlab/drone_ws/install/ros2_aruco_interfaces/lib/python3.10/site-packages'
[1.278s] Level 1:colcon.colcon_core.shell:create_environment_hook('ros2_aruco_interfaces', 'pythonpath')
[1.278s] INFO:colcon.colcon_core.shell:Creating environment hook '/home/anton202/devlab/drone_ws/install/ros2_aruco_interfaces/share/ros2_aruco_interfaces/hook/pythonpath.ps1'
[1.278s] INFO:colcon.colcon_core.shell:Creating environment descriptor '/home/anton202/devlab/drone_ws/install/ros2_aruco_interfaces/share/ros2_aruco_interfaces/hook/pythonpath.dsv'
[1.278s] INFO:colcon.colcon_core.shell:Creating environment hook '/home/anton202/devlab/drone_ws/install/ros2_aruco_interfaces/share/ros2_aruco_interfaces/hook/pythonpath.sh'
[1.278s] Level 1:colcon.colcon_core.environment:checking '/home/anton202/devlab/drone_ws/install/ros2_aruco_interfaces/bin'
[1.279s] INFO:colcon.colcon_core.shell:Creating package script '/home/anton202/devlab/drone_ws/install/ros2_aruco_interfaces/share/ros2_aruco_interfaces/package.ps1'
[1.279s] INFO:colcon.colcon_core.shell:Creating package descriptor '/home/anton202/devlab/drone_ws/install/ros2_aruco_interfaces/share/ros2_aruco_interfaces/package.dsv'
[1.279s] INFO:colcon.colcon_core.shell:Creating package script '/home/anton202/devlab/drone_ws/install/ros2_aruco_interfaces/share/ros2_aruco_interfaces/package.sh'
[1.280s] INFO:colcon.colcon_core.shell:Creating package script '/home/anton202/devlab/drone_ws/install/ros2_aruco_interfaces/share/ros2_aruco_interfaces/package.bash'
[1.280s] INFO:colcon.colcon_core.shell:Creating package script '/home/anton202/devlab/drone_ws/install/ros2_aruco_interfaces/share/ros2_aruco_interfaces/package.zsh'
[1.280s] Level 1:colcon.colcon_core.environment:create_file_with_runtime_dependencies(/home/anton202/devlab/drone_ws/install/ros2_aruco_interfaces/share/colcon-core/packages/ros2_aruco_interfaces)
[1.376s] Level 1:colcon.colcon_core.environment:create_environment_scripts_only(ros2_aruco_interfaces)
[1.376s] Level 1:colcon.colcon_core.environment:checking '/home/anton202/devlab/drone_ws/install/ros2_aruco_interfaces' for CMake module files
[1.377s] Level 1:colcon.colcon_core.environment:checking '/home/anton202/devlab/drone_ws/install/ros2_aruco_interfaces' for CMake config files
[1.377s] Level 1:colcon.colcon_core.shell:create_environment_hook('ros2_aruco_interfaces', 'cmake_prefix_path')
[1.377s] INFO:colcon.colcon_core.shell:Creating environment hook '/home/anton202/devlab/drone_ws/install/ros2_aruco_interfaces/share/ros2_aruco_interfaces/hook/cmake_prefix_path.ps1'
[1.378s] INFO:colcon.colcon_core.shell:Creating environment descriptor '/home/anton202/devlab/drone_ws/install/ros2_aruco_interfaces/share/ros2_aruco_interfaces/hook/cmake_prefix_path.dsv'
[1.378s] INFO:colcon.colcon_core.shell:Creating environment hook '/home/anton202/devlab/drone_ws/install/ros2_aruco_interfaces/share/ros2_aruco_interfaces/hook/cmake_prefix_path.sh'
[1.378s] Level 1:colcon.colcon_core.environment:checking '/home/anton202/devlab/drone_ws/install/ros2_aruco_interfaces/lib'
[1.378s] Level 1:colcon.colcon_core.shell:create_environment_hook('ros2_aruco_interfaces', 'ld_library_path_lib')
[1.378s] INFO:colcon.colcon_core.shell:Creating environment hook '/home/anton202/devlab/drone_ws/install/ros2_aruco_interfaces/share/ros2_aruco_interfaces/hook/ld_library_path_lib.ps1'
[1.379s] INFO:colcon.colcon_core.shell:Creating environment descriptor '/home/anton202/devlab/drone_ws/install/ros2_aruco_interfaces/share/ros2_aruco_interfaces/hook/ld_library_path_lib.dsv'
[1.379s] INFO:colcon.colcon_core.shell:Creating environment hook '/home/anton202/devlab/drone_ws/install/ros2_aruco_interfaces/share/ros2_aruco_interfaces/hook/ld_library_path_lib.sh'
[1.379s] Level 1:colcon.colcon_core.environment:checking '/home/anton202/devlab/drone_ws/install/ros2_aruco_interfaces/bin'
[1.379s] Level 1:colcon.colcon_core.environment:checking '/home/anton202/devlab/drone_ws/install/ros2_aruco_interfaces/lib/pkgconfig/ros2_aruco_interfaces.pc'
[1.379s] Level 1:colcon.colcon_core.environment:checking '/home/anton202/devlab/drone_ws/install/ros2_aruco_interfaces/lib/python3.10/site-packages'
[1.379s] Level 1:colcon.colcon_core.shell:create_environment_hook('ros2_aruco_interfaces', 'pythonpath')
[1.379s] INFO:colcon.colcon_core.shell:Creating environment hook '/home/anton202/devlab/drone_ws/install/ros2_aruco_interfaces/share/ros2_aruco_interfaces/hook/pythonpath.ps1'
[1.380s] INFO:colcon.colcon_core.shell:Creating environment descriptor '/home/anton202/devlab/drone_ws/install/ros2_aruco_interfaces/share/ros2_aruco_interfaces/hook/pythonpath.dsv'
[1.380s] INFO:colcon.colcon_core.shell:Creating environment hook '/home/anton202/devlab/drone_ws/install/ros2_aruco_interfaces/share/ros2_aruco_interfaces/hook/pythonpath.sh'
[1.380s] Level 1:colcon.colcon_core.environment:checking '/home/anton202/devlab/drone_ws/install/ros2_aruco_interfaces/bin'
[1.380s] INFO:colcon.colcon_core.shell:Creating package script '/home/anton202/devlab/drone_ws/install/ros2_aruco_interfaces/share/ros2_aruco_interfaces/package.ps1'
[1.381s] INFO:colcon.colcon_core.shell:Creating package descriptor '/home/anton202/devlab/drone_ws/install/ros2_aruco_interfaces/share/ros2_aruco_interfaces/package.dsv'
[1.381s] INFO:colcon.colcon_core.shell:Creating package script '/home/anton202/devlab/drone_ws/install/ros2_aruco_interfaces/share/ros2_aruco_interfaces/package.sh'
[1.382s] INFO:colcon.colcon_core.shell:Creating package script '/home/anton202/devlab/drone_ws/install/ros2_aruco_interfaces/share/ros2_aruco_interfaces/package.bash'
[1.383s] INFO:colcon.colcon_core.shell:Creating package script '/home/anton202/devlab/drone_ws/install/ros2_aruco_interfaces/share/ros2_aruco_interfaces/package.zsh'
[1.383s] Level 1:colcon.colcon_core.environment:create_file_with_runtime_dependencies(/home/anton202/devlab/drone_ws/install/ros2_aruco_interfaces/share/colcon-core/packages/ros2_aruco_interfaces)
[1.403s] Level 1:colcon.colcon_core.environment:checking '/home/anton202/devlab/drone_ws/install/ros2_aruco' for CMake module files
[1.403s] DEBUG:colcon.colcon_core.event_handler.log_command:Invoked command in '/home/anton202/devlab/drone_ws/src/ros2_aruco/ros2_aruco' returned '0': CONDA_PROMPT_MODIFIER=(base) PYTHONPATH=/home/anton202/devlab/drone_ws/build/ros2_aruco/prefix_override:/home/anton202/devlab/drone_ws/install/ros2_aruco/lib/python3.10/site-packages:${PYTHONPATH} /usr/bin/python3 -W ignore:setup.py install is deprecated setup.py egg_info --egg-base ../../../build/ros2_aruco build --build-base /home/anton202/devlab/drone_ws/build/ros2_aruco/build install --record /home/anton202/devlab/drone_ws/build/ros2_aruco/install.log --single-version-externally-managed install_data
[1.404s] Level 1:colcon.colcon_core.environment:checking '/home/anton202/devlab/drone_ws/install/ros2_aruco' for CMake config files
[1.404s] Level 1:colcon.colcon_core.environment:checking '/home/anton202/devlab/drone_ws/install/ros2_aruco/lib'
[1.404s] Level 1:colcon.colcon_core.environment:checking '/home/anton202/devlab/drone_ws/install/ros2_aruco/bin'
[1.404s] Level 1:colcon.colcon_core.environment:checking '/home/anton202/devlab/drone_ws/install/ros2_aruco/lib/pkgconfig/ros2_aruco.pc'
[1.404s] Level 1:colcon.colcon_core.environment:checking '/home/anton202/devlab/drone_ws/install/ros2_aruco/lib/python3.10/site-packages'
[1.404s] Level 1:colcon.colcon_core.shell:create_environment_hook('ros2_aruco', 'pythonpath')
[1.405s] INFO:colcon.colcon_core.shell:Creating environment hook '/home/anton202/devlab/drone_ws/install/ros2_aruco/share/ros2_aruco/hook/pythonpath.ps1'
[1.405s] INFO:colcon.colcon_core.shell:Creating environment descriptor '/home/anton202/devlab/drone_ws/install/ros2_aruco/share/ros2_aruco/hook/pythonpath.dsv'
[1.405s] INFO:colcon.colcon_core.shell:Creating environment hook '/home/anton202/devlab/drone_ws/install/ros2_aruco/share/ros2_aruco/hook/pythonpath.sh'
[1.406s] Level 1:colcon.colcon_core.environment:checking '/home/anton202/devlab/drone_ws/install/ros2_aruco/bin'
[1.406s] Level 1:colcon.colcon_core.environment:create_environment_scripts_only(ros2_aruco)
[1.406s] INFO:colcon.colcon_core.shell:Creating package script '/home/anton202/devlab/drone_ws/install/ros2_aruco/share/ros2_aruco/package.ps1'
[1.406s] INFO:colcon.colcon_core.shell:Creating package descriptor '/home/anton202/devlab/drone_ws/install/ros2_aruco/share/ros2_aruco/package.dsv'
[1.406s] INFO:colcon.colcon_core.shell:Creating package script '/home/anton202/devlab/drone_ws/install/ros2_aruco/share/ros2_aruco/package.sh'
[1.407s] INFO:colcon.colcon_core.shell:Creating package script '/home/anton202/devlab/drone_ws/install/ros2_aruco/share/ros2_aruco/package.bash'
[1.407s] INFO:colcon.colcon_core.shell:Creating package script '/home/anton202/devlab/drone_ws/install/ros2_aruco/share/ros2_aruco/package.zsh'
[1.407s] Level 1:colcon.colcon_core.environment:create_file_with_runtime_dependencies(/home/anton202/devlab/drone_ws/install/ros2_aruco/share/colcon-core/packages/ros2_aruco)
[1.408s] Level 1:colcon.colcon_core.environment:checking '/home/anton202/devlab/drone_ws/install/learning_tf2_py' for CMake module files
[1.408s] Level 1:colcon.colcon_core.environment:checking '/home/anton202/devlab/drone_ws/install/learning_tf2_py' for CMake config files
[1.408s] DEBUG:colcon.colcon_core.event_handler.log_command:Invoked command in '/home/anton202/devlab/drone_ws/src/learning_tf2_py' returned '0': CONDA_PROMPT_MODIFIER=(base) PYTHONPATH=/home/anton202/devlab/drone_ws/build/learning_tf2_py/prefix_override:/home/anton202/devlab/drone_ws/install/learning_tf2_py/lib/python3.10/site-packages:${PYTHONPATH} /usr/bin/python3 -W ignore:setup.py install is deprecated setup.py egg_info --egg-base ../../build/learning_tf2_py build --build-base /home/anton202/devlab/drone_ws/build/learning_tf2_py/build install --record /home/anton202/devlab/drone_ws/build/learning_tf2_py/install.log --single-version-externally-managed install_data
[1.409s] Level 1:colcon.colcon_core.environment:checking '/home/anton202/devlab/drone_ws/install/learning_tf2_py/lib'
[1.409s] Level 1:colcon.colcon_core.environment:checking '/home/anton202/devlab/drone_ws/install/learning_tf2_py/bin'
[1.409s] Level 1:colcon.colcon_core.environment:checking '/home/anton202/devlab/drone_ws/install/learning_tf2_py/lib/pkgconfig/learning_tf2_py.pc'
[1.409s] Level 1:colcon.colcon_core.environment:checking '/home/anton202/devlab/drone_ws/install/learning_tf2_py/lib/python3.10/site-packages'
[1.409s] Level 1:colcon.colcon_core.shell:create_environment_hook('learning_tf2_py', 'pythonpath')
[1.409s] INFO:colcon.colcon_core.shell:Creating environment hook '/home/anton202/devlab/drone_ws/install/learning_tf2_py/share/learning_tf2_py/hook/pythonpath.ps1'
[1.409s] INFO:colcon.colcon_core.shell:Creating environment descriptor '/home/anton202/devlab/drone_ws/install/learning_tf2_py/share/learning_tf2_py/hook/pythonpath.dsv'
[1.410s] INFO:colcon.colcon_core.shell:Creating environment hook '/home/anton202/devlab/drone_ws/install/learning_tf2_py/share/learning_tf2_py/hook/pythonpath.sh'
[1.410s] Level 1:colcon.colcon_core.environment:checking '/home/anton202/devlab/drone_ws/install/learning_tf2_py/bin'
[1.410s] Level 1:colcon.colcon_core.environment:create_environment_scripts_only(learning_tf2_py)
[1.410s] INFO:colcon.colcon_core.shell:Creating package script '/home/anton202/devlab/drone_ws/install/learning_tf2_py/share/learning_tf2_py/package.ps1'
[1.410s] INFO:colcon.colcon_core.shell:Creating package descriptor '/home/anton202/devlab/drone_ws/install/learning_tf2_py/share/learning_tf2_py/package.dsv'
[1.410s] INFO:colcon.colcon_core.shell:Creating package script '/home/anton202/devlab/drone_ws/install/learning_tf2_py/share/learning_tf2_py/package.sh'
[1.411s] INFO:colcon.colcon_core.shell:Creating package script '/home/anton202/devlab/drone_ws/install/learning_tf2_py/share/learning_tf2_py/package.bash'
[1.411s] INFO:colcon.colcon_core.shell:Creating package script '/home/anton202/devlab/drone_ws/install/learning_tf2_py/share/learning_tf2_py/package.zsh'
[1.411s] Level 1:colcon.colcon_core.environment:create_file_with_runtime_dependencies(/home/anton202/devlab/drone_ws/install/learning_tf2_py/share/colcon-core/packages/learning_tf2_py)
[1.411s] Level 1:colcon.colcon_core.environment:checking '/home/anton202/devlab/drone_ws/install/py_pubsub' for CMake module files
[1.412s] Level 1:colcon.colcon_core.environment:checking '/home/anton202/devlab/drone_ws/install/py_pubsub' for CMake config files
[1.412s] DEBUG:colcon.colcon_core.event_handler.log_command:Invoked command in '/home/anton202/devlab/drone_ws/src/py_pubsub' returned '0': CONDA_PROMPT_MODIFIER=(base) PYTHONPATH=/home/anton202/devlab/drone_ws/build/py_pubsub/prefix_override:/home/anton202/devlab/drone_ws/install/py_pubsub/lib/python3.10/site-packages:${PYTHONPATH} /usr/bin/python3 -W ignore:setup.py install is deprecated setup.py egg_info --egg-base ../../build/py_pubsub build --build-base /home/anton202/devlab/drone_ws/build/py_pubsub/build install --record /home/anton202/devlab/drone_ws/build/py_pubsub/install.log --single-version-externally-managed install_data
[1.412s] Level 1:colcon.colcon_core.environment:checking '/home/anton202/devlab/drone_ws/install/py_pubsub/lib'
[1.412s] Level 1:colcon.colcon_core.environment:checking '/home/anton202/devlab/drone_ws/install/py_pubsub/bin'
[1.412s] Level 1:colcon.colcon_core.environment:checking '/home/anton202/devlab/drone_ws/install/py_pubsub/lib/pkgconfig/py_pubsub.pc'
[1.412s] Level 1:colcon.colcon_core.environment:checking '/home/anton202/devlab/drone_ws/install/py_pubsub/lib/python3.10/site-packages'
[1.412s] Level 1:colcon.colcon_core.shell:create_environment_hook('py_pubsub', 'pythonpath')
[1.412s] INFO:colcon.colcon_core.shell:Creating environment hook '/home/anton202/devlab/drone_ws/install/py_pubsub/share/py_pubsub/hook/pythonpath.ps1'
[1.413s] INFO:colcon.colcon_core.shell:Creating environment descriptor '/home/anton202/devlab/drone_ws/install/py_pubsub/share/py_pubsub/hook/pythonpath.dsv'
[1.413s] INFO:colcon.colcon_core.shell:Creating environment hook '/home/anton202/devlab/drone_ws/install/py_pubsub/share/py_pubsub/hook/pythonpath.sh'
[1.413s] Level 1:colcon.colcon_core.environment:checking '/home/anton202/devlab/drone_ws/install/py_pubsub/bin'
[1.413s] Level 1:colcon.colcon_core.environment:create_environment_scripts_only(py_pubsub)
[1.413s] INFO:colcon.colcon_core.shell:Creating package script '/home/anton202/devlab/drone_ws/install/py_pubsub/share/py_pubsub/package.ps1'
[1.414s] INFO:colcon.colcon_core.shell:Creating package descriptor '/home/anton202/devlab/drone_ws/install/py_pubsub/share/py_pubsub/package.dsv'
[1.414s] INFO:colcon.colcon_core.shell:Creating package script '/home/anton202/devlab/drone_ws/install/py_pubsub/share/py_pubsub/package.sh'
[1.414s] INFO:colcon.colcon_core.shell:Creating package script '/home/anton202/devlab/drone_ws/install/py_pubsub/share/py_pubsub/package.bash'
[1.414s] INFO:colcon.colcon_core.shell:Creating package script '/home/anton202/devlab/drone_ws/install/py_pubsub/share/py_pubsub/package.zsh'
[1.414s] Level 1:colcon.colcon_core.environment:create_file_with_runtime_dependencies(/home/anton202/devlab/drone_ws/install/py_pubsub/share/colcon-core/packages/py_pubsub)
[1.415s] Level 1:colcon.colcon_core.environment:checking '/home/anton202/devlab/drone_ws/install/drone_localization' for CMake module files
[1.416s] DEBUG:colcon.colcon_core.event_handler.log_command:Invoked command in '/home/anton202/devlab/drone_ws/src/drone_localization' returned '0': CONDA_PROMPT_MODIFIER=(base) PYTHONPATH=/home/anton202/devlab/drone_ws/build/drone_localization/prefix_override:/home/anton202/devlab/drone_ws/install/drone_localization/lib/python3.10/site-packages:${PYTHONPATH} /usr/bin/python3 -W ignore:setup.py install is deprecated setup.py egg_info --egg-base ../../build/drone_localization build --build-base /home/anton202/devlab/drone_ws/build/drone_localization/build install --record /home/anton202/devlab/drone_ws/build/drone_localization/install.log --single-version-externally-managed install_data
[1.416s] Level 1:colcon.colcon_core.environment:checking '/home/anton202/devlab/drone_ws/install/drone_localization' for CMake config files
[1.416s] Level 1:colcon.colcon_core.environment:checking '/home/anton202/devlab/drone_ws/install/drone_localization/lib'
[1.416s] Level 1:colcon.colcon_core.environment:checking '/home/anton202/devlab/drone_ws/install/drone_localization/bin'
[1.416s] Level 1:colcon.colcon_core.environment:checking '/home/anton202/devlab/drone_ws/install/drone_localization/lib/pkgconfig/drone_localization.pc'
[1.416s] Level 1:colcon.colcon_core.environment:checking '/home/anton202/devlab/drone_ws/install/drone_localization/lib/python3.10/site-packages'
[1.416s] Level 1:colcon.colcon_core.shell:create_environment_hook('drone_localization', 'pythonpath')
[1.417s] INFO:colcon.colcon_core.shell:Creating environment hook '/home/anton202/devlab/drone_ws/install/drone_localization/share/drone_localization/hook/pythonpath.ps1'
[1.417s] INFO:colcon.colcon_core.shell:Creating environment descriptor '/home/anton202/devlab/drone_ws/install/drone_localization/share/drone_localization/hook/pythonpath.dsv'
[1.417s] INFO:colcon.colcon_core.shell:Creating environment hook '/home/anton202/devlab/drone_ws/install/drone_localization/share/drone_localization/hook/pythonpath.sh'
[1.417s] Level 1:colcon.colcon_core.environment:checking '/home/anton202/devlab/drone_ws/install/drone_localization/bin'
[1.417s] Level 1:colcon.colcon_core.environment:create_environment_scripts_only(drone_localization)
[1.417s] INFO:colcon.colcon_core.shell:Creating package script '/home/anton202/devlab/drone_ws/install/drone_localization/share/drone_localization/package.ps1'
[1.417s] INFO:colcon.colcon_core.shell:Creating package descriptor '/home/anton202/devlab/drone_ws/install/drone_localization/share/drone_localization/package.dsv'
[1.418s] INFO:colcon.colcon_core.shell:Creating package script '/home/anton202/devlab/drone_ws/install/drone_localization/share/drone_localization/package.sh'
[1.418s] INFO:colcon.colcon_core.shell:Creating package script '/home/anton202/devlab/drone_ws/install/drone_localization/share/drone_localization/package.bash'
[1.418s] INFO:colcon.colcon_core.shell:Creating package script '/home/anton202/devlab/drone_ws/install/drone_localization/share/drone_localization/package.zsh'
[1.418s] Level 1:colcon.colcon_core.environment:create_file_with_runtime_dependencies(/home/anton202/devlab/drone_ws/install/drone_localization/share/colcon-core/packages/drone_localization)
[1.418s] DEBUG:colcon.colcon_parallel_executor.executor.parallel:closing loop
[1.418s] DEBUG:colcon.colcon_parallel_executor.executor.parallel:loop closed
[1.418s] DEBUG:colcon.colcon_parallel_executor.executor.parallel:run_until_complete finished with '0'
[1.418s] DEBUG:colcon.colcon_core.event_reactor:joining thread
[1.423s] INFO:colcon.colcon_core.plugin_system:Skipping extension 'colcon_notification.desktop_notification.terminal_notifier': Not used on non-Darwin systems
[1.423s] INFO:colcon.colcon_core.plugin_system:Skipping extension 'colcon_notification.desktop_notification.win32': Not used on non-Windows systems
[1.423s] INFO:colcon.colcon_notification.desktop_notification:Sending desktop notification using 'notify2'
[1.430s] DEBUG:colcon.colcon_core.event_reactor:joined thread
[1.430s] INFO:colcon.colcon_core.shell:Creating prefix script '/home/anton202/devlab/drone_ws/install/local_setup.ps1'
[1.431s] INFO:colcon.colcon_core.shell:Creating prefix util module '/home/anton202/devlab/drone_ws/install/_local_setup_util_ps1.py'
[1.431s] INFO:colcon.colcon_core.shell:Creating prefix chain script '/home/anton202/devlab/drone_ws/install/setup.ps1'
[1.432s] INFO:colcon.colcon_core.shell:Creating prefix script '/home/anton202/devlab/drone_ws/install/local_setup.sh'
[1.432s] INFO:colcon.colcon_core.shell:Creating prefix util module '/home/anton202/devlab/drone_ws/install/_local_setup_util_sh.py'
[1.432s] INFO:colcon.colcon_core.shell:Creating prefix chain script '/home/anton202/devlab/drone_ws/install/setup.sh'
[1.433s] INFO:colcon.colcon_core.shell:Creating prefix script '/home/anton202/devlab/drone_ws/install/local_setup.bash'
[1.433s] INFO:colcon.colcon_core.shell:Creating prefix chain script '/home/anton202/devlab/drone_ws/install/setup.bash'
[1.433s] INFO:colcon.colcon_core.shell:Creating prefix script '/home/anton202/devlab/drone_ws/install/local_setup.zsh'
[1.434s] INFO:colcon.colcon_core.shell:Creating prefix chain script '/home/anton202/devlab/drone_ws/install/setup.zsh'
