[0.519s] Invoking command in '/home/anton202/devlab/drone_ws/src/ros2_aruco/ros2_aruco': PYTHONPATH=/home/anton202/devlab/drone_ws/build/ros2_aruco/prefix_override:/home/anton202/devlab/drone_ws/install/ros2_aruco/lib/python3.10/site-packages:${PYTHONPATH} /usr/bin/python3 -W ignore:setup.py install is deprecated setup.py egg_info --egg-base ../../../build/ros2_aruco build --build-base /home/anton202/devlab/drone_ws/build/ros2_aruco/build install --record /home/anton202/devlab/drone_ws/build/ros2_aruco/install.log --single-version-externally-managed install_data
[0.654s] running egg_info
[0.654s] creating ../../../build/ros2_aruco/ros2_aruco.egg-info
[0.663s] writing ../../../build/ros2_aruco/ros2_aruco.egg-info/PKG-INFO
[0.663s] writing dependency_links to ../../../build/ros2_aruco/ros2_aruco.egg-info/dependency_links.txt
[0.663s] writing entry points to ../../../build/ros2_aruco/ros2_aruco.egg-info/entry_points.txt
[0.663s] writing requirements to ../../../build/ros2_aruco/ros2_aruco.egg-info/requires.txt
[0.663s] writing top-level names to ../../../build/ros2_aruco/ros2_aruco.egg-info/top_level.txt
[0.663s] writing manifest file '../../../build/ros2_aruco/ros2_aruco.egg-info/SOURCES.txt'
[0.681s] reading manifest file '../../../build/ros2_aruco/ros2_aruco.egg-info/SOURCES.txt'
[0.682s] writing manifest file '../../../build/ros2_aruco/ros2_aruco.egg-info/SOURCES.txt'
[0.682s] running build
[0.682s] running build_py
[0.682s] creating /home/anton202/devlab/drone_ws/build/ros2_aruco/build
[0.682s] creating /home/anton202/devlab/drone_ws/build/ros2_aruco/build/lib
[0.682s] creating /home/anton202/devlab/drone_ws/build/ros2_aruco/build/lib/ros2_aruco
[0.682s] copying ros2_aruco/aruco_generate_marker.py -> /home/anton202/devlab/drone_ws/build/ros2_aruco/build/lib/ros2_aruco
[0.682s] copying ros2_aruco/aruco_node.py -> /home/anton202/devlab/drone_ws/build/ros2_aruco/build/lib/ros2_aruco
[0.682s] copying ros2_aruco/__init__.py -> /home/anton202/devlab/drone_ws/build/ros2_aruco/build/lib/ros2_aruco
[0.682s] running install
[0.685s] running install_lib
[0.694s] creating /home/anton202/devlab/drone_ws/install/ros2_aruco/lib/python3.10/site-packages/ros2_aruco
[0.694s] copying /home/anton202/devlab/drone_ws/build/ros2_aruco/build/lib/ros2_aruco/aruco_generate_marker.py -> /home/anton202/devlab/drone_ws/install/ros2_aruco/lib/python3.10/site-packages/ros2_aruco
[0.694s] copying /home/anton202/devlab/drone_ws/build/ros2_aruco/build/lib/ros2_aruco/aruco_node.py -> /home/anton202/devlab/drone_ws/install/ros2_aruco/lib/python3.10/site-packages/ros2_aruco
[0.694s] copying /home/anton202/devlab/drone_ws/build/ros2_aruco/build/lib/ros2_aruco/__init__.py -> /home/anton202/devlab/drone_ws/install/ros2_aruco/lib/python3.10/site-packages/ros2_aruco
[0.694s] byte-compiling /home/anton202/devlab/drone_ws/install/ros2_aruco/lib/python3.10/site-packages/ros2_aruco/aruco_generate_marker.py to aruco_generate_marker.cpython-310.pyc
[0.695s] byte-compiling /home/anton202/devlab/drone_ws/install/ros2_aruco/lib/python3.10/site-packages/ros2_aruco/aruco_node.py to aruco_node.cpython-310.pyc
[0.696s] byte-compiling /home/anton202/devlab/drone_ws/install/ros2_aruco/lib/python3.10/site-packages/ros2_aruco/__init__.py to __init__.cpython-310.pyc
[0.696s] running install_data
[0.696s] creating /home/anton202/devlab/drone_ws/install/ros2_aruco/share/ament_index
[0.696s] creating /home/anton202/devlab/drone_ws/install/ros2_aruco/share/ament_index/resource_index
[0.696s] creating /home/anton202/devlab/drone_ws/install/ros2_aruco/share/ament_index/resource_index/packages
[0.696s] copying resource/ros2_aruco -> /home/anton202/devlab/drone_ws/install/ros2_aruco/share/ament_index/resource_index/packages
[0.696s] copying package.xml -> /home/anton202/devlab/drone_ws/install/ros2_aruco/share/ros2_aruco
[0.696s] creating /home/anton202/devlab/drone_ws/install/ros2_aruco/share/ros2_aruco/launch
[0.696s] copying launch/aruco_recognition.launch.py -> /home/anton202/devlab/drone_ws/install/ros2_aruco/share/ros2_aruco/launch
[0.696s] creating /home/anton202/devlab/drone_ws/install/ros2_aruco/share/ros2_aruco/config
[0.696s] copying config/aruco_parameters.yaml -> /home/anton202/devlab/drone_ws/install/ros2_aruco/share/ros2_aruco/config
[0.696s] running install_egg_info
[0.706s] Copying ../../../build/ros2_aruco/ros2_aruco.egg-info to /home/anton202/devlab/drone_ws/install/ros2_aruco/lib/python3.10/site-packages/ros2_aruco-0.1.0-py3.10.egg-info
[0.706s] running install_scripts
[0.794s] Installing aruco_generate_marker script to /home/anton202/devlab/drone_ws/install/ros2_aruco/lib/ros2_aruco
[0.794s] Installing aruco_node script to /home/anton202/devlab/drone_ws/install/ros2_aruco/lib/ros2_aruco
[0.794s] writing list of installed files to '/home/anton202/devlab/drone_ws/build/ros2_aruco/install.log'
[0.809s] Invoked command in '/home/anton202/devlab/drone_ws/src/ros2_aruco/ros2_aruco' returned '0': PYTHONPATH=/home/anton202/devlab/drone_ws/build/ros2_aruco/prefix_override:/home/anton202/devlab/drone_ws/install/ros2_aruco/lib/python3.10/site-packages:${PYTHONPATH} /usr/bin/python3 -W ignore:setup.py install is deprecated setup.py egg_info --egg-base ../../../build/ros2_aruco build --build-base /home/anton202/devlab/drone_ws/build/ros2_aruco/build install --record /home/anton202/devlab/drone_ws/build/ros2_aruco/install.log --single-version-externally-managed install_data
