[0.874s] Invoking command in '/home/anton202/devlab/drone_ws/src/py_pubsub': CONDA_PROMPT_MODIFIER=(base) PYTHONPATH=/home/anton202/devlab/drone_ws/build/py_pubsub/prefix_override:/home/anton202/devlab/drone_ws/install/py_pubsub/lib/python3.10/site-packages:${PYTHONPATH} /usr/bin/python3 -W ignore:setup.py install is deprecated setup.py egg_info --egg-base ../../build/py_pubsub build --build-base /home/anton202/devlab/drone_ws/build/py_pubsub/build install --record /home/anton202/devlab/drone_ws/build/py_pubsub/install.log --single-version-externally-managed install_data
[1.016s] running egg_info
[1.016s] creating ../../build/py_pubsub/py_pubsub.egg-info
[1.024s] writing ../../build/py_pubsub/py_pubsub.egg-info/PKG-INFO
[1.025s] writing dependency_links to ../../build/py_pubsub/py_pubsub.egg-info/dependency_links.txt
[1.025s] writing entry points to ../../build/py_pubsub/py_pubsub.egg-info/entry_points.txt
[1.025s] writing requirements to ../../build/py_pubsub/py_pubsub.egg-info/requires.txt
[1.025s] writing top-level names to ../../build/py_pubsub/py_pubsub.egg-info/top_level.txt
[1.025s] writing manifest file '../../build/py_pubsub/py_pubsub.egg-info/SOURCES.txt'
[1.043s] reading manifest file '../../build/py_pubsub/py_pubsub.egg-info/SOURCES.txt'
[1.043s] adding license file 'LICENSE'
[1.043s] writing manifest file '../../build/py_pubsub/py_pubsub.egg-info/SOURCES.txt'
[1.044s] running build
[1.044s] running build_py
[1.044s] creating /home/anton202/devlab/drone_ws/build/py_pubsub/build
[1.044s] creating /home/anton202/devlab/drone_ws/build/py_pubsub/build/lib
[1.044s] creating /home/anton202/devlab/drone_ws/build/py_pubsub/build/lib/py_pubsub
[1.044s] copying py_pubsub/publisher_member_function.py -> /home/anton202/devlab/drone_ws/build/py_pubsub/build/lib/py_pubsub
[1.044s] copying py_pubsub/__init__.py -> /home/anton202/devlab/drone_ws/build/py_pubsub/build/lib/py_pubsub
[1.044s] running install
[1.047s] running install_lib
[1.056s] creating /home/anton202/devlab/drone_ws/install/py_pubsub/lib/python3.10/site-packages/py_pubsub
[1.056s] copying /home/anton202/devlab/drone_ws/build/py_pubsub/build/lib/py_pubsub/publisher_member_function.py -> /home/anton202/devlab/drone_ws/install/py_pubsub/lib/python3.10/site-packages/py_pubsub
[1.056s] copying /home/anton202/devlab/drone_ws/build/py_pubsub/build/lib/py_pubsub/__init__.py -> /home/anton202/devlab/drone_ws/install/py_pubsub/lib/python3.10/site-packages/py_pubsub
[1.056s] byte-compiling /home/anton202/devlab/drone_ws/install/py_pubsub/lib/python3.10/site-packages/py_pubsub/publisher_member_function.py to publisher_member_function.cpython-310.pyc
[1.056s] byte-compiling /home/anton202/devlab/drone_ws/install/py_pubsub/lib/python3.10/site-packages/py_pubsub/__init__.py to __init__.cpython-310.pyc
[1.057s] running install_data
[1.057s] creating /home/anton202/devlab/drone_ws/install/py_pubsub/share/ament_index
[1.057s] creating /home/anton202/devlab/drone_ws/install/py_pubsub/share/ament_index/resource_index
[1.057s] creating /home/anton202/devlab/drone_ws/install/py_pubsub/share/ament_index/resource_index/packages
[1.057s] copying resource/py_pubsub -> /home/anton202/devlab/drone_ws/install/py_pubsub/share/ament_index/resource_index/packages
[1.057s] copying package.xml -> /home/anton202/devlab/drone_ws/install/py_pubsub/share/py_pubsub
[1.057s] running install_egg_info
[1.066s] Copying ../../build/py_pubsub/py_pubsub.egg-info to /home/anton202/devlab/drone_ws/install/py_pubsub/lib/python3.10/site-packages/py_pubsub-0.0.0-py3.10.egg-info
[1.067s] running install_scripts
[1.152s] Installing talker script to /home/anton202/devlab/drone_ws/install/py_pubsub/lib/py_pubsub
[1.152s] writing list of installed files to '/home/anton202/devlab/drone_ws/build/py_pubsub/install.log'
[1.168s] Invoked command in '/home/anton202/devlab/drone_ws/src/py_pubsub' returned '0': CONDA_PROMPT_MODIFIER=(base) PYTHONPATH=/home/anton202/devlab/drone_ws/build/py_pubsub/prefix_override:/home/anton202/devlab/drone_ws/install/py_pubsub/lib/python3.10/site-packages:${PYTHONPATH} /usr/bin/python3 -W ignore:setup.py install is deprecated setup.py egg_info --egg-base ../../build/py_pubsub build --build-base /home/anton202/devlab/drone_ws/build/py_pubsub/build install --record /home/anton202/devlab/drone_ws/build/py_pubsub/install.log --single-version-externally-managed install_data
