[0.721s] Invoking command in '/home/anton202/devlab/drone_ws/src/py_pubsub': CONDA_PROMPT_MODIFIER=(base) PYTHONPATH=/home/anton202/devlab/drone_ws/build/py_pubsub/prefix_override:/home/anton202/devlab/drone_ws/install/py_pubsub/lib/python3.10/site-packages:${PYTHONPATH} /usr/bin/python3 -W ignore:setup.py install is deprecated setup.py egg_info --egg-base ../../build/py_pubsub build --build-base /home/anton202/devlab/drone_ws/build/py_pubsub/build install --record /home/anton202/devlab/drone_ws/build/py_pubsub/install.log --single-version-externally-managed install_data
[0.864s] running egg_info
[0.873s] writing ../../build/py_pubsub/py_pubsub.egg-info/PKG-INFO
[0.873s] writing dependency_links to ../../build/py_pubsub/py_pubsub.egg-info/dependency_links.txt
[0.874s] writing entry points to ../../build/py_pubsub/py_pubsub.egg-info/entry_points.txt
[0.874s] writing requirements to ../../build/py_pubsub/py_pubsub.egg-info/requires.txt
[0.874s] writing top-level names to ../../build/py_pubsub/py_pubsub.egg-info/top_level.txt
[0.892s] reading manifest file '../../build/py_pubsub/py_pubsub.egg-info/SOURCES.txt'
[0.892s] adding license file 'LICENSE'
[0.892s] writing manifest file '../../build/py_pubsub/py_pubsub.egg-info/SOURCES.txt'
[0.892s] running build
[0.892s] running build_py
[0.892s] copying py_pubsub/subscriber_member_function.py -> /home/anton202/devlab/drone_ws/build/py_pubsub/build/lib/py_pubsub
[0.893s] copying py_pubsub/publisher_member_function.py -> /home/anton202/devlab/drone_ws/build/py_pubsub/build/lib/py_pubsub
[0.893s] copying py_pubsub/__init__.py -> /home/anton202/devlab/drone_ws/build/py_pubsub/build/lib/py_pubsub
[0.893s] running install
[0.896s] running install_lib
[0.905s] running install_data
[0.905s] copying resource/py_pubsub -> /home/anton202/devlab/drone_ws/install/py_pubsub/share/ament_index/resource_index/packages
[0.905s] copying package.xml -> /home/anton202/devlab/drone_ws/install/py_pubsub/share/py_pubsub
[0.905s] running install_egg_info
[0.915s] removing '/home/anton202/devlab/drone_ws/install/py_pubsub/lib/python3.10/site-packages/py_pubsub-0.0.0-py3.10.egg-info' (and everything under it)
[0.915s] Copying ../../build/py_pubsub/py_pubsub.egg-info to /home/anton202/devlab/drone_ws/install/py_pubsub/lib/python3.10/site-packages/py_pubsub-0.0.0-py3.10.egg-info
[0.916s] running install_scripts
[1.001s] Installing listener script to /home/anton202/devlab/drone_ws/install/py_pubsub/lib/py_pubsub
[1.001s] Installing talker script to /home/anton202/devlab/drone_ws/install/py_pubsub/lib/py_pubsub
[1.001s] writing list of installed files to '/home/anton202/devlab/drone_ws/build/py_pubsub/install.log'
[1.020s] Invoked command in '/home/anton202/devlab/drone_ws/src/py_pubsub' returned '0': CONDA_PROMPT_MODIFIER=(base) PYTHONPATH=/home/anton202/devlab/drone_ws/build/py_pubsub/prefix_override:/home/anton202/devlab/drone_ws/install/py_pubsub/lib/python3.10/site-packages:${PYTHONPATH} /usr/bin/python3 -W ignore:setup.py install is deprecated setup.py egg_info --egg-base ../../build/py_pubsub build --build-base /home/anton202/devlab/drone_ws/build/py_pubsub/build install --record /home/anton202/devlab/drone_ws/build/py_pubsub/install.log --single-version-externally-managed install_data
