[0.006s] Invoking command in '/home/anton202/devlab/drone_ws/build/aruco': CMAKE_PREFIX_PATH=/opt/ros/iron /home/anton202/.local/bin/cmake /home/anton202/devlab/drone_ws/src/aruco_ros2/aruco -DCMAKE_INSTALL_PREFIX=/home/anton202/devlab/drone_ws/install/aruco
[0.123s] -- The C compiler identification is GNU 11.4.0
[0.188s] -- The CXX compiler identification is GNU 11.4.0
[0.196s] -- Detecting C compiler ABI info
[0.232s] -- Detecting C compiler ABI info - done
[0.242s] -- Check for working C compiler: /usr/bin/cc - skipped
[0.242s] -- Detecting C compile features
[0.243s] -- Detecting C compile features - done
[0.245s] -- Detecting CXX compiler ABI info
[0.284s] -- Detecting CXX compiler ABI info - done
[0.294s] -- Check for working CXX compiler: /usr/bin/c++ - skipped
[0.294s] -- Detecting CXX compile features
[0.294s] -- Detecting CXX compile features - done
[0.296s] -- Found ament_cmake_ros: 0.11.2 (/opt/ros/iron/share/ament_cmake_ros/cmake)
[0.556s] -- Found Python3: /usr/bin/python3.10 (found version "3.10.12") found components: Interpreter
[0.615s] -- Found rclcpp: 21.0.6 (/opt/ros/iron/share/rclcpp/cmake)
[0.645s] -- Found rosidl_generator_c: 4.0.1 (/opt/ros/iron/share/rosidl_generator_c/cmake)
[0.653s] -- Found rosidl_generator_cpp: 4.0.1 (/opt/ros/iron/share/rosidl_generator_cpp/cmake)
[0.665s] -- Using all available rosidl_typesupport_c: rosidl_typesupport_fastrtps_c;rosidl_typesupport_introspection_c
[0.677s] -- Using all available rosidl_typesupport_cpp: rosidl_typesupport_fastrtps_cpp;rosidl_typesupport_introspection_cpp
[0.790s] -- Found rmw_implementation_cmake: 7.1.0 (/opt/ros/iron/share/rmw_implementation_cmake/cmake)
[0.792s] -- Found rmw_fastrtps_cpp: 7.1.3 (/opt/ros/iron/share/rmw_fastrtps_cpp/cmake)
[0.858s] -- Found OpenSSL: /usr/lib/x86_64-linux-gnu/libcrypto.so (found version "3.0.2")
[0.876s] -- Found FastRTPS: /opt/ros/iron/include
[0.906s] -- Using RMW implementation 'rmw_fastrtps_cpp' as default
[1.025s] -- Found std_msgs: 5.0.0 (/opt/ros/iron/share/std_msgs/cmake)
[1.048s] -- Found sensor_msgs: 5.0.0 (/opt/ros/iron/share/sensor_msgs/cmake)
[1.154s] [31mCMake Error at CMakeLists.txt:21 (find_package):
[1.154s]   Could not find a configuration file for package "OpenCV" that is compatible
[1.154s]   with requested version "3".
[1.154s] 
[1.154s]   The following configuration files were considered but not accepted:
[1.154s] 
[1.154s]     /usr/local/lib/cmake/opencv4/OpenCVConfig.cmake, version: 4.7.0
[1.154s]     /usr/lib/x86_64-linux-gnu/cmake/opencv4/OpenCVConfig.cmake, version: 4.5.4
[1.154s]     /lib/x86_64-linux-gnu/cmake/opencv4/OpenCVConfig.cmake, version: 4.5.4
[1.154s] 
[1.154s] 
[1.154s] [0m
[1.154s] -- Configuring incomplete, errors occurred!
[1.167s] Invoked command in '/home/anton202/devlab/drone_ws/build/aruco' returned '1': CMAKE_PREFIX_PATH=/opt/ros/iron /home/anton202/.local/bin/cmake /home/anton202/devlab/drone_ws/src/aruco_ros2/aruco -DCMAKE_INSTALL_PREFIX=/home/anton202/devlab/drone_ws/install/aruco
