[0.060s] DEBUG:colcon:Command line arguments: ['/usr/bin/colcon', 'build']
[0.060s] DEBUG:colcon:Parsed command line arguments: Namespace(log_base=None, log_level=None, verb_name='build', build_base='build', install_base='install', merge_install=False, symlink_install=False, test_result_base=None, continue_on_error=False, executor='parallel', parallel_workers=20, event_handlers=None, ignore_user_meta=False, metas=['./colcon.meta'], base_paths=['.'], packages_ignore=None, packages_ignore_regex=None, paths=None, packages_up_to=None, packages_up_to_regex=None, packages_above=None, packages_above_and_dependencies=None, packages_above_depth=None, packages_select_by_dep=None, packages_skip_by_dep=None, packages_skip_up_to=None, packages_select_build_failed=False, packages_skip_build_finished=False, packages_select_test_failures=False, packages_skip_test_passed=False, packages_select=None, packages_skip=None, packages_select_regex=None, packages_skip_regex=None, packages_start=None, packages_end=None, allow_overriding=[], cmake_args=None, cmake_target=None, cmake_target_skip_unavailable=False, cmake_clean_cache=False, cmake_clean_first=False, cmake_force_configure=False, ament_cmake_args=None, catkin_cmake_args=None, catkin_skip_building_tests=False, mixin_files=None, mixin=None, verb_parser=<colcon_mixin.mixin.mixin_argument.MixinArgumentDecorator object at 0x7eca2b6bbeb0>, verb_extension=<colcon_core.verb.build.BuildVerb object at 0x7eca2b6bb8b0>, main=<bound method BuildVerb.main of <colcon_core.verb.build.BuildVerb object at 0x7eca2b6bb8b0>>, mixin_verb=('build',))
[0.081s] Level 1:colcon.colcon_core.package_discovery:discover_packages(colcon_meta) check parameters
[0.081s] Level 1:colcon.colcon_core.package_discovery:discover_packages(recursive) check parameters
[0.081s] Level 1:colcon.colcon_core.package_discovery:discover_packages(ignore) check parameters
[0.081s] Level 1:colcon.colcon_core.package_discovery:discover_packages(path) check parameters
[0.081s] Level 1:colcon.colcon_core.package_discovery:discover_packages(colcon_meta) discover
[0.081s] Level 1:colcon.colcon_core.package_discovery:discover_packages(recursive) discover
[0.081s] INFO:colcon.colcon_core.package_discovery:Crawling recursively for packages in '/home/anton202/devlab/drone_ws'
[0.081s] Level 1:colcon.colcon_core.package_identification:_identify(.) by extensions ['ignore', 'ignore_ament_install']
[0.081s] Level 1:colcon.colcon_core.package_identification:_identify(.) by extension 'ignore'
[0.081s] Level 1:colcon.colcon_core.package_identification:_identify(.) by extension 'ignore_ament_install'
[0.081s] Level 1:colcon.colcon_core.package_identification:_identify(.) by extensions ['colcon_pkg']
[0.081s] Level 1:colcon.colcon_core.package_identification:_identify(.) by extension 'colcon_pkg'
[0.081s] Level 1:colcon.colcon_core.package_identification:_identify(.) by extensions ['colcon_meta']
[0.081s] Level 1:colcon.colcon_core.package_identification:_identify(.) by extension 'colcon_meta'
[0.081s] Level 1:colcon.colcon_core.package_identification:_identify(.) by extensions ['ros']
[0.081s] Level 1:colcon.colcon_core.package_identification:_identify(.) by extension 'ros'
[0.090s] Level 1:colcon.colcon_core.package_identification:_identify(.) by extensions ['cmake', 'python']
[0.090s] Level 1:colcon.colcon_core.package_identification:_identify(.) by extension 'cmake'
[0.090s] Level 1:colcon.colcon_core.package_identification:_identify(.) by extension 'python'
[0.090s] Level 1:colcon.colcon_core.package_identification:_identify(.) by extensions ['python_setup_py']
[0.090s] Level 1:colcon.colcon_core.package_identification:_identify(.) by extension 'python_setup_py'
[0.090s] Level 1:colcon.colcon_core.package_identification:_identify(build) by extensions ['ignore', 'ignore_ament_install']
[0.090s] Level 1:colcon.colcon_core.package_identification:_identify(build) by extension 'ignore'
[0.090s] Level 1:colcon.colcon_core.package_identification:_identify(build) ignored
[0.090s] Level 1:colcon.colcon_core.package_identification:_identify(install) by extensions ['ignore', 'ignore_ament_install']
[0.090s] Level 1:colcon.colcon_core.package_identification:_identify(install) by extension 'ignore'
[0.090s] Level 1:colcon.colcon_core.package_identification:_identify(install) ignored
[0.090s] Level 1:colcon.colcon_core.package_identification:_identify(log) by extensions ['ignore', 'ignore_ament_install']
[0.090s] Level 1:colcon.colcon_core.package_identification:_identify(log) by extension 'ignore'
[0.090s] Level 1:colcon.colcon_core.package_identification:_identify(log) ignored
[0.090s] Level 1:colcon.colcon_core.package_identification:_identify(src) by extensions ['ignore', 'ignore_ament_install']
[0.090s] Level 1:colcon.colcon_core.package_identification:_identify(src) by extension 'ignore'
[0.091s] Level 1:colcon.colcon_core.package_identification:_identify(src) by extension 'ignore_ament_install'
[0.091s] Level 1:colcon.colcon_core.package_identification:_identify(src) by extensions ['colcon_pkg']
[0.091s] Level 1:colcon.colcon_core.package_identification:_identify(src) by extension 'colcon_pkg'
[0.091s] Level 1:colcon.colcon_core.package_identification:_identify(src) by extensions ['colcon_meta']
[0.091s] Level 1:colcon.colcon_core.package_identification:_identify(src) by extension 'colcon_meta'
[0.091s] Level 1:colcon.colcon_core.package_identification:_identify(src) by extensions ['ros']
[0.091s] Level 1:colcon.colcon_core.package_identification:_identify(src) by extension 'ros'
[0.091s] Level 1:colcon.colcon_core.package_identification:_identify(src) by extensions ['cmake', 'python']
[0.091s] Level 1:colcon.colcon_core.package_identification:_identify(src) by extension 'cmake'
[0.091s] Level 1:colcon.colcon_core.package_identification:_identify(src) by extension 'python'
[0.091s] Level 1:colcon.colcon_core.package_identification:_identify(src) by extensions ['python_setup_py']
[0.091s] Level 1:colcon.colcon_core.package_identification:_identify(src) by extension 'python_setup_py'
[0.091s] Level 1:colcon.colcon_core.package_identification:_identify(src/aruco_ros2) by extensions ['ignore', 'ignore_ament_install']
[0.091s] Level 1:colcon.colcon_core.package_identification:_identify(src/aruco_ros2) by extension 'ignore'
[0.091s] Level 1:colcon.colcon_core.package_identification:_identify(src/aruco_ros2) by extension 'ignore_ament_install'
[0.091s] Level 1:colcon.colcon_core.package_identification:_identify(src/aruco_ros2) by extensions ['colcon_pkg']
[0.091s] Level 1:colcon.colcon_core.package_identification:_identify(src/aruco_ros2) by extension 'colcon_pkg'
[0.091s] Level 1:colcon.colcon_core.package_identification:_identify(src/aruco_ros2) by extensions ['colcon_meta']
[0.091s] Level 1:colcon.colcon_core.package_identification:_identify(src/aruco_ros2) by extension 'colcon_meta'
[0.091s] Level 1:colcon.colcon_core.package_identification:_identify(src/aruco_ros2) by extensions ['ros']
[0.091s] Level 1:colcon.colcon_core.package_identification:_identify(src/aruco_ros2) by extension 'ros'
[0.091s] Level 1:colcon.colcon_core.package_identification:_identify(src/aruco_ros2) by extensions ['cmake', 'python']
[0.091s] Level 1:colcon.colcon_core.package_identification:_identify(src/aruco_ros2) by extension 'cmake'
[0.091s] Level 1:colcon.colcon_core.package_identification:_identify(src/aruco_ros2) by extension 'python'
[0.091s] Level 1:colcon.colcon_core.package_identification:_identify(src/aruco_ros2) by extensions ['python_setup_py']
[0.091s] Level 1:colcon.colcon_core.package_identification:_identify(src/aruco_ros2) by extension 'python_setup_py'
[0.091s] Level 1:colcon.colcon_core.package_identification:_identify(src/aruco_ros2/Docker) by extensions ['ignore', 'ignore_ament_install']
[0.091s] Level 1:colcon.colcon_core.package_identification:_identify(src/aruco_ros2/Docker) by extension 'ignore'
[0.091s] Level 1:colcon.colcon_core.package_identification:_identify(src/aruco_ros2/Docker) by extension 'ignore_ament_install'
[0.091s] Level 1:colcon.colcon_core.package_identification:_identify(src/aruco_ros2/Docker) by extensions ['colcon_pkg']
[0.091s] Level 1:colcon.colcon_core.package_identification:_identify(src/aruco_ros2/Docker) by extension 'colcon_pkg'
[0.091s] Level 1:colcon.colcon_core.package_identification:_identify(src/aruco_ros2/Docker) by extensions ['colcon_meta']
[0.091s] Level 1:colcon.colcon_core.package_identification:_identify(src/aruco_ros2/Docker) by extension 'colcon_meta'
[0.091s] Level 1:colcon.colcon_core.package_identification:_identify(src/aruco_ros2/Docker) by extensions ['ros']
[0.091s] Level 1:colcon.colcon_core.package_identification:_identify(src/aruco_ros2/Docker) by extension 'ros'
[0.091s] Level 1:colcon.colcon_core.package_identification:_identify(src/aruco_ros2/Docker) by extensions ['cmake', 'python']
[0.091s] Level 1:colcon.colcon_core.package_identification:_identify(src/aruco_ros2/Docker) by extension 'cmake'
[0.091s] Level 1:colcon.colcon_core.package_identification:_identify(src/aruco_ros2/Docker) by extension 'python'
[0.091s] Level 1:colcon.colcon_core.package_identification:_identify(src/aruco_ros2/Docker) by extensions ['python_setup_py']
[0.091s] Level 1:colcon.colcon_core.package_identification:_identify(src/aruco_ros2/Docker) by extension 'python_setup_py'
[0.091s] Level 1:colcon.colcon_core.package_identification:_identify(src/aruco_ros2/aruco) by extensions ['ignore', 'ignore_ament_install']
[0.091s] Level 1:colcon.colcon_core.package_identification:_identify(src/aruco_ros2/aruco) by extension 'ignore'
[0.091s] Level 1:colcon.colcon_core.package_identification:_identify(src/aruco_ros2/aruco) by extension 'ignore_ament_install'
[0.091s] Level 1:colcon.colcon_core.package_identification:_identify(src/aruco_ros2/aruco) by extensions ['colcon_pkg']
[0.091s] Level 1:colcon.colcon_core.package_identification:_identify(src/aruco_ros2/aruco) by extension 'colcon_pkg'
[0.092s] Level 1:colcon.colcon_core.package_identification:_identify(src/aruco_ros2/aruco) by extensions ['colcon_meta']
[0.092s] Level 1:colcon.colcon_core.package_identification:_identify(src/aruco_ros2/aruco) by extension 'colcon_meta'
[0.092s] Level 1:colcon.colcon_core.package_identification:_identify(src/aruco_ros2/aruco) by extensions ['ros']
[0.092s] Level 1:colcon.colcon_core.package_identification:_identify(src/aruco_ros2/aruco) by extension 'ros'
[0.093s] DEBUG:colcon.colcon_core.package_identification:Package 'src/aruco_ros2/aruco' with type 'ros.ament_cmake' and name 'aruco'
[0.093s] Level 1:colcon.colcon_core.package_identification:_identify(src/aruco_ros2/aruco_msgs) by extensions ['ignore', 'ignore_ament_install']
[0.093s] Level 1:colcon.colcon_core.package_identification:_identify(src/aruco_ros2/aruco_msgs) by extension 'ignore'
[0.093s] Level 1:colcon.colcon_core.package_identification:_identify(src/aruco_ros2/aruco_msgs) by extension 'ignore_ament_install'
[0.093s] Level 1:colcon.colcon_core.package_identification:_identify(src/aruco_ros2/aruco_msgs) by extensions ['colcon_pkg']
[0.093s] Level 1:colcon.colcon_core.package_identification:_identify(src/aruco_ros2/aruco_msgs) by extension 'colcon_pkg'
[0.093s] Level 1:colcon.colcon_core.package_identification:_identify(src/aruco_ros2/aruco_msgs) by extensions ['colcon_meta']
[0.093s] Level 1:colcon.colcon_core.package_identification:_identify(src/aruco_ros2/aruco_msgs) by extension 'colcon_meta'
[0.093s] Level 1:colcon.colcon_core.package_identification:_identify(src/aruco_ros2/aruco_msgs) by extensions ['ros']
[0.093s] Level 1:colcon.colcon_core.package_identification:_identify(src/aruco_ros2/aruco_msgs) by extension 'ros'
[0.094s] DEBUG:colcon.colcon_core.package_identification:Package 'src/aruco_ros2/aruco_msgs' with type 'ros.ament_cmake' and name 'aruco_msgs'
[0.094s] Level 1:colcon.colcon_core.package_identification:_identify(src/aruco_ros2/aruco_ros2) by extensions ['ignore', 'ignore_ament_install']
[0.094s] Level 1:colcon.colcon_core.package_identification:_identify(src/aruco_ros2/aruco_ros2) by extension 'ignore'
[0.094s] Level 1:colcon.colcon_core.package_identification:_identify(src/aruco_ros2/aruco_ros2) by extension 'ignore_ament_install'
[0.094s] Level 1:colcon.colcon_core.package_identification:_identify(src/aruco_ros2/aruco_ros2) by extensions ['colcon_pkg']
[0.094s] Level 1:colcon.colcon_core.package_identification:_identify(src/aruco_ros2/aruco_ros2) by extension 'colcon_pkg'
[0.094s] Level 1:colcon.colcon_core.package_identification:_identify(src/aruco_ros2/aruco_ros2) by extensions ['colcon_meta']
[0.094s] Level 1:colcon.colcon_core.package_identification:_identify(src/aruco_ros2/aruco_ros2) by extension 'colcon_meta'
[0.094s] Level 1:colcon.colcon_core.package_identification:_identify(src/aruco_ros2/aruco_ros2) by extensions ['ros']
[0.094s] Level 1:colcon.colcon_core.package_identification:_identify(src/aruco_ros2/aruco_ros2) by extension 'ros'
[0.095s] DEBUG:colcon.colcon_core.package_identification:Package 'src/aruco_ros2/aruco_ros2' with type 'ros.ament_cmake' and name 'aruco_ros2'
[0.095s] Level 1:colcon.colcon_core.package_identification:_identify(src/aruco_ros2/docs) by extensions ['ignore', 'ignore_ament_install']
[0.095s] Level 1:colcon.colcon_core.package_identification:_identify(src/aruco_ros2/docs) by extension 'ignore'
[0.095s] Level 1:colcon.colcon_core.package_identification:_identify(src/aruco_ros2/docs) by extension 'ignore_ament_install'
[0.095s] Level 1:colcon.colcon_core.package_identification:_identify(src/aruco_ros2/docs) by extensions ['colcon_pkg']
[0.095s] Level 1:colcon.colcon_core.package_identification:_identify(src/aruco_ros2/docs) by extension 'colcon_pkg'
[0.095s] Level 1:colcon.colcon_core.package_identification:_identify(src/aruco_ros2/docs) by extensions ['colcon_meta']
[0.095s] Level 1:colcon.colcon_core.package_identification:_identify(src/aruco_ros2/docs) by extension 'colcon_meta'
[0.095s] Level 1:colcon.colcon_core.package_identification:_identify(src/aruco_ros2/docs) by extensions ['ros']
[0.095s] Level 1:colcon.colcon_core.package_identification:_identify(src/aruco_ros2/docs) by extension 'ros'
[0.095s] Level 1:colcon.colcon_core.package_identification:_identify(src/aruco_ros2/docs) by extensions ['cmake', 'python']
[0.095s] Level 1:colcon.colcon_core.package_identification:_identify(src/aruco_ros2/docs) by extension 'cmake'
[0.095s] Level 1:colcon.colcon_core.package_identification:_identify(src/aruco_ros2/docs) by extension 'python'
[0.095s] Level 1:colcon.colcon_core.package_identification:_identify(src/aruco_ros2/docs) by extensions ['python_setup_py']
[0.095s] Level 1:colcon.colcon_core.package_identification:_identify(src/aruco_ros2/docs) by extension 'python_setup_py'
[0.095s] Level 1:colcon.colcon_core.package_identification:_identify(src/aruco_ros2/docs/html) by extensions ['ignore', 'ignore_ament_install']
[0.095s] Level 1:colcon.colcon_core.package_identification:_identify(src/aruco_ros2/docs/html) by extension 'ignore'
[0.095s] Level 1:colcon.colcon_core.package_identification:_identify(src/aruco_ros2/docs/html) by extension 'ignore_ament_install'
[0.095s] Level 1:colcon.colcon_core.package_identification:_identify(src/aruco_ros2/docs/html) by extensions ['colcon_pkg']
[0.095s] Level 1:colcon.colcon_core.package_identification:_identify(src/aruco_ros2/docs/html) by extension 'colcon_pkg'
[0.095s] Level 1:colcon.colcon_core.package_identification:_identify(src/aruco_ros2/docs/html) by extensions ['colcon_meta']
[0.095s] Level 1:colcon.colcon_core.package_identification:_identify(src/aruco_ros2/docs/html) by extension 'colcon_meta'
[0.095s] Level 1:colcon.colcon_core.package_identification:_identify(src/aruco_ros2/docs/html) by extensions ['ros']
[0.095s] Level 1:colcon.colcon_core.package_identification:_identify(src/aruco_ros2/docs/html) by extension 'ros'
[0.095s] Level 1:colcon.colcon_core.package_identification:_identify(src/aruco_ros2/docs/html) by extensions ['cmake', 'python']
[0.096s] Level 1:colcon.colcon_core.package_identification:_identify(src/aruco_ros2/docs/html) by extension 'cmake'
[0.096s] Level 1:colcon.colcon_core.package_identification:_identify(src/aruco_ros2/docs/html) by extension 'python'
[0.096s] Level 1:colcon.colcon_core.package_identification:_identify(src/aruco_ros2/docs/html) by extensions ['python_setup_py']
[0.096s] Level 1:colcon.colcon_core.package_identification:_identify(src/aruco_ros2/docs/html) by extension 'python_setup_py'
[0.096s] Level 1:colcon.colcon_core.package_identification:_identify(src/aruco_ros2/docs/html/search) by extensions ['ignore', 'ignore_ament_install']
[0.096s] Level 1:colcon.colcon_core.package_identification:_identify(src/aruco_ros2/docs/html/search) by extension 'ignore'
[0.096s] Level 1:colcon.colcon_core.package_identification:_identify(src/aruco_ros2/docs/html/search) by extension 'ignore_ament_install'
[0.096s] Level 1:colcon.colcon_core.package_identification:_identify(src/aruco_ros2/docs/html/search) by extensions ['colcon_pkg']
[0.096s] Level 1:colcon.colcon_core.package_identification:_identify(src/aruco_ros2/docs/html/search) by extension 'colcon_pkg'
[0.096s] Level 1:colcon.colcon_core.package_identification:_identify(src/aruco_ros2/docs/html/search) by extensions ['colcon_meta']
[0.096s] Level 1:colcon.colcon_core.package_identification:_identify(src/aruco_ros2/docs/html/search) by extension 'colcon_meta'
[0.096s] Level 1:colcon.colcon_core.package_identification:_identify(src/aruco_ros2/docs/html/search) by extensions ['ros']
[0.096s] Level 1:colcon.colcon_core.package_identification:_identify(src/aruco_ros2/docs/html/search) by extension 'ros'
[0.096s] Level 1:colcon.colcon_core.package_identification:_identify(src/aruco_ros2/docs/html/search) by extensions ['cmake', 'python']
[0.096s] Level 1:colcon.colcon_core.package_identification:_identify(src/aruco_ros2/docs/html/search) by extension 'cmake'
[0.096s] Level 1:colcon.colcon_core.package_identification:_identify(src/aruco_ros2/docs/html/search) by extension 'python'
[0.096s] Level 1:colcon.colcon_core.package_identification:_identify(src/aruco_ros2/docs/html/search) by extensions ['python_setup_py']
[0.096s] Level 1:colcon.colcon_core.package_identification:_identify(src/aruco_ros2/docs/html/search) by extension 'python_setup_py'
[0.096s] Level 1:colcon.colcon_core.package_identification:_identify(src/aruco_ros2/docs/latex) by extensions ['ignore', 'ignore_ament_install']
[0.096s] Level 1:colcon.colcon_core.package_identification:_identify(src/aruco_ros2/docs/latex) by extension 'ignore'
[0.096s] Level 1:colcon.colcon_core.package_identification:_identify(src/aruco_ros2/docs/latex) by extension 'ignore_ament_install'
[0.096s] Level 1:colcon.colcon_core.package_identification:_identify(src/aruco_ros2/docs/latex) by extensions ['colcon_pkg']
[0.096s] Level 1:colcon.colcon_core.package_identification:_identify(src/aruco_ros2/docs/latex) by extension 'colcon_pkg'
[0.096s] Level 1:colcon.colcon_core.package_identification:_identify(src/aruco_ros2/docs/latex) by extensions ['colcon_meta']
[0.096s] Level 1:colcon.colcon_core.package_identification:_identify(src/aruco_ros2/docs/latex) by extension 'colcon_meta'
[0.096s] Level 1:colcon.colcon_core.package_identification:_identify(src/aruco_ros2/docs/latex) by extensions ['ros']
[0.096s] Level 1:colcon.colcon_core.package_identification:_identify(src/aruco_ros2/docs/latex) by extension 'ros'
[0.096s] Level 1:colcon.colcon_core.package_identification:_identify(src/aruco_ros2/docs/latex) by extensions ['cmake', 'python']
[0.096s] Level 1:colcon.colcon_core.package_identification:_identify(src/aruco_ros2/docs/latex) by extension 'cmake'
[0.096s] Level 1:colcon.colcon_core.package_identification:_identify(src/aruco_ros2/docs/latex) by extension 'python'
[0.096s] Level 1:colcon.colcon_core.package_identification:_identify(src/aruco_ros2/docs/latex) by extensions ['python_setup_py']
[0.096s] Level 1:colcon.colcon_core.package_identification:_identify(src/aruco_ros2/docs/latex) by extension 'python_setup_py'
[0.096s] Level 1:colcon.colcon_core.package_identification:_identify(src/aruco_ros2/readdoc) by extensions ['ignore', 'ignore_ament_install']
[0.096s] Level 1:colcon.colcon_core.package_identification:_identify(src/aruco_ros2/readdoc) by extension 'ignore'
[0.097s] Level 1:colcon.colcon_core.package_identification:_identify(src/aruco_ros2/readdoc) by extension 'ignore_ament_install'
[0.097s] Level 1:colcon.colcon_core.package_identification:_identify(src/aruco_ros2/readdoc) by extensions ['colcon_pkg']
[0.097s] Level 1:colcon.colcon_core.package_identification:_identify(src/aruco_ros2/readdoc) by extension 'colcon_pkg'
[0.097s] Level 1:colcon.colcon_core.package_identification:_identify(src/aruco_ros2/readdoc) by extensions ['colcon_meta']
[0.097s] Level 1:colcon.colcon_core.package_identification:_identify(src/aruco_ros2/readdoc) by extension 'colcon_meta'
[0.097s] Level 1:colcon.colcon_core.package_identification:_identify(src/aruco_ros2/readdoc) by extensions ['ros']
[0.097s] Level 1:colcon.colcon_core.package_identification:_identify(src/aruco_ros2/readdoc) by extension 'ros'
[0.097s] Level 1:colcon.colcon_core.package_identification:_identify(src/aruco_ros2/readdoc) by extensions ['cmake', 'python']
[0.097s] Level 1:colcon.colcon_core.package_identification:_identify(src/aruco_ros2/readdoc) by extension 'cmake'
[0.097s] Level 1:colcon.colcon_core.package_identification:_identify(src/aruco_ros2/readdoc) by extension 'python'
[0.097s] Level 1:colcon.colcon_core.package_identification:_identify(src/aruco_ros2/readdoc) by extensions ['python_setup_py']
[0.097s] Level 1:colcon.colcon_core.package_identification:_identify(src/aruco_ros2/readdoc) by extension 'python_setup_py'
[0.097s] Level 1:colcon.colcon_core.package_identification:_identify(src/aruco_ros2/readdoc/build) by extensions ['ignore', 'ignore_ament_install']
[0.097s] Level 1:colcon.colcon_core.package_identification:_identify(src/aruco_ros2/readdoc/build) by extension 'ignore'
[0.097s] Level 1:colcon.colcon_core.package_identification:_identify(src/aruco_ros2/readdoc/build) by extension 'ignore_ament_install'
[0.097s] Level 1:colcon.colcon_core.package_identification:_identify(src/aruco_ros2/readdoc/build) by extensions ['colcon_pkg']
[0.097s] Level 1:colcon.colcon_core.package_identification:_identify(src/aruco_ros2/readdoc/build) by extension 'colcon_pkg'
[0.097s] Level 1:colcon.colcon_core.package_identification:_identify(src/aruco_ros2/readdoc/build) by extensions ['colcon_meta']
[0.097s] Level 1:colcon.colcon_core.package_identification:_identify(src/aruco_ros2/readdoc/build) by extension 'colcon_meta'
[0.097s] Level 1:colcon.colcon_core.package_identification:_identify(src/aruco_ros2/readdoc/build) by extensions ['ros']
[0.097s] Level 1:colcon.colcon_core.package_identification:_identify(src/aruco_ros2/readdoc/build) by extension 'ros'
[0.097s] Level 1:colcon.colcon_core.package_identification:_identify(src/aruco_ros2/readdoc/build) by extensions ['cmake', 'python']
[0.097s] Level 1:colcon.colcon_core.package_identification:_identify(src/aruco_ros2/readdoc/build) by extension 'cmake'
[0.097s] Level 1:colcon.colcon_core.package_identification:_identify(src/aruco_ros2/readdoc/build) by extension 'python'
[0.097s] Level 1:colcon.colcon_core.package_identification:_identify(src/aruco_ros2/readdoc/build) by extensions ['python_setup_py']
[0.097s] Level 1:colcon.colcon_core.package_identification:_identify(src/aruco_ros2/readdoc/build) by extension 'python_setup_py'
[0.097s] Level 1:colcon.colcon_core.package_identification:_identify(src/aruco_ros2/readdoc/build/doctrees) by extensions ['ignore', 'ignore_ament_install']
[0.097s] Level 1:colcon.colcon_core.package_identification:_identify(src/aruco_ros2/readdoc/build/doctrees) by extension 'ignore'
[0.097s] Level 1:colcon.colcon_core.package_identification:_identify(src/aruco_ros2/readdoc/build/doctrees) by extension 'ignore_ament_install'
[0.097s] Level 1:colcon.colcon_core.package_identification:_identify(src/aruco_ros2/readdoc/build/doctrees) by extensions ['colcon_pkg']
[0.097s] Level 1:colcon.colcon_core.package_identification:_identify(src/aruco_ros2/readdoc/build/doctrees) by extension 'colcon_pkg'
[0.097s] Level 1:colcon.colcon_core.package_identification:_identify(src/aruco_ros2/readdoc/build/doctrees) by extensions ['colcon_meta']
[0.097s] Level 1:colcon.colcon_core.package_identification:_identify(src/aruco_ros2/readdoc/build/doctrees) by extension 'colcon_meta'
[0.097s] Level 1:colcon.colcon_core.package_identification:_identify(src/aruco_ros2/readdoc/build/doctrees) by extensions ['ros']
[0.097s] Level 1:colcon.colcon_core.package_identification:_identify(src/aruco_ros2/readdoc/build/doctrees) by extension 'ros'
[0.097s] Level 1:colcon.colcon_core.package_identification:_identify(src/aruco_ros2/readdoc/build/doctrees) by extensions ['cmake', 'python']
[0.097s] Level 1:colcon.colcon_core.package_identification:_identify(src/aruco_ros2/readdoc/build/doctrees) by extension 'cmake'
[0.097s] Level 1:colcon.colcon_core.package_identification:_identify(src/aruco_ros2/readdoc/build/doctrees) by extension 'python'
[0.097s] Level 1:colcon.colcon_core.package_identification:_identify(src/aruco_ros2/readdoc/build/doctrees) by extensions ['python_setup_py']
[0.097s] Level 1:colcon.colcon_core.package_identification:_identify(src/aruco_ros2/readdoc/build/doctrees) by extension 'python_setup_py'
[0.097s] Level 1:colcon.colcon_core.package_identification:_identify(src/aruco_ros2/readdoc/build/html) by extensions ['ignore', 'ignore_ament_install']
[0.097s] Level 1:colcon.colcon_core.package_identification:_identify(src/aruco_ros2/readdoc/build/html) by extension 'ignore'
[0.097s] Level 1:colcon.colcon_core.package_identification:_identify(src/aruco_ros2/readdoc/build/html) by extension 'ignore_ament_install'
[0.097s] Level 1:colcon.colcon_core.package_identification:_identify(src/aruco_ros2/readdoc/build/html) by extensions ['colcon_pkg']
[0.097s] Level 1:colcon.colcon_core.package_identification:_identify(src/aruco_ros2/readdoc/build/html) by extension 'colcon_pkg'
[0.098s] Level 1:colcon.colcon_core.package_identification:_identify(src/aruco_ros2/readdoc/build/html) by extensions ['colcon_meta']
[0.098s] Level 1:colcon.colcon_core.package_identification:_identify(src/aruco_ros2/readdoc/build/html) by extension 'colcon_meta'
[0.098s] Level 1:colcon.colcon_core.package_identification:_identify(src/aruco_ros2/readdoc/build/html) by extensions ['ros']
[0.098s] Level 1:colcon.colcon_core.package_identification:_identify(src/aruco_ros2/readdoc/build/html) by extension 'ros'
[0.098s] Level 1:colcon.colcon_core.package_identification:_identify(src/aruco_ros2/readdoc/build/html) by extensions ['cmake', 'python']
[0.098s] Level 1:colcon.colcon_core.package_identification:_identify(src/aruco_ros2/readdoc/build/html) by extension 'cmake'
[0.098s] Level 1:colcon.colcon_core.package_identification:_identify(src/aruco_ros2/readdoc/build/html) by extension 'python'
[0.098s] Level 1:colcon.colcon_core.package_identification:_identify(src/aruco_ros2/readdoc/build/html) by extensions ['python_setup_py']
[0.098s] Level 1:colcon.colcon_core.package_identification:_identify(src/aruco_ros2/readdoc/build/html) by extension 'python_setup_py'
[0.098s] Level 1:colcon.colcon_core.package_identification:_identify(src/aruco_ros2/readdoc/build/html/_sources) by extensions ['ignore', 'ignore_ament_install']
[0.098s] Level 1:colcon.colcon_core.package_identification:_identify(src/aruco_ros2/readdoc/build/html/_sources) by extension 'ignore'
[0.098s] Level 1:colcon.colcon_core.package_identification:_identify(src/aruco_ros2/readdoc/build/html/_sources) by extension 'ignore_ament_install'
[0.098s] Level 1:colcon.colcon_core.package_identification:_identify(src/aruco_ros2/readdoc/build/html/_sources) by extensions ['colcon_pkg']
[0.098s] Level 1:colcon.colcon_core.package_identification:_identify(src/aruco_ros2/readdoc/build/html/_sources) by extension 'colcon_pkg'
[0.098s] Level 1:colcon.colcon_core.package_identification:_identify(src/aruco_ros2/readdoc/build/html/_sources) by extensions ['colcon_meta']
[0.098s] Level 1:colcon.colcon_core.package_identification:_identify(src/aruco_ros2/readdoc/build/html/_sources) by extension 'colcon_meta'
[0.098s] Level 1:colcon.colcon_core.package_identification:_identify(src/aruco_ros2/readdoc/build/html/_sources) by extensions ['ros']
[0.098s] Level 1:colcon.colcon_core.package_identification:_identify(src/aruco_ros2/readdoc/build/html/_sources) by extension 'ros'
[0.098s] Level 1:colcon.colcon_core.package_identification:_identify(src/aruco_ros2/readdoc/build/html/_sources) by extensions ['cmake', 'python']
[0.098s] Level 1:colcon.colcon_core.package_identification:_identify(src/aruco_ros2/readdoc/build/html/_sources) by extension 'cmake'
[0.098s] Level 1:colcon.colcon_core.package_identification:_identify(src/aruco_ros2/readdoc/build/html/_sources) by extension 'python'
[0.098s] Level 1:colcon.colcon_core.package_identification:_identify(src/aruco_ros2/readdoc/build/html/_sources) by extensions ['python_setup_py']
[0.098s] Level 1:colcon.colcon_core.package_identification:_identify(src/aruco_ros2/readdoc/build/html/_sources) by extension 'python_setup_py'
[0.098s] Level 1:colcon.colcon_core.package_identification:_identify(src/aruco_ros2/readdoc/build/html/_static) by extensions ['ignore', 'ignore_ament_install']
[0.098s] Level 1:colcon.colcon_core.package_identification:_identify(src/aruco_ros2/readdoc/build/html/_static) by extension 'ignore'
[0.098s] Level 1:colcon.colcon_core.package_identification:_identify(src/aruco_ros2/readdoc/build/html/_static) by extension 'ignore_ament_install'
[0.098s] Level 1:colcon.colcon_core.package_identification:_identify(src/aruco_ros2/readdoc/build/html/_static) by extensions ['colcon_pkg']
[0.098s] Level 1:colcon.colcon_core.package_identification:_identify(src/aruco_ros2/readdoc/build/html/_static) by extension 'colcon_pkg'
[0.098s] Level 1:colcon.colcon_core.package_identification:_identify(src/aruco_ros2/readdoc/build/html/_static) by extensions ['colcon_meta']
[0.098s] Level 1:colcon.colcon_core.package_identification:_identify(src/aruco_ros2/readdoc/build/html/_static) by extension 'colcon_meta'
[0.098s] Level 1:colcon.colcon_core.package_identification:_identify(src/aruco_ros2/readdoc/build/html/_static) by extensions ['ros']
[0.098s] Level 1:colcon.colcon_core.package_identification:_identify(src/aruco_ros2/readdoc/build/html/_static) by extension 'ros'
[0.098s] Level 1:colcon.colcon_core.package_identification:_identify(src/aruco_ros2/readdoc/build/html/_static) by extensions ['cmake', 'python']
[0.098s] Level 1:colcon.colcon_core.package_identification:_identify(src/aruco_ros2/readdoc/build/html/_static) by extension 'cmake'
[0.098s] Level 1:colcon.colcon_core.package_identification:_identify(src/aruco_ros2/readdoc/build/html/_static) by extension 'python'
[0.098s] Level 1:colcon.colcon_core.package_identification:_identify(src/aruco_ros2/readdoc/build/html/_static) by extensions ['python_setup_py']
[0.098s] Level 1:colcon.colcon_core.package_identification:_identify(src/aruco_ros2/readdoc/build/html/_static) by extension 'python_setup_py'
[0.098s] Level 1:colcon.colcon_core.package_identification:_identify(src/aruco_ros2/readdoc/build/html/_static/css) by extensions ['ignore', 'ignore_ament_install']
[0.098s] Level 1:colcon.colcon_core.package_identification:_identify(src/aruco_ros2/readdoc/build/html/_static/css) by extension 'ignore'
[0.098s] Level 1:colcon.colcon_core.package_identification:_identify(src/aruco_ros2/readdoc/build/html/_static/css) by extension 'ignore_ament_install'
[0.098s] Level 1:colcon.colcon_core.package_identification:_identify(src/aruco_ros2/readdoc/build/html/_static/css) by extensions ['colcon_pkg']
[0.098s] Level 1:colcon.colcon_core.package_identification:_identify(src/aruco_ros2/readdoc/build/html/_static/css) by extension 'colcon_pkg'
[0.098s] Level 1:colcon.colcon_core.package_identification:_identify(src/aruco_ros2/readdoc/build/html/_static/css) by extensions ['colcon_meta']
[0.098s] Level 1:colcon.colcon_core.package_identification:_identify(src/aruco_ros2/readdoc/build/html/_static/css) by extension 'colcon_meta'
[0.098s] Level 1:colcon.colcon_core.package_identification:_identify(src/aruco_ros2/readdoc/build/html/_static/css) by extensions ['ros']
[0.098s] Level 1:colcon.colcon_core.package_identification:_identify(src/aruco_ros2/readdoc/build/html/_static/css) by extension 'ros'
[0.099s] Level 1:colcon.colcon_core.package_identification:_identify(src/aruco_ros2/readdoc/build/html/_static/css) by extensions ['cmake', 'python']
[0.099s] Level 1:colcon.colcon_core.package_identification:_identify(src/aruco_ros2/readdoc/build/html/_static/css) by extension 'cmake'
[0.099s] Level 1:colcon.colcon_core.package_identification:_identify(src/aruco_ros2/readdoc/build/html/_static/css) by extension 'python'
[0.099s] Level 1:colcon.colcon_core.package_identification:_identify(src/aruco_ros2/readdoc/build/html/_static/css) by extensions ['python_setup_py']
[0.099s] Level 1:colcon.colcon_core.package_identification:_identify(src/aruco_ros2/readdoc/build/html/_static/css) by extension 'python_setup_py'
[0.099s] Level 1:colcon.colcon_core.package_identification:_identify(src/aruco_ros2/readdoc/build/html/_static/css/fonts) by extensions ['ignore', 'ignore_ament_install']
[0.099s] Level 1:colcon.colcon_core.package_identification:_identify(src/aruco_ros2/readdoc/build/html/_static/css/fonts) by extension 'ignore'
[0.099s] Level 1:colcon.colcon_core.package_identification:_identify(src/aruco_ros2/readdoc/build/html/_static/css/fonts) by extension 'ignore_ament_install'
[0.099s] Level 1:colcon.colcon_core.package_identification:_identify(src/aruco_ros2/readdoc/build/html/_static/css/fonts) by extensions ['colcon_pkg']
[0.099s] Level 1:colcon.colcon_core.package_identification:_identify(src/aruco_ros2/readdoc/build/html/_static/css/fonts) by extension 'colcon_pkg'
[0.099s] Level 1:colcon.colcon_core.package_identification:_identify(src/aruco_ros2/readdoc/build/html/_static/css/fonts) by extensions ['colcon_meta']
[0.099s] Level 1:colcon.colcon_core.package_identification:_identify(src/aruco_ros2/readdoc/build/html/_static/css/fonts) by extension 'colcon_meta'
[0.099s] Level 1:colcon.colcon_core.package_identification:_identify(src/aruco_ros2/readdoc/build/html/_static/css/fonts) by extensions ['ros']
[0.099s] Level 1:colcon.colcon_core.package_identification:_identify(src/aruco_ros2/readdoc/build/html/_static/css/fonts) by extension 'ros'
[0.099s] Level 1:colcon.colcon_core.package_identification:_identify(src/aruco_ros2/readdoc/build/html/_static/css/fonts) by extensions ['cmake', 'python']
[0.099s] Level 1:colcon.colcon_core.package_identification:_identify(src/aruco_ros2/readdoc/build/html/_static/css/fonts) by extension 'cmake'
[0.099s] Level 1:colcon.colcon_core.package_identification:_identify(src/aruco_ros2/readdoc/build/html/_static/css/fonts) by extension 'python'
[0.099s] Level 1:colcon.colcon_core.package_identification:_identify(src/aruco_ros2/readdoc/build/html/_static/css/fonts) by extensions ['python_setup_py']
[0.099s] Level 1:colcon.colcon_core.package_identification:_identify(src/aruco_ros2/readdoc/build/html/_static/css/fonts) by extension 'python_setup_py'
[0.099s] Level 1:colcon.colcon_core.package_identification:_identify(src/aruco_ros2/readdoc/build/html/_static/fonts) by extensions ['ignore', 'ignore_ament_install']
[0.099s] Level 1:colcon.colcon_core.package_identification:_identify(src/aruco_ros2/readdoc/build/html/_static/fonts) by extension 'ignore'
[0.099s] Level 1:colcon.colcon_core.package_identification:_identify(src/aruco_ros2/readdoc/build/html/_static/fonts) by extension 'ignore_ament_install'
[0.099s] Level 1:colcon.colcon_core.package_identification:_identify(src/aruco_ros2/readdoc/build/html/_static/fonts) by extensions ['colcon_pkg']
[0.099s] Level 1:colcon.colcon_core.package_identification:_identify(src/aruco_ros2/readdoc/build/html/_static/fonts) by extension 'colcon_pkg'
[0.099s] Level 1:colcon.colcon_core.package_identification:_identify(src/aruco_ros2/readdoc/build/html/_static/fonts) by extensions ['colcon_meta']
[0.099s] Level 1:colcon.colcon_core.package_identification:_identify(src/aruco_ros2/readdoc/build/html/_static/fonts) by extension 'colcon_meta'
[0.099s] Level 1:colcon.colcon_core.package_identification:_identify(src/aruco_ros2/readdoc/build/html/_static/fonts) by extensions ['ros']
[0.099s] Level 1:colcon.colcon_core.package_identification:_identify(src/aruco_ros2/readdoc/build/html/_static/fonts) by extension 'ros'
[0.099s] Level 1:colcon.colcon_core.package_identification:_identify(src/aruco_ros2/readdoc/build/html/_static/fonts) by extensions ['cmake', 'python']
[0.099s] Level 1:colcon.colcon_core.package_identification:_identify(src/aruco_ros2/readdoc/build/html/_static/fonts) by extension 'cmake'
[0.099s] Level 1:colcon.colcon_core.package_identification:_identify(src/aruco_ros2/readdoc/build/html/_static/fonts) by extension 'python'
[0.099s] Level 1:colcon.colcon_core.package_identification:_identify(src/aruco_ros2/readdoc/build/html/_static/fonts) by extensions ['python_setup_py']
[0.099s] Level 1:colcon.colcon_core.package_identification:_identify(src/aruco_ros2/readdoc/build/html/_static/fonts) by extension 'python_setup_py'
[0.099s] Level 1:colcon.colcon_core.package_identification:_identify(src/aruco_ros2/readdoc/build/html/_static/fonts/Lato) by extensions ['ignore', 'ignore_ament_install']
[0.099s] Level 1:colcon.colcon_core.package_identification:_identify(src/aruco_ros2/readdoc/build/html/_static/fonts/Lato) by extension 'ignore'
[0.099s] Level 1:colcon.colcon_core.package_identification:_identify(src/aruco_ros2/readdoc/build/html/_static/fonts/Lato) by extension 'ignore_ament_install'
[0.099s] Level 1:colcon.colcon_core.package_identification:_identify(src/aruco_ros2/readdoc/build/html/_static/fonts/Lato) by extensions ['colcon_pkg']
[0.099s] Level 1:colcon.colcon_core.package_identification:_identify(src/aruco_ros2/readdoc/build/html/_static/fonts/Lato) by extension 'colcon_pkg'
[0.099s] Level 1:colcon.colcon_core.package_identification:_identify(src/aruco_ros2/readdoc/build/html/_static/fonts/Lato) by extensions ['colcon_meta']
[0.099s] Level 1:colcon.colcon_core.package_identification:_identify(src/aruco_ros2/readdoc/build/html/_static/fonts/Lato) by extension 'colcon_meta'
[0.099s] Level 1:colcon.colcon_core.package_identification:_identify(src/aruco_ros2/readdoc/build/html/_static/fonts/Lato) by extensions ['ros']
[0.099s] Level 1:colcon.colcon_core.package_identification:_identify(src/aruco_ros2/readdoc/build/html/_static/fonts/Lato) by extension 'ros'
[0.099s] Level 1:colcon.colcon_core.package_identification:_identify(src/aruco_ros2/readdoc/build/html/_static/fonts/Lato) by extensions ['cmake', 'python']
[0.100s] Level 1:colcon.colcon_core.package_identification:_identify(src/aruco_ros2/readdoc/build/html/_static/fonts/Lato) by extension 'cmake'
[0.100s] Level 1:colcon.colcon_core.package_identification:_identify(src/aruco_ros2/readdoc/build/html/_static/fonts/Lato) by extension 'python'
[0.100s] Level 1:colcon.colcon_core.package_identification:_identify(src/aruco_ros2/readdoc/build/html/_static/fonts/Lato) by extensions ['python_setup_py']
[0.100s] Level 1:colcon.colcon_core.package_identification:_identify(src/aruco_ros2/readdoc/build/html/_static/fonts/Lato) by extension 'python_setup_py'
[0.100s] Level 1:colcon.colcon_core.package_identification:_identify(src/aruco_ros2/readdoc/build/html/_static/fonts/RobotoSlab) by extensions ['ignore', 'ignore_ament_install']
[0.100s] Level 1:colcon.colcon_core.package_identification:_identify(src/aruco_ros2/readdoc/build/html/_static/fonts/RobotoSlab) by extension 'ignore'
[0.100s] Level 1:colcon.colcon_core.package_identification:_identify(src/aruco_ros2/readdoc/build/html/_static/fonts/RobotoSlab) by extension 'ignore_ament_install'
[0.100s] Level 1:colcon.colcon_core.package_identification:_identify(src/aruco_ros2/readdoc/build/html/_static/fonts/RobotoSlab) by extensions ['colcon_pkg']
[0.100s] Level 1:colcon.colcon_core.package_identification:_identify(src/aruco_ros2/readdoc/build/html/_static/fonts/RobotoSlab) by extension 'colcon_pkg'
[0.100s] Level 1:colcon.colcon_core.package_identification:_identify(src/aruco_ros2/readdoc/build/html/_static/fonts/RobotoSlab) by extensions ['colcon_meta']
[0.100s] Level 1:colcon.colcon_core.package_identification:_identify(src/aruco_ros2/readdoc/build/html/_static/fonts/RobotoSlab) by extension 'colcon_meta'
[0.100s] Level 1:colcon.colcon_core.package_identification:_identify(src/aruco_ros2/readdoc/build/html/_static/fonts/RobotoSlab) by extensions ['ros']
[0.100s] Level 1:colcon.colcon_core.package_identification:_identify(src/aruco_ros2/readdoc/build/html/_static/fonts/RobotoSlab) by extension 'ros'
[0.100s] Level 1:colcon.colcon_core.package_identification:_identify(src/aruco_ros2/readdoc/build/html/_static/fonts/RobotoSlab) by extensions ['cmake', 'python']
[0.100s] Level 1:colcon.colcon_core.package_identification:_identify(src/aruco_ros2/readdoc/build/html/_static/fonts/RobotoSlab) by extension 'cmake'
[0.100s] Level 1:colcon.colcon_core.package_identification:_identify(src/aruco_ros2/readdoc/build/html/_static/fonts/RobotoSlab) by extension 'python'
[0.100s] Level 1:colcon.colcon_core.package_identification:_identify(src/aruco_ros2/readdoc/build/html/_static/fonts/RobotoSlab) by extensions ['python_setup_py']
[0.100s] Level 1:colcon.colcon_core.package_identification:_identify(src/aruco_ros2/readdoc/build/html/_static/fonts/RobotoSlab) by extension 'python_setup_py'
[0.100s] Level 1:colcon.colcon_core.package_identification:_identify(src/aruco_ros2/readdoc/build/html/_static/js) by extensions ['ignore', 'ignore_ament_install']
[0.100s] Level 1:colcon.colcon_core.package_identification:_identify(src/aruco_ros2/readdoc/build/html/_static/js) by extension 'ignore'
[0.100s] Level 1:colcon.colcon_core.package_identification:_identify(src/aruco_ros2/readdoc/build/html/_static/js) by extension 'ignore_ament_install'
[0.100s] Level 1:colcon.colcon_core.package_identification:_identify(src/aruco_ros2/readdoc/build/html/_static/js) by extensions ['colcon_pkg']
[0.100s] Level 1:colcon.colcon_core.package_identification:_identify(src/aruco_ros2/readdoc/build/html/_static/js) by extension 'colcon_pkg'
[0.100s] Level 1:colcon.colcon_core.package_identification:_identify(src/aruco_ros2/readdoc/build/html/_static/js) by extensions ['colcon_meta']
[0.100s] Level 1:colcon.colcon_core.package_identification:_identify(src/aruco_ros2/readdoc/build/html/_static/js) by extension 'colcon_meta'
[0.100s] Level 1:colcon.colcon_core.package_identification:_identify(src/aruco_ros2/readdoc/build/html/_static/js) by extensions ['ros']
[0.100s] Level 1:colcon.colcon_core.package_identification:_identify(src/aruco_ros2/readdoc/build/html/_static/js) by extension 'ros'
[0.100s] Level 1:colcon.colcon_core.package_identification:_identify(src/aruco_ros2/readdoc/build/html/_static/js) by extensions ['cmake', 'python']
[0.100s] Level 1:colcon.colcon_core.package_identification:_identify(src/aruco_ros2/readdoc/build/html/_static/js) by extension 'cmake'
[0.100s] Level 1:colcon.colcon_core.package_identification:_identify(src/aruco_ros2/readdoc/build/html/_static/js) by extension 'python'
[0.100s] Level 1:colcon.colcon_core.package_identification:_identify(src/aruco_ros2/readdoc/build/html/_static/js) by extensions ['python_setup_py']
[0.100s] Level 1:colcon.colcon_core.package_identification:_identify(src/aruco_ros2/readdoc/build/html/_static/js) by extension 'python_setup_py'
[0.100s] Level 1:colcon.colcon_core.package_identification:_identify(src/aruco_ros2/readdoc/source) by extensions ['ignore', 'ignore_ament_install']
[0.100s] Level 1:colcon.colcon_core.package_identification:_identify(src/aruco_ros2/readdoc/source) by extension 'ignore'
[0.100s] Level 1:colcon.colcon_core.package_identification:_identify(src/aruco_ros2/readdoc/source) by extension 'ignore_ament_install'
[0.100s] Level 1:colcon.colcon_core.package_identification:_identify(src/aruco_ros2/readdoc/source) by extensions ['colcon_pkg']
[0.100s] Level 1:colcon.colcon_core.package_identification:_identify(src/aruco_ros2/readdoc/source) by extension 'colcon_pkg'
[0.100s] Level 1:colcon.colcon_core.package_identification:_identify(src/aruco_ros2/readdoc/source) by extensions ['colcon_meta']
[0.100s] Level 1:colcon.colcon_core.package_identification:_identify(src/aruco_ros2/readdoc/source) by extension 'colcon_meta'
[0.100s] Level 1:colcon.colcon_core.package_identification:_identify(src/aruco_ros2/readdoc/source) by extensions ['ros']
[0.100s] Level 1:colcon.colcon_core.package_identification:_identify(src/aruco_ros2/readdoc/source) by extension 'ros'
[0.100s] Level 1:colcon.colcon_core.package_identification:_identify(src/aruco_ros2/readdoc/source) by extensions ['cmake', 'python']
[0.100s] Level 1:colcon.colcon_core.package_identification:_identify(src/aruco_ros2/readdoc/source) by extension 'cmake'
[0.100s] Level 1:colcon.colcon_core.package_identification:_identify(src/aruco_ros2/readdoc/source) by extension 'python'
[0.101s] Level 1:colcon.colcon_core.package_identification:_identify(src/aruco_ros2/readdoc/source) by extensions ['python_setup_py']
[0.101s] Level 1:colcon.colcon_core.package_identification:_identify(src/aruco_ros2/readdoc/source) by extension 'python_setup_py'
[0.101s] Level 1:colcon.colcon_core.package_identification:_identify(src/aruco_ros2/results) by extensions ['ignore', 'ignore_ament_install']
[0.101s] Level 1:colcon.colcon_core.package_identification:_identify(src/aruco_ros2/results) by extension 'ignore'
[0.101s] Level 1:colcon.colcon_core.package_identification:_identify(src/aruco_ros2/results) by extension 'ignore_ament_install'
[0.101s] Level 1:colcon.colcon_core.package_identification:_identify(src/aruco_ros2/results) by extensions ['colcon_pkg']
[0.101s] Level 1:colcon.colcon_core.package_identification:_identify(src/aruco_ros2/results) by extension 'colcon_pkg'
[0.101s] Level 1:colcon.colcon_core.package_identification:_identify(src/aruco_ros2/results) by extensions ['colcon_meta']
[0.101s] Level 1:colcon.colcon_core.package_identification:_identify(src/aruco_ros2/results) by extension 'colcon_meta'
[0.101s] Level 1:colcon.colcon_core.package_identification:_identify(src/aruco_ros2/results) by extensions ['ros']
[0.101s] Level 1:colcon.colcon_core.package_identification:_identify(src/aruco_ros2/results) by extension 'ros'
[0.101s] Level 1:colcon.colcon_core.package_identification:_identify(src/aruco_ros2/results) by extensions ['cmake', 'python']
[0.101s] Level 1:colcon.colcon_core.package_identification:_identify(src/aruco_ros2/results) by extension 'cmake'
[0.101s] Level 1:colcon.colcon_core.package_identification:_identify(src/aruco_ros2/results) by extension 'python'
[0.101s] Level 1:colcon.colcon_core.package_identification:_identify(src/aruco_ros2/results) by extensions ['python_setup_py']
[0.101s] Level 1:colcon.colcon_core.package_identification:_identify(src/aruco_ros2/results) by extension 'python_setup_py'
[0.101s] Level 1:colcon.colcon_core.package_discovery:discover_packages(recursive) using defaults
[0.101s] Level 1:colcon.colcon_core.package_discovery:discover_packages(ignore) discover
[0.101s] Level 1:colcon.colcon_core.package_discovery:discover_packages(ignore) using defaults
[0.101s] Level 1:colcon.colcon_core.package_discovery:discover_packages(path) discover
[0.101s] Level 1:colcon.colcon_core.package_discovery:discover_packages(path) using defaults
[0.112s] Level 1:colcon.colcon_core.package_discovery:discover_packages(prefix_path) check parameters
[0.112s] Level 1:colcon.colcon_core.package_discovery:discover_packages(prefix_path) discover
[0.114s] DEBUG:colcon.colcon_installed_package_information.package_discovery:Found 281 installed packages in /opt/ros/iron
[0.114s] Level 1:colcon.colcon_core.package_discovery:discover_packages(prefix_path) using defaults
[0.135s] Level 5:colcon.colcon_core.verb:set package 'aruco' build argument 'cmake_args' from command line to 'None'
[0.135s] Level 5:colcon.colcon_core.verb:set package 'aruco' build argument 'cmake_target' from command line to 'None'
[0.135s] Level 5:colcon.colcon_core.verb:set package 'aruco' build argument 'cmake_target_skip_unavailable' from command line to 'False'
[0.135s] Level 5:colcon.colcon_core.verb:set package 'aruco' build argument 'cmake_clean_cache' from command line to 'False'
[0.135s] Level 5:colcon.colcon_core.verb:set package 'aruco' build argument 'cmake_clean_first' from command line to 'False'
[0.135s] Level 5:colcon.colcon_core.verb:set package 'aruco' build argument 'cmake_force_configure' from command line to 'False'
[0.135s] Level 5:colcon.colcon_core.verb:set package 'aruco' build argument 'ament_cmake_args' from command line to 'None'
[0.135s] Level 5:colcon.colcon_core.verb:set package 'aruco' build argument 'catkin_cmake_args' from command line to 'None'
[0.135s] Level 5:colcon.colcon_core.verb:set package 'aruco' build argument 'catkin_skip_building_tests' from command line to 'False'
[0.135s] DEBUG:colcon.colcon_core.verb:Building package 'aruco' with the following arguments: {'ament_cmake_args': None, 'build_base': '/home/anton202/devlab/drone_ws/build/aruco', 'catkin_cmake_args': None, 'catkin_skip_building_tests': False, 'cmake_args': None, 'cmake_clean_cache': False, 'cmake_clean_first': False, 'cmake_force_configure': False, 'cmake_target': None, 'cmake_target_skip_unavailable': False, 'install_base': '/home/anton202/devlab/drone_ws/install/aruco', 'merge_install': False, 'path': '/home/anton202/devlab/drone_ws/src/aruco_ros2/aruco', 'symlink_install': False, 'test_result_base': None}
[0.135s] Level 5:colcon.colcon_core.verb:set package 'aruco_msgs' build argument 'cmake_args' from command line to 'None'
[0.135s] Level 5:colcon.colcon_core.verb:set package 'aruco_msgs' build argument 'cmake_target' from command line to 'None'
[0.135s] Level 5:colcon.colcon_core.verb:set package 'aruco_msgs' build argument 'cmake_target_skip_unavailable' from command line to 'False'
[0.135s] Level 5:colcon.colcon_core.verb:set package 'aruco_msgs' build argument 'cmake_clean_cache' from command line to 'False'
[0.135s] Level 5:colcon.colcon_core.verb:set package 'aruco_msgs' build argument 'cmake_clean_first' from command line to 'False'
[0.135s] Level 5:colcon.colcon_core.verb:set package 'aruco_msgs' build argument 'cmake_force_configure' from command line to 'False'
[0.135s] Level 5:colcon.colcon_core.verb:set package 'aruco_msgs' build argument 'ament_cmake_args' from command line to 'None'
[0.135s] Level 5:colcon.colcon_core.verb:set package 'aruco_msgs' build argument 'catkin_cmake_args' from command line to 'None'
[0.135s] Level 5:colcon.colcon_core.verb:set package 'aruco_msgs' build argument 'catkin_skip_building_tests' from command line to 'False'
[0.135s] DEBUG:colcon.colcon_core.verb:Building package 'aruco_msgs' with the following arguments: {'ament_cmake_args': None, 'build_base': '/home/anton202/devlab/drone_ws/build/aruco_msgs', 'catkin_cmake_args': None, 'catkin_skip_building_tests': False, 'cmake_args': None, 'cmake_clean_cache': False, 'cmake_clean_first': False, 'cmake_force_configure': False, 'cmake_target': None, 'cmake_target_skip_unavailable': False, 'install_base': '/home/anton202/devlab/drone_ws/install/aruco_msgs', 'merge_install': False, 'path': '/home/anton202/devlab/drone_ws/src/aruco_ros2/aruco_msgs', 'symlink_install': False, 'test_result_base': None}
[0.136s] Level 5:colcon.colcon_core.verb:set package 'aruco_ros2' build argument 'cmake_args' from command line to 'None'
[0.136s] Level 5:colcon.colcon_core.verb:set package 'aruco_ros2' build argument 'cmake_target' from command line to 'None'
[0.136s] Level 5:colcon.colcon_core.verb:set package 'aruco_ros2' build argument 'cmake_target_skip_unavailable' from command line to 'False'
[0.136s] Level 5:colcon.colcon_core.verb:set package 'aruco_ros2' build argument 'cmake_clean_cache' from command line to 'False'
[0.136s] Level 5:colcon.colcon_core.verb:set package 'aruco_ros2' build argument 'cmake_clean_first' from command line to 'False'
[0.136s] Level 5:colcon.colcon_core.verb:set package 'aruco_ros2' build argument 'cmake_force_configure' from command line to 'False'
[0.136s] Level 5:colcon.colcon_core.verb:set package 'aruco_ros2' build argument 'ament_cmake_args' from command line to 'None'
[0.136s] Level 5:colcon.colcon_core.verb:set package 'aruco_ros2' build argument 'catkin_cmake_args' from command line to 'None'
[0.136s] Level 5:colcon.colcon_core.verb:set package 'aruco_ros2' build argument 'catkin_skip_building_tests' from command line to 'False'
[0.136s] DEBUG:colcon.colcon_core.verb:Building package 'aruco_ros2' with the following arguments: {'ament_cmake_args': None, 'build_base': '/home/anton202/devlab/drone_ws/build/aruco_ros2', 'catkin_cmake_args': None, 'catkin_skip_building_tests': False, 'cmake_args': None, 'cmake_clean_cache': False, 'cmake_clean_first': False, 'cmake_force_configure': False, 'cmake_target': None, 'cmake_target_skip_unavailable': False, 'install_base': '/home/anton202/devlab/drone_ws/install/aruco_ros2', 'merge_install': False, 'path': '/home/anton202/devlab/drone_ws/src/aruco_ros2/aruco_ros2', 'symlink_install': False, 'test_result_base': None}
[0.136s] INFO:colcon.colcon_core.executor:Executing jobs using 'parallel' executor
[0.136s] DEBUG:colcon.colcon_parallel_executor.executor.parallel:run_until_complete
[0.137s] INFO:colcon.colcon_ros.task.ament_cmake.build:Building ROS package in '/home/anton202/devlab/drone_ws/src/aruco_ros2/aruco' with build type 'ament_cmake'
[0.137s] INFO:colcon.colcon_cmake.task.cmake.build:Building CMake package in '/home/anton202/devlab/drone_ws/src/aruco_ros2/aruco'
[0.138s] INFO:colcon.colcon_core.plugin_system:Skipping extension 'colcon_core.shell.bat': Not used on non-Windows systems
[0.138s] INFO:colcon.colcon_core.shell:Skip shell extension 'powershell' for command environment: Not usable outside of PowerShell
[0.138s] DEBUG:colcon.colcon_core.shell:Skip shell extension 'dsv' for command environment
[0.140s] INFO:colcon.colcon_ros.task.ament_cmake.build:Building ROS package in '/home/anton202/devlab/drone_ws/src/aruco_ros2/aruco_msgs' with build type 'ament_cmake'
[0.140s] INFO:colcon.colcon_cmake.task.cmake.build:Building CMake package in '/home/anton202/devlab/drone_ws/src/aruco_ros2/aruco_msgs'
[0.140s] INFO:colcon.colcon_core.shell:Skip shell extension 'powershell' for command environment: Not usable outside of PowerShell
[0.140s] DEBUG:colcon.colcon_core.shell:Skip shell extension 'dsv' for command environment
[0.143s] DEBUG:colcon.colcon_core.event_handler.log_command:Invoking command in '/home/anton202/devlab/drone_ws/build/aruco': CMAKE_PREFIX_PATH=/opt/ros/iron /home/anton202/.local/bin/cmake /home/anton202/devlab/drone_ws/src/aruco_ros2/aruco -DCMAKE_INSTALL_PREFIX=/home/anton202/devlab/drone_ws/install/aruco
[0.146s] DEBUG:colcon.colcon_core.event_handler.log_command:Invoking command in '/home/anton202/devlab/drone_ws/build/aruco_msgs': CMAKE_PREFIX_PATH=/opt/ros/iron /home/anton202/.local/bin/cmake --build /home/anton202/devlab/drone_ws/build/aruco_msgs -- -j20 -l20
[0.368s] DEBUG:colcon.colcon_core.event_handler.log_command:Invoked command in '/home/anton202/devlab/drone_ws/build/aruco_msgs' returned '0': CMAKE_PREFIX_PATH=/opt/ros/iron /home/anton202/.local/bin/cmake --build /home/anton202/devlab/drone_ws/build/aruco_msgs -- -j20 -l20
[0.493s] DEBUG:colcon.colcon_core.event_handler.log_command:Invoking command in '/home/anton202/devlab/drone_ws/build/aruco_msgs': CMAKE_PREFIX_PATH=/opt/ros/iron /home/anton202/.local/bin/cmake --install /home/anton202/devlab/drone_ws/build/aruco_msgs
[0.570s] Level 1:colcon.colcon_core.environment:create_environment_scripts_only(aruco_msgs)
[0.570s] DEBUG:colcon.colcon_core.event_handler.log_command:Invoked command in '/home/anton202/devlab/drone_ws/build/aruco_msgs' returned '0': CMAKE_PREFIX_PATH=/opt/ros/iron /home/anton202/.local/bin/cmake --install /home/anton202/devlab/drone_ws/build/aruco_msgs
[0.572s] Level 1:colcon.colcon_core.environment:checking '/home/anton202/devlab/drone_ws/install/aruco_msgs' for CMake module files
[0.572s] Level 1:colcon.colcon_core.environment:checking '/home/anton202/devlab/drone_ws/install/aruco_msgs' for CMake config files
[0.573s] Level 1:colcon.colcon_core.shell:create_environment_hook('aruco_msgs', 'cmake_prefix_path')
[0.573s] INFO:colcon.colcon_core.shell:Creating environment hook '/home/anton202/devlab/drone_ws/install/aruco_msgs/share/aruco_msgs/hook/cmake_prefix_path.ps1'
[0.573s] INFO:colcon.colcon_core.shell:Creating environment descriptor '/home/anton202/devlab/drone_ws/install/aruco_msgs/share/aruco_msgs/hook/cmake_prefix_path.dsv'
[0.574s] INFO:colcon.colcon_core.shell:Creating environment hook '/home/anton202/devlab/drone_ws/install/aruco_msgs/share/aruco_msgs/hook/cmake_prefix_path.sh'
[0.575s] Level 1:colcon.colcon_core.environment:checking '/home/anton202/devlab/drone_ws/install/aruco_msgs/lib'
[0.575s] Level 1:colcon.colcon_core.shell:create_environment_hook('aruco_msgs', 'ld_library_path_lib')
[0.575s] INFO:colcon.colcon_core.shell:Creating environment hook '/home/anton202/devlab/drone_ws/install/aruco_msgs/share/aruco_msgs/hook/ld_library_path_lib.ps1'
[0.575s] INFO:colcon.colcon_core.shell:Creating environment descriptor '/home/anton202/devlab/drone_ws/install/aruco_msgs/share/aruco_msgs/hook/ld_library_path_lib.dsv'
[0.575s] INFO:colcon.colcon_core.shell:Creating environment hook '/home/anton202/devlab/drone_ws/install/aruco_msgs/share/aruco_msgs/hook/ld_library_path_lib.sh'
[0.576s] Level 1:colcon.colcon_core.environment:checking '/home/anton202/devlab/drone_ws/install/aruco_msgs/bin'
[0.576s] Level 1:colcon.colcon_core.environment:checking '/home/anton202/devlab/drone_ws/install/aruco_msgs/lib/pkgconfig/aruco_msgs.pc'
[0.576s] Level 1:colcon.colcon_core.environment:checking '/home/anton202/devlab/drone_ws/install/aruco_msgs/lib/python3.10/site-packages'
[0.576s] Level 1:colcon.colcon_core.shell:create_environment_hook('aruco_msgs', 'pythonpath')
[0.576s] INFO:colcon.colcon_core.shell:Creating environment hook '/home/anton202/devlab/drone_ws/install/aruco_msgs/share/aruco_msgs/hook/pythonpath.ps1'
[0.576s] INFO:colcon.colcon_core.shell:Creating environment descriptor '/home/anton202/devlab/drone_ws/install/aruco_msgs/share/aruco_msgs/hook/pythonpath.dsv'
[0.577s] INFO:colcon.colcon_core.shell:Creating environment hook '/home/anton202/devlab/drone_ws/install/aruco_msgs/share/aruco_msgs/hook/pythonpath.sh'
[0.577s] Level 1:colcon.colcon_core.environment:checking '/home/anton202/devlab/drone_ws/install/aruco_msgs/bin'
[0.577s] INFO:colcon.colcon_core.shell:Creating package script '/home/anton202/devlab/drone_ws/install/aruco_msgs/share/aruco_msgs/package.ps1'
[0.578s] INFO:colcon.colcon_core.shell:Creating package descriptor '/home/anton202/devlab/drone_ws/install/aruco_msgs/share/aruco_msgs/package.dsv'
[0.578s] INFO:colcon.colcon_core.shell:Creating package script '/home/anton202/devlab/drone_ws/install/aruco_msgs/share/aruco_msgs/package.sh'
[0.579s] INFO:colcon.colcon_core.shell:Creating package script '/home/anton202/devlab/drone_ws/install/aruco_msgs/share/aruco_msgs/package.bash'
[0.579s] INFO:colcon.colcon_core.shell:Creating package script '/home/anton202/devlab/drone_ws/install/aruco_msgs/share/aruco_msgs/package.zsh'
[0.580s] Level 1:colcon.colcon_core.environment:create_file_with_runtime_dependencies(/home/anton202/devlab/drone_ws/install/aruco_msgs/share/colcon-core/packages/aruco_msgs)
[0.664s] Level 1:colcon.colcon_core.environment:create_environment_scripts_only(aruco_msgs)
[0.664s] Level 1:colcon.colcon_core.environment:checking '/home/anton202/devlab/drone_ws/install/aruco_msgs' for CMake module files
[0.664s] Level 1:colcon.colcon_core.environment:checking '/home/anton202/devlab/drone_ws/install/aruco_msgs' for CMake config files
[0.664s] Level 1:colcon.colcon_core.shell:create_environment_hook('aruco_msgs', 'cmake_prefix_path')
[0.664s] INFO:colcon.colcon_core.shell:Creating environment hook '/home/anton202/devlab/drone_ws/install/aruco_msgs/share/aruco_msgs/hook/cmake_prefix_path.ps1'
[0.665s] INFO:colcon.colcon_core.shell:Creating environment descriptor '/home/anton202/devlab/drone_ws/install/aruco_msgs/share/aruco_msgs/hook/cmake_prefix_path.dsv'
[0.665s] INFO:colcon.colcon_core.shell:Creating environment hook '/home/anton202/devlab/drone_ws/install/aruco_msgs/share/aruco_msgs/hook/cmake_prefix_path.sh'
[0.665s] Level 1:colcon.colcon_core.environment:checking '/home/anton202/devlab/drone_ws/install/aruco_msgs/lib'
[0.665s] Level 1:colcon.colcon_core.shell:create_environment_hook('aruco_msgs', 'ld_library_path_lib')
[0.665s] INFO:colcon.colcon_core.shell:Creating environment hook '/home/anton202/devlab/drone_ws/install/aruco_msgs/share/aruco_msgs/hook/ld_library_path_lib.ps1'
[0.665s] INFO:colcon.colcon_core.shell:Creating environment descriptor '/home/anton202/devlab/drone_ws/install/aruco_msgs/share/aruco_msgs/hook/ld_library_path_lib.dsv'
[0.665s] INFO:colcon.colcon_core.shell:Creating environment hook '/home/anton202/devlab/drone_ws/install/aruco_msgs/share/aruco_msgs/hook/ld_library_path_lib.sh'
[0.666s] Level 1:colcon.colcon_core.environment:checking '/home/anton202/devlab/drone_ws/install/aruco_msgs/bin'
[0.666s] Level 1:colcon.colcon_core.environment:checking '/home/anton202/devlab/drone_ws/install/aruco_msgs/lib/pkgconfig/aruco_msgs.pc'
[0.666s] Level 1:colcon.colcon_core.environment:checking '/home/anton202/devlab/drone_ws/install/aruco_msgs/lib/python3.10/site-packages'
[0.666s] Level 1:colcon.colcon_core.shell:create_environment_hook('aruco_msgs', 'pythonpath')
[0.666s] INFO:colcon.colcon_core.shell:Creating environment hook '/home/anton202/devlab/drone_ws/install/aruco_msgs/share/aruco_msgs/hook/pythonpath.ps1'
[0.666s] INFO:colcon.colcon_core.shell:Creating environment descriptor '/home/anton202/devlab/drone_ws/install/aruco_msgs/share/aruco_msgs/hook/pythonpath.dsv'
[0.666s] INFO:colcon.colcon_core.shell:Creating environment hook '/home/anton202/devlab/drone_ws/install/aruco_msgs/share/aruco_msgs/hook/pythonpath.sh'
[0.666s] Level 1:colcon.colcon_core.environment:checking '/home/anton202/devlab/drone_ws/install/aruco_msgs/bin'
[0.666s] INFO:colcon.colcon_core.shell:Creating package script '/home/anton202/devlab/drone_ws/install/aruco_msgs/share/aruco_msgs/package.ps1'
[0.667s] INFO:colcon.colcon_core.shell:Creating package descriptor '/home/anton202/devlab/drone_ws/install/aruco_msgs/share/aruco_msgs/package.dsv'
[0.667s] INFO:colcon.colcon_core.shell:Creating package script '/home/anton202/devlab/drone_ws/install/aruco_msgs/share/aruco_msgs/package.sh'
[0.667s] INFO:colcon.colcon_core.shell:Creating package script '/home/anton202/devlab/drone_ws/install/aruco_msgs/share/aruco_msgs/package.bash'
[0.667s] INFO:colcon.colcon_core.shell:Creating package script '/home/anton202/devlab/drone_ws/install/aruco_msgs/share/aruco_msgs/package.zsh'
[0.667s] Level 1:colcon.colcon_core.environment:create_file_with_runtime_dependencies(/home/anton202/devlab/drone_ws/install/aruco_msgs/share/colcon-core/packages/aruco_msgs)
[1.054s] DEBUG:colcon.colcon_core.event_handler.log_command:Invoked command in '/home/anton202/devlab/drone_ws/build/aruco' returned '1': CMAKE_PREFIX_PATH=/opt/ros/iron /home/anton202/.local/bin/cmake /home/anton202/devlab/drone_ws/src/aruco_ros2/aruco -DCMAKE_INSTALL_PREFIX=/home/anton202/devlab/drone_ws/install/aruco
[1.101s] Level 1:colcon.colcon_core.environment:create_environment_scripts_only(aruco)
[1.101s] Level 1:colcon.colcon_core.environment:checking '/home/anton202/devlab/drone_ws/install/aruco' for CMake module files
[1.101s] Level 1:colcon.colcon_core.environment:checking '/home/anton202/devlab/drone_ws/install/aruco' for CMake config files
[1.101s] Level 1:colcon.colcon_core.environment:checking '/home/anton202/devlab/drone_ws/install/aruco/bin'
[1.101s] Level 1:colcon.colcon_core.environment:checking '/home/anton202/devlab/drone_ws/install/aruco/lib/pkgconfig/aruco.pc'
[1.101s] Level 1:colcon.colcon_core.environment:checking '/home/anton202/devlab/drone_ws/install/aruco/lib/python3.10/site-packages'
[1.102s] Level 1:colcon.colcon_core.environment:checking '/home/anton202/devlab/drone_ws/install/aruco/bin'
[1.102s] INFO:colcon.colcon_core.shell:Creating package script '/home/anton202/devlab/drone_ws/install/aruco/share/aruco/package.ps1'
[1.102s] INFO:colcon.colcon_core.shell:Creating package descriptor '/home/anton202/devlab/drone_ws/install/aruco/share/aruco/package.dsv'
[1.102s] INFO:colcon.colcon_core.shell:Creating package script '/home/anton202/devlab/drone_ws/install/aruco/share/aruco/package.sh'
[1.102s] INFO:colcon.colcon_core.shell:Creating package script '/home/anton202/devlab/drone_ws/install/aruco/share/aruco/package.bash'
[1.102s] INFO:colcon.colcon_core.shell:Creating package script '/home/anton202/devlab/drone_ws/install/aruco/share/aruco/package.zsh'
[1.102s] Level 1:colcon.colcon_core.environment:create_file_with_runtime_dependencies(/home/anton202/devlab/drone_ws/install/aruco/share/colcon-core/packages/aruco)
[1.113s] DEBUG:colcon.colcon_parallel_executor.executor.parallel:closing loop
[1.113s] DEBUG:colcon.colcon_parallel_executor.executor.parallel:loop closed
[1.113s] DEBUG:colcon.colcon_parallel_executor.executor.parallel:run_until_complete finished with '1'
[1.113s] DEBUG:colcon.colcon_core.event_reactor:joining thread
[1.117s] INFO:colcon.colcon_core.plugin_system:Skipping extension 'colcon_notification.desktop_notification.terminal_notifier': Not used on non-Darwin systems
[1.117s] INFO:colcon.colcon_core.plugin_system:Skipping extension 'colcon_notification.desktop_notification.win32': Not used on non-Windows systems
[1.118s] INFO:colcon.colcon_notification.desktop_notification:Sending desktop notification using 'notify2'
[1.128s] DEBUG:colcon.colcon_core.event_reactor:joined thread
[1.128s] INFO:colcon.colcon_core.shell:Creating prefix script '/home/anton202/devlab/drone_ws/install/local_setup.ps1'
[1.129s] INFO:colcon.colcon_core.shell:Creating prefix util module '/home/anton202/devlab/drone_ws/install/_local_setup_util_ps1.py'
[1.130s] INFO:colcon.colcon_core.shell:Creating prefix chain script '/home/anton202/devlab/drone_ws/install/setup.ps1'
[1.131s] INFO:colcon.colcon_core.shell:Creating prefix script '/home/anton202/devlab/drone_ws/install/local_setup.sh'
[1.132s] INFO:colcon.colcon_core.shell:Creating prefix util module '/home/anton202/devlab/drone_ws/install/_local_setup_util_sh.py'
[1.132s] INFO:colcon.colcon_core.shell:Creating prefix chain script '/home/anton202/devlab/drone_ws/install/setup.sh'
[1.133s] INFO:colcon.colcon_core.shell:Creating prefix script '/home/anton202/devlab/drone_ws/install/local_setup.bash'
[1.134s] INFO:colcon.colcon_core.shell:Creating prefix chain script '/home/anton202/devlab/drone_ws/install/setup.bash'
[1.134s] INFO:colcon.colcon_core.shell:Creating prefix script '/home/anton202/devlab/drone_ws/install/local_setup.zsh'
[1.135s] INFO:colcon.colcon_core.shell:Creating prefix chain script '/home/anton202/devlab/drone_ws/install/setup.zsh'
