[0.064s] DEBUG:colcon:Command line arguments: ['/usr/bin/colcon', 'build']
[0.064s] DEBUG:colcon:Parsed command line arguments: Namespace(log_base=None, log_level=None, verb_name='build', build_base='build', install_base='install', merge_install=False, symlink_install=False, test_result_base=None, continue_on_error=False, executor='parallel', parallel_workers=20, event_handlers=None, ignore_user_meta=False, metas=['./colcon.meta'], base_paths=['.'], packages_ignore=None, packages_ignore_regex=None, paths=None, packages_up_to=None, packages_up_to_regex=None, packages_above=None, packages_above_and_dependencies=None, packages_above_depth=None, packages_select_by_dep=None, packages_skip_by_dep=None, packages_skip_up_to=None, packages_select_build_failed=False, packages_skip_build_finished=False, packages_select_test_failures=False, packages_skip_test_passed=False, packages_select=None, packages_skip=None, packages_select_regex=None, packages_skip_regex=None, packages_start=None, packages_end=None, allow_overriding=[], cmake_args=None, cmake_target=None, cmake_target_skip_unavailable=False, cmake_clean_cache=False, cmake_clean_first=False, cmake_force_configure=False, ament_cmake_args=None, catkin_cmake_args=None, catkin_skip_building_tests=False, mixin_files=None, mixin=None, verb_parser=<colcon_mixin.mixin.mixin_argument.MixinArgumentDecorator object at 0x77e697c209d0>, verb_extension=<colcon_core.verb.build.BuildVerb object at 0x77e697c203a0>, main=<bound method BuildVerb.main of <colcon_core.verb.build.BuildVerb object at 0x77e697c203a0>>, mixin_verb=('build',))
[0.085s] Level 1:colcon.colcon_core.package_discovery:discover_packages(colcon_meta) check parameters
[0.085s] Level 1:colcon.colcon_core.package_discovery:discover_packages(recursive) check parameters
[0.085s] Level 1:colcon.colcon_core.package_discovery:discover_packages(ignore) check parameters
[0.085s] Level 1:colcon.colcon_core.package_discovery:discover_packages(path) check parameters
[0.086s] Level 1:colcon.colcon_core.package_discovery:discover_packages(colcon_meta) discover
[0.086s] Level 1:colcon.colcon_core.package_discovery:discover_packages(recursive) discover
[0.086s] INFO:colcon.colcon_core.package_discovery:Crawling recursively for packages in '/home/anton202/devlab/drone_ws'
[0.086s] Level 1:colcon.colcon_core.package_identification:_identify(.) by extensions ['ignore', 'ignore_ament_install']
[0.086s] Level 1:colcon.colcon_core.package_identification:_identify(.) by extension 'ignore'
[0.086s] Level 1:colcon.colcon_core.package_identification:_identify(.) by extension 'ignore_ament_install'
[0.086s] Level 1:colcon.colcon_core.package_identification:_identify(.) by extensions ['colcon_pkg']
[0.086s] Level 1:colcon.colcon_core.package_identification:_identify(.) by extension 'colcon_pkg'
[0.086s] Level 1:colcon.colcon_core.package_identification:_identify(.) by extensions ['colcon_meta']
[0.086s] Level 1:colcon.colcon_core.package_identification:_identify(.) by extension 'colcon_meta'
[0.086s] Level 1:colcon.colcon_core.package_identification:_identify(.) by extensions ['ros']
[0.086s] Level 1:colcon.colcon_core.package_identification:_identify(.) by extension 'ros'
[0.095s] Level 1:colcon.colcon_core.package_identification:_identify(.) by extensions ['cmake', 'python']
[0.095s] Level 1:colcon.colcon_core.package_identification:_identify(.) by extension 'cmake'
[0.095s] Level 1:colcon.colcon_core.package_identification:_identify(.) by extension 'python'
[0.095s] Level 1:colcon.colcon_core.package_identification:_identify(.) by extensions ['python_setup_py']
[0.095s] Level 1:colcon.colcon_core.package_identification:_identify(.) by extension 'python_setup_py'
[0.095s] Level 1:colcon.colcon_core.package_identification:_identify(build) by extensions ['ignore', 'ignore_ament_install']
[0.095s] Level 1:colcon.colcon_core.package_identification:_identify(build) by extension 'ignore'
[0.095s] Level 1:colcon.colcon_core.package_identification:_identify(build) ignored
[0.095s] Level 1:colcon.colcon_core.package_identification:_identify(install) by extensions ['ignore', 'ignore_ament_install']
[0.095s] Level 1:colcon.colcon_core.package_identification:_identify(install) by extension 'ignore'
[0.095s] Level 1:colcon.colcon_core.package_identification:_identify(install) ignored
[0.095s] Level 1:colcon.colcon_core.package_identification:_identify(log) by extensions ['ignore', 'ignore_ament_install']
[0.095s] Level 1:colcon.colcon_core.package_identification:_identify(log) by extension 'ignore'
[0.095s] Level 1:colcon.colcon_core.package_identification:_identify(log) ignored
[0.095s] Level 1:colcon.colcon_core.package_identification:_identify(src) by extensions ['ignore', 'ignore_ament_install']
[0.095s] Level 1:colcon.colcon_core.package_identification:_identify(src) by extension 'ignore'
[0.095s] Level 1:colcon.colcon_core.package_identification:_identify(src) by extension 'ignore_ament_install'
[0.095s] Level 1:colcon.colcon_core.package_identification:_identify(src) by extensions ['colcon_pkg']
[0.095s] Level 1:colcon.colcon_core.package_identification:_identify(src) by extension 'colcon_pkg'
[0.095s] Level 1:colcon.colcon_core.package_identification:_identify(src) by extensions ['colcon_meta']
[0.095s] Level 1:colcon.colcon_core.package_identification:_identify(src) by extension 'colcon_meta'
[0.096s] Level 1:colcon.colcon_core.package_identification:_identify(src) by extensions ['ros']
[0.096s] Level 1:colcon.colcon_core.package_identification:_identify(src) by extension 'ros'
[0.096s] Level 1:colcon.colcon_core.package_identification:_identify(src) by extensions ['cmake', 'python']
[0.096s] Level 1:colcon.colcon_core.package_identification:_identify(src) by extension 'cmake'
[0.096s] Level 1:colcon.colcon_core.package_identification:_identify(src) by extension 'python'
[0.096s] Level 1:colcon.colcon_core.package_identification:_identify(src) by extensions ['python_setup_py']
[0.096s] Level 1:colcon.colcon_core.package_identification:_identify(src) by extension 'python_setup_py'
[0.096s] Level 1:colcon.colcon_core.package_identification:_identify(src/drone_localization) by extensions ['ignore', 'ignore_ament_install']
[0.096s] Level 1:colcon.colcon_core.package_identification:_identify(src/drone_localization) by extension 'ignore'
[0.096s] Level 1:colcon.colcon_core.package_identification:_identify(src/drone_localization) by extension 'ignore_ament_install'
[0.096s] Level 1:colcon.colcon_core.package_identification:_identify(src/drone_localization) by extensions ['colcon_pkg']
[0.096s] Level 1:colcon.colcon_core.package_identification:_identify(src/drone_localization) by extension 'colcon_pkg'
[0.096s] Level 1:colcon.colcon_core.package_identification:_identify(src/drone_localization) by extensions ['colcon_meta']
[0.096s] Level 1:colcon.colcon_core.package_identification:_identify(src/drone_localization) by extension 'colcon_meta'
[0.096s] Level 1:colcon.colcon_core.package_identification:_identify(src/drone_localization) by extensions ['ros']
[0.096s] Level 1:colcon.colcon_core.package_identification:_identify(src/drone_localization) by extension 'ros'
[0.097s] DEBUG:colcon.colcon_core.package_identification:Package 'src/drone_localization' with type 'ros.ament_python' and name 'drone_localization'
[0.097s] Level 1:colcon.colcon_core.package_identification:_identify(src/learning_tf2_py) by extensions ['ignore', 'ignore_ament_install']
[0.097s] Level 1:colcon.colcon_core.package_identification:_identify(src/learning_tf2_py) by extension 'ignore'
[0.097s] Level 1:colcon.colcon_core.package_identification:_identify(src/learning_tf2_py) by extension 'ignore_ament_install'
[0.097s] Level 1:colcon.colcon_core.package_identification:_identify(src/learning_tf2_py) by extensions ['colcon_pkg']
[0.097s] Level 1:colcon.colcon_core.package_identification:_identify(src/learning_tf2_py) by extension 'colcon_pkg'
[0.097s] Level 1:colcon.colcon_core.package_identification:_identify(src/learning_tf2_py) by extensions ['colcon_meta']
[0.097s] Level 1:colcon.colcon_core.package_identification:_identify(src/learning_tf2_py) by extension 'colcon_meta'
[0.097s] Level 1:colcon.colcon_core.package_identification:_identify(src/learning_tf2_py) by extensions ['ros']
[0.098s] Level 1:colcon.colcon_core.package_identification:_identify(src/learning_tf2_py) by extension 'ros'
[0.098s] DEBUG:colcon.colcon_core.package_identification:Package 'src/learning_tf2_py' with type 'ros.ament_python' and name 'learning_tf2_py'
[0.098s] Level 1:colcon.colcon_core.package_identification:_identify(src/py_pubsub) by extensions ['ignore', 'ignore_ament_install']
[0.098s] Level 1:colcon.colcon_core.package_identification:_identify(src/py_pubsub) by extension 'ignore'
[0.098s] Level 1:colcon.colcon_core.package_identification:_identify(src/py_pubsub) by extension 'ignore_ament_install'
[0.098s] Level 1:colcon.colcon_core.package_identification:_identify(src/py_pubsub) by extensions ['colcon_pkg']
[0.098s] Level 1:colcon.colcon_core.package_identification:_identify(src/py_pubsub) by extension 'colcon_pkg'
[0.098s] Level 1:colcon.colcon_core.package_identification:_identify(src/py_pubsub) by extensions ['colcon_meta']
[0.098s] Level 1:colcon.colcon_core.package_identification:_identify(src/py_pubsub) by extension 'colcon_meta'
[0.098s] Level 1:colcon.colcon_core.package_identification:_identify(src/py_pubsub) by extensions ['ros']
[0.098s] Level 1:colcon.colcon_core.package_identification:_identify(src/py_pubsub) by extension 'ros'
[0.098s] DEBUG:colcon.colcon_core.package_identification:Package 'src/py_pubsub' with type 'ros.ament_python' and name 'py_pubsub'
[0.098s] Level 1:colcon.colcon_core.package_identification:_identify(src/ros2_aruco) by extensions ['ignore', 'ignore_ament_install']
[0.098s] Level 1:colcon.colcon_core.package_identification:_identify(src/ros2_aruco) by extension 'ignore'
[0.098s] Level 1:colcon.colcon_core.package_identification:_identify(src/ros2_aruco) by extension 'ignore_ament_install'
[0.098s] Level 1:colcon.colcon_core.package_identification:_identify(src/ros2_aruco) by extensions ['colcon_pkg']
[0.098s] Level 1:colcon.colcon_core.package_identification:_identify(src/ros2_aruco) by extension 'colcon_pkg'
[0.098s] Level 1:colcon.colcon_core.package_identification:_identify(src/ros2_aruco) by extensions ['colcon_meta']
[0.098s] Level 1:colcon.colcon_core.package_identification:_identify(src/ros2_aruco) by extension 'colcon_meta'
[0.098s] Level 1:colcon.colcon_core.package_identification:_identify(src/ros2_aruco) by extensions ['ros']
[0.098s] Level 1:colcon.colcon_core.package_identification:_identify(src/ros2_aruco) by extension 'ros'
[0.099s] Level 1:colcon.colcon_core.package_identification:_identify(src/ros2_aruco) by extensions ['cmake', 'python']
[0.099s] Level 1:colcon.colcon_core.package_identification:_identify(src/ros2_aruco) by extension 'cmake'
[0.099s] Level 1:colcon.colcon_core.package_identification:_identify(src/ros2_aruco) by extension 'python'
[0.099s] Level 1:colcon.colcon_core.package_identification:_identify(src/ros2_aruco) by extensions ['python_setup_py']
[0.099s] Level 1:colcon.colcon_core.package_identification:_identify(src/ros2_aruco) by extension 'python_setup_py'
[0.099s] Level 1:colcon.colcon_core.package_identification:_identify(src/ros2_aruco/ros2_aruco) by extensions ['ignore', 'ignore_ament_install']
[0.099s] Level 1:colcon.colcon_core.package_identification:_identify(src/ros2_aruco/ros2_aruco) by extension 'ignore'
[0.099s] Level 1:colcon.colcon_core.package_identification:_identify(src/ros2_aruco/ros2_aruco) by extension 'ignore_ament_install'
[0.099s] Level 1:colcon.colcon_core.package_identification:_identify(src/ros2_aruco/ros2_aruco) by extensions ['colcon_pkg']
[0.099s] Level 1:colcon.colcon_core.package_identification:_identify(src/ros2_aruco/ros2_aruco) by extension 'colcon_pkg'
[0.099s] Level 1:colcon.colcon_core.package_identification:_identify(src/ros2_aruco/ros2_aruco) by extensions ['colcon_meta']
[0.099s] Level 1:colcon.colcon_core.package_identification:_identify(src/ros2_aruco/ros2_aruco) by extension 'colcon_meta'
[0.099s] Level 1:colcon.colcon_core.package_identification:_identify(src/ros2_aruco/ros2_aruco) by extensions ['ros']
[0.099s] Level 1:colcon.colcon_core.package_identification:_identify(src/ros2_aruco/ros2_aruco) by extension 'ros'
[0.099s] DEBUG:colcon.colcon_core.package_identification:Package 'src/ros2_aruco/ros2_aruco' with type 'ros.ament_python' and name 'ros2_aruco'
[0.099s] Level 1:colcon.colcon_core.package_identification:_identify(src/ros2_aruco/ros2_aruco_interfaces) by extensions ['ignore', 'ignore_ament_install']
[0.099s] Level 1:colcon.colcon_core.package_identification:_identify(src/ros2_aruco/ros2_aruco_interfaces) by extension 'ignore'
[0.099s] Level 1:colcon.colcon_core.package_identification:_identify(src/ros2_aruco/ros2_aruco_interfaces) by extension 'ignore_ament_install'
[0.099s] Level 1:colcon.colcon_core.package_identification:_identify(src/ros2_aruco/ros2_aruco_interfaces) by extensions ['colcon_pkg']
[0.099s] Level 1:colcon.colcon_core.package_identification:_identify(src/ros2_aruco/ros2_aruco_interfaces) by extension 'colcon_pkg'
[0.099s] Level 1:colcon.colcon_core.package_identification:_identify(src/ros2_aruco/ros2_aruco_interfaces) by extensions ['colcon_meta']
[0.099s] Level 1:colcon.colcon_core.package_identification:_identify(src/ros2_aruco/ros2_aruco_interfaces) by extension 'colcon_meta'
[0.099s] Level 1:colcon.colcon_core.package_identification:_identify(src/ros2_aruco/ros2_aruco_interfaces) by extensions ['ros']
[0.099s] Level 1:colcon.colcon_core.package_identification:_identify(src/ros2_aruco/ros2_aruco_interfaces) by extension 'ros'
[0.100s] DEBUG:colcon.colcon_core.package_identification:Package 'src/ros2_aruco/ros2_aruco_interfaces' with type 'ros.ament_cmake' and name 'ros2_aruco_interfaces'
[0.100s] Level 1:colcon.colcon_core.package_identification:_identify(src/usb_cam) by extensions ['ignore', 'ignore_ament_install']
[0.100s] Level 1:colcon.colcon_core.package_identification:_identify(src/usb_cam) by extension 'ignore'
[0.100s] Level 1:colcon.colcon_core.package_identification:_identify(src/usb_cam) by extension 'ignore_ament_install'
[0.100s] Level 1:colcon.colcon_core.package_identification:_identify(src/usb_cam) by extensions ['colcon_pkg']
[0.100s] Level 1:colcon.colcon_core.package_identification:_identify(src/usb_cam) by extension 'colcon_pkg'
[0.100s] Level 1:colcon.colcon_core.package_identification:_identify(src/usb_cam) by extensions ['colcon_meta']
[0.100s] Level 1:colcon.colcon_core.package_identification:_identify(src/usb_cam) by extension 'colcon_meta'
[0.100s] Level 1:colcon.colcon_core.package_identification:_identify(src/usb_cam) by extensions ['ros']
[0.100s] Level 1:colcon.colcon_core.package_identification:_identify(src/usb_cam) by extension 'ros'
[0.103s] DEBUG:colcon.colcon_core.package_identification:Package 'src/usb_cam' with type 'ros.ament_cmake' and name 'usb_cam'
[0.103s] Level 1:colcon.colcon_core.package_discovery:discover_packages(recursive) using defaults
[0.103s] Level 1:colcon.colcon_core.package_discovery:discover_packages(ignore) discover
[0.103s] Level 1:colcon.colcon_core.package_discovery:discover_packages(ignore) using defaults
[0.103s] Level 1:colcon.colcon_core.package_discovery:discover_packages(path) discover
[0.103s] Level 1:colcon.colcon_core.package_discovery:discover_packages(path) using defaults
[0.116s] Level 1:colcon.colcon_core.package_discovery:discover_packages(prefix_path) check parameters
[0.116s] Level 1:colcon.colcon_core.package_discovery:discover_packages(prefix_path) discover
[0.117s] DEBUG:colcon.colcon_installed_package_information.package_discovery:Found 9 installed packages in /home/anton202/devlab/drone_ws/install
[0.117s] DEBUG:colcon.colcon_installed_package_information.package_discovery:Found 289 installed packages in /opt/ros/iron
[0.118s] Level 1:colcon.colcon_core.package_discovery:discover_packages(prefix_path) using defaults
[0.140s] Level 5:colcon.colcon_core.verb:set package 'drone_localization' build argument 'cmake_args' from command line to 'None'
[0.140s] Level 5:colcon.colcon_core.verb:set package 'drone_localization' build argument 'cmake_target' from command line to 'None'
[0.140s] Level 5:colcon.colcon_core.verb:set package 'drone_localization' build argument 'cmake_target_skip_unavailable' from command line to 'False'
[0.140s] Level 5:colcon.colcon_core.verb:set package 'drone_localization' build argument 'cmake_clean_cache' from command line to 'False'
[0.140s] Level 5:colcon.colcon_core.verb:set package 'drone_localization' build argument 'cmake_clean_first' from command line to 'False'
[0.140s] Level 5:colcon.colcon_core.verb:set package 'drone_localization' build argument 'cmake_force_configure' from command line to 'False'
[0.140s] Level 5:colcon.colcon_core.verb:set package 'drone_localization' build argument 'ament_cmake_args' from command line to 'None'
[0.140s] Level 5:colcon.colcon_core.verb:set package 'drone_localization' build argument 'catkin_cmake_args' from command line to 'None'
[0.140s] Level 5:colcon.colcon_core.verb:set package 'drone_localization' build argument 'catkin_skip_building_tests' from command line to 'False'
[0.140s] DEBUG:colcon.colcon_core.verb:Building package 'drone_localization' with the following arguments: {'ament_cmake_args': None, 'build_base': '/home/anton202/devlab/drone_ws/build/drone_localization', 'catkin_cmake_args': None, 'catkin_skip_building_tests': False, 'cmake_args': None, 'cmake_clean_cache': False, 'cmake_clean_first': False, 'cmake_force_configure': False, 'cmake_target': None, 'cmake_target_skip_unavailable': False, 'install_base': '/home/anton202/devlab/drone_ws/install/drone_localization', 'merge_install': False, 'path': '/home/anton202/devlab/drone_ws/src/drone_localization', 'symlink_install': False, 'test_result_base': None}
[0.140s] Level 5:colcon.colcon_core.verb:set package 'learning_tf2_py' build argument 'cmake_args' from command line to 'None'
[0.140s] Level 5:colcon.colcon_core.verb:set package 'learning_tf2_py' build argument 'cmake_target' from command line to 'None'
[0.140s] Level 5:colcon.colcon_core.verb:set package 'learning_tf2_py' build argument 'cmake_target_skip_unavailable' from command line to 'False'
[0.140s] Level 5:colcon.colcon_core.verb:set package 'learning_tf2_py' build argument 'cmake_clean_cache' from command line to 'False'
[0.140s] Level 5:colcon.colcon_core.verb:set package 'learning_tf2_py' build argument 'cmake_clean_first' from command line to 'False'
[0.140s] Level 5:colcon.colcon_core.verb:set package 'learning_tf2_py' build argument 'cmake_force_configure' from command line to 'False'
[0.140s] Level 5:colcon.colcon_core.verb:set package 'learning_tf2_py' build argument 'ament_cmake_args' from command line to 'None'
[0.140s] Level 5:colcon.colcon_core.verb:set package 'learning_tf2_py' build argument 'catkin_cmake_args' from command line to 'None'
[0.140s] Level 5:colcon.colcon_core.verb:set package 'learning_tf2_py' build argument 'catkin_skip_building_tests' from command line to 'False'
[0.140s] DEBUG:colcon.colcon_core.verb:Building package 'learning_tf2_py' with the following arguments: {'ament_cmake_args': None, 'build_base': '/home/anton202/devlab/drone_ws/build/learning_tf2_py', 'catkin_cmake_args': None, 'catkin_skip_building_tests': False, 'cmake_args': None, 'cmake_clean_cache': False, 'cmake_clean_first': False, 'cmake_force_configure': False, 'cmake_target': None, 'cmake_target_skip_unavailable': False, 'install_base': '/home/anton202/devlab/drone_ws/install/learning_tf2_py', 'merge_install': False, 'path': '/home/anton202/devlab/drone_ws/src/learning_tf2_py', 'symlink_install': False, 'test_result_base': None}
[0.141s] Level 5:colcon.colcon_core.verb:set package 'py_pubsub' build argument 'cmake_args' from command line to 'None'
[0.141s] Level 5:colcon.colcon_core.verb:set package 'py_pubsub' build argument 'cmake_target' from command line to 'None'
[0.141s] Level 5:colcon.colcon_core.verb:set package 'py_pubsub' build argument 'cmake_target_skip_unavailable' from command line to 'False'
[0.141s] Level 5:colcon.colcon_core.verb:set package 'py_pubsub' build argument 'cmake_clean_cache' from command line to 'False'
[0.141s] Level 5:colcon.colcon_core.verb:set package 'py_pubsub' build argument 'cmake_clean_first' from command line to 'False'
[0.141s] Level 5:colcon.colcon_core.verb:set package 'py_pubsub' build argument 'cmake_force_configure' from command line to 'False'
[0.141s] Level 5:colcon.colcon_core.verb:set package 'py_pubsub' build argument 'ament_cmake_args' from command line to 'None'
[0.141s] Level 5:colcon.colcon_core.verb:set package 'py_pubsub' build argument 'catkin_cmake_args' from command line to 'None'
[0.141s] Level 5:colcon.colcon_core.verb:set package 'py_pubsub' build argument 'catkin_skip_building_tests' from command line to 'False'
[0.141s] DEBUG:colcon.colcon_core.verb:Building package 'py_pubsub' with the following arguments: {'ament_cmake_args': None, 'build_base': '/home/anton202/devlab/drone_ws/build/py_pubsub', 'catkin_cmake_args': None, 'catkin_skip_building_tests': False, 'cmake_args': None, 'cmake_clean_cache': False, 'cmake_clean_first': False, 'cmake_force_configure': False, 'cmake_target': None, 'cmake_target_skip_unavailable': False, 'install_base': '/home/anton202/devlab/drone_ws/install/py_pubsub', 'merge_install': False, 'path': '/home/anton202/devlab/drone_ws/src/py_pubsub', 'symlink_install': False, 'test_result_base': None}
[0.141s] Level 5:colcon.colcon_core.verb:set package 'ros2_aruco' build argument 'cmake_args' from command line to 'None'
[0.141s] Level 5:colcon.colcon_core.verb:set package 'ros2_aruco' build argument 'cmake_target' from command line to 'None'
[0.141s] Level 5:colcon.colcon_core.verb:set package 'ros2_aruco' build argument 'cmake_target_skip_unavailable' from command line to 'False'
[0.141s] Level 5:colcon.colcon_core.verb:set package 'ros2_aruco' build argument 'cmake_clean_cache' from command line to 'False'
[0.141s] Level 5:colcon.colcon_core.verb:set package 'ros2_aruco' build argument 'cmake_clean_first' from command line to 'False'
[0.141s] Level 5:colcon.colcon_core.verb:set package 'ros2_aruco' build argument 'cmake_force_configure' from command line to 'False'
[0.141s] Level 5:colcon.colcon_core.verb:set package 'ros2_aruco' build argument 'ament_cmake_args' from command line to 'None'
[0.141s] Level 5:colcon.colcon_core.verb:set package 'ros2_aruco' build argument 'catkin_cmake_args' from command line to 'None'
[0.141s] Level 5:colcon.colcon_core.verb:set package 'ros2_aruco' build argument 'catkin_skip_building_tests' from command line to 'False'
[0.141s] DEBUG:colcon.colcon_core.verb:Building package 'ros2_aruco' with the following arguments: {'ament_cmake_args': None, 'build_base': '/home/anton202/devlab/drone_ws/build/ros2_aruco', 'catkin_cmake_args': None, 'catkin_skip_building_tests': False, 'cmake_args': None, 'cmake_clean_cache': False, 'cmake_clean_first': False, 'cmake_force_configure': False, 'cmake_target': None, 'cmake_target_skip_unavailable': False, 'install_base': '/home/anton202/devlab/drone_ws/install/ros2_aruco', 'merge_install': False, 'path': '/home/anton202/devlab/drone_ws/src/ros2_aruco/ros2_aruco', 'symlink_install': False, 'test_result_base': None}
[0.141s] Level 5:colcon.colcon_core.verb:set package 'ros2_aruco_interfaces' build argument 'cmake_args' from command line to 'None'
[0.141s] Level 5:colcon.colcon_core.verb:set package 'ros2_aruco_interfaces' build argument 'cmake_target' from command line to 'None'
[0.141s] Level 5:colcon.colcon_core.verb:set package 'ros2_aruco_interfaces' build argument 'cmake_target_skip_unavailable' from command line to 'False'
[0.141s] Level 5:colcon.colcon_core.verb:set package 'ros2_aruco_interfaces' build argument 'cmake_clean_cache' from command line to 'False'
[0.141s] Level 5:colcon.colcon_core.verb:set package 'ros2_aruco_interfaces' build argument 'cmake_clean_first' from command line to 'False'
[0.141s] Level 5:colcon.colcon_core.verb:set package 'ros2_aruco_interfaces' build argument 'cmake_force_configure' from command line to 'False'
[0.141s] Level 5:colcon.colcon_core.verb:set package 'ros2_aruco_interfaces' build argument 'ament_cmake_args' from command line to 'None'
[0.141s] Level 5:colcon.colcon_core.verb:set package 'ros2_aruco_interfaces' build argument 'catkin_cmake_args' from command line to 'None'
[0.141s] Level 5:colcon.colcon_core.verb:set package 'ros2_aruco_interfaces' build argument 'catkin_skip_building_tests' from command line to 'False'
[0.141s] DEBUG:colcon.colcon_core.verb:Building package 'ros2_aruco_interfaces' with the following arguments: {'ament_cmake_args': None, 'build_base': '/home/anton202/devlab/drone_ws/build/ros2_aruco_interfaces', 'catkin_cmake_args': None, 'catkin_skip_building_tests': False, 'cmake_args': None, 'cmake_clean_cache': False, 'cmake_clean_first': False, 'cmake_force_configure': False, 'cmake_target': None, 'cmake_target_skip_unavailable': False, 'install_base': '/home/anton202/devlab/drone_ws/install/ros2_aruco_interfaces', 'merge_install': False, 'path': '/home/anton202/devlab/drone_ws/src/ros2_aruco/ros2_aruco_interfaces', 'symlink_install': False, 'test_result_base': None}
[0.141s] Level 5:colcon.colcon_core.verb:set package 'usb_cam' build argument 'cmake_args' from command line to 'None'
[0.142s] Level 5:colcon.colcon_core.verb:set package 'usb_cam' build argument 'cmake_target' from command line to 'None'
[0.142s] Level 5:colcon.colcon_core.verb:set package 'usb_cam' build argument 'cmake_target_skip_unavailable' from command line to 'False'
[0.142s] Level 5:colcon.colcon_core.verb:set package 'usb_cam' build argument 'cmake_clean_cache' from command line to 'False'
[0.142s] Level 5:colcon.colcon_core.verb:set package 'usb_cam' build argument 'cmake_clean_first' from command line to 'False'
[0.142s] Level 5:colcon.colcon_core.verb:set package 'usb_cam' build argument 'cmake_force_configure' from command line to 'False'
[0.142s] Level 5:colcon.colcon_core.verb:set package 'usb_cam' build argument 'ament_cmake_args' from command line to 'None'
[0.142s] Level 5:colcon.colcon_core.verb:set package 'usb_cam' build argument 'catkin_cmake_args' from command line to 'None'
[0.142s] Level 5:colcon.colcon_core.verb:set package 'usb_cam' build argument 'catkin_skip_building_tests' from command line to 'False'
[0.142s] DEBUG:colcon.colcon_core.verb:Building package 'usb_cam' with the following arguments: {'ament_cmake_args': None, 'build_base': '/home/anton202/devlab/drone_ws/build/usb_cam', 'catkin_cmake_args': None, 'catkin_skip_building_tests': False, 'cmake_args': None, 'cmake_clean_cache': False, 'cmake_clean_first': False, 'cmake_force_configure': False, 'cmake_target': None, 'cmake_target_skip_unavailable': False, 'install_base': '/home/anton202/devlab/drone_ws/install/usb_cam', 'merge_install': False, 'path': '/home/anton202/devlab/drone_ws/src/usb_cam', 'symlink_install': False, 'test_result_base': None}
[0.142s] INFO:colcon.colcon_core.executor:Executing jobs using 'parallel' executor
[0.143s] DEBUG:colcon.colcon_parallel_executor.executor.parallel:run_until_complete
[0.143s] INFO:colcon.colcon_ros.task.ament_python.build:Building ROS package in '/home/anton202/devlab/drone_ws/src/drone_localization' with build type 'ament_python'
[0.143s] Level 1:colcon.colcon_core.shell:create_environment_hook('drone_localization', 'ament_prefix_path')
[0.144s] INFO:colcon.colcon_core.plugin_system:Skipping extension 'colcon_core.shell.bat': Not used on non-Windows systems
[0.144s] INFO:colcon.colcon_core.shell:Creating environment hook '/home/anton202/devlab/drone_ws/install/drone_localization/share/drone_localization/hook/ament_prefix_path.ps1'
[0.144s] INFO:colcon.colcon_core.shell:Creating environment descriptor '/home/anton202/devlab/drone_ws/install/drone_localization/share/drone_localization/hook/ament_prefix_path.dsv'
[0.145s] INFO:colcon.colcon_core.shell:Creating environment hook '/home/anton202/devlab/drone_ws/install/drone_localization/share/drone_localization/hook/ament_prefix_path.sh'
[0.145s] INFO:colcon.colcon_core.shell:Skip shell extension 'powershell' for command environment: Not usable outside of PowerShell
[0.145s] DEBUG:colcon.colcon_core.shell:Skip shell extension 'dsv' for command environment
[0.147s] INFO:colcon.colcon_ros.task.ament_python.build:Building ROS package in '/home/anton202/devlab/drone_ws/src/learning_tf2_py' with build type 'ament_python'
[0.147s] Level 1:colcon.colcon_core.shell:create_environment_hook('learning_tf2_py', 'ament_prefix_path')
[0.147s] INFO:colcon.colcon_core.shell:Creating environment hook '/home/anton202/devlab/drone_ws/install/learning_tf2_py/share/learning_tf2_py/hook/ament_prefix_path.ps1'
[0.147s] INFO:colcon.colcon_core.shell:Creating environment descriptor '/home/anton202/devlab/drone_ws/install/learning_tf2_py/share/learning_tf2_py/hook/ament_prefix_path.dsv'
[0.147s] INFO:colcon.colcon_core.shell:Creating environment hook '/home/anton202/devlab/drone_ws/install/learning_tf2_py/share/learning_tf2_py/hook/ament_prefix_path.sh'
[0.148s] INFO:colcon.colcon_core.shell:Skip shell extension 'powershell' for command environment: Not usable outside of PowerShell
[0.148s] DEBUG:colcon.colcon_core.shell:Skip shell extension 'dsv' for command environment
[0.149s] INFO:colcon.colcon_ros.task.ament_python.build:Building ROS package in '/home/anton202/devlab/drone_ws/src/py_pubsub' with build type 'ament_python'
[0.149s] Level 1:colcon.colcon_core.shell:create_environment_hook('py_pubsub', 'ament_prefix_path')
[0.150s] INFO:colcon.colcon_core.shell:Creating environment hook '/home/anton202/devlab/drone_ws/install/py_pubsub/share/py_pubsub/hook/ament_prefix_path.ps1'
[0.150s] INFO:colcon.colcon_core.shell:Creating environment descriptor '/home/anton202/devlab/drone_ws/install/py_pubsub/share/py_pubsub/hook/ament_prefix_path.dsv'
[0.150s] INFO:colcon.colcon_core.shell:Creating environment hook '/home/anton202/devlab/drone_ws/install/py_pubsub/share/py_pubsub/hook/ament_prefix_path.sh'
[0.150s] INFO:colcon.colcon_core.shell:Skip shell extension 'powershell' for command environment: Not usable outside of PowerShell
[0.150s] DEBUG:colcon.colcon_core.shell:Skip shell extension 'dsv' for command environment
[0.152s] INFO:colcon.colcon_ros.task.ament_python.build:Building ROS package in '/home/anton202/devlab/drone_ws/src/ros2_aruco/ros2_aruco' with build type 'ament_python'
[0.152s] Level 1:colcon.colcon_core.shell:create_environment_hook('ros2_aruco', 'ament_prefix_path')
[0.152s] INFO:colcon.colcon_core.shell:Creating environment hook '/home/anton202/devlab/drone_ws/install/ros2_aruco/share/ros2_aruco/hook/ament_prefix_path.ps1'
[0.152s] INFO:colcon.colcon_core.shell:Creating environment descriptor '/home/anton202/devlab/drone_ws/install/ros2_aruco/share/ros2_aruco/hook/ament_prefix_path.dsv'
[0.153s] INFO:colcon.colcon_core.shell:Creating environment hook '/home/anton202/devlab/drone_ws/install/ros2_aruco/share/ros2_aruco/hook/ament_prefix_path.sh'
[0.153s] INFO:colcon.colcon_core.shell:Skip shell extension 'powershell' for command environment: Not usable outside of PowerShell
[0.153s] DEBUG:colcon.colcon_core.shell:Skip shell extension 'dsv' for command environment
[0.154s] INFO:colcon.colcon_ros.task.ament_cmake.build:Building ROS package in '/home/anton202/devlab/drone_ws/src/ros2_aruco/ros2_aruco_interfaces' with build type 'ament_cmake'
[0.154s] INFO:colcon.colcon_cmake.task.cmake.build:Building CMake package in '/home/anton202/devlab/drone_ws/src/ros2_aruco/ros2_aruco_interfaces'
[0.155s] INFO:colcon.colcon_core.shell:Skip shell extension 'powershell' for command environment: Not usable outside of PowerShell
[0.155s] DEBUG:colcon.colcon_core.shell:Skip shell extension 'dsv' for command environment
[0.156s] INFO:colcon.colcon_ros.task.ament_cmake.build:Building ROS package in '/home/anton202/devlab/drone_ws/src/usb_cam' with build type 'ament_cmake'
[0.156s] INFO:colcon.colcon_cmake.task.cmake.build:Building CMake package in '/home/anton202/devlab/drone_ws/src/usb_cam'
[0.156s] INFO:colcon.colcon_core.shell:Skip shell extension 'powershell' for command environment: Not usable outside of PowerShell
[0.156s] DEBUG:colcon.colcon_core.shell:Skip shell extension 'dsv' for command environment
[0.276s] INFO:colcon.colcon_core.task.python.build:Building Python package in '/home/anton202/devlab/drone_ws/src/drone_localization'
[0.276s] INFO:colcon.colcon_core.shell:Skip shell extension 'powershell' for command environment: Not usable outside of PowerShell
[0.276s] DEBUG:colcon.colcon_core.shell:Skip shell extension 'dsv' for command environment
[0.395s] INFO:colcon.colcon_core.task.python.build:Building Python package in '/home/anton202/devlab/drone_ws/src/learning_tf2_py'
[0.396s] INFO:colcon.colcon_core.shell:Skip shell extension 'powershell' for command environment: Not usable outside of PowerShell
[0.396s] DEBUG:colcon.colcon_core.shell:Skip shell extension 'dsv' for command environment
[0.515s] INFO:colcon.colcon_core.task.python.build:Building Python package in '/home/anton202/devlab/drone_ws/src/py_pubsub'
[0.516s] INFO:colcon.colcon_core.shell:Skip shell extension 'powershell' for command environment: Not usable outside of PowerShell
[0.516s] DEBUG:colcon.colcon_core.shell:Skip shell extension 'dsv' for command environment
[0.637s] INFO:colcon.colcon_core.task.python.build:Building Python package in '/home/anton202/devlab/drone_ws/src/ros2_aruco/ros2_aruco'
[0.638s] INFO:colcon.colcon_core.shell:Skip shell extension 'powershell' for command environment: Not usable outside of PowerShell
[0.638s] DEBUG:colcon.colcon_core.shell:Skip shell extension 'dsv' for command environment
[0.642s] DEBUG:colcon.colcon_core.event_handler.log_command:Invoking command in '/home/anton202/devlab/drone_ws/build/ros2_aruco_interfaces': CMAKE_PREFIX_PATH=${CMAKE_PREFIX_PATH}:/home/anton202/devlab/drone_ws/install/ros2_aruco:/home/anton202/devlab/drone_ws/install/py_pubsub:/home/anton202/devlab/drone_ws/install/learning_tf2_py:/home/anton202/devlab/drone_ws/install/drone_localization:/opt/ros/iron CONDA_PROMPT_MODIFIER=(base) /home/anton202/.local/bin/cmake --build /home/anton202/devlab/drone_ws/build/ros2_aruco_interfaces -- -j20 -l20
[0.645s] DEBUG:colcon.colcon_core.event_handler.log_command:Invoking command in '/home/anton202/devlab/drone_ws/build/usb_cam': CMAKE_PREFIX_PATH=${CMAKE_PREFIX_PATH}:/home/anton202/devlab/drone_ws/install/ros2_aruco:/home/anton202/devlab/drone_ws/install/py_pubsub:/home/anton202/devlab/drone_ws/install/learning_tf2_py:/home/anton202/devlab/drone_ws/install/drone_localization:/opt/ros/iron CONDA_PROMPT_MODIFIER=(base) /home/anton202/.local/bin/cmake --build /home/anton202/devlab/drone_ws/build/usb_cam -- -j20 -l20
[0.737s] DEBUG:colcon.colcon_core.event_handler.log_command:Invoked command in '/home/anton202/devlab/drone_ws/build/usb_cam' returned '0': CMAKE_PREFIX_PATH=${CMAKE_PREFIX_PATH}:/home/anton202/devlab/drone_ws/install/ros2_aruco:/home/anton202/devlab/drone_ws/install/py_pubsub:/home/anton202/devlab/drone_ws/install/learning_tf2_py:/home/anton202/devlab/drone_ws/install/drone_localization:/opt/ros/iron CONDA_PROMPT_MODIFIER=(base) /home/anton202/.local/bin/cmake --build /home/anton202/devlab/drone_ws/build/usb_cam -- -j20 -l20
[0.881s] DEBUG:colcon.colcon_core.event_handler.log_command:Invoking command in '/home/anton202/devlab/drone_ws/build/usb_cam': CMAKE_PREFIX_PATH=${CMAKE_PREFIX_PATH}:/home/anton202/devlab/drone_ws/install/ros2_aruco:/home/anton202/devlab/drone_ws/install/py_pubsub:/home/anton202/devlab/drone_ws/install/learning_tf2_py:/home/anton202/devlab/drone_ws/install/drone_localization:/opt/ros/iron CONDA_PROMPT_MODIFIER=(base) /home/anton202/.local/bin/cmake --install /home/anton202/devlab/drone_ws/build/usb_cam
[0.944s] Level 1:colcon.colcon_core.environment:create_environment_scripts_only(usb_cam)
[0.945s] DEBUG:colcon.colcon_core.event_handler.log_command:Invoked command in '/home/anton202/devlab/drone_ws/build/usb_cam' returned '0': CMAKE_PREFIX_PATH=${CMAKE_PREFIX_PATH}:/home/anton202/devlab/drone_ws/install/ros2_aruco:/home/anton202/devlab/drone_ws/install/py_pubsub:/home/anton202/devlab/drone_ws/install/learning_tf2_py:/home/anton202/devlab/drone_ws/install/drone_localization:/opt/ros/iron CONDA_PROMPT_MODIFIER=(base) /home/anton202/.local/bin/cmake --install /home/anton202/devlab/drone_ws/build/usb_cam
[0.947s] Level 1:colcon.colcon_core.environment:checking '/home/anton202/devlab/drone_ws/install/usb_cam' for CMake module files
[0.948s] Level 1:colcon.colcon_core.environment:checking '/home/anton202/devlab/drone_ws/install/usb_cam' for CMake config files
[0.948s] Level 1:colcon.colcon_core.shell:create_environment_hook('usb_cam', 'cmake_prefix_path')
[0.948s] INFO:colcon.colcon_core.shell:Creating environment hook '/home/anton202/devlab/drone_ws/install/usb_cam/share/usb_cam/hook/cmake_prefix_path.ps1'
[0.949s] INFO:colcon.colcon_core.shell:Creating environment descriptor '/home/anton202/devlab/drone_ws/install/usb_cam/share/usb_cam/hook/cmake_prefix_path.dsv'
[0.949s] INFO:colcon.colcon_core.shell:Creating environment hook '/home/anton202/devlab/drone_ws/install/usb_cam/share/usb_cam/hook/cmake_prefix_path.sh'
[0.950s] Level 1:colcon.colcon_core.environment:checking '/home/anton202/devlab/drone_ws/install/usb_cam/lib'
[0.950s] Level 1:colcon.colcon_core.shell:create_environment_hook('usb_cam', 'ld_library_path_lib')
[0.950s] INFO:colcon.colcon_core.shell:Creating environment hook '/home/anton202/devlab/drone_ws/install/usb_cam/share/usb_cam/hook/ld_library_path_lib.ps1'
[0.950s] INFO:colcon.colcon_core.shell:Creating environment descriptor '/home/anton202/devlab/drone_ws/install/usb_cam/share/usb_cam/hook/ld_library_path_lib.dsv'
[0.951s] INFO:colcon.colcon_core.shell:Creating environment hook '/home/anton202/devlab/drone_ws/install/usb_cam/share/usb_cam/hook/ld_library_path_lib.sh'
[0.951s] Level 1:colcon.colcon_core.environment:checking '/home/anton202/devlab/drone_ws/install/usb_cam/bin'
[0.951s] Level 1:colcon.colcon_core.environment:checking '/home/anton202/devlab/drone_ws/install/usb_cam/lib/pkgconfig/usb_cam.pc'
[0.951s] Level 1:colcon.colcon_core.environment:checking '/home/anton202/devlab/drone_ws/install/usb_cam/lib/python3.10/site-packages'
[0.952s] Level 1:colcon.colcon_core.environment:checking '/home/anton202/devlab/drone_ws/install/usb_cam/bin'
[0.952s] INFO:colcon.colcon_core.shell:Creating package script '/home/anton202/devlab/drone_ws/install/usb_cam/share/usb_cam/package.ps1'
[0.953s] INFO:colcon.colcon_core.shell:Creating package descriptor '/home/anton202/devlab/drone_ws/install/usb_cam/share/usb_cam/package.dsv'
[0.953s] INFO:colcon.colcon_core.shell:Creating package script '/home/anton202/devlab/drone_ws/install/usb_cam/share/usb_cam/package.sh'
[0.954s] INFO:colcon.colcon_core.shell:Creating package script '/home/anton202/devlab/drone_ws/install/usb_cam/share/usb_cam/package.bash'
[0.955s] INFO:colcon.colcon_core.shell:Creating package script '/home/anton202/devlab/drone_ws/install/usb_cam/share/usb_cam/package.zsh'
[0.955s] Level 1:colcon.colcon_core.environment:create_file_with_runtime_dependencies(/home/anton202/devlab/drone_ws/install/usb_cam/share/colcon-core/packages/usb_cam)
[1.039s] Level 1:colcon.colcon_core.environment:create_environment_scripts_only(usb_cam)
[1.039s] Level 1:colcon.colcon_core.environment:checking '/home/anton202/devlab/drone_ws/install/usb_cam' for CMake module files
[1.040s] Level 1:colcon.colcon_core.environment:checking '/home/anton202/devlab/drone_ws/install/usb_cam' for CMake config files
[1.040s] Level 1:colcon.colcon_core.shell:create_environment_hook('usb_cam', 'cmake_prefix_path')
[1.040s] INFO:colcon.colcon_core.shell:Creating environment hook '/home/anton202/devlab/drone_ws/install/usb_cam/share/usb_cam/hook/cmake_prefix_path.ps1'
[1.040s] INFO:colcon.colcon_core.shell:Creating environment descriptor '/home/anton202/devlab/drone_ws/install/usb_cam/share/usb_cam/hook/cmake_prefix_path.dsv'
[1.041s] INFO:colcon.colcon_core.shell:Creating environment hook '/home/anton202/devlab/drone_ws/install/usb_cam/share/usb_cam/hook/cmake_prefix_path.sh'
[1.041s] Level 1:colcon.colcon_core.environment:checking '/home/anton202/devlab/drone_ws/install/usb_cam/lib'
[1.041s] Level 1:colcon.colcon_core.shell:create_environment_hook('usb_cam', 'ld_library_path_lib')
[1.041s] INFO:colcon.colcon_core.shell:Creating environment hook '/home/anton202/devlab/drone_ws/install/usb_cam/share/usb_cam/hook/ld_library_path_lib.ps1'
[1.042s] INFO:colcon.colcon_core.shell:Creating environment descriptor '/home/anton202/devlab/drone_ws/install/usb_cam/share/usb_cam/hook/ld_library_path_lib.dsv'
[1.042s] INFO:colcon.colcon_core.shell:Creating environment hook '/home/anton202/devlab/drone_ws/install/usb_cam/share/usb_cam/hook/ld_library_path_lib.sh'
[1.042s] Level 1:colcon.colcon_core.environment:checking '/home/anton202/devlab/drone_ws/install/usb_cam/bin'
[1.042s] Level 1:colcon.colcon_core.environment:checking '/home/anton202/devlab/drone_ws/install/usb_cam/lib/pkgconfig/usb_cam.pc'
[1.042s] Level 1:colcon.colcon_core.environment:checking '/home/anton202/devlab/drone_ws/install/usb_cam/lib/python3.10/site-packages'
[1.043s] Level 1:colcon.colcon_core.environment:checking '/home/anton202/devlab/drone_ws/install/usb_cam/bin'
[1.043s] INFO:colcon.colcon_core.shell:Creating package script '/home/anton202/devlab/drone_ws/install/usb_cam/share/usb_cam/package.ps1'
[1.043s] INFO:colcon.colcon_core.shell:Creating package descriptor '/home/anton202/devlab/drone_ws/install/usb_cam/share/usb_cam/package.dsv'
[1.044s] INFO:colcon.colcon_core.shell:Creating package script '/home/anton202/devlab/drone_ws/install/usb_cam/share/usb_cam/package.sh'
[1.044s] INFO:colcon.colcon_core.shell:Creating package script '/home/anton202/devlab/drone_ws/install/usb_cam/share/usb_cam/package.bash'
[1.045s] INFO:colcon.colcon_core.shell:Creating package script '/home/anton202/devlab/drone_ws/install/usb_cam/share/usb_cam/package.zsh'
[1.045s] Level 1:colcon.colcon_core.environment:create_file_with_runtime_dependencies(/home/anton202/devlab/drone_ws/install/usb_cam/share/colcon-core/packages/usb_cam)
[1.049s] DEBUG:colcon.colcon_core.event_handler.log_command:Invoking command in '/home/anton202/devlab/drone_ws/src/learning_tf2_py': CONDA_PROMPT_MODIFIER=(base) PYTHONPATH=/home/anton202/devlab/drone_ws/build/learning_tf2_py/prefix_override:/home/anton202/devlab/drone_ws/install/learning_tf2_py/lib/python3.10/site-packages:${PYTHONPATH} /usr/bin/python3 -W ignore:setup.py install is deprecated setup.py egg_info --egg-base ../../build/learning_tf2_py build --build-base /home/anton202/devlab/drone_ws/build/learning_tf2_py/build install --record /home/anton202/devlab/drone_ws/build/learning_tf2_py/install.log --single-version-externally-managed install_data
[1.052s] DEBUG:colcon.colcon_core.event_handler.log_command:Invoking command in '/home/anton202/devlab/drone_ws/src/drone_localization': CONDA_PROMPT_MODIFIER=(base) PYTHONPATH=/home/anton202/devlab/drone_ws/build/drone_localization/prefix_override:/home/anton202/devlab/drone_ws/install/drone_localization/lib/python3.10/site-packages:${PYTHONPATH} /usr/bin/python3 -W ignore:setup.py install is deprecated setup.py egg_info --egg-base ../../build/drone_localization build --build-base /home/anton202/devlab/drone_ws/build/drone_localization/build install --record /home/anton202/devlab/drone_ws/build/drone_localization/install.log --single-version-externally-managed install_data
[1.054s] DEBUG:colcon.colcon_core.event_handler.log_command:Invoking command in '/home/anton202/devlab/drone_ws/src/py_pubsub': CONDA_PROMPT_MODIFIER=(base) PYTHONPATH=/home/anton202/devlab/drone_ws/build/py_pubsub/prefix_override:/home/anton202/devlab/drone_ws/install/py_pubsub/lib/python3.10/site-packages:${PYTHONPATH} /usr/bin/python3 -W ignore:setup.py install is deprecated setup.py egg_info --egg-base ../../build/py_pubsub build --build-base /home/anton202/devlab/drone_ws/build/py_pubsub/build install --record /home/anton202/devlab/drone_ws/build/py_pubsub/install.log --single-version-externally-managed install_data
[1.054s] DEBUG:colcon.colcon_core.event_handler.log_command:Invoking command in '/home/anton202/devlab/drone_ws/src/ros2_aruco/ros2_aruco': CONDA_PROMPT_MODIFIER=(base) PYTHONPATH=/home/anton202/devlab/drone_ws/build/ros2_aruco/prefix_override:/home/anton202/devlab/drone_ws/install/ros2_aruco/lib/python3.10/site-packages:${PYTHONPATH} /usr/bin/python3 -W ignore:setup.py install is deprecated setup.py egg_info --egg-base ../../../build/ros2_aruco build --build-base /home/anton202/devlab/drone_ws/build/ros2_aruco/build install --record /home/anton202/devlab/drone_ws/build/ros2_aruco/install.log --single-version-externally-managed install_data
[1.076s] DEBUG:colcon.colcon_core.event_handler.log_command:Invoked command in '/home/anton202/devlab/drone_ws/build/ros2_aruco_interfaces' returned '0': CMAKE_PREFIX_PATH=${CMAKE_PREFIX_PATH}:/home/anton202/devlab/drone_ws/install/ros2_aruco:/home/anton202/devlab/drone_ws/install/py_pubsub:/home/anton202/devlab/drone_ws/install/learning_tf2_py:/home/anton202/devlab/drone_ws/install/drone_localization:/opt/ros/iron CONDA_PROMPT_MODIFIER=(base) /home/anton202/.local/bin/cmake --build /home/anton202/devlab/drone_ws/build/ros2_aruco_interfaces -- -j20 -l20
[1.171s] DEBUG:colcon.colcon_core.event_handler.log_command:Invoking command in '/home/anton202/devlab/drone_ws/build/ros2_aruco_interfaces': CMAKE_PREFIX_PATH=${CMAKE_PREFIX_PATH}:/home/anton202/devlab/drone_ws/install/ros2_aruco:/home/anton202/devlab/drone_ws/install/py_pubsub:/home/anton202/devlab/drone_ws/install/learning_tf2_py:/home/anton202/devlab/drone_ws/install/drone_localization:/opt/ros/iron CONDA_PROMPT_MODIFIER=(base) /home/anton202/.local/bin/cmake --install /home/anton202/devlab/drone_ws/build/ros2_aruco_interfaces
[1.262s] Level 1:colcon.colcon_core.environment:create_environment_scripts_only(ros2_aruco_interfaces)
[1.263s] Level 1:colcon.colcon_core.environment:checking '/home/anton202/devlab/drone_ws/install/ros2_aruco_interfaces' for CMake module files
[1.263s] DEBUG:colcon.colcon_core.event_handler.log_command:Invoked command in '/home/anton202/devlab/drone_ws/build/ros2_aruco_interfaces' returned '0': CMAKE_PREFIX_PATH=${CMAKE_PREFIX_PATH}:/home/anton202/devlab/drone_ws/install/ros2_aruco:/home/anton202/devlab/drone_ws/install/py_pubsub:/home/anton202/devlab/drone_ws/install/learning_tf2_py:/home/anton202/devlab/drone_ws/install/drone_localization:/opt/ros/iron CONDA_PROMPT_MODIFIER=(base) /home/anton202/.local/bin/cmake --install /home/anton202/devlab/drone_ws/build/ros2_aruco_interfaces
[1.263s] Level 1:colcon.colcon_core.environment:checking '/home/anton202/devlab/drone_ws/install/ros2_aruco_interfaces' for CMake config files
[1.263s] Level 1:colcon.colcon_core.shell:create_environment_hook('ros2_aruco_interfaces', 'cmake_prefix_path')
[1.264s] INFO:colcon.colcon_core.shell:Creating environment hook '/home/anton202/devlab/drone_ws/install/ros2_aruco_interfaces/share/ros2_aruco_interfaces/hook/cmake_prefix_path.ps1'
[1.264s] INFO:colcon.colcon_core.shell:Creating environment descriptor '/home/anton202/devlab/drone_ws/install/ros2_aruco_interfaces/share/ros2_aruco_interfaces/hook/cmake_prefix_path.dsv'
[1.264s] INFO:colcon.colcon_core.shell:Creating environment hook '/home/anton202/devlab/drone_ws/install/ros2_aruco_interfaces/share/ros2_aruco_interfaces/hook/cmake_prefix_path.sh'
[1.265s] Level 1:colcon.colcon_core.environment:checking '/home/anton202/devlab/drone_ws/install/ros2_aruco_interfaces/lib'
[1.265s] Level 1:colcon.colcon_core.shell:create_environment_hook('ros2_aruco_interfaces', 'ld_library_path_lib')
[1.265s] INFO:colcon.colcon_core.shell:Creating environment hook '/home/anton202/devlab/drone_ws/install/ros2_aruco_interfaces/share/ros2_aruco_interfaces/hook/ld_library_path_lib.ps1'
[1.265s] INFO:colcon.colcon_core.shell:Creating environment descriptor '/home/anton202/devlab/drone_ws/install/ros2_aruco_interfaces/share/ros2_aruco_interfaces/hook/ld_library_path_lib.dsv'
[1.266s] INFO:colcon.colcon_core.shell:Creating environment hook '/home/anton202/devlab/drone_ws/install/ros2_aruco_interfaces/share/ros2_aruco_interfaces/hook/ld_library_path_lib.sh'
[1.266s] Level 1:colcon.colcon_core.environment:checking '/home/anton202/devlab/drone_ws/install/ros2_aruco_interfaces/bin'
[1.266s] Level 1:colcon.colcon_core.environment:checking '/home/anton202/devlab/drone_ws/install/ros2_aruco_interfaces/lib/pkgconfig/ros2_aruco_interfaces.pc'
[1.266s] Level 1:colcon.colcon_core.environment:checking '/home/anton202/devlab/drone_ws/install/ros2_aruco_interfaces/lib/python3.10/site-packages'
[1.266s] Level 1:colcon.colcon_core.shell:create_environment_hook('ros2_aruco_interfaces', 'pythonpath')
[1.266s] INFO:colcon.colcon_core.shell:Creating environment hook '/home/anton202/devlab/drone_ws/install/ros2_aruco_interfaces/share/ros2_aruco_interfaces/hook/pythonpath.ps1'
[1.267s] INFO:colcon.colcon_core.shell:Creating environment descriptor '/home/anton202/devlab/drone_ws/install/ros2_aruco_interfaces/share/ros2_aruco_interfaces/hook/pythonpath.dsv'
[1.267s] INFO:colcon.colcon_core.shell:Creating environment hook '/home/anton202/devlab/drone_ws/install/ros2_aruco_interfaces/share/ros2_aruco_interfaces/hook/pythonpath.sh'
[1.267s] Level 1:colcon.colcon_core.environment:checking '/home/anton202/devlab/drone_ws/install/ros2_aruco_interfaces/bin'
[1.267s] INFO:colcon.colcon_core.shell:Creating package script '/home/anton202/devlab/drone_ws/install/ros2_aruco_interfaces/share/ros2_aruco_interfaces/package.ps1'
[1.268s] INFO:colcon.colcon_core.shell:Creating package descriptor '/home/anton202/devlab/drone_ws/install/ros2_aruco_interfaces/share/ros2_aruco_interfaces/package.dsv'
[1.268s] INFO:colcon.colcon_core.shell:Creating package script '/home/anton202/devlab/drone_ws/install/ros2_aruco_interfaces/share/ros2_aruco_interfaces/package.sh'
[1.268s] INFO:colcon.colcon_core.shell:Creating package script '/home/anton202/devlab/drone_ws/install/ros2_aruco_interfaces/share/ros2_aruco_interfaces/package.bash'
[1.268s] INFO:colcon.colcon_core.shell:Creating package script '/home/anton202/devlab/drone_ws/install/ros2_aruco_interfaces/share/ros2_aruco_interfaces/package.zsh'
[1.268s] Level 1:colcon.colcon_core.environment:create_file_with_runtime_dependencies(/home/anton202/devlab/drone_ws/install/ros2_aruco_interfaces/share/colcon-core/packages/ros2_aruco_interfaces)
[1.362s] Level 1:colcon.colcon_core.environment:create_environment_scripts_only(ros2_aruco_interfaces)
[1.363s] Level 1:colcon.colcon_core.environment:checking '/home/anton202/devlab/drone_ws/install/ros2_aruco_interfaces' for CMake module files
[1.364s] Level 1:colcon.colcon_core.environment:checking '/home/anton202/devlab/drone_ws/install/ros2_aruco_interfaces' for CMake config files
[1.364s] Level 1:colcon.colcon_core.shell:create_environment_hook('ros2_aruco_interfaces', 'cmake_prefix_path')
[1.365s] INFO:colcon.colcon_core.shell:Creating environment hook '/home/anton202/devlab/drone_ws/install/ros2_aruco_interfaces/share/ros2_aruco_interfaces/hook/cmake_prefix_path.ps1'
[1.365s] INFO:colcon.colcon_core.shell:Creating environment descriptor '/home/anton202/devlab/drone_ws/install/ros2_aruco_interfaces/share/ros2_aruco_interfaces/hook/cmake_prefix_path.dsv'
[1.365s] INFO:colcon.colcon_core.shell:Creating environment hook '/home/anton202/devlab/drone_ws/install/ros2_aruco_interfaces/share/ros2_aruco_interfaces/hook/cmake_prefix_path.sh'
[1.366s] Level 1:colcon.colcon_core.environment:checking '/home/anton202/devlab/drone_ws/install/ros2_aruco_interfaces/lib'
[1.366s] Level 1:colcon.colcon_core.shell:create_environment_hook('ros2_aruco_interfaces', 'ld_library_path_lib')
[1.366s] INFO:colcon.colcon_core.shell:Creating environment hook '/home/anton202/devlab/drone_ws/install/ros2_aruco_interfaces/share/ros2_aruco_interfaces/hook/ld_library_path_lib.ps1'
[1.367s] INFO:colcon.colcon_core.shell:Creating environment descriptor '/home/anton202/devlab/drone_ws/install/ros2_aruco_interfaces/share/ros2_aruco_interfaces/hook/ld_library_path_lib.dsv'
[1.367s] INFO:colcon.colcon_core.shell:Creating environment hook '/home/anton202/devlab/drone_ws/install/ros2_aruco_interfaces/share/ros2_aruco_interfaces/hook/ld_library_path_lib.sh'
[1.368s] Level 1:colcon.colcon_core.environment:checking '/home/anton202/devlab/drone_ws/install/ros2_aruco_interfaces/bin'
[1.368s] Level 1:colcon.colcon_core.environment:checking '/home/anton202/devlab/drone_ws/install/ros2_aruco_interfaces/lib/pkgconfig/ros2_aruco_interfaces.pc'
[1.368s] Level 1:colcon.colcon_core.environment:checking '/home/anton202/devlab/drone_ws/install/ros2_aruco_interfaces/lib/python3.10/site-packages'
[1.368s] Level 1:colcon.colcon_core.shell:create_environment_hook('ros2_aruco_interfaces', 'pythonpath')
[1.368s] INFO:colcon.colcon_core.shell:Creating environment hook '/home/anton202/devlab/drone_ws/install/ros2_aruco_interfaces/share/ros2_aruco_interfaces/hook/pythonpath.ps1'
[1.369s] INFO:colcon.colcon_core.shell:Creating environment descriptor '/home/anton202/devlab/drone_ws/install/ros2_aruco_interfaces/share/ros2_aruco_interfaces/hook/pythonpath.dsv'
[1.369s] INFO:colcon.colcon_core.shell:Creating environment hook '/home/anton202/devlab/drone_ws/install/ros2_aruco_interfaces/share/ros2_aruco_interfaces/hook/pythonpath.sh'
[1.370s] Level 1:colcon.colcon_core.environment:checking '/home/anton202/devlab/drone_ws/install/ros2_aruco_interfaces/bin'
[1.370s] INFO:colcon.colcon_core.shell:Creating package script '/home/anton202/devlab/drone_ws/install/ros2_aruco_interfaces/share/ros2_aruco_interfaces/package.ps1'
[1.371s] INFO:colcon.colcon_core.shell:Creating package descriptor '/home/anton202/devlab/drone_ws/install/ros2_aruco_interfaces/share/ros2_aruco_interfaces/package.dsv'
[1.371s] INFO:colcon.colcon_core.shell:Creating package script '/home/anton202/devlab/drone_ws/install/ros2_aruco_interfaces/share/ros2_aruco_interfaces/package.sh'
[1.372s] INFO:colcon.colcon_core.shell:Creating package script '/home/anton202/devlab/drone_ws/install/ros2_aruco_interfaces/share/ros2_aruco_interfaces/package.bash'
[1.372s] INFO:colcon.colcon_core.shell:Creating package script '/home/anton202/devlab/drone_ws/install/ros2_aruco_interfaces/share/ros2_aruco_interfaces/package.zsh'
[1.373s] Level 1:colcon.colcon_core.environment:create_file_with_runtime_dependencies(/home/anton202/devlab/drone_ws/install/ros2_aruco_interfaces/share/colcon-core/packages/ros2_aruco_interfaces)
[1.398s] Level 1:colcon.colcon_core.environment:checking '/home/anton202/devlab/drone_ws/install/drone_localization' for CMake module files
[1.398s] DEBUG:colcon.colcon_core.event_handler.log_command:Invoked command in '/home/anton202/devlab/drone_ws/src/drone_localization' returned '0': CONDA_PROMPT_MODIFIER=(base) PYTHONPATH=/home/anton202/devlab/drone_ws/build/drone_localization/prefix_override:/home/anton202/devlab/drone_ws/install/drone_localization/lib/python3.10/site-packages:${PYTHONPATH} /usr/bin/python3 -W ignore:setup.py install is deprecated setup.py egg_info --egg-base ../../build/drone_localization build --build-base /home/anton202/devlab/drone_ws/build/drone_localization/build install --record /home/anton202/devlab/drone_ws/build/drone_localization/install.log --single-version-externally-managed install_data
[1.399s] Level 1:colcon.colcon_core.environment:checking '/home/anton202/devlab/drone_ws/install/drone_localization' for CMake config files
[1.399s] Level 1:colcon.colcon_core.environment:checking '/home/anton202/devlab/drone_ws/install/drone_localization/lib'
[1.399s] Level 1:colcon.colcon_core.environment:checking '/home/anton202/devlab/drone_ws/install/drone_localization/bin'
[1.399s] Level 1:colcon.colcon_core.environment:checking '/home/anton202/devlab/drone_ws/install/drone_localization/lib/pkgconfig/drone_localization.pc'
[1.400s] Level 1:colcon.colcon_core.environment:checking '/home/anton202/devlab/drone_ws/install/drone_localization/lib/python3.10/site-packages'
[1.400s] Level 1:colcon.colcon_core.shell:create_environment_hook('drone_localization', 'pythonpath')
[1.400s] INFO:colcon.colcon_core.shell:Creating environment hook '/home/anton202/devlab/drone_ws/install/drone_localization/share/drone_localization/hook/pythonpath.ps1'
[1.400s] INFO:colcon.colcon_core.shell:Creating environment descriptor '/home/anton202/devlab/drone_ws/install/drone_localization/share/drone_localization/hook/pythonpath.dsv'
[1.401s] INFO:colcon.colcon_core.shell:Creating environment hook '/home/anton202/devlab/drone_ws/install/drone_localization/share/drone_localization/hook/pythonpath.sh'
[1.401s] Level 1:colcon.colcon_core.environment:checking '/home/anton202/devlab/drone_ws/install/drone_localization/bin'
[1.401s] Level 1:colcon.colcon_core.environment:create_environment_scripts_only(drone_localization)
[1.402s] INFO:colcon.colcon_core.shell:Creating package script '/home/anton202/devlab/drone_ws/install/drone_localization/share/drone_localization/package.ps1'
[1.402s] INFO:colcon.colcon_core.shell:Creating package descriptor '/home/anton202/devlab/drone_ws/install/drone_localization/share/drone_localization/package.dsv'
[1.403s] INFO:colcon.colcon_core.shell:Creating package script '/home/anton202/devlab/drone_ws/install/drone_localization/share/drone_localization/package.sh'
[1.403s] INFO:colcon.colcon_core.shell:Creating package script '/home/anton202/devlab/drone_ws/install/drone_localization/share/drone_localization/package.bash'
[1.403s] INFO:colcon.colcon_core.shell:Creating package script '/home/anton202/devlab/drone_ws/install/drone_localization/share/drone_localization/package.zsh'
[1.404s] Level 1:colcon.colcon_core.environment:create_file_with_runtime_dependencies(/home/anton202/devlab/drone_ws/install/drone_localization/share/colcon-core/packages/drone_localization)
[1.404s] Level 1:colcon.colcon_core.environment:checking '/home/anton202/devlab/drone_ws/install/learning_tf2_py' for CMake module files
[1.405s] DEBUG:colcon.colcon_core.event_handler.log_command:Invoked command in '/home/anton202/devlab/drone_ws/src/learning_tf2_py' returned '0': CONDA_PROMPT_MODIFIER=(base) PYTHONPATH=/home/anton202/devlab/drone_ws/build/learning_tf2_py/prefix_override:/home/anton202/devlab/drone_ws/install/learning_tf2_py/lib/python3.10/site-packages:${PYTHONPATH} /usr/bin/python3 -W ignore:setup.py install is deprecated setup.py egg_info --egg-base ../../build/learning_tf2_py build --build-base /home/anton202/devlab/drone_ws/build/learning_tf2_py/build install --record /home/anton202/devlab/drone_ws/build/learning_tf2_py/install.log --single-version-externally-managed install_data
[1.405s] Level 1:colcon.colcon_core.environment:checking '/home/anton202/devlab/drone_ws/install/learning_tf2_py' for CMake config files
[1.406s] Level 1:colcon.colcon_core.environment:checking '/home/anton202/devlab/drone_ws/install/learning_tf2_py/lib'
[1.406s] Level 1:colcon.colcon_core.environment:checking '/home/anton202/devlab/drone_ws/install/learning_tf2_py/bin'
[1.406s] Level 1:colcon.colcon_core.environment:checking '/home/anton202/devlab/drone_ws/install/learning_tf2_py/lib/pkgconfig/learning_tf2_py.pc'
[1.406s] Level 1:colcon.colcon_core.environment:checking '/home/anton202/devlab/drone_ws/install/learning_tf2_py/lib/python3.10/site-packages'
[1.406s] Level 1:colcon.colcon_core.shell:create_environment_hook('learning_tf2_py', 'pythonpath')
[1.406s] INFO:colcon.colcon_core.shell:Creating environment hook '/home/anton202/devlab/drone_ws/install/learning_tf2_py/share/learning_tf2_py/hook/pythonpath.ps1'
[1.407s] INFO:colcon.colcon_core.shell:Creating environment descriptor '/home/anton202/devlab/drone_ws/install/learning_tf2_py/share/learning_tf2_py/hook/pythonpath.dsv'
[1.407s] INFO:colcon.colcon_core.shell:Creating environment hook '/home/anton202/devlab/drone_ws/install/learning_tf2_py/share/learning_tf2_py/hook/pythonpath.sh'
[1.407s] Level 1:colcon.colcon_core.environment:checking '/home/anton202/devlab/drone_ws/install/learning_tf2_py/bin'
[1.407s] Level 1:colcon.colcon_core.environment:create_environment_scripts_only(learning_tf2_py)
[1.408s] INFO:colcon.colcon_core.shell:Creating package script '/home/anton202/devlab/drone_ws/install/learning_tf2_py/share/learning_tf2_py/package.ps1'
[1.408s] INFO:colcon.colcon_core.shell:Creating package descriptor '/home/anton202/devlab/drone_ws/install/learning_tf2_py/share/learning_tf2_py/package.dsv'
[1.408s] INFO:colcon.colcon_core.shell:Creating package script '/home/anton202/devlab/drone_ws/install/learning_tf2_py/share/learning_tf2_py/package.sh'
[1.409s] INFO:colcon.colcon_core.shell:Creating package script '/home/anton202/devlab/drone_ws/install/learning_tf2_py/share/learning_tf2_py/package.bash'
[1.409s] INFO:colcon.colcon_core.shell:Creating package script '/home/anton202/devlab/drone_ws/install/learning_tf2_py/share/learning_tf2_py/package.zsh'
[1.409s] Level 1:colcon.colcon_core.environment:create_file_with_runtime_dependencies(/home/anton202/devlab/drone_ws/install/learning_tf2_py/share/colcon-core/packages/learning_tf2_py)
[1.410s] Level 1:colcon.colcon_core.environment:checking '/home/anton202/devlab/drone_ws/install/py_pubsub' for CMake module files
[1.411s] DEBUG:colcon.colcon_core.event_handler.log_command:Invoked command in '/home/anton202/devlab/drone_ws/src/py_pubsub' returned '0': CONDA_PROMPT_MODIFIER=(base) PYTHONPATH=/home/anton202/devlab/drone_ws/build/py_pubsub/prefix_override:/home/anton202/devlab/drone_ws/install/py_pubsub/lib/python3.10/site-packages:${PYTHONPATH} /usr/bin/python3 -W ignore:setup.py install is deprecated setup.py egg_info --egg-base ../../build/py_pubsub build --build-base /home/anton202/devlab/drone_ws/build/py_pubsub/build install --record /home/anton202/devlab/drone_ws/build/py_pubsub/install.log --single-version-externally-managed install_data
[1.411s] Level 1:colcon.colcon_core.environment:checking '/home/anton202/devlab/drone_ws/install/py_pubsub' for CMake config files
[1.411s] Level 1:colcon.colcon_core.environment:checking '/home/anton202/devlab/drone_ws/install/py_pubsub/lib'
[1.411s] Level 1:colcon.colcon_core.environment:checking '/home/anton202/devlab/drone_ws/install/py_pubsub/bin'
[1.411s] Level 1:colcon.colcon_core.environment:checking '/home/anton202/devlab/drone_ws/install/py_pubsub/lib/pkgconfig/py_pubsub.pc'
[1.412s] Level 1:colcon.colcon_core.environment:checking '/home/anton202/devlab/drone_ws/install/py_pubsub/lib/python3.10/site-packages'
[1.412s] Level 1:colcon.colcon_core.shell:create_environment_hook('py_pubsub', 'pythonpath')
[1.412s] INFO:colcon.colcon_core.shell:Creating environment hook '/home/anton202/devlab/drone_ws/install/py_pubsub/share/py_pubsub/hook/pythonpath.ps1'
[1.412s] INFO:colcon.colcon_core.shell:Creating environment descriptor '/home/anton202/devlab/drone_ws/install/py_pubsub/share/py_pubsub/hook/pythonpath.dsv'
[1.412s] INFO:colcon.colcon_core.shell:Creating environment hook '/home/anton202/devlab/drone_ws/install/py_pubsub/share/py_pubsub/hook/pythonpath.sh'
[1.413s] Level 1:colcon.colcon_core.environment:checking '/home/anton202/devlab/drone_ws/install/py_pubsub/bin'
[1.413s] Level 1:colcon.colcon_core.environment:create_environment_scripts_only(py_pubsub)
[1.413s] INFO:colcon.colcon_core.shell:Creating package script '/home/anton202/devlab/drone_ws/install/py_pubsub/share/py_pubsub/package.ps1'
[1.413s] INFO:colcon.colcon_core.shell:Creating package descriptor '/home/anton202/devlab/drone_ws/install/py_pubsub/share/py_pubsub/package.dsv'
[1.414s] INFO:colcon.colcon_core.shell:Creating package script '/home/anton202/devlab/drone_ws/install/py_pubsub/share/py_pubsub/package.sh'
[1.414s] INFO:colcon.colcon_core.shell:Creating package script '/home/anton202/devlab/drone_ws/install/py_pubsub/share/py_pubsub/package.bash'
[1.414s] INFO:colcon.colcon_core.shell:Creating package script '/home/anton202/devlab/drone_ws/install/py_pubsub/share/py_pubsub/package.zsh'
[1.414s] Level 1:colcon.colcon_core.environment:create_file_with_runtime_dependencies(/home/anton202/devlab/drone_ws/install/py_pubsub/share/colcon-core/packages/py_pubsub)
[1.415s] Level 1:colcon.colcon_core.environment:checking '/home/anton202/devlab/drone_ws/install/ros2_aruco' for CMake module files
[1.415s] Level 1:colcon.colcon_core.environment:checking '/home/anton202/devlab/drone_ws/install/ros2_aruco' for CMake config files
[1.416s] DEBUG:colcon.colcon_core.event_handler.log_command:Invoked command in '/home/anton202/devlab/drone_ws/src/ros2_aruco/ros2_aruco' returned '0': CONDA_PROMPT_MODIFIER=(base) PYTHONPATH=/home/anton202/devlab/drone_ws/build/ros2_aruco/prefix_override:/home/anton202/devlab/drone_ws/install/ros2_aruco/lib/python3.10/site-packages:${PYTHONPATH} /usr/bin/python3 -W ignore:setup.py install is deprecated setup.py egg_info --egg-base ../../../build/ros2_aruco build --build-base /home/anton202/devlab/drone_ws/build/ros2_aruco/build install --record /home/anton202/devlab/drone_ws/build/ros2_aruco/install.log --single-version-externally-managed install_data
[1.416s] Level 1:colcon.colcon_core.environment:checking '/home/anton202/devlab/drone_ws/install/ros2_aruco/lib'
[1.416s] Level 1:colcon.colcon_core.environment:checking '/home/anton202/devlab/drone_ws/install/ros2_aruco/bin'
[1.416s] Level 1:colcon.colcon_core.environment:checking '/home/anton202/devlab/drone_ws/install/ros2_aruco/lib/pkgconfig/ros2_aruco.pc'
[1.416s] Level 1:colcon.colcon_core.environment:checking '/home/anton202/devlab/drone_ws/install/ros2_aruco/lib/python3.10/site-packages'
[1.416s] Level 1:colcon.colcon_core.shell:create_environment_hook('ros2_aruco', 'pythonpath')
[1.417s] INFO:colcon.colcon_core.shell:Creating environment hook '/home/anton202/devlab/drone_ws/install/ros2_aruco/share/ros2_aruco/hook/pythonpath.ps1'
[1.417s] INFO:colcon.colcon_core.shell:Creating environment descriptor '/home/anton202/devlab/drone_ws/install/ros2_aruco/share/ros2_aruco/hook/pythonpath.dsv'
[1.417s] INFO:colcon.colcon_core.shell:Creating environment hook '/home/anton202/devlab/drone_ws/install/ros2_aruco/share/ros2_aruco/hook/pythonpath.sh'
[1.417s] Level 1:colcon.colcon_core.environment:checking '/home/anton202/devlab/drone_ws/install/ros2_aruco/bin'
[1.417s] Level 1:colcon.colcon_core.environment:create_environment_scripts_only(ros2_aruco)
[1.418s] INFO:colcon.colcon_core.shell:Creating package script '/home/anton202/devlab/drone_ws/install/ros2_aruco/share/ros2_aruco/package.ps1'
[1.418s] INFO:colcon.colcon_core.shell:Creating package descriptor '/home/anton202/devlab/drone_ws/install/ros2_aruco/share/ros2_aruco/package.dsv'
[1.418s] INFO:colcon.colcon_core.shell:Creating package script '/home/anton202/devlab/drone_ws/install/ros2_aruco/share/ros2_aruco/package.sh'
[1.419s] INFO:colcon.colcon_core.shell:Creating package script '/home/anton202/devlab/drone_ws/install/ros2_aruco/share/ros2_aruco/package.bash'
[1.419s] INFO:colcon.colcon_core.shell:Creating package script '/home/anton202/devlab/drone_ws/install/ros2_aruco/share/ros2_aruco/package.zsh'
[1.419s] Level 1:colcon.colcon_core.environment:create_file_with_runtime_dependencies(/home/anton202/devlab/drone_ws/install/ros2_aruco/share/colcon-core/packages/ros2_aruco)
[1.419s] DEBUG:colcon.colcon_parallel_executor.executor.parallel:closing loop
[1.419s] DEBUG:colcon.colcon_parallel_executor.executor.parallel:loop closed
[1.419s] DEBUG:colcon.colcon_parallel_executor.executor.parallel:run_until_complete finished with '0'
[1.419s] DEBUG:colcon.colcon_core.event_reactor:joining thread
[1.424s] INFO:colcon.colcon_core.plugin_system:Skipping extension 'colcon_notification.desktop_notification.terminal_notifier': Not used on non-Darwin systems
[1.424s] INFO:colcon.colcon_core.plugin_system:Skipping extension 'colcon_notification.desktop_notification.win32': Not used on non-Windows systems
[1.424s] INFO:colcon.colcon_notification.desktop_notification:Sending desktop notification using 'notify2'
[1.435s] DEBUG:colcon.colcon_core.event_reactor:joined thread
[1.435s] INFO:colcon.colcon_core.shell:Creating prefix script '/home/anton202/devlab/drone_ws/install/local_setup.ps1'
[1.436s] INFO:colcon.colcon_core.shell:Creating prefix util module '/home/anton202/devlab/drone_ws/install/_local_setup_util_ps1.py'
[1.437s] INFO:colcon.colcon_core.shell:Creating prefix chain script '/home/anton202/devlab/drone_ws/install/setup.ps1'
[1.438s] INFO:colcon.colcon_core.shell:Creating prefix script '/home/anton202/devlab/drone_ws/install/local_setup.sh'
[1.439s] INFO:colcon.colcon_core.shell:Creating prefix util module '/home/anton202/devlab/drone_ws/install/_local_setup_util_sh.py'
[1.439s] INFO:colcon.colcon_core.shell:Creating prefix chain script '/home/anton202/devlab/drone_ws/install/setup.sh'
[1.440s] INFO:colcon.colcon_core.shell:Creating prefix script '/home/anton202/devlab/drone_ws/install/local_setup.bash'
[1.441s] INFO:colcon.colcon_core.shell:Creating prefix chain script '/home/anton202/devlab/drone_ws/install/setup.bash'
[1.442s] INFO:colcon.colcon_core.shell:Creating prefix script '/home/anton202/devlab/drone_ws/install/local_setup.zsh'
[1.442s] INFO:colcon.colcon_core.shell:Creating prefix chain script '/home/anton202/devlab/drone_ws/install/setup.zsh'
