[0.006s] Invoking command in '/home/anton202/devlab/drone_ws/build/aruco_msgs': CMAKE_PREFIX_PATH=/opt/ros/iron /home/anton202/.local/bin/cmake --build /home/anton202/devlab/drone_ws/build/aruco_msgs -- -j20 -l20
[0.056s] [  2%] Built target aruco_msgs__rosidl_generator_type_description
[0.058s] [  2%] Built target ament_cmake_python_copy_aruco_msgs
[0.061s] [  4%] Built target aruco_msgs__cpp
[0.062s] [ 22%] Built target aruco_msgs__rosidl_generator_c
[0.069s] [ 31%] Built target aruco_msgs__rosidl_typesupport_introspection_c
[0.070s] [ 40%] Built target aruco_msgs__rosidl_typesupport_c
[0.070s] [ 54%] Built target aruco_msgs__rosidl_typesupport_fastrtps_cpp
[0.070s] [ 59%] Built target aruco_msgs__rosidl_typesupport_introspection_cpp
[0.072s] [ 68%] Built target aruco_msgs__rosidl_typesupport_fastrtps_c
[0.073s] [ 77%] Built target aruco_msgs__rosidl_typesupport_cpp
[0.078s] [ 77%] Built target aruco_msgs
[0.083s] [ 79%] Built target aruco_msgs__py
[0.090s] [ 86%] Built target aruco_msgs__rosidl_generator_py
[0.097s] [ 90%] Built target aruco_msgs__rosidl_typesupport_fastrtps_c__pyext
[0.097s] [ 95%] Built target aruco_msgs__rosidl_typesupport_introspection_c__pyext
[0.097s] [100%] Built target aruco_msgs__rosidl_typesupport_c__pyext
[0.167s] running egg_info
[0.177s] writing aruco_msgs.egg-info/PKG-INFO
[0.177s] writing dependency_links to aruco_msgs.egg-info/dependency_links.txt
[0.177s] writing top-level names to aruco_msgs.egg-info/top_level.txt
[0.203s] reading manifest file 'aruco_msgs.egg-info/SOURCES.txt'
[0.203s] writing manifest file 'aruco_msgs.egg-info/SOURCES.txt'
[0.215s] [100%] Built target ament_cmake_python_build_aruco_msgs_egg
[0.226s] Invoked command in '/home/anton202/devlab/drone_ws/build/aruco_msgs' returned '0': CMAKE_PREFIX_PATH=/opt/ros/iron /home/anton202/.local/bin/cmake --build /home/anton202/devlab/drone_ws/build/aruco_msgs -- -j20 -l20
[0.358s] Invoking command in '/home/anton202/devlab/drone_ws/build/aruco_msgs': CMAKE_PREFIX_PATH=/opt/ros/iron /home/anton202/.local/bin/cmake --install /home/anton202/devlab/drone_ws/build/aruco_msgs
[0.399s] -- Install configuration: ""
[0.399s] -- Up-to-date: /home/anton202/devlab/drone_ws/install/aruco_msgs/share/ament_index/resource_index/rosidl_interfaces/aruco_msgs
[0.400s] -- Up-to-date: /home/anton202/devlab/drone_ws/install/aruco_msgs/share/aruco_msgs/msg/Marker.json
[0.400s] -- Up-to-date: /home/anton202/devlab/drone_ws/install/aruco_msgs/share/aruco_msgs/msg/MarkerArray.json
[0.400s] -- Up-to-date: /home/anton202/devlab/drone_ws/install/aruco_msgs/include/aruco_msgs/aruco_msgs
[0.400s] -- Up-to-date: /home/anton202/devlab/drone_ws/install/aruco_msgs/include/aruco_msgs/aruco_msgs/msg
[0.400s] -- Up-to-date: /home/anton202/devlab/drone_ws/install/aruco_msgs/include/aruco_msgs/aruco_msgs/msg/marker_array.h
[0.400s] -- Up-to-date: /home/anton202/devlab/drone_ws/install/aruco_msgs/include/aruco_msgs/aruco_msgs/msg/detail
[0.400s] -- Up-to-date: /home/anton202/devlab/drone_ws/install/aruco_msgs/include/aruco_msgs/aruco_msgs/msg/detail/marker__type_support.h
[0.400s] -- Up-to-date: /home/anton202/devlab/drone_ws/install/aruco_msgs/include/aruco_msgs/aruco_msgs/msg/detail/marker__functions.c
[0.400s] -- Up-to-date: /home/anton202/devlab/drone_ws/install/aruco_msgs/include/aruco_msgs/aruco_msgs/msg/detail/marker_array__struct.h
[0.400s] -- Up-to-date: /home/anton202/devlab/drone_ws/install/aruco_msgs/include/aruco_msgs/aruco_msgs/msg/detail/marker_array__functions.c
[0.400s] -- Up-to-date: /home/anton202/devlab/drone_ws/install/aruco_msgs/include/aruco_msgs/aruco_msgs/msg/detail/marker__type_support.c
[0.400s] -- Up-to-date: /home/anton202/devlab/drone_ws/install/aruco_msgs/include/aruco_msgs/aruco_msgs/msg/detail/marker__struct.h
[0.400s] -- Up-to-date: /home/anton202/devlab/drone_ws/install/aruco_msgs/include/aruco_msgs/aruco_msgs/msg/detail/marker__description.c
[0.401s] -- Up-to-date: /home/anton202/devlab/drone_ws/install/aruco_msgs/include/aruco_msgs/aruco_msgs/msg/detail/marker_array__type_support.h
[0.401s] -- Up-to-date: /home/anton202/devlab/drone_ws/install/aruco_msgs/include/aruco_msgs/aruco_msgs/msg/detail/marker_array__functions.h
[0.401s] -- Up-to-date: /home/anton202/devlab/drone_ws/install/aruco_msgs/include/aruco_msgs/aruco_msgs/msg/detail/marker__functions.h
[0.401s] -- Up-to-date: /home/anton202/devlab/drone_ws/install/aruco_msgs/include/aruco_msgs/aruco_msgs/msg/detail/marker_array__type_support.c
[0.401s] -- Up-to-date: /home/anton202/devlab/drone_ws/install/aruco_msgs/include/aruco_msgs/aruco_msgs/msg/detail/marker_array__description.c
[0.401s] -- Up-to-date: /home/anton202/devlab/drone_ws/install/aruco_msgs/include/aruco_msgs/aruco_msgs/msg/rosidl_generator_c__visibility_control.h
[0.401s] -- Up-to-date: /home/anton202/devlab/drone_ws/install/aruco_msgs/include/aruco_msgs/aruco_msgs/msg/marker.h
[0.401s] -- Up-to-date: /home/anton202/devlab/drone_ws/install/aruco_msgs/share/aruco_msgs/environment/library_path.sh
[0.401s] -- Up-to-date: /home/anton202/devlab/drone_ws/install/aruco_msgs/share/aruco_msgs/environment/library_path.dsv
[0.401s] -- Up-to-date: /home/anton202/devlab/drone_ws/install/aruco_msgs/lib/libaruco_msgs__rosidl_generator_c.so
[0.401s] -- Up-to-date: /home/anton202/devlab/drone_ws/install/aruco_msgs/include/aruco_msgs/aruco_msgs
[0.401s] -- Up-to-date: /home/anton202/devlab/drone_ws/install/aruco_msgs/include/aruco_msgs/aruco_msgs/msg
[0.401s] -- Up-to-date: /home/anton202/devlab/drone_ws/install/aruco_msgs/include/aruco_msgs/aruco_msgs/msg/detail
[0.401s] -- Up-to-date: /home/anton202/devlab/drone_ws/install/aruco_msgs/include/aruco_msgs/aruco_msgs/msg/detail/marker__rosidl_typesupport_fastrtps_c.h
[0.401s] -- Up-to-date: /home/anton202/devlab/drone_ws/install/aruco_msgs/include/aruco_msgs/aruco_msgs/msg/detail/marker_array__rosidl_typesupport_fastrtps_c.h
[0.401s] -- Up-to-date: /home/anton202/devlab/drone_ws/install/aruco_msgs/include/aruco_msgs/aruco_msgs/msg/rosidl_typesupport_fastrtps_c__visibility_control.h
[0.401s] -- Up-to-date: /home/anton202/devlab/drone_ws/install/aruco_msgs/lib/libaruco_msgs__rosidl_typesupport_fastrtps_c.so
[0.401s] -- Up-to-date: /home/anton202/devlab/drone_ws/install/aruco_msgs/include/aruco_msgs/aruco_msgs
[0.402s] -- Up-to-date: /home/anton202/devlab/drone_ws/install/aruco_msgs/include/aruco_msgs/aruco_msgs/msg
[0.402s] -- Up-to-date: /home/anton202/devlab/drone_ws/install/aruco_msgs/include/aruco_msgs/aruco_msgs/msg/rosidl_typesupport_introspection_c__visibility_control.h
[0.402s] -- Up-to-date: /home/anton202/devlab/drone_ws/install/aruco_msgs/include/aruco_msgs/aruco_msgs/msg/detail
[0.402s] -- Up-to-date: /home/anton202/devlab/drone_ws/install/aruco_msgs/include/aruco_msgs/aruco_msgs/msg/detail/marker__rosidl_typesupport_introspection_c.h
[0.402s] -- Up-to-date: /home/anton202/devlab/drone_ws/install/aruco_msgs/include/aruco_msgs/aruco_msgs/msg/detail/marker_array__rosidl_typesupport_introspection_c.h
[0.402s] -- Up-to-date: /home/anton202/devlab/drone_ws/install/aruco_msgs/include/aruco_msgs/aruco_msgs/msg/detail/marker__type_support.c
[0.402s] -- Up-to-date: /home/anton202/devlab/drone_ws/install/aruco_msgs/include/aruco_msgs/aruco_msgs/msg/detail/marker_array__type_support.c
[0.402s] -- Up-to-date: /home/anton202/devlab/drone_ws/install/aruco_msgs/lib/libaruco_msgs__rosidl_typesupport_introspection_c.so
[0.402s] -- Up-to-date: /home/anton202/devlab/drone_ws/install/aruco_msgs/lib/libaruco_msgs__rosidl_typesupport_c.so
[0.402s] -- Up-to-date: /home/anton202/devlab/drone_ws/install/aruco_msgs/include/aruco_msgs/aruco_msgs
[0.402s] -- Up-to-date: /home/anton202/devlab/drone_ws/install/aruco_msgs/include/aruco_msgs/aruco_msgs/msg
[0.402s] -- Up-to-date: /home/anton202/devlab/drone_ws/install/aruco_msgs/include/aruco_msgs/aruco_msgs/msg/marker_array.hpp
[0.402s] -- Up-to-date: /home/anton202/devlab/drone_ws/install/aruco_msgs/include/aruco_msgs/aruco_msgs/msg/detail
[0.402s] -- Up-to-date: /home/anton202/devlab/drone_ws/install/aruco_msgs/include/aruco_msgs/aruco_msgs/msg/detail/marker_array__struct.hpp
[0.402s] -- Up-to-date: /home/anton202/devlab/drone_ws/install/aruco_msgs/include/aruco_msgs/aruco_msgs/msg/detail/marker__builder.hpp
[0.402s] -- Up-to-date: /home/anton202/devlab/drone_ws/install/aruco_msgs/include/aruco_msgs/aruco_msgs/msg/detail/marker__traits.hpp
[0.402s] -- Up-to-date: /home/anton202/devlab/drone_ws/install/aruco_msgs/include/aruco_msgs/aruco_msgs/msg/detail/marker_array__builder.hpp
[0.402s] -- Up-to-date: /home/anton202/devlab/drone_ws/install/aruco_msgs/include/aruco_msgs/aruco_msgs/msg/detail/marker_array__traits.hpp
[0.402s] -- Up-to-date: /home/anton202/devlab/drone_ws/install/aruco_msgs/include/aruco_msgs/aruco_msgs/msg/detail/marker__struct.hpp
[0.403s] -- Up-to-date: /home/anton202/devlab/drone_ws/install/aruco_msgs/include/aruco_msgs/aruco_msgs/msg/marker.hpp
[0.403s] -- Up-to-date: /home/anton202/devlab/drone_ws/install/aruco_msgs/include/aruco_msgs/aruco_msgs
[0.403s] -- Up-to-date: /home/anton202/devlab/drone_ws/install/aruco_msgs/include/aruco_msgs/aruco_msgs/msg
[0.403s] -- Up-to-date: /home/anton202/devlab/drone_ws/install/aruco_msgs/include/aruco_msgs/aruco_msgs/msg/detail
[0.403s] -- Up-to-date: /home/anton202/devlab/drone_ws/install/aruco_msgs/include/aruco_msgs/aruco_msgs/msg/detail/dds_fastrtps
[0.403s] -- Up-to-date: /home/anton202/devlab/drone_ws/install/aruco_msgs/include/aruco_msgs/aruco_msgs/msg/detail/marker_array__rosidl_typesupport_fastrtps_cpp.hpp
[0.403s] -- Up-to-date: /home/anton202/devlab/drone_ws/install/aruco_msgs/include/aruco_msgs/aruco_msgs/msg/detail/marker__rosidl_typesupport_fastrtps_cpp.hpp
[0.403s] -- Up-to-date: /home/anton202/devlab/drone_ws/install/aruco_msgs/include/aruco_msgs/aruco_msgs/msg/rosidl_typesupport_fastrtps_cpp__visibility_control.h
[0.403s] -- Up-to-date: /home/anton202/devlab/drone_ws/install/aruco_msgs/lib/libaruco_msgs__rosidl_typesupport_fastrtps_cpp.so
[0.403s] -- Up-to-date: /home/anton202/devlab/drone_ws/install/aruco_msgs/include/aruco_msgs/aruco_msgs
[0.403s] -- Up-to-date: /home/anton202/devlab/drone_ws/install/aruco_msgs/include/aruco_msgs/aruco_msgs/msg
[0.403s] -- Up-to-date: /home/anton202/devlab/drone_ws/install/aruco_msgs/include/aruco_msgs/aruco_msgs/msg/detail
[0.403s] -- Up-to-date: /home/anton202/devlab/drone_ws/install/aruco_msgs/include/aruco_msgs/aruco_msgs/msg/detail/marker__type_support.cpp
[0.403s] -- Up-to-date: /home/anton202/devlab/drone_ws/install/aruco_msgs/include/aruco_msgs/aruco_msgs/msg/detail/marker__rosidl_typesupport_introspection_cpp.hpp
[0.403s] -- Up-to-date: /home/anton202/devlab/drone_ws/install/aruco_msgs/include/aruco_msgs/aruco_msgs/msg/detail/marker_array__type_support.cpp
[0.403s] -- Up-to-date: /home/anton202/devlab/drone_ws/install/aruco_msgs/include/aruco_msgs/aruco_msgs/msg/detail/marker_array__rosidl_typesupport_introspection_cpp.hpp
[0.403s] -- Up-to-date: /home/anton202/devlab/drone_ws/install/aruco_msgs/lib/libaruco_msgs__rosidl_typesupport_introspection_cpp.so
[0.403s] -- Up-to-date: /home/anton202/devlab/drone_ws/install/aruco_msgs/lib/libaruco_msgs__rosidl_typesupport_cpp.so
[0.404s] -- Up-to-date: /home/anton202/devlab/drone_ws/install/aruco_msgs/share/aruco_msgs/environment/pythonpath.sh
[0.404s] -- Up-to-date: /home/anton202/devlab/drone_ws/install/aruco_msgs/share/aruco_msgs/environment/pythonpath.dsv
[0.404s] -- Up-to-date: /home/anton202/devlab/drone_ws/install/aruco_msgs/lib/python3.10/site-packages/aruco_msgs-2.0.0-py3.10.egg-info
[0.404s] -- Installing: /home/anton202/devlab/drone_ws/install/aruco_msgs/lib/python3.10/site-packages/aruco_msgs-2.0.0-py3.10.egg-info/SOURCES.txt
[0.404s] -- Installing: /home/anton202/devlab/drone_ws/install/aruco_msgs/lib/python3.10/site-packages/aruco_msgs-2.0.0-py3.10.egg-info/top_level.txt
[0.404s] -- Installing: /home/anton202/devlab/drone_ws/install/aruco_msgs/lib/python3.10/site-packages/aruco_msgs-2.0.0-py3.10.egg-info/PKG-INFO
[0.404s] -- Installing: /home/anton202/devlab/drone_ws/install/aruco_msgs/lib/python3.10/site-packages/aruco_msgs-2.0.0-py3.10.egg-info/dependency_links.txt
[0.404s] -- Up-to-date: /home/anton202/devlab/drone_ws/install/aruco_msgs/lib/python3.10/site-packages/aruco_msgs
[0.404s] -- Up-to-date: /home/anton202/devlab/drone_ws/install/aruco_msgs/lib/python3.10/site-packages/aruco_msgs/_aruco_msgs_s.ep.rosidl_typesupport_introspection_c.c
[0.404s] -- Up-to-date: /home/anton202/devlab/drone_ws/install/aruco_msgs/lib/python3.10/site-packages/aruco_msgs/msg
[0.404s] -- Up-to-date: /home/anton202/devlab/drone_ws/install/aruco_msgs/lib/python3.10/site-packages/aruco_msgs/msg/_marker_array.py
[0.404s] -- Up-to-date: /home/anton202/devlab/drone_ws/install/aruco_msgs/lib/python3.10/site-packages/aruco_msgs/msg/_marker_s.c
[0.404s] -- Up-to-date: /home/anton202/devlab/drone_ws/install/aruco_msgs/lib/python3.10/site-packages/aruco_msgs/msg/_marker_array_s.c
[0.404s] -- Up-to-date: /home/anton202/devlab/drone_ws/install/aruco_msgs/lib/python3.10/site-packages/aruco_msgs/msg/_marker.py
[0.404s] -- Up-to-date: /home/anton202/devlab/drone_ws/install/aruco_msgs/lib/python3.10/site-packages/aruco_msgs/msg/__init__.py
[0.404s] -- Up-to-date: /home/anton202/devlab/drone_ws/install/aruco_msgs/lib/python3.10/site-packages/aruco_msgs/libaruco_msgs__rosidl_generator_py.so
[0.404s] -- Up-to-date: /home/anton202/devlab/drone_ws/install/aruco_msgs/lib/python3.10/site-packages/aruco_msgs/_aruco_msgs_s.ep.rosidl_typesupport_fastrtps_c.c
[0.405s] -- Up-to-date: /home/anton202/devlab/drone_ws/install/aruco_msgs/lib/python3.10/site-packages/aruco_msgs/aruco_msgs_s__rosidl_typesupport_fastrtps_c.cpython-310-x86_64-linux-gnu.so
[0.405s] -- Up-to-date: /home/anton202/devlab/drone_ws/install/aruco_msgs/lib/python3.10/site-packages/aruco_msgs/aruco_msgs_s__rosidl_typesupport_c.cpython-310-x86_64-linux-gnu.so
[0.405s] -- Up-to-date: /home/anton202/devlab/drone_ws/install/aruco_msgs/lib/python3.10/site-packages/aruco_msgs/_aruco_msgs_s.ep.rosidl_typesupport_c.c
[0.405s] -- Up-to-date: /home/anton202/devlab/drone_ws/install/aruco_msgs/lib/python3.10/site-packages/aruco_msgs/__init__.py
[0.405s] -- Up-to-date: /home/anton202/devlab/drone_ws/install/aruco_msgs/lib/python3.10/site-packages/aruco_msgs/aruco_msgs_s__rosidl_typesupport_introspection_c.cpython-310-x86_64-linux-gnu.so
[0.418s] Listing '/home/anton202/devlab/drone_ws/install/aruco_msgs/lib/python3.10/site-packages/aruco_msgs'...
[0.419s] Listing '/home/anton202/devlab/drone_ws/install/aruco_msgs/lib/python3.10/site-packages/aruco_msgs/msg'...
[0.421s] -- Up-to-date: /home/anton202/devlab/drone_ws/install/aruco_msgs/lib/python3.10/site-packages/aruco_msgs/aruco_msgs_s__rosidl_typesupport_fastrtps_c.cpython-310-x86_64-linux-gnu.so
[0.421s] -- Up-to-date: /home/anton202/devlab/drone_ws/install/aruco_msgs/lib/python3.10/site-packages/aruco_msgs/aruco_msgs_s__rosidl_typesupport_introspection_c.cpython-310-x86_64-linux-gnu.so
[0.421s] -- Up-to-date: /home/anton202/devlab/drone_ws/install/aruco_msgs/lib/python3.10/site-packages/aruco_msgs/aruco_msgs_s__rosidl_typesupport_c.cpython-310-x86_64-linux-gnu.so
[0.421s] -- Up-to-date: /home/anton202/devlab/drone_ws/install/aruco_msgs/lib/libaruco_msgs__rosidl_generator_py.so
[0.421s] -- Up-to-date: /home/anton202/devlab/drone_ws/install/aruco_msgs/share/aruco_msgs/msg/Marker.idl
[0.422s] -- Up-to-date: /home/anton202/devlab/drone_ws/install/aruco_msgs/share/aruco_msgs/msg/MarkerArray.idl
[0.422s] -- Up-to-date: /home/anton202/devlab/drone_ws/install/aruco_msgs/share/aruco_msgs/msg/Marker.msg
[0.422s] -- Up-to-date: /home/anton202/devlab/drone_ws/install/aruco_msgs/share/aruco_msgs/msg/MarkerArray.msg
[0.422s] -- Up-to-date: /home/anton202/devlab/drone_ws/install/aruco_msgs/share/ament_index/resource_index/package_run_dependencies/aruco_msgs
[0.422s] -- Up-to-date: /home/anton202/devlab/drone_ws/install/aruco_msgs/share/ament_index/resource_index/parent_prefix_path/aruco_msgs
[0.422s] -- Up-to-date: /home/anton202/devlab/drone_ws/install/aruco_msgs/share/aruco_msgs/environment/ament_prefix_path.sh
[0.422s] -- Up-to-date: /home/anton202/devlab/drone_ws/install/aruco_msgs/share/aruco_msgs/environment/ament_prefix_path.dsv
[0.422s] -- Up-to-date: /home/anton202/devlab/drone_ws/install/aruco_msgs/share/aruco_msgs/environment/path.sh
[0.422s] -- Up-to-date: /home/anton202/devlab/drone_ws/install/aruco_msgs/share/aruco_msgs/environment/path.dsv
[0.422s] -- Up-to-date: /home/anton202/devlab/drone_ws/install/aruco_msgs/share/aruco_msgs/local_setup.bash
[0.422s] -- Up-to-date: /home/anton202/devlab/drone_ws/install/aruco_msgs/share/aruco_msgs/local_setup.sh
[0.422s] -- Up-to-date: /home/anton202/devlab/drone_ws/install/aruco_msgs/share/aruco_msgs/local_setup.zsh
[0.422s] -- Up-to-date: /home/anton202/devlab/drone_ws/install/aruco_msgs/share/aruco_msgs/local_setup.dsv
[0.422s] -- Installing: /home/anton202/devlab/drone_ws/install/aruco_msgs/share/aruco_msgs/package.dsv
[0.423s] -- Up-to-date: /home/anton202/devlab/drone_ws/install/aruco_msgs/share/ament_index/resource_index/packages/aruco_msgs
[0.423s] -- Up-to-date: /home/anton202/devlab/drone_ws/install/aruco_msgs/share/aruco_msgs/cmake/export_aruco_msgs__rosidl_generator_cExport.cmake
[0.423s] -- Up-to-date: /home/anton202/devlab/drone_ws/install/aruco_msgs/share/aruco_msgs/cmake/export_aruco_msgs__rosidl_generator_cExport-noconfig.cmake
[0.423s] -- Up-to-date: /home/anton202/devlab/drone_ws/install/aruco_msgs/share/aruco_msgs/cmake/export_aruco_msgs__rosidl_typesupport_fastrtps_cExport.cmake
[0.423s] -- Up-to-date: /home/anton202/devlab/drone_ws/install/aruco_msgs/share/aruco_msgs/cmake/export_aruco_msgs__rosidl_typesupport_fastrtps_cExport-noconfig.cmake
[0.423s] -- Up-to-date: /home/anton202/devlab/drone_ws/install/aruco_msgs/share/aruco_msgs/cmake/aruco_msgs__rosidl_typesupport_introspection_cExport.cmake
[0.423s] -- Up-to-date: /home/anton202/devlab/drone_ws/install/aruco_msgs/share/aruco_msgs/cmake/aruco_msgs__rosidl_typesupport_introspection_cExport-noconfig.cmake
[0.423s] -- Up-to-date: /home/anton202/devlab/drone_ws/install/aruco_msgs/share/aruco_msgs/cmake/aruco_msgs__rosidl_typesupport_cExport.cmake
[0.423s] -- Up-to-date: /home/anton202/devlab/drone_ws/install/aruco_msgs/share/aruco_msgs/cmake/aruco_msgs__rosidl_typesupport_cExport-noconfig.cmake
[0.423s] -- Up-to-date: /home/anton202/devlab/drone_ws/install/aruco_msgs/share/aruco_msgs/cmake/export_aruco_msgs__rosidl_generator_cppExport.cmake
[0.423s] -- Up-to-date: /home/anton202/devlab/drone_ws/install/aruco_msgs/share/aruco_msgs/cmake/export_aruco_msgs__rosidl_typesupport_fastrtps_cppExport.cmake
[0.423s] -- Up-to-date: /home/anton202/devlab/drone_ws/install/aruco_msgs/share/aruco_msgs/cmake/export_aruco_msgs__rosidl_typesupport_fastrtps_cppExport-noconfig.cmake
[0.423s] -- Up-to-date: /home/anton202/devlab/drone_ws/install/aruco_msgs/share/aruco_msgs/cmake/aruco_msgs__rosidl_typesupport_introspection_cppExport.cmake
[0.423s] -- Up-to-date: /home/anton202/devlab/drone_ws/install/aruco_msgs/share/aruco_msgs/cmake/aruco_msgs__rosidl_typesupport_introspection_cppExport-noconfig.cmake
[0.423s] -- Up-to-date: /home/anton202/devlab/drone_ws/install/aruco_msgs/share/aruco_msgs/cmake/aruco_msgs__rosidl_typesupport_cppExport.cmake
[0.423s] -- Up-to-date: /home/anton202/devlab/drone_ws/install/aruco_msgs/share/aruco_msgs/cmake/aruco_msgs__rosidl_typesupport_cppExport-noconfig.cmake
[0.424s] -- Up-to-date: /home/anton202/devlab/drone_ws/install/aruco_msgs/share/aruco_msgs/cmake/export_aruco_msgs__rosidl_generator_pyExport.cmake
[0.424s] -- Up-to-date: /home/anton202/devlab/drone_ws/install/aruco_msgs/share/aruco_msgs/cmake/export_aruco_msgs__rosidl_generator_pyExport-noconfig.cmake
[0.424s] -- Up-to-date: /home/anton202/devlab/drone_ws/install/aruco_msgs/share/aruco_msgs/cmake/rosidl_cmake-extras.cmake
[0.424s] -- Up-to-date: /home/anton202/devlab/drone_ws/install/aruco_msgs/share/aruco_msgs/cmake/ament_cmake_export_dependencies-extras.cmake
[0.424s] -- Up-to-date: /home/anton202/devlab/drone_ws/install/aruco_msgs/share/aruco_msgs/cmake/ament_cmake_export_include_directories-extras.cmake
[0.424s] -- Up-to-date: /home/anton202/devlab/drone_ws/install/aruco_msgs/share/aruco_msgs/cmake/ament_cmake_export_libraries-extras.cmake
[0.424s] -- Up-to-date: /home/anton202/devlab/drone_ws/install/aruco_msgs/share/aruco_msgs/cmake/ament_cmake_export_targets-extras.cmake
[0.424s] -- Up-to-date: /home/anton202/devlab/drone_ws/install/aruco_msgs/share/aruco_msgs/cmake/rosidl_cmake_export_typesupport_targets-extras.cmake
[0.424s] -- Up-to-date: /home/anton202/devlab/drone_ws/install/aruco_msgs/share/aruco_msgs/cmake/rosidl_cmake_export_typesupport_libraries-extras.cmake
[0.424s] -- Up-to-date: /home/anton202/devlab/drone_ws/install/aruco_msgs/share/aruco_msgs/cmake/aruco_msgsConfig.cmake
[0.424s] -- Up-to-date: /home/anton202/devlab/drone_ws/install/aruco_msgs/share/aruco_msgs/cmake/aruco_msgsConfig-version.cmake
[0.424s] -- Up-to-date: /home/anton202/devlab/drone_ws/install/aruco_msgs/share/aruco_msgs/package.xml
[0.431s] Invoked command in '/home/anton202/devlab/drone_ws/build/aruco_msgs' returned '0': CMAKE_PREFIX_PATH=/opt/ros/iron /home/anton202/.local/bin/cmake --install /home/anton202/devlab/drone_ws/build/aruco_msgs
