[0.749s] Invoking command in '/home/anton202/devlab/drone_ws/src/learning_tf2_py': CONDA_PROMPT_MODIFIER=(base) PYTHONPATH=/home/anton202/devlab/drone_ws/build/learning_tf2_py/prefix_override:/home/anton202/devlab/drone_ws/install/learning_tf2_py/lib/python3.10/site-packages:${PYTHONPATH} /usr/bin/python3 -W ignore:setup.py install is deprecated setup.py egg_info --egg-base ../../build/learning_tf2_py build --build-base /home/anton202/devlab/drone_ws/build/learning_tf2_py/build install --record /home/anton202/devlab/drone_ws/build/learning_tf2_py/install.log --single-version-externally-managed install_data
[0.904s] running egg_info
[0.915s] writing ../../build/learning_tf2_py/learning_tf2_py.egg-info/PKG-INFO
[0.916s] writing dependency_links to ../../build/learning_tf2_py/learning_tf2_py.egg-info/dependency_links.txt
[0.916s] writing entry points to ../../build/learning_tf2_py/learning_tf2_py.egg-info/entry_points.txt
[0.916s] writing requirements to ../../build/learning_tf2_py/learning_tf2_py.egg-info/requires.txt
[0.916s] writing top-level names to ../../build/learning_tf2_py/learning_tf2_py.egg-info/top_level.txt
[0.936s] reading manifest file '../../build/learning_tf2_py/learning_tf2_py.egg-info/SOURCES.txt'
[0.936s] adding license file 'LICENSE'
[0.936s] writing manifest file '../../build/learning_tf2_py/learning_tf2_py.egg-info/SOURCES.txt'
[0.937s] running build
[0.937s] running build_py
[0.937s] copying learning_tf2_py/simple_listener.py -> /home/anton202/devlab/drone_ws/build/learning_tf2_py/build/lib/learning_tf2_py
[0.937s] copying learning_tf2_py/static_turtle_tf2_broadcaster.py -> /home/anton202/devlab/drone_ws/build/learning_tf2_py/build/lib/learning_tf2_py
[0.937s] copying learning_tf2_py/simple_broadcaster.py -> /home/anton202/devlab/drone_ws/build/learning_tf2_py/build/lib/learning_tf2_py
[0.937s] copying learning_tf2_py/turtle_tf2_listener.py -> /home/anton202/devlab/drone_ws/build/learning_tf2_py/build/lib/learning_tf2_py
[0.937s] copying learning_tf2_py/turtle_tf2_broadcaster.py -> /home/anton202/devlab/drone_ws/build/learning_tf2_py/build/lib/learning_tf2_py
[0.938s] copying learning_tf2_py/__init__.py -> /home/anton202/devlab/drone_ws/build/learning_tf2_py/build/lib/learning_tf2_py
[0.938s] running install
[0.940s] running install_lib
[0.951s] copying /home/anton202/devlab/drone_ws/build/learning_tf2_py/build/lib/learning_tf2_py/simple_listener.py -> /home/anton202/devlab/drone_ws/install/learning_tf2_py/lib/python3.10/site-packages/learning_tf2_py
[0.952s] byte-compiling /home/anton202/devlab/drone_ws/install/learning_tf2_py/lib/python3.10/site-packages/learning_tf2_py/simple_listener.py to simple_listener.cpython-310.pyc
[0.953s] running install_data
[0.953s] copying resource/learning_tf2_py -> /home/anton202/devlab/drone_ws/install/learning_tf2_py/share/ament_index/resource_index/packages
[0.953s] copying package.xml -> /home/anton202/devlab/drone_ws/install/learning_tf2_py/share/learning_tf2_py
[0.953s] running install_egg_info
[0.963s] removing '/home/anton202/devlab/drone_ws/install/learning_tf2_py/lib/python3.10/site-packages/learning_tf2_py-0.0.0-py3.10.egg-info' (and everything under it)
[0.963s] Copying ../../build/learning_tf2_py/learning_tf2_py.egg-info to /home/anton202/devlab/drone_ws/install/learning_tf2_py/lib/python3.10/site-packages/learning_tf2_py-0.0.0-py3.10.egg-info
[0.963s] running install_scripts
[1.058s] Installing simple_broadcaster script to /home/anton202/devlab/drone_ws/install/learning_tf2_py/lib/learning_tf2_py
[1.058s] Installing simple_listener script to /home/anton202/devlab/drone_ws/install/learning_tf2_py/lib/learning_tf2_py
[1.058s] Installing static_turtle_tf2_broadcaster script to /home/anton202/devlab/drone_ws/install/learning_tf2_py/lib/learning_tf2_py
[1.059s] Installing turtle_tf2_broadcaster script to /home/anton202/devlab/drone_ws/install/learning_tf2_py/lib/learning_tf2_py
[1.059s] writing list of installed files to '/home/anton202/devlab/drone_ws/build/learning_tf2_py/install.log'
[1.086s] Invoked command in '/home/anton202/devlab/drone_ws/src/learning_tf2_py' returned '0': CONDA_PROMPT_MODIFIER=(base) PYTHONPATH=/home/anton202/devlab/drone_ws/build/learning_tf2_py/prefix_override:/home/anton202/devlab/drone_ws/install/learning_tf2_py/lib/python3.10/site-packages:${PYTHONPATH} /usr/bin/python3 -W ignore:setup.py install is deprecated setup.py egg_info --egg-base ../../build/learning_tf2_py build --build-base /home/anton202/devlab/drone_ws/build/learning_tf2_py/build install --record /home/anton202/devlab/drone_ws/build/learning_tf2_py/install.log --single-version-externally-managed install_data
