[0.078s] DEBUG:colcon:Command line arguments: ['/usr/bin/colcon', 'build']
[0.078s] DEBUG:colcon:Parsed command line arguments: Namespace(log_base=None, log_level=None, verb_name='build', build_base='build', install_base='install', merge_install=False, symlink_install=False, test_result_base=None, continue_on_error=False, executor='parallel', parallel_workers=20, event_handlers=None, ignore_user_meta=False, metas=['./colcon.meta'], base_paths=['.'], packages_ignore=None, packages_ignore_regex=None, paths=None, packages_up_to=None, packages_up_to_regex=None, packages_above=None, packages_above_and_dependencies=None, packages_above_depth=None, packages_select_by_dep=None, packages_skip_by_dep=None, packages_skip_up_to=None, packages_select_build_failed=False, packages_skip_build_finished=False, packages_select_test_failures=False, packages_skip_test_passed=False, packages_select=None, packages_skip=None, packages_select_regex=None, packages_skip_regex=None, packages_start=None, packages_end=None, allow_overriding=[], cmake_args=None, cmake_target=None, cmake_target_skip_unavailable=False, cmake_clean_cache=False, cmake_clean_first=False, cmake_force_configure=False, ament_cmake_args=None, catkin_cmake_args=None, catkin_skip_building_tests=False, mixin_files=None, mixin=None, verb_parser=<colcon_mixin.mixin.mixin_argument.MixinArgumentDecorator object at 0x7992b8e53850>, verb_extension=<colcon_core.verb.build.BuildVerb object at 0x7992b8e532e0>, main=<bound method BuildVerb.main of <colcon_core.verb.build.BuildVerb object at 0x7992b8e532e0>>, mixin_verb=('build',))
[0.097s] Level 1:colcon.colcon_core.package_discovery:discover_packages(colcon_meta) check parameters
[0.097s] Level 1:colcon.colcon_core.package_discovery:discover_packages(recursive) check parameters
[0.097s] Level 1:colcon.colcon_core.package_discovery:discover_packages(ignore) check parameters
[0.097s] Level 1:colcon.colcon_core.package_discovery:discover_packages(path) check parameters
[0.097s] Level 1:colcon.colcon_core.package_discovery:discover_packages(colcon_meta) discover
[0.097s] Level 1:colcon.colcon_core.package_discovery:discover_packages(recursive) discover
[0.097s] INFO:colcon.colcon_core.package_discovery:Crawling recursively for packages in '/home/anton202/devlab/drone_ws'
[0.097s] Level 1:colcon.colcon_core.package_identification:_identify(.) by extensions ['ignore', 'ignore_ament_install']
[0.097s] Level 1:colcon.colcon_core.package_identification:_identify(.) by extension 'ignore'
[0.097s] Level 1:colcon.colcon_core.package_identification:_identify(.) by extension 'ignore_ament_install'
[0.097s] Level 1:colcon.colcon_core.package_identification:_identify(.) by extensions ['colcon_pkg']
[0.097s] Level 1:colcon.colcon_core.package_identification:_identify(.) by extension 'colcon_pkg'
[0.097s] Level 1:colcon.colcon_core.package_identification:_identify(.) by extensions ['colcon_meta']
[0.097s] Level 1:colcon.colcon_core.package_identification:_identify(.) by extension 'colcon_meta'
[0.097s] Level 1:colcon.colcon_core.package_identification:_identify(.) by extensions ['ros']
[0.097s] Level 1:colcon.colcon_core.package_identification:_identify(.) by extension 'ros'
[0.105s] Level 1:colcon.colcon_core.package_identification:_identify(.) by extensions ['cmake', 'python']
[0.105s] Level 1:colcon.colcon_core.package_identification:_identify(.) by extension 'cmake'
[0.105s] Level 1:colcon.colcon_core.package_identification:_identify(.) by extension 'python'
[0.105s] Level 1:colcon.colcon_core.package_identification:_identify(.) by extensions ['python_setup_py']
[0.105s] Level 1:colcon.colcon_core.package_identification:_identify(.) by extension 'python_setup_py'
[0.105s] Level 1:colcon.colcon_core.package_identification:_identify(build) by extensions ['ignore', 'ignore_ament_install']
[0.105s] Level 1:colcon.colcon_core.package_identification:_identify(build) by extension 'ignore'
[0.105s] Level 1:colcon.colcon_core.package_identification:_identify(build) ignored
[0.105s] Level 1:colcon.colcon_core.package_identification:_identify(install) by extensions ['ignore', 'ignore_ament_install']
[0.105s] Level 1:colcon.colcon_core.package_identification:_identify(install) by extension 'ignore'
[0.105s] Level 1:colcon.colcon_core.package_identification:_identify(install) ignored
[0.105s] Level 1:colcon.colcon_core.package_identification:_identify(log) by extensions ['ignore', 'ignore_ament_install']
[0.105s] Level 1:colcon.colcon_core.package_identification:_identify(log) by extension 'ignore'
[0.105s] Level 1:colcon.colcon_core.package_identification:_identify(log) ignored
[0.105s] Level 1:colcon.colcon_core.package_identification:_identify(src) by extensions ['ignore', 'ignore_ament_install']
[0.106s] Level 1:colcon.colcon_core.package_identification:_identify(src) by extension 'ignore'
[0.106s] Level 1:colcon.colcon_core.package_identification:_identify(src) by extension 'ignore_ament_install'
[0.106s] Level 1:colcon.colcon_core.package_identification:_identify(src) by extensions ['colcon_pkg']
[0.106s] Level 1:colcon.colcon_core.package_identification:_identify(src) by extension 'colcon_pkg'
[0.106s] Level 1:colcon.colcon_core.package_identification:_identify(src) by extensions ['colcon_meta']
[0.106s] Level 1:colcon.colcon_core.package_identification:_identify(src) by extension 'colcon_meta'
[0.106s] Level 1:colcon.colcon_core.package_identification:_identify(src) by extensions ['ros']
[0.106s] Level 1:colcon.colcon_core.package_identification:_identify(src) by extension 'ros'
[0.106s] Level 1:colcon.colcon_core.package_identification:_identify(src) by extensions ['cmake', 'python']
[0.106s] Level 1:colcon.colcon_core.package_identification:_identify(src) by extension 'cmake'
[0.106s] Level 1:colcon.colcon_core.package_identification:_identify(src) by extension 'python'
[0.106s] Level 1:colcon.colcon_core.package_identification:_identify(src) by extensions ['python_setup_py']
[0.106s] Level 1:colcon.colcon_core.package_identification:_identify(src) by extension 'python_setup_py'
[0.106s] Level 1:colcon.colcon_core.package_identification:_identify(src/ros2_aruco) by extensions ['ignore', 'ignore_ament_install']
[0.106s] Level 1:colcon.colcon_core.package_identification:_identify(src/ros2_aruco) by extension 'ignore'
[0.106s] Level 1:colcon.colcon_core.package_identification:_identify(src/ros2_aruco) by extension 'ignore_ament_install'
[0.106s] Level 1:colcon.colcon_core.package_identification:_identify(src/ros2_aruco) by extensions ['colcon_pkg']
[0.106s] Level 1:colcon.colcon_core.package_identification:_identify(src/ros2_aruco) by extension 'colcon_pkg'
[0.106s] Level 1:colcon.colcon_core.package_identification:_identify(src/ros2_aruco) by extensions ['colcon_meta']
[0.106s] Level 1:colcon.colcon_core.package_identification:_identify(src/ros2_aruco) by extension 'colcon_meta'
[0.106s] Level 1:colcon.colcon_core.package_identification:_identify(src/ros2_aruco) by extensions ['ros']
[0.106s] Level 1:colcon.colcon_core.package_identification:_identify(src/ros2_aruco) by extension 'ros'
[0.106s] Level 1:colcon.colcon_core.package_identification:_identify(src/ros2_aruco) by extensions ['cmake', 'python']
[0.106s] Level 1:colcon.colcon_core.package_identification:_identify(src/ros2_aruco) by extension 'cmake'
[0.106s] Level 1:colcon.colcon_core.package_identification:_identify(src/ros2_aruco) by extension 'python'
[0.106s] Level 1:colcon.colcon_core.package_identification:_identify(src/ros2_aruco) by extensions ['python_setup_py']
[0.106s] Level 1:colcon.colcon_core.package_identification:_identify(src/ros2_aruco) by extension 'python_setup_py'
[0.106s] Level 1:colcon.colcon_core.package_identification:_identify(src/ros2_aruco/ros2_aruco) by extensions ['ignore', 'ignore_ament_install']
[0.106s] Level 1:colcon.colcon_core.package_identification:_identify(src/ros2_aruco/ros2_aruco) by extension 'ignore'
[0.106s] Level 1:colcon.colcon_core.package_identification:_identify(src/ros2_aruco/ros2_aruco) by extension 'ignore_ament_install'
[0.106s] Level 1:colcon.colcon_core.package_identification:_identify(src/ros2_aruco/ros2_aruco) by extensions ['colcon_pkg']
[0.106s] Level 1:colcon.colcon_core.package_identification:_identify(src/ros2_aruco/ros2_aruco) by extension 'colcon_pkg'
[0.106s] Level 1:colcon.colcon_core.package_identification:_identify(src/ros2_aruco/ros2_aruco) by extensions ['colcon_meta']
[0.106s] Level 1:colcon.colcon_core.package_identification:_identify(src/ros2_aruco/ros2_aruco) by extension 'colcon_meta'
[0.106s] Level 1:colcon.colcon_core.package_identification:_identify(src/ros2_aruco/ros2_aruco) by extensions ['ros']
[0.106s] Level 1:colcon.colcon_core.package_identification:_identify(src/ros2_aruco/ros2_aruco) by extension 'ros'
[0.107s] DEBUG:colcon.colcon_core.package_identification:Package 'src/ros2_aruco/ros2_aruco' with type 'ros.ament_python' and name 'ros2_aruco'
[0.108s] Level 1:colcon.colcon_core.package_identification:_identify(src/ros2_aruco/ros2_aruco_interfaces) by extensions ['ignore', 'ignore_ament_install']
[0.108s] Level 1:colcon.colcon_core.package_identification:_identify(src/ros2_aruco/ros2_aruco_interfaces) by extension 'ignore'
[0.108s] Level 1:colcon.colcon_core.package_identification:_identify(src/ros2_aruco/ros2_aruco_interfaces) by extension 'ignore_ament_install'
[0.108s] Level 1:colcon.colcon_core.package_identification:_identify(src/ros2_aruco/ros2_aruco_interfaces) by extensions ['colcon_pkg']
[0.108s] Level 1:colcon.colcon_core.package_identification:_identify(src/ros2_aruco/ros2_aruco_interfaces) by extension 'colcon_pkg'
[0.108s] Level 1:colcon.colcon_core.package_identification:_identify(src/ros2_aruco/ros2_aruco_interfaces) by extensions ['colcon_meta']
[0.108s] Level 1:colcon.colcon_core.package_identification:_identify(src/ros2_aruco/ros2_aruco_interfaces) by extension 'colcon_meta'
[0.108s] Level 1:colcon.colcon_core.package_identification:_identify(src/ros2_aruco/ros2_aruco_interfaces) by extensions ['ros']
[0.108s] Level 1:colcon.colcon_core.package_identification:_identify(src/ros2_aruco/ros2_aruco_interfaces) by extension 'ros'
[0.108s] DEBUG:colcon.colcon_core.package_identification:Package 'src/ros2_aruco/ros2_aruco_interfaces' with type 'ros.ament_cmake' and name 'ros2_aruco_interfaces'
[0.108s] Level 1:colcon.colcon_core.package_identification:_identify(src/usb_cam) by extensions ['ignore', 'ignore_ament_install']
[0.108s] Level 1:colcon.colcon_core.package_identification:_identify(src/usb_cam) by extension 'ignore'
[0.108s] Level 1:colcon.colcon_core.package_identification:_identify(src/usb_cam) by extension 'ignore_ament_install'
[0.108s] Level 1:colcon.colcon_core.package_identification:_identify(src/usb_cam) by extensions ['colcon_pkg']
[0.108s] Level 1:colcon.colcon_core.package_identification:_identify(src/usb_cam) by extension 'colcon_pkg'
[0.108s] Level 1:colcon.colcon_core.package_identification:_identify(src/usb_cam) by extensions ['colcon_meta']
[0.108s] Level 1:colcon.colcon_core.package_identification:_identify(src/usb_cam) by extension 'colcon_meta'
[0.108s] Level 1:colcon.colcon_core.package_identification:_identify(src/usb_cam) by extensions ['ros']
[0.108s] Level 1:colcon.colcon_core.package_identification:_identify(src/usb_cam) by extension 'ros'
[0.112s] DEBUG:colcon.colcon_core.package_identification:Package 'src/usb_cam' with type 'ros.ament_cmake' and name 'usb_cam'
[0.112s] Level 1:colcon.colcon_core.package_discovery:discover_packages(recursive) using defaults
[0.112s] Level 1:colcon.colcon_core.package_discovery:discover_packages(ignore) discover
[0.112s] Level 1:colcon.colcon_core.package_discovery:discover_packages(ignore) using defaults
[0.112s] Level 1:colcon.colcon_core.package_discovery:discover_packages(path) discover
[0.112s] Level 1:colcon.colcon_core.package_discovery:discover_packages(path) using defaults
[0.123s] Level 1:colcon.colcon_core.package_discovery:discover_packages(prefix_path) check parameters
[0.123s] Level 1:colcon.colcon_core.package_discovery:discover_packages(prefix_path) discover
[0.124s] DEBUG:colcon.colcon_installed_package_information.package_discovery:Found 289 installed packages in /opt/ros/iron
[0.125s] Level 1:colcon.colcon_core.package_discovery:discover_packages(prefix_path) using defaults
[0.145s] Level 5:colcon.colcon_core.verb:set package 'ros2_aruco' build argument 'cmake_args' from command line to 'None'
[0.145s] Level 5:colcon.colcon_core.verb:set package 'ros2_aruco' build argument 'cmake_target' from command line to 'None'
[0.145s] Level 5:colcon.colcon_core.verb:set package 'ros2_aruco' build argument 'cmake_target_skip_unavailable' from command line to 'False'
[0.145s] Level 5:colcon.colcon_core.verb:set package 'ros2_aruco' build argument 'cmake_clean_cache' from command line to 'False'
[0.145s] Level 5:colcon.colcon_core.verb:set package 'ros2_aruco' build argument 'cmake_clean_first' from command line to 'False'
[0.145s] Level 5:colcon.colcon_core.verb:set package 'ros2_aruco' build argument 'cmake_force_configure' from command line to 'False'
[0.145s] Level 5:colcon.colcon_core.verb:set package 'ros2_aruco' build argument 'ament_cmake_args' from command line to 'None'
[0.145s] Level 5:colcon.colcon_core.verb:set package 'ros2_aruco' build argument 'catkin_cmake_args' from command line to 'None'
[0.145s] Level 5:colcon.colcon_core.verb:set package 'ros2_aruco' build argument 'catkin_skip_building_tests' from command line to 'False'
[0.145s] DEBUG:colcon.colcon_core.verb:Building package 'ros2_aruco' with the following arguments: {'ament_cmake_args': None, 'build_base': '/home/anton202/devlab/drone_ws/build/ros2_aruco', 'catkin_cmake_args': None, 'catkin_skip_building_tests': False, 'cmake_args': None, 'cmake_clean_cache': False, 'cmake_clean_first': False, 'cmake_force_configure': False, 'cmake_target': None, 'cmake_target_skip_unavailable': False, 'install_base': '/home/anton202/devlab/drone_ws/install/ros2_aruco', 'merge_install': False, 'path': '/home/anton202/devlab/drone_ws/src/ros2_aruco/ros2_aruco', 'symlink_install': False, 'test_result_base': None}
[0.145s] Level 5:colcon.colcon_core.verb:set package 'ros2_aruco_interfaces' build argument 'cmake_args' from command line to 'None'
[0.145s] Level 5:colcon.colcon_core.verb:set package 'ros2_aruco_interfaces' build argument 'cmake_target' from command line to 'None'
[0.145s] Level 5:colcon.colcon_core.verb:set package 'ros2_aruco_interfaces' build argument 'cmake_target_skip_unavailable' from command line to 'False'
[0.145s] Level 5:colcon.colcon_core.verb:set package 'ros2_aruco_interfaces' build argument 'cmake_clean_cache' from command line to 'False'
[0.145s] Level 5:colcon.colcon_core.verb:set package 'ros2_aruco_interfaces' build argument 'cmake_clean_first' from command line to 'False'
[0.145s] Level 5:colcon.colcon_core.verb:set package 'ros2_aruco_interfaces' build argument 'cmake_force_configure' from command line to 'False'
[0.145s] Level 5:colcon.colcon_core.verb:set package 'ros2_aruco_interfaces' build argument 'ament_cmake_args' from command line to 'None'
[0.145s] Level 5:colcon.colcon_core.verb:set package 'ros2_aruco_interfaces' build argument 'catkin_cmake_args' from command line to 'None'
[0.145s] Level 5:colcon.colcon_core.verb:set package 'ros2_aruco_interfaces' build argument 'catkin_skip_building_tests' from command line to 'False'
[0.145s] DEBUG:colcon.colcon_core.verb:Building package 'ros2_aruco_interfaces' with the following arguments: {'ament_cmake_args': None, 'build_base': '/home/anton202/devlab/drone_ws/build/ros2_aruco_interfaces', 'catkin_cmake_args': None, 'catkin_skip_building_tests': False, 'cmake_args': None, 'cmake_clean_cache': False, 'cmake_clean_first': False, 'cmake_force_configure': False, 'cmake_target': None, 'cmake_target_skip_unavailable': False, 'install_base': '/home/anton202/devlab/drone_ws/install/ros2_aruco_interfaces', 'merge_install': False, 'path': '/home/anton202/devlab/drone_ws/src/ros2_aruco/ros2_aruco_interfaces', 'symlink_install': False, 'test_result_base': None}
[0.146s] Level 5:colcon.colcon_core.verb:set package 'usb_cam' build argument 'cmake_args' from command line to 'None'
[0.146s] Level 5:colcon.colcon_core.verb:set package 'usb_cam' build argument 'cmake_target' from command line to 'None'
[0.146s] Level 5:colcon.colcon_core.verb:set package 'usb_cam' build argument 'cmake_target_skip_unavailable' from command line to 'False'
[0.146s] Level 5:colcon.colcon_core.verb:set package 'usb_cam' build argument 'cmake_clean_cache' from command line to 'False'
[0.146s] Level 5:colcon.colcon_core.verb:set package 'usb_cam' build argument 'cmake_clean_first' from command line to 'False'
[0.146s] Level 5:colcon.colcon_core.verb:set package 'usb_cam' build argument 'cmake_force_configure' from command line to 'False'
[0.146s] Level 5:colcon.colcon_core.verb:set package 'usb_cam' build argument 'ament_cmake_args' from command line to 'None'
[0.146s] Level 5:colcon.colcon_core.verb:set package 'usb_cam' build argument 'catkin_cmake_args' from command line to 'None'
[0.146s] Level 5:colcon.colcon_core.verb:set package 'usb_cam' build argument 'catkin_skip_building_tests' from command line to 'False'
[0.146s] DEBUG:colcon.colcon_core.verb:Building package 'usb_cam' with the following arguments: {'ament_cmake_args': None, 'build_base': '/home/anton202/devlab/drone_ws/build/usb_cam', 'catkin_cmake_args': None, 'catkin_skip_building_tests': False, 'cmake_args': None, 'cmake_clean_cache': False, 'cmake_clean_first': False, 'cmake_force_configure': False, 'cmake_target': None, 'cmake_target_skip_unavailable': False, 'install_base': '/home/anton202/devlab/drone_ws/install/usb_cam', 'merge_install': False, 'path': '/home/anton202/devlab/drone_ws/src/usb_cam', 'symlink_install': False, 'test_result_base': None}
[0.146s] INFO:colcon.colcon_core.executor:Executing jobs using 'parallel' executor
[0.147s] DEBUG:colcon.colcon_parallel_executor.executor.parallel:run_until_complete
[0.147s] INFO:colcon.colcon_ros.task.ament_python.build:Building ROS package in '/home/anton202/devlab/drone_ws/src/ros2_aruco/ros2_aruco' with build type 'ament_python'
[0.147s] Level 1:colcon.colcon_core.shell:create_environment_hook('ros2_aruco', 'ament_prefix_path')
[0.148s] INFO:colcon.colcon_core.plugin_system:Skipping extension 'colcon_core.shell.bat': Not used on non-Windows systems
[0.148s] INFO:colcon.colcon_core.shell:Creating environment hook '/home/anton202/devlab/drone_ws/install/ros2_aruco/share/ros2_aruco/hook/ament_prefix_path.ps1'
[0.148s] INFO:colcon.colcon_core.shell:Creating environment descriptor '/home/anton202/devlab/drone_ws/install/ros2_aruco/share/ros2_aruco/hook/ament_prefix_path.dsv'
[0.148s] INFO:colcon.colcon_core.shell:Creating environment hook '/home/anton202/devlab/drone_ws/install/ros2_aruco/share/ros2_aruco/hook/ament_prefix_path.sh'
[0.149s] INFO:colcon.colcon_core.shell:Skip shell extension 'powershell' for command environment: Not usable outside of PowerShell
[0.149s] DEBUG:colcon.colcon_core.shell:Skip shell extension 'dsv' for command environment
[0.150s] INFO:colcon.colcon_ros.task.ament_cmake.build:Building ROS package in '/home/anton202/devlab/drone_ws/src/ros2_aruco/ros2_aruco_interfaces' with build type 'ament_cmake'
[0.150s] INFO:colcon.colcon_cmake.task.cmake.build:Building CMake package in '/home/anton202/devlab/drone_ws/src/ros2_aruco/ros2_aruco_interfaces'
[0.150s] INFO:colcon.colcon_core.shell:Skip shell extension 'powershell' for command environment: Not usable outside of PowerShell
[0.150s] DEBUG:colcon.colcon_core.shell:Skip shell extension 'dsv' for command environment
[0.152s] INFO:colcon.colcon_ros.task.ament_cmake.build:Building ROS package in '/home/anton202/devlab/drone_ws/src/usb_cam' with build type 'ament_cmake'
[0.152s] INFO:colcon.colcon_cmake.task.cmake.build:Building CMake package in '/home/anton202/devlab/drone_ws/src/usb_cam'
[0.152s] INFO:colcon.colcon_core.shell:Skip shell extension 'powershell' for command environment: Not usable outside of PowerShell
[0.152s] DEBUG:colcon.colcon_core.shell:Skip shell extension 'dsv' for command environment
[0.261s] INFO:colcon.colcon_core.task.python.build:Building Python package in '/home/anton202/devlab/drone_ws/src/ros2_aruco/ros2_aruco'
[0.261s] INFO:colcon.colcon_core.shell:Skip shell extension 'powershell' for command environment: Not usable outside of PowerShell
[0.261s] DEBUG:colcon.colcon_core.shell:Skip shell extension 'dsv' for command environment
[0.265s] DEBUG:colcon.colcon_core.event_handler.log_command:Invoking command in '/home/anton202/devlab/drone_ws/build/ros2_aruco_interfaces': CMAKE_PREFIX_PATH=/opt/ros/iron /home/anton202/.local/bin/cmake --build /home/anton202/devlab/drone_ws/build/ros2_aruco_interfaces -- -j20 -l20
[0.268s] DEBUG:colcon.colcon_core.event_handler.log_command:Invoking command in '/home/anton202/devlab/drone_ws/build/usb_cam': CMAKE_PREFIX_PATH=/opt/ros/iron /home/anton202/.local/bin/cmake --build /home/anton202/devlab/drone_ws/build/usb_cam -- -j20 -l20
[0.346s] DEBUG:colcon.colcon_core.event_handler.log_command:Invoked command in '/home/anton202/devlab/drone_ws/build/usb_cam' returned '0': CMAKE_PREFIX_PATH=/opt/ros/iron /home/anton202/.local/bin/cmake --build /home/anton202/devlab/drone_ws/build/usb_cam -- -j20 -l20
[0.464s] DEBUG:colcon.colcon_core.event_handler.log_command:Invoking command in '/home/anton202/devlab/drone_ws/build/usb_cam': CMAKE_PREFIX_PATH=/opt/ros/iron /home/anton202/.local/bin/cmake --install /home/anton202/devlab/drone_ws/build/usb_cam
[0.503s] DEBUG:colcon.colcon_core.event_handler.log_command:Invoked command in '/home/anton202/devlab/drone_ws/build/ros2_aruco_interfaces' returned '0': CMAKE_PREFIX_PATH=/opt/ros/iron /home/anton202/.local/bin/cmake --build /home/anton202/devlab/drone_ws/build/ros2_aruco_interfaces -- -j20 -l20
[0.517s] Level 1:colcon.colcon_core.environment:create_environment_scripts_only(usb_cam)
[0.518s] DEBUG:colcon.colcon_core.event_handler.log_command:Invoked command in '/home/anton202/devlab/drone_ws/build/usb_cam' returned '0': CMAKE_PREFIX_PATH=/opt/ros/iron /home/anton202/.local/bin/cmake --install /home/anton202/devlab/drone_ws/build/usb_cam
[0.520s] Level 1:colcon.colcon_core.environment:checking '/home/anton202/devlab/drone_ws/install/usb_cam' for CMake module files
[0.520s] Level 1:colcon.colcon_core.environment:checking '/home/anton202/devlab/drone_ws/install/usb_cam' for CMake config files
[0.521s] Level 1:colcon.colcon_core.shell:create_environment_hook('usb_cam', 'cmake_prefix_path')
[0.521s] INFO:colcon.colcon_core.shell:Creating environment hook '/home/anton202/devlab/drone_ws/install/usb_cam/share/usb_cam/hook/cmake_prefix_path.ps1'
[0.521s] INFO:colcon.colcon_core.shell:Creating environment descriptor '/home/anton202/devlab/drone_ws/install/usb_cam/share/usb_cam/hook/cmake_prefix_path.dsv'
[0.522s] INFO:colcon.colcon_core.shell:Creating environment hook '/home/anton202/devlab/drone_ws/install/usb_cam/share/usb_cam/hook/cmake_prefix_path.sh'
[0.522s] Level 1:colcon.colcon_core.environment:checking '/home/anton202/devlab/drone_ws/install/usb_cam/lib'
[0.523s] Level 1:colcon.colcon_core.shell:create_environment_hook('usb_cam', 'ld_library_path_lib')
[0.523s] INFO:colcon.colcon_core.shell:Creating environment hook '/home/anton202/devlab/drone_ws/install/usb_cam/share/usb_cam/hook/ld_library_path_lib.ps1'
[0.523s] INFO:colcon.colcon_core.shell:Creating environment descriptor '/home/anton202/devlab/drone_ws/install/usb_cam/share/usb_cam/hook/ld_library_path_lib.dsv'
[0.523s] INFO:colcon.colcon_core.shell:Creating environment hook '/home/anton202/devlab/drone_ws/install/usb_cam/share/usb_cam/hook/ld_library_path_lib.sh'
[0.524s] Level 1:colcon.colcon_core.environment:checking '/home/anton202/devlab/drone_ws/install/usb_cam/bin'
[0.524s] Level 1:colcon.colcon_core.environment:checking '/home/anton202/devlab/drone_ws/install/usb_cam/lib/pkgconfig/usb_cam.pc'
[0.524s] Level 1:colcon.colcon_core.environment:checking '/home/anton202/devlab/drone_ws/install/usb_cam/lib/python3.10/site-packages'
[0.524s] Level 1:colcon.colcon_core.environment:checking '/home/anton202/devlab/drone_ws/install/usb_cam/bin'
[0.525s] INFO:colcon.colcon_core.shell:Creating package script '/home/anton202/devlab/drone_ws/install/usb_cam/share/usb_cam/package.ps1'
[0.526s] INFO:colcon.colcon_core.shell:Creating package descriptor '/home/anton202/devlab/drone_ws/install/usb_cam/share/usb_cam/package.dsv'
[0.526s] INFO:colcon.colcon_core.shell:Creating package script '/home/anton202/devlab/drone_ws/install/usb_cam/share/usb_cam/package.sh'
[0.527s] INFO:colcon.colcon_core.shell:Creating package script '/home/anton202/devlab/drone_ws/install/usb_cam/share/usb_cam/package.bash'
[0.528s] INFO:colcon.colcon_core.shell:Creating package script '/home/anton202/devlab/drone_ws/install/usb_cam/share/usb_cam/package.zsh'
[0.528s] Level 1:colcon.colcon_core.environment:create_file_with_runtime_dependencies(/home/anton202/devlab/drone_ws/install/usb_cam/share/colcon-core/packages/usb_cam)
[0.584s] DEBUG:colcon.colcon_core.event_handler.log_command:Invoking command in '/home/anton202/devlab/drone_ws/build/ros2_aruco_interfaces': CMAKE_PREFIX_PATH=/opt/ros/iron /home/anton202/.local/bin/cmake --install /home/anton202/devlab/drone_ws/build/ros2_aruco_interfaces
[0.594s] Level 1:colcon.colcon_core.environment:create_environment_scripts_only(usb_cam)
[0.594s] Level 1:colcon.colcon_core.environment:checking '/home/anton202/devlab/drone_ws/install/usb_cam' for CMake module files
[0.595s] Level 1:colcon.colcon_core.environment:checking '/home/anton202/devlab/drone_ws/install/usb_cam' for CMake config files
[0.595s] Level 1:colcon.colcon_core.shell:create_environment_hook('usb_cam', 'cmake_prefix_path')
[0.595s] INFO:colcon.colcon_core.shell:Creating environment hook '/home/anton202/devlab/drone_ws/install/usb_cam/share/usb_cam/hook/cmake_prefix_path.ps1'
[0.596s] INFO:colcon.colcon_core.shell:Creating environment descriptor '/home/anton202/devlab/drone_ws/install/usb_cam/share/usb_cam/hook/cmake_prefix_path.dsv'
[0.596s] INFO:colcon.colcon_core.shell:Creating environment hook '/home/anton202/devlab/drone_ws/install/usb_cam/share/usb_cam/hook/cmake_prefix_path.sh'
[0.596s] Level 1:colcon.colcon_core.environment:checking '/home/anton202/devlab/drone_ws/install/usb_cam/lib'
[0.596s] Level 1:colcon.colcon_core.shell:create_environment_hook('usb_cam', 'ld_library_path_lib')
[0.597s] INFO:colcon.colcon_core.shell:Creating environment hook '/home/anton202/devlab/drone_ws/install/usb_cam/share/usb_cam/hook/ld_library_path_lib.ps1'
[0.597s] INFO:colcon.colcon_core.shell:Creating environment descriptor '/home/anton202/devlab/drone_ws/install/usb_cam/share/usb_cam/hook/ld_library_path_lib.dsv'
[0.597s] INFO:colcon.colcon_core.shell:Creating environment hook '/home/anton202/devlab/drone_ws/install/usb_cam/share/usb_cam/hook/ld_library_path_lib.sh'
[0.598s] Level 1:colcon.colcon_core.environment:checking '/home/anton202/devlab/drone_ws/install/usb_cam/bin'
[0.598s] Level 1:colcon.colcon_core.environment:checking '/home/anton202/devlab/drone_ws/install/usb_cam/lib/pkgconfig/usb_cam.pc'
[0.598s] Level 1:colcon.colcon_core.environment:checking '/home/anton202/devlab/drone_ws/install/usb_cam/lib/python3.10/site-packages'
[0.598s] Level 1:colcon.colcon_core.environment:checking '/home/anton202/devlab/drone_ws/install/usb_cam/bin'
[0.598s] INFO:colcon.colcon_core.shell:Creating package script '/home/anton202/devlab/drone_ws/install/usb_cam/share/usb_cam/package.ps1'
[0.599s] INFO:colcon.colcon_core.shell:Creating package descriptor '/home/anton202/devlab/drone_ws/install/usb_cam/share/usb_cam/package.dsv'
[0.600s] INFO:colcon.colcon_core.shell:Creating package script '/home/anton202/devlab/drone_ws/install/usb_cam/share/usb_cam/package.sh'
[0.600s] INFO:colcon.colcon_core.shell:Creating package script '/home/anton202/devlab/drone_ws/install/usb_cam/share/usb_cam/package.bash'
[0.600s] INFO:colcon.colcon_core.shell:Creating package script '/home/anton202/devlab/drone_ws/install/usb_cam/share/usb_cam/package.zsh'
[0.601s] Level 1:colcon.colcon_core.environment:create_file_with_runtime_dependencies(/home/anton202/devlab/drone_ws/install/usb_cam/share/colcon-core/packages/usb_cam)
[0.603s] DEBUG:colcon.colcon_core.event_handler.log_command:Invoking command in '/home/anton202/devlab/drone_ws/src/ros2_aruco/ros2_aruco': PYTHONPATH=/home/anton202/devlab/drone_ws/build/ros2_aruco/prefix_override:/home/anton202/devlab/drone_ws/install/ros2_aruco/lib/python3.10/site-packages:${PYTHONPATH} /usr/bin/python3 -W ignore:setup.py install is deprecated setup.py egg_info --egg-base ../../../build/ros2_aruco build --build-base /home/anton202/devlab/drone_ws/build/ros2_aruco/build install --record /home/anton202/devlab/drone_ws/build/ros2_aruco/install.log --single-version-externally-managed install_data
[0.658s] Level 1:colcon.colcon_core.environment:create_environment_scripts_only(ros2_aruco_interfaces)
[0.658s] Level 1:colcon.colcon_core.environment:checking '/home/anton202/devlab/drone_ws/install/ros2_aruco_interfaces' for CMake module files
[0.659s] DEBUG:colcon.colcon_core.event_handler.log_command:Invoked command in '/home/anton202/devlab/drone_ws/build/ros2_aruco_interfaces' returned '0': CMAKE_PREFIX_PATH=/opt/ros/iron /home/anton202/.local/bin/cmake --install /home/anton202/devlab/drone_ws/build/ros2_aruco_interfaces
[0.659s] Level 1:colcon.colcon_core.environment:checking '/home/anton202/devlab/drone_ws/install/ros2_aruco_interfaces' for CMake config files
[0.660s] Level 1:colcon.colcon_core.shell:create_environment_hook('ros2_aruco_interfaces', 'cmake_prefix_path')
[0.660s] INFO:colcon.colcon_core.shell:Creating environment hook '/home/anton202/devlab/drone_ws/install/ros2_aruco_interfaces/share/ros2_aruco_interfaces/hook/cmake_prefix_path.ps1'
[0.660s] INFO:colcon.colcon_core.shell:Creating environment descriptor '/home/anton202/devlab/drone_ws/install/ros2_aruco_interfaces/share/ros2_aruco_interfaces/hook/cmake_prefix_path.dsv'
[0.661s] INFO:colcon.colcon_core.shell:Creating environment hook '/home/anton202/devlab/drone_ws/install/ros2_aruco_interfaces/share/ros2_aruco_interfaces/hook/cmake_prefix_path.sh'
[0.661s] Level 1:colcon.colcon_core.environment:checking '/home/anton202/devlab/drone_ws/install/ros2_aruco_interfaces/lib'
[0.661s] Level 1:colcon.colcon_core.shell:create_environment_hook('ros2_aruco_interfaces', 'ld_library_path_lib')
[0.662s] INFO:colcon.colcon_core.shell:Creating environment hook '/home/anton202/devlab/drone_ws/install/ros2_aruco_interfaces/share/ros2_aruco_interfaces/hook/ld_library_path_lib.ps1'
[0.662s] INFO:colcon.colcon_core.shell:Creating environment descriptor '/home/anton202/devlab/drone_ws/install/ros2_aruco_interfaces/share/ros2_aruco_interfaces/hook/ld_library_path_lib.dsv'
[0.662s] INFO:colcon.colcon_core.shell:Creating environment hook '/home/anton202/devlab/drone_ws/install/ros2_aruco_interfaces/share/ros2_aruco_interfaces/hook/ld_library_path_lib.sh'
[0.663s] Level 1:colcon.colcon_core.environment:checking '/home/anton202/devlab/drone_ws/install/ros2_aruco_interfaces/bin'
[0.663s] Level 1:colcon.colcon_core.environment:checking '/home/anton202/devlab/drone_ws/install/ros2_aruco_interfaces/lib/pkgconfig/ros2_aruco_interfaces.pc'
[0.663s] Level 1:colcon.colcon_core.environment:checking '/home/anton202/devlab/drone_ws/install/ros2_aruco_interfaces/lib/python3.10/site-packages'
[0.663s] Level 1:colcon.colcon_core.shell:create_environment_hook('ros2_aruco_interfaces', 'pythonpath')
[0.663s] INFO:colcon.colcon_core.shell:Creating environment hook '/home/anton202/devlab/drone_ws/install/ros2_aruco_interfaces/share/ros2_aruco_interfaces/hook/pythonpath.ps1'
[0.664s] INFO:colcon.colcon_core.shell:Creating environment descriptor '/home/anton202/devlab/drone_ws/install/ros2_aruco_interfaces/share/ros2_aruco_interfaces/hook/pythonpath.dsv'
[0.664s] INFO:colcon.colcon_core.shell:Creating environment hook '/home/anton202/devlab/drone_ws/install/ros2_aruco_interfaces/share/ros2_aruco_interfaces/hook/pythonpath.sh'
[0.664s] Level 1:colcon.colcon_core.environment:checking '/home/anton202/devlab/drone_ws/install/ros2_aruco_interfaces/bin'
[0.665s] INFO:colcon.colcon_core.shell:Creating package script '/home/anton202/devlab/drone_ws/install/ros2_aruco_interfaces/share/ros2_aruco_interfaces/package.ps1'
[0.665s] INFO:colcon.colcon_core.shell:Creating package descriptor '/home/anton202/devlab/drone_ws/install/ros2_aruco_interfaces/share/ros2_aruco_interfaces/package.dsv'
[0.666s] INFO:colcon.colcon_core.shell:Creating package script '/home/anton202/devlab/drone_ws/install/ros2_aruco_interfaces/share/ros2_aruco_interfaces/package.sh'
[0.666s] INFO:colcon.colcon_core.shell:Creating package script '/home/anton202/devlab/drone_ws/install/ros2_aruco_interfaces/share/ros2_aruco_interfaces/package.bash'
[0.666s] INFO:colcon.colcon_core.shell:Creating package script '/home/anton202/devlab/drone_ws/install/ros2_aruco_interfaces/share/ros2_aruco_interfaces/package.zsh'
[0.667s] Level 1:colcon.colcon_core.environment:create_file_with_runtime_dependencies(/home/anton202/devlab/drone_ws/install/ros2_aruco_interfaces/share/colcon-core/packages/ros2_aruco_interfaces)
[0.746s] Level 1:colcon.colcon_core.environment:create_environment_scripts_only(ros2_aruco_interfaces)
[0.747s] Level 1:colcon.colcon_core.environment:checking '/home/anton202/devlab/drone_ws/install/ros2_aruco_interfaces' for CMake module files
[0.748s] Level 1:colcon.colcon_core.environment:checking '/home/anton202/devlab/drone_ws/install/ros2_aruco_interfaces' for CMake config files
[0.749s] Level 1:colcon.colcon_core.shell:create_environment_hook('ros2_aruco_interfaces', 'cmake_prefix_path')
[0.749s] INFO:colcon.colcon_core.shell:Creating environment hook '/home/anton202/devlab/drone_ws/install/ros2_aruco_interfaces/share/ros2_aruco_interfaces/hook/cmake_prefix_path.ps1'
[0.749s] INFO:colcon.colcon_core.shell:Creating environment descriptor '/home/anton202/devlab/drone_ws/install/ros2_aruco_interfaces/share/ros2_aruco_interfaces/hook/cmake_prefix_path.dsv'
[0.750s] INFO:colcon.colcon_core.shell:Creating environment hook '/home/anton202/devlab/drone_ws/install/ros2_aruco_interfaces/share/ros2_aruco_interfaces/hook/cmake_prefix_path.sh'
[0.750s] Level 1:colcon.colcon_core.environment:checking '/home/anton202/devlab/drone_ws/install/ros2_aruco_interfaces/lib'
[0.750s] Level 1:colcon.colcon_core.shell:create_environment_hook('ros2_aruco_interfaces', 'ld_library_path_lib')
[0.751s] INFO:colcon.colcon_core.shell:Creating environment hook '/home/anton202/devlab/drone_ws/install/ros2_aruco_interfaces/share/ros2_aruco_interfaces/hook/ld_library_path_lib.ps1'
[0.751s] INFO:colcon.colcon_core.shell:Creating environment descriptor '/home/anton202/devlab/drone_ws/install/ros2_aruco_interfaces/share/ros2_aruco_interfaces/hook/ld_library_path_lib.dsv'
[0.751s] INFO:colcon.colcon_core.shell:Creating environment hook '/home/anton202/devlab/drone_ws/install/ros2_aruco_interfaces/share/ros2_aruco_interfaces/hook/ld_library_path_lib.sh'
[0.752s] Level 1:colcon.colcon_core.environment:checking '/home/anton202/devlab/drone_ws/install/ros2_aruco_interfaces/bin'
[0.752s] Level 1:colcon.colcon_core.environment:checking '/home/anton202/devlab/drone_ws/install/ros2_aruco_interfaces/lib/pkgconfig/ros2_aruco_interfaces.pc'
[0.752s] Level 1:colcon.colcon_core.environment:checking '/home/anton202/devlab/drone_ws/install/ros2_aruco_interfaces/lib/python3.10/site-packages'
[0.752s] Level 1:colcon.colcon_core.shell:create_environment_hook('ros2_aruco_interfaces', 'pythonpath')
[0.752s] INFO:colcon.colcon_core.shell:Creating environment hook '/home/anton202/devlab/drone_ws/install/ros2_aruco_interfaces/share/ros2_aruco_interfaces/hook/pythonpath.ps1'
[0.753s] INFO:colcon.colcon_core.shell:Creating environment descriptor '/home/anton202/devlab/drone_ws/install/ros2_aruco_interfaces/share/ros2_aruco_interfaces/hook/pythonpath.dsv'
[0.753s] INFO:colcon.colcon_core.shell:Creating environment hook '/home/anton202/devlab/drone_ws/install/ros2_aruco_interfaces/share/ros2_aruco_interfaces/hook/pythonpath.sh'
[0.753s] Level 1:colcon.colcon_core.environment:checking '/home/anton202/devlab/drone_ws/install/ros2_aruco_interfaces/bin'
[0.754s] INFO:colcon.colcon_core.shell:Creating package script '/home/anton202/devlab/drone_ws/install/ros2_aruco_interfaces/share/ros2_aruco_interfaces/package.ps1'
[0.754s] INFO:colcon.colcon_core.shell:Creating package descriptor '/home/anton202/devlab/drone_ws/install/ros2_aruco_interfaces/share/ros2_aruco_interfaces/package.dsv'
[0.755s] INFO:colcon.colcon_core.shell:Creating package script '/home/anton202/devlab/drone_ws/install/ros2_aruco_interfaces/share/ros2_aruco_interfaces/package.sh'
[0.755s] INFO:colcon.colcon_core.shell:Creating package script '/home/anton202/devlab/drone_ws/install/ros2_aruco_interfaces/share/ros2_aruco_interfaces/package.bash'
[0.756s] INFO:colcon.colcon_core.shell:Creating package script '/home/anton202/devlab/drone_ws/install/ros2_aruco_interfaces/share/ros2_aruco_interfaces/package.zsh'
[0.756s] Level 1:colcon.colcon_core.environment:create_file_with_runtime_dependencies(/home/anton202/devlab/drone_ws/install/ros2_aruco_interfaces/share/colcon-core/packages/ros2_aruco_interfaces)
[0.890s] Level 1:colcon.colcon_core.environment:checking '/home/anton202/devlab/drone_ws/install/ros2_aruco' for CMake module files
[0.891s] DEBUG:colcon.colcon_core.event_handler.log_command:Invoked command in '/home/anton202/devlab/drone_ws/src/ros2_aruco/ros2_aruco' returned '0': PYTHONPATH=/home/anton202/devlab/drone_ws/build/ros2_aruco/prefix_override:/home/anton202/devlab/drone_ws/install/ros2_aruco/lib/python3.10/site-packages:${PYTHONPATH} /usr/bin/python3 -W ignore:setup.py install is deprecated setup.py egg_info --egg-base ../../../build/ros2_aruco build --build-base /home/anton202/devlab/drone_ws/build/ros2_aruco/build install --record /home/anton202/devlab/drone_ws/build/ros2_aruco/install.log --single-version-externally-managed install_data
[0.891s] Level 1:colcon.colcon_core.environment:checking '/home/anton202/devlab/drone_ws/install/ros2_aruco' for CMake config files
[0.891s] Level 1:colcon.colcon_core.environment:checking '/home/anton202/devlab/drone_ws/install/ros2_aruco/lib'
[0.892s] Level 1:colcon.colcon_core.environment:checking '/home/anton202/devlab/drone_ws/install/ros2_aruco/bin'
[0.892s] Level 1:colcon.colcon_core.environment:checking '/home/anton202/devlab/drone_ws/install/ros2_aruco/lib/pkgconfig/ros2_aruco.pc'
[0.892s] Level 1:colcon.colcon_core.environment:checking '/home/anton202/devlab/drone_ws/install/ros2_aruco/lib/python3.10/site-packages'
[0.892s] Level 1:colcon.colcon_core.shell:create_environment_hook('ros2_aruco', 'pythonpath')
[0.892s] INFO:colcon.colcon_core.shell:Creating environment hook '/home/anton202/devlab/drone_ws/install/ros2_aruco/share/ros2_aruco/hook/pythonpath.ps1'
[0.893s] INFO:colcon.colcon_core.shell:Creating environment descriptor '/home/anton202/devlab/drone_ws/install/ros2_aruco/share/ros2_aruco/hook/pythonpath.dsv'
[0.893s] INFO:colcon.colcon_core.shell:Creating environment hook '/home/anton202/devlab/drone_ws/install/ros2_aruco/share/ros2_aruco/hook/pythonpath.sh'
[0.893s] Level 1:colcon.colcon_core.environment:checking '/home/anton202/devlab/drone_ws/install/ros2_aruco/bin'
[0.893s] Level 1:colcon.colcon_core.environment:create_environment_scripts_only(ros2_aruco)
[0.894s] INFO:colcon.colcon_core.shell:Creating package script '/home/anton202/devlab/drone_ws/install/ros2_aruco/share/ros2_aruco/package.ps1'
[0.894s] INFO:colcon.colcon_core.shell:Creating package descriptor '/home/anton202/devlab/drone_ws/install/ros2_aruco/share/ros2_aruco/package.dsv'
[0.895s] INFO:colcon.colcon_core.shell:Creating package script '/home/anton202/devlab/drone_ws/install/ros2_aruco/share/ros2_aruco/package.sh'
[0.895s] INFO:colcon.colcon_core.shell:Creating package script '/home/anton202/devlab/drone_ws/install/ros2_aruco/share/ros2_aruco/package.bash'
[0.895s] INFO:colcon.colcon_core.shell:Creating package script '/home/anton202/devlab/drone_ws/install/ros2_aruco/share/ros2_aruco/package.zsh'
[0.896s] Level 1:colcon.colcon_core.environment:create_file_with_runtime_dependencies(/home/anton202/devlab/drone_ws/install/ros2_aruco/share/colcon-core/packages/ros2_aruco)
[0.896s] DEBUG:colcon.colcon_parallel_executor.executor.parallel:closing loop
[0.896s] DEBUG:colcon.colcon_parallel_executor.executor.parallel:loop closed
[0.896s] DEBUG:colcon.colcon_parallel_executor.executor.parallel:run_until_complete finished with '0'
[0.896s] DEBUG:colcon.colcon_core.event_reactor:joining thread
[0.900s] INFO:colcon.colcon_core.plugin_system:Skipping extension 'colcon_notification.desktop_notification.terminal_notifier': Not used on non-Darwin systems
[0.900s] INFO:colcon.colcon_core.plugin_system:Skipping extension 'colcon_notification.desktop_notification.win32': Not used on non-Windows systems
[0.900s] INFO:colcon.colcon_notification.desktop_notification:Sending desktop notification using 'notify2'
[0.911s] DEBUG:colcon.colcon_core.event_reactor:joined thread
[0.912s] INFO:colcon.colcon_core.shell:Creating prefix script '/home/anton202/devlab/drone_ws/install/local_setup.ps1'
[0.913s] INFO:colcon.colcon_core.shell:Creating prefix util module '/home/anton202/devlab/drone_ws/install/_local_setup_util_ps1.py'
[0.914s] INFO:colcon.colcon_core.shell:Creating prefix chain script '/home/anton202/devlab/drone_ws/install/setup.ps1'
[0.914s] INFO:colcon.colcon_core.shell:Creating prefix script '/home/anton202/devlab/drone_ws/install/local_setup.sh'
[0.915s] INFO:colcon.colcon_core.shell:Creating prefix util module '/home/anton202/devlab/drone_ws/install/_local_setup_util_sh.py'
[0.915s] INFO:colcon.colcon_core.shell:Creating prefix chain script '/home/anton202/devlab/drone_ws/install/setup.sh'
[0.916s] INFO:colcon.colcon_core.shell:Creating prefix script '/home/anton202/devlab/drone_ws/install/local_setup.bash'
[0.917s] INFO:colcon.colcon_core.shell:Creating prefix chain script '/home/anton202/devlab/drone_ws/install/setup.bash'
[0.917s] INFO:colcon.colcon_core.shell:Creating prefix script '/home/anton202/devlab/drone_ws/install/local_setup.zsh'
[0.918s] INFO:colcon.colcon_core.shell:Creating prefix chain script '/home/anton202/devlab/drone_ws/install/setup.zsh'
