[0.120s] Invoking command in '/home/anton202/devlab/drone_ws/build/usb_camera_driver': CMAKE_PREFIX_PATH=/opt/ros/iron /home/anton202/.local/bin/cmake /home/anton202/devlab/drone_ws/src/ros2_usb_camera -DCMAKE_INSTALL_PREFIX=/home/anton202/devlab/drone_ws/install/usb_camera_driver
[0.189s] -- The C compiler identification is GNU 11.4.0
[0.228s] -- The CXX compiler identification is GNU 11.4.0
[0.237s] -- Detecting C compiler ABI info
[0.274s] -- Detecting C compiler ABI info - done
[0.292s] -- Check for working C compiler: /usr/bin/cc - skipped
[0.292s] -- Detecting C compile features
[0.293s] -- Detecting C compile features - done
[0.296s] -- Detecting CXX compiler ABI info
[0.340s] -- Detecting CXX compiler ABI info - done
[0.357s] -- Check for working CXX compiler: /usr/bin/c++ - skipped
[0.358s] -- Detecting CXX compile features
[0.358s] -- Detecting CXX compile features - done
[0.360s] -- Found ament_cmake: 2.0.5 (/opt/ros/iron/share/ament_cmake/cmake)
[0.654s] -- Found Python3: /usr/bin/python3.10 (found version "3.10.12") found components: Interpreter
[0.711s] -- Found rclcpp: 21.0.6 (/opt/ros/iron/share/rclcpp/cmake)
[0.755s] -- Found rosidl_generator_c: 4.0.1 (/opt/ros/iron/share/rosidl_generator_c/cmake)
[0.767s] -- Found rosidl_generator_cpp: 4.0.1 (/opt/ros/iron/share/rosidl_generator_cpp/cmake)
[0.785s] -- Using all available rosidl_typesupport_c: rosidl_typesupport_fastrtps_c;rosidl_typesupport_introspection_c
[0.804s] -- Using all available rosidl_typesupport_cpp: rosidl_typesupport_fastrtps_cpp;rosidl_typesupport_introspection_cpp
[0.971s] -- Found rmw_implementation_cmake: 7.1.0 (/opt/ros/iron/share/rmw_implementation_cmake/cmake)
[0.973s] -- Found rmw_fastrtps_cpp: 7.1.3 (/opt/ros/iron/share/rmw_fastrtps_cpp/cmake)
[1.054s] -- Found OpenSSL: /usr/lib/x86_64-linux-gnu/libcrypto.so (found version "3.0.2")
[1.081s] -- Found FastRTPS: /opt/ros/iron/include
[1.121s] -- Using RMW implementation 'rmw_fastrtps_cpp' as default
[1.303s] -- Found rclcpp_components: 21.0.6 (/opt/ros/iron/share/rclcpp_components/cmake)
[1.413s] -- Found std_msgs: 5.0.0 (/opt/ros/iron/share/std_msgs/cmake)
[1.448s] -- Found sensor_msgs: 5.0.0 (/opt/ros/iron/share/sensor_msgs/cmake)
[1.603s] [31mCMake Error at CMakeLists.txt:21 (find_package):
[1.603s]   By not providing "Findcamera_info_manager.cmake" in CMAKE_MODULE_PATH this
[1.603s]   project has asked CMake to find a package configuration file provided by
[1.603s]   "camera_info_manager", but CMake did not find one.
[1.603s] 
[1.603s]   Could not find a package configuration file provided by
[1.603s]   "camera_info_manager" with any of the following names:
[1.603s] 
[1.603s]     camera_info_managerConfig.cmake
[1.603s]     camera_info_manager-config.cmake
[1.603s] 
[1.603s]   Add the installation prefix of "camera_info_manager" to CMAKE_PREFIX_PATH
[1.603s]   or set "camera_info_manager_DIR" to a directory containing one of the above
[1.603s]   files.  If "camera_info_manager" provides a separate development package or
[1.603s]   SDK, be sure it has been installed.
[1.603s] 
[1.603s] [0m
[1.603s] -- Configuring incomplete, errors occurred!
[1.618s] Invoked command in '/home/anton202/devlab/drone_ws/build/usb_camera_driver' returned '1': CMAKE_PREFIX_PATH=/opt/ros/iron /home/anton202/.local/bin/cmake /home/anton202/devlab/drone_ws/src/ros2_usb_camera -DCMAKE_INSTALL_PREFIX=/home/anton202/devlab/drone_ws/install/usb_camera_driver
