[0.759s] Invoking command in '/home/anton202/devlab/drone_ws/src/learning_tf2_py': CONDA_PROMPT_MODIFIER=(base) PYTHONPATH=/home/anton202/devlab/drone_ws/build/learning_tf2_py/prefix_override:/home/anton202/devlab/drone_ws/install/learning_tf2_py/lib/python3.10/site-packages:${PYTHONPATH} /usr/bin/python3 -W ignore:setup.py install is deprecated setup.py egg_info --egg-base ../../build/learning_tf2_py build --build-base /home/anton202/devlab/drone_ws/build/learning_tf2_py/build install --record /home/anton202/devlab/drone_ws/build/learning_tf2_py/install.log --single-version-externally-managed install_data
[0.920s] running egg_info
[0.930s] writing ../../build/learning_tf2_py/learning_tf2_py.egg-info/PKG-INFO
[0.931s] writing dependency_links to ../../build/learning_tf2_py/learning_tf2_py.egg-info/dependency_links.txt
[0.931s] writing entry points to ../../build/learning_tf2_py/learning_tf2_py.egg-info/entry_points.txt
[0.931s] writing requirements to ../../build/learning_tf2_py/learning_tf2_py.egg-info/requires.txt
[0.931s] writing top-level names to ../../build/learning_tf2_py/learning_tf2_py.egg-info/top_level.txt
[0.953s] reading manifest file '../../build/learning_tf2_py/learning_tf2_py.egg-info/SOURCES.txt'
[0.953s] adding license file 'LICENSE'
[0.954s] writing manifest file '../../build/learning_tf2_py/learning_tf2_py.egg-info/SOURCES.txt'
[0.954s] running build
[0.954s] running build_py
[0.954s] copying learning_tf2_py/static_turtle_tf2_broadcaster.py -> /home/anton202/devlab/drone_ws/build/learning_tf2_py/build/lib/learning_tf2_py
[0.954s] copying learning_tf2_py/simple_broadcaster.py -> /home/anton202/devlab/drone_ws/build/learning_tf2_py/build/lib/learning_tf2_py
[0.955s] copying learning_tf2_py/turtle_tf2_listener.py -> /home/anton202/devlab/drone_ws/build/learning_tf2_py/build/lib/learning_tf2_py
[0.955s] copying learning_tf2_py/turtle_tf2_broadcaster.py -> /home/anton202/devlab/drone_ws/build/learning_tf2_py/build/lib/learning_tf2_py
[0.955s] copying learning_tf2_py/__init__.py -> /home/anton202/devlab/drone_ws/build/learning_tf2_py/build/lib/learning_tf2_py
[0.955s] running install
[0.958s] running install_lib
[0.969s] copying /home/anton202/devlab/drone_ws/build/learning_tf2_py/build/lib/learning_tf2_py/simple_broadcaster.py -> /home/anton202/devlab/drone_ws/install/learning_tf2_py/lib/python3.10/site-packages/learning_tf2_py
[0.970s] byte-compiling /home/anton202/devlab/drone_ws/install/learning_tf2_py/lib/python3.10/site-packages/learning_tf2_py/simple_broadcaster.py to simple_broadcaster.cpython-310.pyc
[0.970s] running install_data
[0.971s] copying resource/learning_tf2_py -> /home/anton202/devlab/drone_ws/install/learning_tf2_py/share/ament_index/resource_index/packages
[0.971s] copying package.xml -> /home/anton202/devlab/drone_ws/install/learning_tf2_py/share/learning_tf2_py
[0.971s] running install_egg_info
[0.982s] removing '/home/anton202/devlab/drone_ws/install/learning_tf2_py/lib/python3.10/site-packages/learning_tf2_py-0.0.0-py3.10.egg-info' (and everything under it)
[0.982s] Copying ../../build/learning_tf2_py/learning_tf2_py.egg-info to /home/anton202/devlab/drone_ws/install/learning_tf2_py/lib/python3.10/site-packages/learning_tf2_py-0.0.0-py3.10.egg-info
[0.983s] running install_scripts
[1.084s] Installing simple_broadcaster script to /home/anton202/devlab/drone_ws/install/learning_tf2_py/lib/learning_tf2_py
[1.085s] Installing static_turtle_tf2_broadcaster script to /home/anton202/devlab/drone_ws/install/learning_tf2_py/lib/learning_tf2_py
[1.085s] Installing turtle_tf2_broadcaster script to /home/anton202/devlab/drone_ws/install/learning_tf2_py/lib/learning_tf2_py
[1.085s] writing list of installed files to '/home/anton202/devlab/drone_ws/build/learning_tf2_py/install.log'
[1.108s] Invoked command in '/home/anton202/devlab/drone_ws/src/learning_tf2_py' returned '0': CONDA_PROMPT_MODIFIER=(base) PYTHONPATH=/home/anton202/devlab/drone_ws/build/learning_tf2_py/prefix_override:/home/anton202/devlab/drone_ws/install/learning_tf2_py/lib/python3.10/site-packages:${PYTHONPATH} /usr/bin/python3 -W ignore:setup.py install is deprecated setup.py egg_info --egg-base ../../build/learning_tf2_py build --build-base /home/anton202/devlab/drone_ws/build/learning_tf2_py/build install --record /home/anton202/devlab/drone_ws/build/learning_tf2_py/install.log --single-version-externally-managed install_data
