[0.470s] Invoking command in '/home/anton202/devlab/drone_ws/build/ros2_aruco_interfaces': CMAKE_PREFIX_PATH=${CMAKE_PREFIX_PATH}:/home/anton202/devlab/drone_ws/install/ros2_aruco:/home/anton202/devlab/drone_ws/install/py_pubsub:/home/anton202/devlab/drone_ws/install/learning_tf2_py:/home/anton202/devlab/drone_ws/install/drone_localization:/opt/ros/iron CONDA_PROMPT_MODIFIER=(base) /home/anton202/.local/bin/cmake --build /home/anton202/devlab/drone_ws/build/ros2_aruco_interfaces -- -j20 -l20
[0.529s] [  2%] Built target ros2_aruco_interfaces__rosidl_generator_type_description
[0.535s] [  5%] Built target ros2_aruco_interfaces__cpp
[0.535s] [  5%] Built target ament_cmake_python_copy_ros2_aruco_interfaces
[0.540s] [ 20%] Built target ros2_aruco_interfaces__rosidl_generator_c
[0.550s] [ 29%] Built target ros2_aruco_interfaces__rosidl_typesupport_fastrtps_cpp
[0.550s] [ 38%] Built target ros2_aruco_interfaces__rosidl_typesupport_cpp
[0.551s] [ 47%] Built target ros2_aruco_interfaces__rosidl_typesupport_introspection_c
[0.551s] [ 61%] Built target ros2_aruco_interfaces__rosidl_typesupport_fastrtps_c
[0.551s] [ 64%] Built target ros2_aruco_interfaces__rosidl_typesupport_c
[0.551s] [ 73%] Built target ros2_aruco_interfaces__rosidl_typesupport_introspection_cpp
[0.560s] [ 73%] Built target ros2_aruco_interfaces
[0.568s] [ 76%] Built target ros2_aruco_interfaces__py
[0.575s] [ 82%] Built target ros2_aruco_interfaces__rosidl_generator_py
[0.582s] [ 88%] Built target ros2_aruco_interfaces__rosidl_typesupport_fastrtps_c__pyext
[0.585s] [ 94%] Built target ros2_aruco_interfaces__rosidl_typesupport_introspection_c__pyext
[0.586s] [100%] Built target ros2_aruco_interfaces__rosidl_typesupport_c__pyext
[0.681s] running egg_info
[0.693s] writing ros2_aruco_interfaces.egg-info/PKG-INFO
[0.694s] writing dependency_links to ros2_aruco_interfaces.egg-info/dependency_links.txt
[0.694s] writing top-level names to ros2_aruco_interfaces.egg-info/top_level.txt
[0.729s] reading manifest file 'ros2_aruco_interfaces.egg-info/SOURCES.txt'
[0.729s] writing manifest file 'ros2_aruco_interfaces.egg-info/SOURCES.txt'
[0.745s] [100%] Built target ament_cmake_python_build_ros2_aruco_interfaces_egg
[0.759s] Invoked command in '/home/anton202/devlab/drone_ws/build/ros2_aruco_interfaces' returned '0': CMAKE_PREFIX_PATH=${CMAKE_PREFIX_PATH}:/home/anton202/devlab/drone_ws/install/ros2_aruco:/home/anton202/devlab/drone_ws/install/py_pubsub:/home/anton202/devlab/drone_ws/install/learning_tf2_py:/home/anton202/devlab/drone_ws/install/drone_localization:/opt/ros/iron CONDA_PROMPT_MODIFIER=(base) /home/anton202/.local/bin/cmake --build /home/anton202/devlab/drone_ws/build/ros2_aruco_interfaces -- -j20 -l20
[0.861s] Invoking command in '/home/anton202/devlab/drone_ws/build/ros2_aruco_interfaces': CMAKE_PREFIX_PATH=${CMAKE_PREFIX_PATH}:/home/anton202/devlab/drone_ws/install/ros2_aruco:/home/anton202/devlab/drone_ws/install/py_pubsub:/home/anton202/devlab/drone_ws/install/learning_tf2_py:/home/anton202/devlab/drone_ws/install/drone_localization:/opt/ros/iron CONDA_PROMPT_MODIFIER=(base) /home/anton202/.local/bin/cmake --install /home/anton202/devlab/drone_ws/build/ros2_aruco_interfaces
[0.916s] -- Install configuration: ""
[0.916s] -- Up-to-date: /home/anton202/devlab/drone_ws/install/ros2_aruco_interfaces/share/ament_index/resource_index/rosidl_interfaces/ros2_aruco_interfaces
[0.916s] -- Up-to-date: /home/anton202/devlab/drone_ws/install/ros2_aruco_interfaces/share/ros2_aruco_interfaces/msg/ArucoMarkers.json
[0.916s] -- Up-to-date: /home/anton202/devlab/drone_ws/install/ros2_aruco_interfaces/include/ros2_aruco_interfaces/ros2_aruco_interfaces
[0.916s] -- Up-to-date: /home/anton202/devlab/drone_ws/install/ros2_aruco_interfaces/include/ros2_aruco_interfaces/ros2_aruco_interfaces/msg
[0.916s] -- Up-to-date: /home/anton202/devlab/drone_ws/install/ros2_aruco_interfaces/include/ros2_aruco_interfaces/ros2_aruco_interfaces/msg/aruco_markers.h
[0.916s] -- Up-to-date: /home/anton202/devlab/drone_ws/install/ros2_aruco_interfaces/include/ros2_aruco_interfaces/ros2_aruco_interfaces/msg/detail
[0.916s] -- Up-to-date: /home/anton202/devlab/drone_ws/install/ros2_aruco_interfaces/include/ros2_aruco_interfaces/ros2_aruco_interfaces/msg/detail/aruco_markers__struct.h
[0.917s] -- Up-to-date: /home/anton202/devlab/drone_ws/install/ros2_aruco_interfaces/include/ros2_aruco_interfaces/ros2_aruco_interfaces/msg/detail/aruco_markers__description.c
[0.917s] -- Up-to-date: /home/anton202/devlab/drone_ws/install/ros2_aruco_interfaces/include/ros2_aruco_interfaces/ros2_aruco_interfaces/msg/detail/aruco_markers__functions.c
[0.917s] -- Up-to-date: /home/anton202/devlab/drone_ws/install/ros2_aruco_interfaces/include/ros2_aruco_interfaces/ros2_aruco_interfaces/msg/detail/aruco_markers__type_support.h
[0.917s] -- Up-to-date: /home/anton202/devlab/drone_ws/install/ros2_aruco_interfaces/include/ros2_aruco_interfaces/ros2_aruco_interfaces/msg/detail/aruco_markers__functions.h
[0.917s] -- Up-to-date: /home/anton202/devlab/drone_ws/install/ros2_aruco_interfaces/include/ros2_aruco_interfaces/ros2_aruco_interfaces/msg/detail/aruco_markers__type_support.c
[0.917s] -- Up-to-date: /home/anton202/devlab/drone_ws/install/ros2_aruco_interfaces/include/ros2_aruco_interfaces/ros2_aruco_interfaces/msg/rosidl_generator_c__visibility_control.h
[0.917s] -- Up-to-date: /home/anton202/devlab/drone_ws/install/ros2_aruco_interfaces/share/ros2_aruco_interfaces/environment/library_path.sh
[0.917s] -- Up-to-date: /home/anton202/devlab/drone_ws/install/ros2_aruco_interfaces/share/ros2_aruco_interfaces/environment/library_path.dsv
[0.917s] -- Up-to-date: /home/anton202/devlab/drone_ws/install/ros2_aruco_interfaces/lib/libros2_aruco_interfaces__rosidl_generator_c.so
[0.917s] -- Up-to-date: /home/anton202/devlab/drone_ws/install/ros2_aruco_interfaces/include/ros2_aruco_interfaces/ros2_aruco_interfaces
[0.918s] -- Up-to-date: /home/anton202/devlab/drone_ws/install/ros2_aruco_interfaces/include/ros2_aruco_interfaces/ros2_aruco_interfaces/msg
[0.918s] -- Up-to-date: /home/anton202/devlab/drone_ws/install/ros2_aruco_interfaces/include/ros2_aruco_interfaces/ros2_aruco_interfaces/msg/detail
[0.918s] -- Up-to-date: /home/anton202/devlab/drone_ws/install/ros2_aruco_interfaces/include/ros2_aruco_interfaces/ros2_aruco_interfaces/msg/detail/aruco_markers__rosidl_typesupport_fastrtps_c.h
[0.918s] -- Up-to-date: /home/anton202/devlab/drone_ws/install/ros2_aruco_interfaces/include/ros2_aruco_interfaces/ros2_aruco_interfaces/msg/rosidl_typesupport_fastrtps_c__visibility_control.h
[0.918s] -- Up-to-date: /home/anton202/devlab/drone_ws/install/ros2_aruco_interfaces/lib/libros2_aruco_interfaces__rosidl_typesupport_fastrtps_c.so
[0.918s] -- Up-to-date: /home/anton202/devlab/drone_ws/install/ros2_aruco_interfaces/include/ros2_aruco_interfaces/ros2_aruco_interfaces
[0.918s] -- Up-to-date: /home/anton202/devlab/drone_ws/install/ros2_aruco_interfaces/include/ros2_aruco_interfaces/ros2_aruco_interfaces/msg
[0.918s] -- Up-to-date: /home/anton202/devlab/drone_ws/install/ros2_aruco_interfaces/include/ros2_aruco_interfaces/ros2_aruco_interfaces/msg/aruco_markers.hpp
[0.918s] -- Up-to-date: /home/anton202/devlab/drone_ws/install/ros2_aruco_interfaces/include/ros2_aruco_interfaces/ros2_aruco_interfaces/msg/detail
[0.918s] -- Up-to-date: /home/anton202/devlab/drone_ws/install/ros2_aruco_interfaces/include/ros2_aruco_interfaces/ros2_aruco_interfaces/msg/detail/aruco_markers__struct.hpp
[0.918s] -- Up-to-date: /home/anton202/devlab/drone_ws/install/ros2_aruco_interfaces/include/ros2_aruco_interfaces/ros2_aruco_interfaces/msg/detail/aruco_markers__traits.hpp
[0.918s] -- Up-to-date: /home/anton202/devlab/drone_ws/install/ros2_aruco_interfaces/include/ros2_aruco_interfaces/ros2_aruco_interfaces/msg/detail/aruco_markers__builder.hpp
[0.919s] -- Up-to-date: /home/anton202/devlab/drone_ws/install/ros2_aruco_interfaces/include/ros2_aruco_interfaces/ros2_aruco_interfaces
[0.919s] -- Up-to-date: /home/anton202/devlab/drone_ws/install/ros2_aruco_interfaces/include/ros2_aruco_interfaces/ros2_aruco_interfaces/msg
[0.919s] -- Up-to-date: /home/anton202/devlab/drone_ws/install/ros2_aruco_interfaces/include/ros2_aruco_interfaces/ros2_aruco_interfaces/msg/detail
[0.919s] -- Up-to-date: /home/anton202/devlab/drone_ws/install/ros2_aruco_interfaces/include/ros2_aruco_interfaces/ros2_aruco_interfaces/msg/detail/aruco_markers__rosidl_typesupport_fastrtps_cpp.hpp
[0.919s] -- Up-to-date: /home/anton202/devlab/drone_ws/install/ros2_aruco_interfaces/include/ros2_aruco_interfaces/ros2_aruco_interfaces/msg/detail/dds_fastrtps
[0.919s] -- Up-to-date: /home/anton202/devlab/drone_ws/install/ros2_aruco_interfaces/include/ros2_aruco_interfaces/ros2_aruco_interfaces/msg/rosidl_typesupport_fastrtps_cpp__visibility_control.h
[0.919s] -- Up-to-date: /home/anton202/devlab/drone_ws/install/ros2_aruco_interfaces/lib/libros2_aruco_interfaces__rosidl_typesupport_fastrtps_cpp.so
[0.919s] -- Up-to-date: /home/anton202/devlab/drone_ws/install/ros2_aruco_interfaces/include/ros2_aruco_interfaces/ros2_aruco_interfaces
[0.919s] -- Up-to-date: /home/anton202/devlab/drone_ws/install/ros2_aruco_interfaces/include/ros2_aruco_interfaces/ros2_aruco_interfaces/msg
[0.919s] -- Up-to-date: /home/anton202/devlab/drone_ws/install/ros2_aruco_interfaces/include/ros2_aruco_interfaces/ros2_aruco_interfaces/msg/rosidl_typesupport_introspection_c__visibility_control.h
[0.919s] -- Up-to-date: /home/anton202/devlab/drone_ws/install/ros2_aruco_interfaces/include/ros2_aruco_interfaces/ros2_aruco_interfaces/msg/detail
[0.919s] -- Up-to-date: /home/anton202/devlab/drone_ws/install/ros2_aruco_interfaces/include/ros2_aruco_interfaces/ros2_aruco_interfaces/msg/detail/aruco_markers__rosidl_typesupport_introspection_c.h
[0.919s] -- Up-to-date: /home/anton202/devlab/drone_ws/install/ros2_aruco_interfaces/include/ros2_aruco_interfaces/ros2_aruco_interfaces/msg/detail/aruco_markers__type_support.c
[0.920s] -- Up-to-date: /home/anton202/devlab/drone_ws/install/ros2_aruco_interfaces/lib/libros2_aruco_interfaces__rosidl_typesupport_introspection_c.so
[0.920s] -- Up-to-date: /home/anton202/devlab/drone_ws/install/ros2_aruco_interfaces/lib/libros2_aruco_interfaces__rosidl_typesupport_c.so
[0.920s] -- Up-to-date: /home/anton202/devlab/drone_ws/install/ros2_aruco_interfaces/include/ros2_aruco_interfaces/ros2_aruco_interfaces
[0.920s] -- Up-to-date: /home/anton202/devlab/drone_ws/install/ros2_aruco_interfaces/include/ros2_aruco_interfaces/ros2_aruco_interfaces/msg
[0.920s] -- Up-to-date: /home/anton202/devlab/drone_ws/install/ros2_aruco_interfaces/include/ros2_aruco_interfaces/ros2_aruco_interfaces/msg/detail
[0.920s] -- Up-to-date: /home/anton202/devlab/drone_ws/install/ros2_aruco_interfaces/include/ros2_aruco_interfaces/ros2_aruco_interfaces/msg/detail/aruco_markers__type_support.cpp
[0.920s] -- Up-to-date: /home/anton202/devlab/drone_ws/install/ros2_aruco_interfaces/include/ros2_aruco_interfaces/ros2_aruco_interfaces/msg/detail/aruco_markers__rosidl_typesupport_introspection_cpp.hpp
[0.920s] -- Up-to-date: /home/anton202/devlab/drone_ws/install/ros2_aruco_interfaces/lib/libros2_aruco_interfaces__rosidl_typesupport_introspection_cpp.so
[0.920s] -- Up-to-date: /home/anton202/devlab/drone_ws/install/ros2_aruco_interfaces/lib/libros2_aruco_interfaces__rosidl_typesupport_cpp.so
[0.920s] -- Up-to-date: /home/anton202/devlab/drone_ws/install/ros2_aruco_interfaces/share/ros2_aruco_interfaces/environment/pythonpath.sh
[0.920s] -- Up-to-date: /home/anton202/devlab/drone_ws/install/ros2_aruco_interfaces/share/ros2_aruco_interfaces/environment/pythonpath.dsv
[0.920s] -- Up-to-date: /home/anton202/devlab/drone_ws/install/ros2_aruco_interfaces/lib/python3.10/site-packages/ros2_aruco_interfaces-0.1.0-py3.10.egg-info
[0.920s] -- Installing: /home/anton202/devlab/drone_ws/install/ros2_aruco_interfaces/lib/python3.10/site-packages/ros2_aruco_interfaces-0.1.0-py3.10.egg-info/SOURCES.txt
[0.921s] -- Installing: /home/anton202/devlab/drone_ws/install/ros2_aruco_interfaces/lib/python3.10/site-packages/ros2_aruco_interfaces-0.1.0-py3.10.egg-info/top_level.txt
[0.921s] -- Installing: /home/anton202/devlab/drone_ws/install/ros2_aruco_interfaces/lib/python3.10/site-packages/ros2_aruco_interfaces-0.1.0-py3.10.egg-info/PKG-INFO
[0.921s] -- Installing: /home/anton202/devlab/drone_ws/install/ros2_aruco_interfaces/lib/python3.10/site-packages/ros2_aruco_interfaces-0.1.0-py3.10.egg-info/dependency_links.txt
[0.921s] -- Up-to-date: /home/anton202/devlab/drone_ws/install/ros2_aruco_interfaces/lib/python3.10/site-packages/ros2_aruco_interfaces
[0.921s] -- Up-to-date: /home/anton202/devlab/drone_ws/install/ros2_aruco_interfaces/lib/python3.10/site-packages/ros2_aruco_interfaces/ros2_aruco_interfaces_s__rosidl_typesupport_c.cpython-310-x86_64-linux-gnu.so
[0.921s] -- Up-to-date: /home/anton202/devlab/drone_ws/install/ros2_aruco_interfaces/lib/python3.10/site-packages/ros2_aruco_interfaces/msg
[0.921s] -- Up-to-date: /home/anton202/devlab/drone_ws/install/ros2_aruco_interfaces/lib/python3.10/site-packages/ros2_aruco_interfaces/msg/_aruco_markers.py
[0.921s] -- Up-to-date: /home/anton202/devlab/drone_ws/install/ros2_aruco_interfaces/lib/python3.10/site-packages/ros2_aruco_interfaces/msg/__init__.py
[0.921s] -- Up-to-date: /home/anton202/devlab/drone_ws/install/ros2_aruco_interfaces/lib/python3.10/site-packages/ros2_aruco_interfaces/msg/_aruco_markers_s.c
[0.921s] -- Up-to-date: /home/anton202/devlab/drone_ws/install/ros2_aruco_interfaces/lib/python3.10/site-packages/ros2_aruco_interfaces/_ros2_aruco_interfaces_s.ep.rosidl_typesupport_fastrtps_c.c
[0.921s] -- Up-to-date: /home/anton202/devlab/drone_ws/install/ros2_aruco_interfaces/lib/python3.10/site-packages/ros2_aruco_interfaces/ros2_aruco_interfaces_s__rosidl_typesupport_introspection_c.cpython-310-x86_64-linux-gnu.so
[0.921s] -- Up-to-date: /home/anton202/devlab/drone_ws/install/ros2_aruco_interfaces/lib/python3.10/site-packages/ros2_aruco_interfaces/_ros2_aruco_interfaces_s.ep.rosidl_typesupport_introspection_c.c
[0.921s] -- Up-to-date: /home/anton202/devlab/drone_ws/install/ros2_aruco_interfaces/lib/python3.10/site-packages/ros2_aruco_interfaces/libros2_aruco_interfaces__rosidl_generator_py.so
[0.921s] -- Up-to-date: /home/anton202/devlab/drone_ws/install/ros2_aruco_interfaces/lib/python3.10/site-packages/ros2_aruco_interfaces/__init__.py
[0.922s] -- Up-to-date: /home/anton202/devlab/drone_ws/install/ros2_aruco_interfaces/lib/python3.10/site-packages/ros2_aruco_interfaces/ros2_aruco_interfaces_s__rosidl_typesupport_fastrtps_c.cpython-310-x86_64-linux-gnu.so
[0.922s] -- Up-to-date: /home/anton202/devlab/drone_ws/install/ros2_aruco_interfaces/lib/python3.10/site-packages/ros2_aruco_interfaces/_ros2_aruco_interfaces_s.ep.rosidl_typesupport_c.c
[0.942s] Listing '/home/anton202/devlab/drone_ws/install/ros2_aruco_interfaces/lib/python3.10/site-packages/ros2_aruco_interfaces'...
[0.942s] Listing '/home/anton202/devlab/drone_ws/install/ros2_aruco_interfaces/lib/python3.10/site-packages/ros2_aruco_interfaces/msg'...
[0.945s] -- Up-to-date: /home/anton202/devlab/drone_ws/install/ros2_aruco_interfaces/lib/python3.10/site-packages/ros2_aruco_interfaces/ros2_aruco_interfaces_s__rosidl_typesupport_fastrtps_c.cpython-310-x86_64-linux-gnu.so
[0.946s] -- Up-to-date: /home/anton202/devlab/drone_ws/install/ros2_aruco_interfaces/lib/python3.10/site-packages/ros2_aruco_interfaces/ros2_aruco_interfaces_s__rosidl_typesupport_introspection_c.cpython-310-x86_64-linux-gnu.so
[0.946s] -- Up-to-date: /home/anton202/devlab/drone_ws/install/ros2_aruco_interfaces/lib/python3.10/site-packages/ros2_aruco_interfaces/ros2_aruco_interfaces_s__rosidl_typesupport_c.cpython-310-x86_64-linux-gnu.so
[0.946s] -- Up-to-date: /home/anton202/devlab/drone_ws/install/ros2_aruco_interfaces/lib/libros2_aruco_interfaces__rosidl_generator_py.so
[0.946s] -- Up-to-date: /home/anton202/devlab/drone_ws/install/ros2_aruco_interfaces/share/ros2_aruco_interfaces/msg/ArucoMarkers.idl
[0.946s] -- Up-to-date: /home/anton202/devlab/drone_ws/install/ros2_aruco_interfaces/share/ros2_aruco_interfaces/msg/ArucoMarkers.msg
[0.946s] -- Up-to-date: /home/anton202/devlab/drone_ws/install/ros2_aruco_interfaces/share/ament_index/resource_index/package_run_dependencies/ros2_aruco_interfaces
[0.947s] -- Up-to-date: /home/anton202/devlab/drone_ws/install/ros2_aruco_interfaces/share/ament_index/resource_index/parent_prefix_path/ros2_aruco_interfaces
[0.947s] -- Up-to-date: /home/anton202/devlab/drone_ws/install/ros2_aruco_interfaces/share/ros2_aruco_interfaces/environment/ament_prefix_path.sh
[0.947s] -- Up-to-date: /home/anton202/devlab/drone_ws/install/ros2_aruco_interfaces/share/ros2_aruco_interfaces/environment/ament_prefix_path.dsv
[0.947s] -- Up-to-date: /home/anton202/devlab/drone_ws/install/ros2_aruco_interfaces/share/ros2_aruco_interfaces/environment/path.sh
[0.947s] -- Up-to-date: /home/anton202/devlab/drone_ws/install/ros2_aruco_interfaces/share/ros2_aruco_interfaces/environment/path.dsv
[0.947s] -- Up-to-date: /home/anton202/devlab/drone_ws/install/ros2_aruco_interfaces/share/ros2_aruco_interfaces/local_setup.bash
[0.947s] -- Up-to-date: /home/anton202/devlab/drone_ws/install/ros2_aruco_interfaces/share/ros2_aruco_interfaces/local_setup.sh
[0.947s] -- Up-to-date: /home/anton202/devlab/drone_ws/install/ros2_aruco_interfaces/share/ros2_aruco_interfaces/local_setup.zsh
[0.947s] -- Up-to-date: /home/anton202/devlab/drone_ws/install/ros2_aruco_interfaces/share/ros2_aruco_interfaces/local_setup.dsv
[0.947s] -- Installing: /home/anton202/devlab/drone_ws/install/ros2_aruco_interfaces/share/ros2_aruco_interfaces/package.dsv
[0.947s] -- Up-to-date: /home/anton202/devlab/drone_ws/install/ros2_aruco_interfaces/share/ament_index/resource_index/packages/ros2_aruco_interfaces
[0.947s] -- Up-to-date: /home/anton202/devlab/drone_ws/install/ros2_aruco_interfaces/share/ros2_aruco_interfaces/cmake/export_ros2_aruco_interfaces__rosidl_generator_cExport.cmake
[0.947s] -- Up-to-date: /home/anton202/devlab/drone_ws/install/ros2_aruco_interfaces/share/ros2_aruco_interfaces/cmake/export_ros2_aruco_interfaces__rosidl_generator_cExport-noconfig.cmake
[0.948s] -- Up-to-date: /home/anton202/devlab/drone_ws/install/ros2_aruco_interfaces/share/ros2_aruco_interfaces/cmake/export_ros2_aruco_interfaces__rosidl_typesupport_fastrtps_cExport.cmake
[0.948s] -- Up-to-date: /home/anton202/devlab/drone_ws/install/ros2_aruco_interfaces/share/ros2_aruco_interfaces/cmake/export_ros2_aruco_interfaces__rosidl_typesupport_fastrtps_cExport-noconfig.cmake
[0.948s] -- Up-to-date: /home/anton202/devlab/drone_ws/install/ros2_aruco_interfaces/share/ros2_aruco_interfaces/cmake/export_ros2_aruco_interfaces__rosidl_generator_cppExport.cmake
[0.948s] -- Up-to-date: /home/anton202/devlab/drone_ws/install/ros2_aruco_interfaces/share/ros2_aruco_interfaces/cmake/export_ros2_aruco_interfaces__rosidl_typesupport_fastrtps_cppExport.cmake
[0.948s] -- Up-to-date: /home/anton202/devlab/drone_ws/install/ros2_aruco_interfaces/share/ros2_aruco_interfaces/cmake/export_ros2_aruco_interfaces__rosidl_typesupport_fastrtps_cppExport-noconfig.cmake
[0.948s] -- Up-to-date: /home/anton202/devlab/drone_ws/install/ros2_aruco_interfaces/share/ros2_aruco_interfaces/cmake/ros2_aruco_interfaces__rosidl_typesupport_introspection_cExport.cmake
[0.948s] -- Up-to-date: /home/anton202/devlab/drone_ws/install/ros2_aruco_interfaces/share/ros2_aruco_interfaces/cmake/ros2_aruco_interfaces__rosidl_typesupport_introspection_cExport-noconfig.cmake
[0.948s] -- Up-to-date: /home/anton202/devlab/drone_ws/install/ros2_aruco_interfaces/share/ros2_aruco_interfaces/cmake/ros2_aruco_interfaces__rosidl_typesupport_cExport.cmake
[0.948s] -- Up-to-date: /home/anton202/devlab/drone_ws/install/ros2_aruco_interfaces/share/ros2_aruco_interfaces/cmake/ros2_aruco_interfaces__rosidl_typesupport_cExport-noconfig.cmake
[0.948s] -- Up-to-date: /home/anton202/devlab/drone_ws/install/ros2_aruco_interfaces/share/ros2_aruco_interfaces/cmake/ros2_aruco_interfaces__rosidl_typesupport_introspection_cppExport.cmake
[0.948s] -- Up-to-date: /home/anton202/devlab/drone_ws/install/ros2_aruco_interfaces/share/ros2_aruco_interfaces/cmake/ros2_aruco_interfaces__rosidl_typesupport_introspection_cppExport-noconfig.cmake
[0.948s] -- Up-to-date: /home/anton202/devlab/drone_ws/install/ros2_aruco_interfaces/share/ros2_aruco_interfaces/cmake/ros2_aruco_interfaces__rosidl_typesupport_cppExport.cmake
[0.948s] -- Up-to-date: /home/anton202/devlab/drone_ws/install/ros2_aruco_interfaces/share/ros2_aruco_interfaces/cmake/ros2_aruco_interfaces__rosidl_typesupport_cppExport-noconfig.cmake
[0.948s] -- Up-to-date: /home/anton202/devlab/drone_ws/install/ros2_aruco_interfaces/share/ros2_aruco_interfaces/cmake/export_ros2_aruco_interfaces__rosidl_generator_pyExport.cmake
[0.949s] -- Up-to-date: /home/anton202/devlab/drone_ws/install/ros2_aruco_interfaces/share/ros2_aruco_interfaces/cmake/export_ros2_aruco_interfaces__rosidl_generator_pyExport-noconfig.cmake
[0.949s] -- Up-to-date: /home/anton202/devlab/drone_ws/install/ros2_aruco_interfaces/share/ros2_aruco_interfaces/cmake/rosidl_cmake-extras.cmake
[0.949s] -- Up-to-date: /home/anton202/devlab/drone_ws/install/ros2_aruco_interfaces/share/ros2_aruco_interfaces/cmake/ament_cmake_export_dependencies-extras.cmake
[0.949s] -- Up-to-date: /home/anton202/devlab/drone_ws/install/ros2_aruco_interfaces/share/ros2_aruco_interfaces/cmake/ament_cmake_export_include_directories-extras.cmake
[0.949s] -- Up-to-date: /home/anton202/devlab/drone_ws/install/ros2_aruco_interfaces/share/ros2_aruco_interfaces/cmake/ament_cmake_export_libraries-extras.cmake
[0.949s] -- Up-to-date: /home/anton202/devlab/drone_ws/install/ros2_aruco_interfaces/share/ros2_aruco_interfaces/cmake/ament_cmake_export_targets-extras.cmake
[0.949s] -- Up-to-date: /home/anton202/devlab/drone_ws/install/ros2_aruco_interfaces/share/ros2_aruco_interfaces/cmake/rosidl_cmake_export_typesupport_targets-extras.cmake
[0.949s] -- Up-to-date: /home/anton202/devlab/drone_ws/install/ros2_aruco_interfaces/share/ros2_aruco_interfaces/cmake/rosidl_cmake_export_typesupport_libraries-extras.cmake
[0.949s] -- Up-to-date: /home/anton202/devlab/drone_ws/install/ros2_aruco_interfaces/share/ros2_aruco_interfaces/cmake/ros2_aruco_interfacesConfig.cmake
[0.949s] -- Up-to-date: /home/anton202/devlab/drone_ws/install/ros2_aruco_interfaces/share/ros2_aruco_interfaces/cmake/ros2_aruco_interfacesConfig-version.cmake
[0.949s] -- Up-to-date: /home/anton202/devlab/drone_ws/install/ros2_aruco_interfaces/share/ros2_aruco_interfaces/package.xml
[0.957s] Invoked command in '/home/anton202/devlab/drone_ws/build/ros2_aruco_interfaces' returned '0': CMAKE_PREFIX_PATH=${CMAKE_PREFIX_PATH}:/home/anton202/devlab/drone_ws/install/ros2_aruco:/home/anton202/devlab/drone_ws/install/py_pubsub:/home/anton202/devlab/drone_ws/install/learning_tf2_py:/home/anton202/devlab/drone_ws/install/drone_localization:/opt/ros/iron CONDA_PROMPT_MODIFIER=(base) /home/anton202/.local/bin/cmake --install /home/anton202/devlab/drone_ws/build/ros2_aruco_interfaces
