[0.613s] Invoking command in '/home/anton202/devlab/drone_ws/src/ros2_aruco/ros2_aruco': PYTHONPATH=/home/anton202/devlab/drone_ws/build/ros2_aruco/prefix_override:/home/anton202/devlab/drone_ws/install/ros2_aruco/lib/python3.10/site-packages:${PYTHONPATH} /usr/bin/python3 -W ignore:setup.py install is deprecated setup.py egg_info --egg-base ../../../build/ros2_aruco build --build-base /home/anton202/devlab/drone_ws/build/ros2_aruco/build install --record /home/anton202/devlab/drone_ws/build/ros2_aruco/install.log --single-version-externally-managed install_data
[0.745s] running egg_info
[0.753s] writing ../../../build/ros2_aruco/ros2_aruco.egg-info/PKG-INFO
[0.753s] writing dependency_links to ../../../build/ros2_aruco/ros2_aruco.egg-info/dependency_links.txt
[0.753s] writing entry points to ../../../build/ros2_aruco/ros2_aruco.egg-info/entry_points.txt
[0.754s] writing requirements to ../../../build/ros2_aruco/ros2_aruco.egg-info/requires.txt
[0.754s] writing top-level names to ../../../build/ros2_aruco/ros2_aruco.egg-info/top_level.txt
[0.771s] reading manifest file '../../../build/ros2_aruco/ros2_aruco.egg-info/SOURCES.txt'
[0.772s] writing manifest file '../../../build/ros2_aruco/ros2_aruco.egg-info/SOURCES.txt'
[0.772s] running build
[0.772s] running build_py
[0.772s] copying ros2_aruco/aruco_generate_marker.py -> /home/anton202/devlab/drone_ws/build/ros2_aruco/build/lib/ros2_aruco
[0.772s] copying ros2_aruco/aruco_node.py -> /home/anton202/devlab/drone_ws/build/ros2_aruco/build/lib/ros2_aruco
[0.772s] copying ros2_aruco/__init__.py -> /home/anton202/devlab/drone_ws/build/ros2_aruco/build/lib/ros2_aruco
[0.772s] running install
[0.775s] running install_lib
[0.784s] running install_data
[0.784s] copying resource/ros2_aruco -> /home/anton202/devlab/drone_ws/install/ros2_aruco/share/ament_index/resource_index/packages
[0.785s] copying package.xml -> /home/anton202/devlab/drone_ws/install/ros2_aruco/share/ros2_aruco
[0.785s] copying launch/aruco_recognition.launch.py -> /home/anton202/devlab/drone_ws/install/ros2_aruco/share/ros2_aruco/launch
[0.785s] copying config/aruco_parameters.yaml -> /home/anton202/devlab/drone_ws/install/ros2_aruco/share/ros2_aruco/config
[0.785s] running install_egg_info
[0.794s] removing '/home/anton202/devlab/drone_ws/install/ros2_aruco/lib/python3.10/site-packages/ros2_aruco-0.1.0-py3.10.egg-info' (and everything under it)
[0.794s] Copying ../../../build/ros2_aruco/ros2_aruco.egg-info to /home/anton202/devlab/drone_ws/install/ros2_aruco/lib/python3.10/site-packages/ros2_aruco-0.1.0-py3.10.egg-info
[0.794s] running install_scripts
[0.879s] Installing aruco_generate_marker script to /home/anton202/devlab/drone_ws/install/ros2_aruco/lib/ros2_aruco
[0.879s] Installing aruco_node script to /home/anton202/devlab/drone_ws/install/ros2_aruco/lib/ros2_aruco
[0.879s] writing list of installed files to '/home/anton202/devlab/drone_ws/build/ros2_aruco/install.log'
[0.894s] Invoked command in '/home/anton202/devlab/drone_ws/src/ros2_aruco/ros2_aruco' returned '0': PYTHONPATH=/home/anton202/devlab/drone_ws/build/ros2_aruco/prefix_override:/home/anton202/devlab/drone_ws/install/ros2_aruco/lib/python3.10/site-packages:${PYTHONPATH} /usr/bin/python3 -W ignore:setup.py install is deprecated setup.py egg_info --egg-base ../../../build/ros2_aruco build --build-base /home/anton202/devlab/drone_ws/build/ros2_aruco/build install --record /home/anton202/devlab/drone_ws/build/ros2_aruco/install.log --single-version-externally-managed install_data
