[0.896s] Invoking command in '/home/anton202/devlab/drone_ws/src/py_pubsub': CONDA_PROMPT_MODIFIER=(base) PYTHONPATH=/home/anton202/devlab/drone_ws/build/py_pubsub/prefix_override:/home/anton202/devlab/drone_ws/install/py_pubsub/lib/python3.10/site-packages:${PYTHONPATH} /usr/bin/python3 -W ignore:setup.py install is deprecated setup.py egg_info --egg-base ../../build/py_pubsub build --build-base /home/anton202/devlab/drone_ws/build/py_pubsub/build install --record /home/anton202/devlab/drone_ws/build/py_pubsub/install.log --single-version-externally-managed install_data
[1.064s] running egg_info
[1.074s] writing ../../build/py_pubsub/py_pubsub.egg-info/PKG-INFO
[1.075s] writing dependency_links to ../../build/py_pubsub/py_pubsub.egg-info/dependency_links.txt
[1.075s] writing entry points to ../../build/py_pubsub/py_pubsub.egg-info/entry_points.txt
[1.075s] writing requirements to ../../build/py_pubsub/py_pubsub.egg-info/requires.txt
[1.076s] writing top-level names to ../../build/py_pubsub/py_pubsub.egg-info/top_level.txt
[1.099s] reading manifest file '../../build/py_pubsub/py_pubsub.egg-info/SOURCES.txt'
[1.099s] adding license file 'LICENSE'
[1.099s] writing manifest file '../../build/py_pubsub/py_pubsub.egg-info/SOURCES.txt'
[1.100s] running build
[1.100s] running build_py
[1.100s] copying py_pubsub/subscriber_member_function.py -> /home/anton202/devlab/drone_ws/build/py_pubsub/build/lib/py_pubsub
[1.101s] copying py_pubsub/publisher_member_function.py -> /home/anton202/devlab/drone_ws/build/py_pubsub/build/lib/py_pubsub
[1.101s] copying py_pubsub/__init__.py -> /home/anton202/devlab/drone_ws/build/py_pubsub/build/lib/py_pubsub
[1.101s] running install
[1.104s] running install_lib
[1.119s] running install_data
[1.119s] copying resource/py_pubsub -> /home/anton202/devlab/drone_ws/install/py_pubsub/share/ament_index/resource_index/packages
[1.119s] copying package.xml -> /home/anton202/devlab/drone_ws/install/py_pubsub/share/py_pubsub
[1.120s] running install_egg_info
[1.128s] removing '/home/anton202/devlab/drone_ws/install/py_pubsub/lib/python3.10/site-packages/py_pubsub-0.0.0-py3.10.egg-info' (and everything under it)
[1.128s] Copying ../../build/py_pubsub/py_pubsub.egg-info to /home/anton202/devlab/drone_ws/install/py_pubsub/lib/python3.10/site-packages/py_pubsub-0.0.0-py3.10.egg-info
[1.129s] running install_scripts
[1.234s] Installing listener script to /home/anton202/devlab/drone_ws/install/py_pubsub/lib/py_pubsub
[1.234s] Installing talker script to /home/anton202/devlab/drone_ws/install/py_pubsub/lib/py_pubsub
[1.234s] writing list of installed files to '/home/anton202/devlab/drone_ws/build/py_pubsub/install.log'
[1.258s] Invoked command in '/home/anton202/devlab/drone_ws/src/py_pubsub' returned '0': CONDA_PROMPT_MODIFIER=(base) PYTHONPATH=/home/anton202/devlab/drone_ws/build/py_pubsub/prefix_override:/home/anton202/devlab/drone_ws/install/py_pubsub/lib/python3.10/site-packages:${PYTHONPATH} /usr/bin/python3 -W ignore:setup.py install is deprecated setup.py egg_info --egg-base ../../build/py_pubsub build --build-base /home/anton202/devlab/drone_ws/build/py_pubsub/build install --record /home/anton202/devlab/drone_ws/build/py_pubsub/install.log --single-version-externally-managed install_data
