[0.482s] Invoking command in '/home/anton202/devlab/drone_ws/build/ros2_aruco_interfaces': CMAKE_PREFIX_PATH=${CMAKE_PREFIX_PATH}:/home/anton202/devlab/drone_ws/install/ros2_aruco:/home/anton202/devlab/drone_ws/install/py_pubsub:/home/anton202/devlab/drone_ws/install/learning_tf2_py:/home/anton202/devlab/drone_ws/install/drone_localization:/opt/ros/iron CONDA_PROMPT_MODIFIER=(base) /home/anton202/.local/bin/cmake --build /home/anton202/devlab/drone_ws/build/ros2_aruco_interfaces -- -j20 -l20
[0.544s] [  2%] Built target ros2_aruco_interfaces__rosidl_generator_type_description
[0.549s] [  5%] Built target ros2_aruco_interfaces__cpp
[0.551s] [  5%] Built target ament_cmake_python_copy_ros2_aruco_interfaces
[0.552s] [ 20%] Built target ros2_aruco_interfaces__rosidl_generator_c
[0.560s] [ 29%] Built target ros2_aruco_interfaces__rosidl_typesupport_cpp
[0.562s] [ 38%] Built target ros2_aruco_interfaces__rosidl_typesupport_fastrtps_c
[0.562s] [ 47%] Built target ros2_aruco_interfaces__rosidl_typesupport_fastrtps_cpp
[0.562s] [ 55%] Built target ros2_aruco_interfaces__rosidl_typesupport_introspection_c
[0.563s] [ 64%] Built target ros2_aruco_interfaces__rosidl_typesupport_c
[0.564s] [ 73%] Built target ros2_aruco_interfaces__rosidl_typesupport_introspection_cpp
[0.570s] [ 73%] Built target ros2_aruco_interfaces
[0.577s] [ 76%] Built target ros2_aruco_interfaces__py
[0.585s] [ 82%] Built target ros2_aruco_interfaces__rosidl_generator_py
[0.592s] [ 88%] Built target ros2_aruco_interfaces__rosidl_typesupport_fastrtps_c__pyext
[0.595s] [ 94%] Built target ros2_aruco_interfaces__rosidl_typesupport_introspection_c__pyext
[0.596s] [100%] Built target ros2_aruco_interfaces__rosidl_typesupport_c__pyext
[0.794s] running egg_info
[0.817s] writing ros2_aruco_interfaces.egg-info/PKG-INFO
[0.817s] writing dependency_links to ros2_aruco_interfaces.egg-info/dependency_links.txt
[0.818s] writing top-level names to ros2_aruco_interfaces.egg-info/top_level.txt
[0.883s] reading manifest file 'ros2_aruco_interfaces.egg-info/SOURCES.txt'
[0.884s] writing manifest file 'ros2_aruco_interfaces.egg-info/SOURCES.txt'
[0.901s] [100%] Built target ament_cmake_python_build_ros2_aruco_interfaces_egg
[0.918s] Invoked command in '/home/anton202/devlab/drone_ws/build/ros2_aruco_interfaces' returned '0': CMAKE_PREFIX_PATH=${CMAKE_PREFIX_PATH}:/home/anton202/devlab/drone_ws/install/ros2_aruco:/home/anton202/devlab/drone_ws/install/py_pubsub:/home/anton202/devlab/drone_ws/install/learning_tf2_py:/home/anton202/devlab/drone_ws/install/drone_localization:/opt/ros/iron CONDA_PROMPT_MODIFIER=(base) /home/anton202/.local/bin/cmake --build /home/anton202/devlab/drone_ws/build/ros2_aruco_interfaces -- -j20 -l20
[1.018s] Invoking command in '/home/anton202/devlab/drone_ws/build/ros2_aruco_interfaces': CMAKE_PREFIX_PATH=${CMAKE_PREFIX_PATH}:/home/anton202/devlab/drone_ws/install/ros2_aruco:/home/anton202/devlab/drone_ws/install/py_pubsub:/home/anton202/devlab/drone_ws/install/learning_tf2_py:/home/anton202/devlab/drone_ws/install/drone_localization:/opt/ros/iron CONDA_PROMPT_MODIFIER=(base) /home/anton202/.local/bin/cmake --install /home/anton202/devlab/drone_ws/build/ros2_aruco_interfaces
[1.076s] -- Install configuration: ""
[1.076s] -- Up-to-date: /home/anton202/devlab/drone_ws/install/ros2_aruco_interfaces/share/ament_index/resource_index/rosidl_interfaces/ros2_aruco_interfaces
[1.076s] -- Up-to-date: /home/anton202/devlab/drone_ws/install/ros2_aruco_interfaces/share/ros2_aruco_interfaces/msg/ArucoMarkers.json
[1.076s] -- Up-to-date: /home/anton202/devlab/drone_ws/install/ros2_aruco_interfaces/include/ros2_aruco_interfaces/ros2_aruco_interfaces
[1.076s] -- Up-to-date: /home/anton202/devlab/drone_ws/install/ros2_aruco_interfaces/include/ros2_aruco_interfaces/ros2_aruco_interfaces/msg
[1.076s] -- Up-to-date: /home/anton202/devlab/drone_ws/install/ros2_aruco_interfaces/include/ros2_aruco_interfaces/ros2_aruco_interfaces/msg/aruco_markers.h
[1.077s] -- Up-to-date: /home/anton202/devlab/drone_ws/install/ros2_aruco_interfaces/include/ros2_aruco_interfaces/ros2_aruco_interfaces/msg/detail
[1.077s] -- Up-to-date: /home/anton202/devlab/drone_ws/install/ros2_aruco_interfaces/include/ros2_aruco_interfaces/ros2_aruco_interfaces/msg/detail/aruco_markers__struct.h
[1.077s] -- Up-to-date: /home/anton202/devlab/drone_ws/install/ros2_aruco_interfaces/include/ros2_aruco_interfaces/ros2_aruco_interfaces/msg/detail/aruco_markers__description.c
[1.077s] -- Up-to-date: /home/anton202/devlab/drone_ws/install/ros2_aruco_interfaces/include/ros2_aruco_interfaces/ros2_aruco_interfaces/msg/detail/aruco_markers__functions.c
[1.077s] -- Up-to-date: /home/anton202/devlab/drone_ws/install/ros2_aruco_interfaces/include/ros2_aruco_interfaces/ros2_aruco_interfaces/msg/detail/aruco_markers__type_support.h
[1.077s] -- Up-to-date: /home/anton202/devlab/drone_ws/install/ros2_aruco_interfaces/include/ros2_aruco_interfaces/ros2_aruco_interfaces/msg/detail/aruco_markers__functions.h
[1.077s] -- Up-to-date: /home/anton202/devlab/drone_ws/install/ros2_aruco_interfaces/include/ros2_aruco_interfaces/ros2_aruco_interfaces/msg/detail/aruco_markers__type_support.c
[1.077s] -- Up-to-date: /home/anton202/devlab/drone_ws/install/ros2_aruco_interfaces/include/ros2_aruco_interfaces/ros2_aruco_interfaces/msg/rosidl_generator_c__visibility_control.h
[1.077s] -- Up-to-date: /home/anton202/devlab/drone_ws/install/ros2_aruco_interfaces/share/ros2_aruco_interfaces/environment/library_path.sh
[1.077s] -- Up-to-date: /home/anton202/devlab/drone_ws/install/ros2_aruco_interfaces/share/ros2_aruco_interfaces/environment/library_path.dsv
[1.077s] -- Up-to-date: /home/anton202/devlab/drone_ws/install/ros2_aruco_interfaces/lib/libros2_aruco_interfaces__rosidl_generator_c.so
[1.077s] -- Up-to-date: /home/anton202/devlab/drone_ws/install/ros2_aruco_interfaces/include/ros2_aruco_interfaces/ros2_aruco_interfaces
[1.078s] -- Up-to-date: /home/anton202/devlab/drone_ws/install/ros2_aruco_interfaces/include/ros2_aruco_interfaces/ros2_aruco_interfaces/msg
[1.078s] -- Up-to-date: /home/anton202/devlab/drone_ws/install/ros2_aruco_interfaces/include/ros2_aruco_interfaces/ros2_aruco_interfaces/msg/detail
[1.078s] -- Up-to-date: /home/anton202/devlab/drone_ws/install/ros2_aruco_interfaces/include/ros2_aruco_interfaces/ros2_aruco_interfaces/msg/detail/aruco_markers__rosidl_typesupport_fastrtps_c.h
[1.078s] -- Up-to-date: /home/anton202/devlab/drone_ws/install/ros2_aruco_interfaces/include/ros2_aruco_interfaces/ros2_aruco_interfaces/msg/rosidl_typesupport_fastrtps_c__visibility_control.h
[1.078s] -- Up-to-date: /home/anton202/devlab/drone_ws/install/ros2_aruco_interfaces/lib/libros2_aruco_interfaces__rosidl_typesupport_fastrtps_c.so
[1.078s] -- Up-to-date: /home/anton202/devlab/drone_ws/install/ros2_aruco_interfaces/include/ros2_aruco_interfaces/ros2_aruco_interfaces
[1.078s] -- Up-to-date: /home/anton202/devlab/drone_ws/install/ros2_aruco_interfaces/include/ros2_aruco_interfaces/ros2_aruco_interfaces/msg
[1.078s] -- Up-to-date: /home/anton202/devlab/drone_ws/install/ros2_aruco_interfaces/include/ros2_aruco_interfaces/ros2_aruco_interfaces/msg/aruco_markers.hpp
[1.078s] -- Up-to-date: /home/anton202/devlab/drone_ws/install/ros2_aruco_interfaces/include/ros2_aruco_interfaces/ros2_aruco_interfaces/msg/detail
[1.078s] -- Up-to-date: /home/anton202/devlab/drone_ws/install/ros2_aruco_interfaces/include/ros2_aruco_interfaces/ros2_aruco_interfaces/msg/detail/aruco_markers__struct.hpp
[1.079s] -- Up-to-date: /home/anton202/devlab/drone_ws/install/ros2_aruco_interfaces/include/ros2_aruco_interfaces/ros2_aruco_interfaces/msg/detail/aruco_markers__traits.hpp
[1.079s] -- Up-to-date: /home/anton202/devlab/drone_ws/install/ros2_aruco_interfaces/include/ros2_aruco_interfaces/ros2_aruco_interfaces/msg/detail/aruco_markers__builder.hpp
[1.079s] -- Up-to-date: /home/anton202/devlab/drone_ws/install/ros2_aruco_interfaces/include/ros2_aruco_interfaces/ros2_aruco_interfaces
[1.079s] -- Up-to-date: /home/anton202/devlab/drone_ws/install/ros2_aruco_interfaces/include/ros2_aruco_interfaces/ros2_aruco_interfaces/msg
[1.079s] -- Up-to-date: /home/anton202/devlab/drone_ws/install/ros2_aruco_interfaces/include/ros2_aruco_interfaces/ros2_aruco_interfaces/msg/detail
[1.079s] -- Up-to-date: /home/anton202/devlab/drone_ws/install/ros2_aruco_interfaces/include/ros2_aruco_interfaces/ros2_aruco_interfaces/msg/detail/aruco_markers__rosidl_typesupport_fastrtps_cpp.hpp
[1.079s] -- Up-to-date: /home/anton202/devlab/drone_ws/install/ros2_aruco_interfaces/include/ros2_aruco_interfaces/ros2_aruco_interfaces/msg/detail/dds_fastrtps
[1.079s] -- Up-to-date: /home/anton202/devlab/drone_ws/install/ros2_aruco_interfaces/include/ros2_aruco_interfaces/ros2_aruco_interfaces/msg/rosidl_typesupport_fastrtps_cpp__visibility_control.h
[1.079s] -- Up-to-date: /home/anton202/devlab/drone_ws/install/ros2_aruco_interfaces/lib/libros2_aruco_interfaces__rosidl_typesupport_fastrtps_cpp.so
[1.079s] -- Up-to-date: /home/anton202/devlab/drone_ws/install/ros2_aruco_interfaces/include/ros2_aruco_interfaces/ros2_aruco_interfaces
[1.079s] -- Up-to-date: /home/anton202/devlab/drone_ws/install/ros2_aruco_interfaces/include/ros2_aruco_interfaces/ros2_aruco_interfaces/msg
[1.079s] -- Up-to-date: /home/anton202/devlab/drone_ws/install/ros2_aruco_interfaces/include/ros2_aruco_interfaces/ros2_aruco_interfaces/msg/rosidl_typesupport_introspection_c__visibility_control.h
[1.079s] -- Up-to-date: /home/anton202/devlab/drone_ws/install/ros2_aruco_interfaces/include/ros2_aruco_interfaces/ros2_aruco_interfaces/msg/detail
[1.079s] -- Up-to-date: /home/anton202/devlab/drone_ws/install/ros2_aruco_interfaces/include/ros2_aruco_interfaces/ros2_aruco_interfaces/msg/detail/aruco_markers__rosidl_typesupport_introspection_c.h
[1.080s] -- Up-to-date: /home/anton202/devlab/drone_ws/install/ros2_aruco_interfaces/include/ros2_aruco_interfaces/ros2_aruco_interfaces/msg/detail/aruco_markers__type_support.c
[1.080s] -- Up-to-date: /home/anton202/devlab/drone_ws/install/ros2_aruco_interfaces/lib/libros2_aruco_interfaces__rosidl_typesupport_introspection_c.so
[1.080s] -- Up-to-date: /home/anton202/devlab/drone_ws/install/ros2_aruco_interfaces/lib/libros2_aruco_interfaces__rosidl_typesupport_c.so
[1.080s] -- Up-to-date: /home/anton202/devlab/drone_ws/install/ros2_aruco_interfaces/include/ros2_aruco_interfaces/ros2_aruco_interfaces
[1.080s] -- Up-to-date: /home/anton202/devlab/drone_ws/install/ros2_aruco_interfaces/include/ros2_aruco_interfaces/ros2_aruco_interfaces/msg
[1.080s] -- Up-to-date: /home/anton202/devlab/drone_ws/install/ros2_aruco_interfaces/include/ros2_aruco_interfaces/ros2_aruco_interfaces/msg/detail
[1.080s] -- Up-to-date: /home/anton202/devlab/drone_ws/install/ros2_aruco_interfaces/include/ros2_aruco_interfaces/ros2_aruco_interfaces/msg/detail/aruco_markers__type_support.cpp
[1.080s] -- Up-to-date: /home/anton202/devlab/drone_ws/install/ros2_aruco_interfaces/include/ros2_aruco_interfaces/ros2_aruco_interfaces/msg/detail/aruco_markers__rosidl_typesupport_introspection_cpp.hpp
[1.080s] -- Up-to-date: /home/anton202/devlab/drone_ws/install/ros2_aruco_interfaces/lib/libros2_aruco_interfaces__rosidl_typesupport_introspection_cpp.so
[1.080s] -- Up-to-date: /home/anton202/devlab/drone_ws/install/ros2_aruco_interfaces/lib/libros2_aruco_interfaces__rosidl_typesupport_cpp.so
[1.080s] -- Up-to-date: /home/anton202/devlab/drone_ws/install/ros2_aruco_interfaces/share/ros2_aruco_interfaces/environment/pythonpath.sh
[1.080s] -- Up-to-date: /home/anton202/devlab/drone_ws/install/ros2_aruco_interfaces/share/ros2_aruco_interfaces/environment/pythonpath.dsv
[1.080s] -- Up-to-date: /home/anton202/devlab/drone_ws/install/ros2_aruco_interfaces/lib/python3.10/site-packages/ros2_aruco_interfaces-0.1.0-py3.10.egg-info
[1.081s] -- Installing: /home/anton202/devlab/drone_ws/install/ros2_aruco_interfaces/lib/python3.10/site-packages/ros2_aruco_interfaces-0.1.0-py3.10.egg-info/SOURCES.txt
[1.081s] -- Installing: /home/anton202/devlab/drone_ws/install/ros2_aruco_interfaces/lib/python3.10/site-packages/ros2_aruco_interfaces-0.1.0-py3.10.egg-info/top_level.txt
[1.081s] -- Installing: /home/anton202/devlab/drone_ws/install/ros2_aruco_interfaces/lib/python3.10/site-packages/ros2_aruco_interfaces-0.1.0-py3.10.egg-info/PKG-INFO
[1.081s] -- Installing: /home/anton202/devlab/drone_ws/install/ros2_aruco_interfaces/lib/python3.10/site-packages/ros2_aruco_interfaces-0.1.0-py3.10.egg-info/dependency_links.txt
[1.081s] -- Up-to-date: /home/anton202/devlab/drone_ws/install/ros2_aruco_interfaces/lib/python3.10/site-packages/ros2_aruco_interfaces
[1.081s] -- Up-to-date: /home/anton202/devlab/drone_ws/install/ros2_aruco_interfaces/lib/python3.10/site-packages/ros2_aruco_interfaces/ros2_aruco_interfaces_s__rosidl_typesupport_c.cpython-310-x86_64-linux-gnu.so
[1.081s] -- Up-to-date: /home/anton202/devlab/drone_ws/install/ros2_aruco_interfaces/lib/python3.10/site-packages/ros2_aruco_interfaces/msg
[1.081s] -- Up-to-date: /home/anton202/devlab/drone_ws/install/ros2_aruco_interfaces/lib/python3.10/site-packages/ros2_aruco_interfaces/msg/_aruco_markers.py
[1.081s] -- Up-to-date: /home/anton202/devlab/drone_ws/install/ros2_aruco_interfaces/lib/python3.10/site-packages/ros2_aruco_interfaces/msg/__init__.py
[1.081s] -- Up-to-date: /home/anton202/devlab/drone_ws/install/ros2_aruco_interfaces/lib/python3.10/site-packages/ros2_aruco_interfaces/msg/_aruco_markers_s.c
[1.081s] -- Up-to-date: /home/anton202/devlab/drone_ws/install/ros2_aruco_interfaces/lib/python3.10/site-packages/ros2_aruco_interfaces/_ros2_aruco_interfaces_s.ep.rosidl_typesupport_fastrtps_c.c
[1.081s] -- Up-to-date: /home/anton202/devlab/drone_ws/install/ros2_aruco_interfaces/lib/python3.10/site-packages/ros2_aruco_interfaces/ros2_aruco_interfaces_s__rosidl_typesupport_introspection_c.cpython-310-x86_64-linux-gnu.so
[1.082s] -- Up-to-date: /home/anton202/devlab/drone_ws/install/ros2_aruco_interfaces/lib/python3.10/site-packages/ros2_aruco_interfaces/_ros2_aruco_interfaces_s.ep.rosidl_typesupport_introspection_c.c
[1.082s] -- Up-to-date: /home/anton202/devlab/drone_ws/install/ros2_aruco_interfaces/lib/python3.10/site-packages/ros2_aruco_interfaces/libros2_aruco_interfaces__rosidl_generator_py.so
[1.082s] -- Up-to-date: /home/anton202/devlab/drone_ws/install/ros2_aruco_interfaces/lib/python3.10/site-packages/ros2_aruco_interfaces/__init__.py
[1.082s] -- Up-to-date: /home/anton202/devlab/drone_ws/install/ros2_aruco_interfaces/lib/python3.10/site-packages/ros2_aruco_interfaces/ros2_aruco_interfaces_s__rosidl_typesupport_fastrtps_c.cpython-310-x86_64-linux-gnu.so
[1.082s] -- Up-to-date: /home/anton202/devlab/drone_ws/install/ros2_aruco_interfaces/lib/python3.10/site-packages/ros2_aruco_interfaces/_ros2_aruco_interfaces_s.ep.rosidl_typesupport_c.c
[1.104s] Listing '/home/anton202/devlab/drone_ws/install/ros2_aruco_interfaces/lib/python3.10/site-packages/ros2_aruco_interfaces'...
[1.104s] Listing '/home/anton202/devlab/drone_ws/install/ros2_aruco_interfaces/lib/python3.10/site-packages/ros2_aruco_interfaces/msg'...
[1.107s] -- Up-to-date: /home/anton202/devlab/drone_ws/install/ros2_aruco_interfaces/lib/python3.10/site-packages/ros2_aruco_interfaces/ros2_aruco_interfaces_s__rosidl_typesupport_fastrtps_c.cpython-310-x86_64-linux-gnu.so
[1.107s] -- Up-to-date: /home/anton202/devlab/drone_ws/install/ros2_aruco_interfaces/lib/python3.10/site-packages/ros2_aruco_interfaces/ros2_aruco_interfaces_s__rosidl_typesupport_introspection_c.cpython-310-x86_64-linux-gnu.so
[1.107s] -- Up-to-date: /home/anton202/devlab/drone_ws/install/ros2_aruco_interfaces/lib/python3.10/site-packages/ros2_aruco_interfaces/ros2_aruco_interfaces_s__rosidl_typesupport_c.cpython-310-x86_64-linux-gnu.so
[1.108s] -- Up-to-date: /home/anton202/devlab/drone_ws/install/ros2_aruco_interfaces/lib/libros2_aruco_interfaces__rosidl_generator_py.so
[1.108s] -- Up-to-date: /home/anton202/devlab/drone_ws/install/ros2_aruco_interfaces/share/ros2_aruco_interfaces/msg/ArucoMarkers.idl
[1.108s] -- Up-to-date: /home/anton202/devlab/drone_ws/install/ros2_aruco_interfaces/share/ros2_aruco_interfaces/msg/ArucoMarkers.msg
[1.108s] -- Up-to-date: /home/anton202/devlab/drone_ws/install/ros2_aruco_interfaces/share/ament_index/resource_index/package_run_dependencies/ros2_aruco_interfaces
[1.108s] -- Up-to-date: /home/anton202/devlab/drone_ws/install/ros2_aruco_interfaces/share/ament_index/resource_index/parent_prefix_path/ros2_aruco_interfaces
[1.108s] -- Up-to-date: /home/anton202/devlab/drone_ws/install/ros2_aruco_interfaces/share/ros2_aruco_interfaces/environment/ament_prefix_path.sh
[1.108s] -- Up-to-date: /home/anton202/devlab/drone_ws/install/ros2_aruco_interfaces/share/ros2_aruco_interfaces/environment/ament_prefix_path.dsv
[1.108s] -- Up-to-date: /home/anton202/devlab/drone_ws/install/ros2_aruco_interfaces/share/ros2_aruco_interfaces/environment/path.sh
[1.108s] -- Up-to-date: /home/anton202/devlab/drone_ws/install/ros2_aruco_interfaces/share/ros2_aruco_interfaces/environment/path.dsv
[1.109s] -- Up-to-date: /home/anton202/devlab/drone_ws/install/ros2_aruco_interfaces/share/ros2_aruco_interfaces/local_setup.bash
[1.109s] -- Up-to-date: /home/anton202/devlab/drone_ws/install/ros2_aruco_interfaces/share/ros2_aruco_interfaces/local_setup.sh
[1.109s] -- Up-to-date: /home/anton202/devlab/drone_ws/install/ros2_aruco_interfaces/share/ros2_aruco_interfaces/local_setup.zsh
[1.109s] -- Up-to-date: /home/anton202/devlab/drone_ws/install/ros2_aruco_interfaces/share/ros2_aruco_interfaces/local_setup.dsv
[1.109s] -- Installing: /home/anton202/devlab/drone_ws/install/ros2_aruco_interfaces/share/ros2_aruco_interfaces/package.dsv
[1.109s] -- Up-to-date: /home/anton202/devlab/drone_ws/install/ros2_aruco_interfaces/share/ament_index/resource_index/packages/ros2_aruco_interfaces
[1.109s] -- Up-to-date: /home/anton202/devlab/drone_ws/install/ros2_aruco_interfaces/share/ros2_aruco_interfaces/cmake/export_ros2_aruco_interfaces__rosidl_generator_cExport.cmake
[1.109s] -- Up-to-date: /home/anton202/devlab/drone_ws/install/ros2_aruco_interfaces/share/ros2_aruco_interfaces/cmake/export_ros2_aruco_interfaces__rosidl_generator_cExport-noconfig.cmake
[1.109s] -- Up-to-date: /home/anton202/devlab/drone_ws/install/ros2_aruco_interfaces/share/ros2_aruco_interfaces/cmake/export_ros2_aruco_interfaces__rosidl_typesupport_fastrtps_cExport.cmake
[1.109s] -- Up-to-date: /home/anton202/devlab/drone_ws/install/ros2_aruco_interfaces/share/ros2_aruco_interfaces/cmake/export_ros2_aruco_interfaces__rosidl_typesupport_fastrtps_cExport-noconfig.cmake
[1.109s] -- Up-to-date: /home/anton202/devlab/drone_ws/install/ros2_aruco_interfaces/share/ros2_aruco_interfaces/cmake/export_ros2_aruco_interfaces__rosidl_generator_cppExport.cmake
[1.110s] -- Up-to-date: /home/anton202/devlab/drone_ws/install/ros2_aruco_interfaces/share/ros2_aruco_interfaces/cmake/export_ros2_aruco_interfaces__rosidl_typesupport_fastrtps_cppExport.cmake
[1.110s] -- Up-to-date: /home/anton202/devlab/drone_ws/install/ros2_aruco_interfaces/share/ros2_aruco_interfaces/cmake/export_ros2_aruco_interfaces__rosidl_typesupport_fastrtps_cppExport-noconfig.cmake
[1.110s] -- Up-to-date: /home/anton202/devlab/drone_ws/install/ros2_aruco_interfaces/share/ros2_aruco_interfaces/cmake/ros2_aruco_interfaces__rosidl_typesupport_introspection_cExport.cmake
[1.110s] -- Up-to-date: /home/anton202/devlab/drone_ws/install/ros2_aruco_interfaces/share/ros2_aruco_interfaces/cmake/ros2_aruco_interfaces__rosidl_typesupport_introspection_cExport-noconfig.cmake
[1.110s] -- Up-to-date: /home/anton202/devlab/drone_ws/install/ros2_aruco_interfaces/share/ros2_aruco_interfaces/cmake/ros2_aruco_interfaces__rosidl_typesupport_cExport.cmake
[1.110s] -- Up-to-date: /home/anton202/devlab/drone_ws/install/ros2_aruco_interfaces/share/ros2_aruco_interfaces/cmake/ros2_aruco_interfaces__rosidl_typesupport_cExport-noconfig.cmake
[1.110s] -- Up-to-date: /home/anton202/devlab/drone_ws/install/ros2_aruco_interfaces/share/ros2_aruco_interfaces/cmake/ros2_aruco_interfaces__rosidl_typesupport_introspection_cppExport.cmake
[1.110s] -- Up-to-date: /home/anton202/devlab/drone_ws/install/ros2_aruco_interfaces/share/ros2_aruco_interfaces/cmake/ros2_aruco_interfaces__rosidl_typesupport_introspection_cppExport-noconfig.cmake
[1.110s] -- Up-to-date: /home/anton202/devlab/drone_ws/install/ros2_aruco_interfaces/share/ros2_aruco_interfaces/cmake/ros2_aruco_interfaces__rosidl_typesupport_cppExport.cmake
[1.110s] -- Up-to-date: /home/anton202/devlab/drone_ws/install/ros2_aruco_interfaces/share/ros2_aruco_interfaces/cmake/ros2_aruco_interfaces__rosidl_typesupport_cppExport-noconfig.cmake
[1.110s] -- Up-to-date: /home/anton202/devlab/drone_ws/install/ros2_aruco_interfaces/share/ros2_aruco_interfaces/cmake/export_ros2_aruco_interfaces__rosidl_generator_pyExport.cmake
[1.110s] -- Up-to-date: /home/anton202/devlab/drone_ws/install/ros2_aruco_interfaces/share/ros2_aruco_interfaces/cmake/export_ros2_aruco_interfaces__rosidl_generator_pyExport-noconfig.cmake
[1.110s] -- Up-to-date: /home/anton202/devlab/drone_ws/install/ros2_aruco_interfaces/share/ros2_aruco_interfaces/cmake/rosidl_cmake-extras.cmake
[1.111s] -- Up-to-date: /home/anton202/devlab/drone_ws/install/ros2_aruco_interfaces/share/ros2_aruco_interfaces/cmake/ament_cmake_export_dependencies-extras.cmake
[1.111s] -- Up-to-date: /home/anton202/devlab/drone_ws/install/ros2_aruco_interfaces/share/ros2_aruco_interfaces/cmake/ament_cmake_export_include_directories-extras.cmake
[1.111s] -- Up-to-date: /home/anton202/devlab/drone_ws/install/ros2_aruco_interfaces/share/ros2_aruco_interfaces/cmake/ament_cmake_export_libraries-extras.cmake
[1.111s] -- Up-to-date: /home/anton202/devlab/drone_ws/install/ros2_aruco_interfaces/share/ros2_aruco_interfaces/cmake/ament_cmake_export_targets-extras.cmake
[1.111s] -- Up-to-date: /home/anton202/devlab/drone_ws/install/ros2_aruco_interfaces/share/ros2_aruco_interfaces/cmake/rosidl_cmake_export_typesupport_targets-extras.cmake
[1.111s] -- Up-to-date: /home/anton202/devlab/drone_ws/install/ros2_aruco_interfaces/share/ros2_aruco_interfaces/cmake/rosidl_cmake_export_typesupport_libraries-extras.cmake
[1.111s] -- Up-to-date: /home/anton202/devlab/drone_ws/install/ros2_aruco_interfaces/share/ros2_aruco_interfaces/cmake/ros2_aruco_interfacesConfig.cmake
[1.111s] -- Up-to-date: /home/anton202/devlab/drone_ws/install/ros2_aruco_interfaces/share/ros2_aruco_interfaces/cmake/ros2_aruco_interfacesConfig-version.cmake
[1.111s] -- Up-to-date: /home/anton202/devlab/drone_ws/install/ros2_aruco_interfaces/share/ros2_aruco_interfaces/package.xml
[1.120s] Invoked command in '/home/anton202/devlab/drone_ws/build/ros2_aruco_interfaces' returned '0': CMAKE_PREFIX_PATH=${CMAKE_PREFIX_PATH}:/home/anton202/devlab/drone_ws/install/ros2_aruco:/home/anton202/devlab/drone_ws/install/py_pubsub:/home/anton202/devlab/drone_ws/install/learning_tf2_py:/home/anton202/devlab/drone_ws/install/drone_localization:/opt/ros/iron CONDA_PROMPT_MODIFIER=(base) /home/anton202/.local/bin/cmake --install /home/anton202/devlab/drone_ws/build/ros2_aruco_interfaces
