running egg_info
creating ../../build/drone_localization/drone_localization.egg-info
writing ../../build/drone_localization/drone_localization.egg-info/PKG-INFO
writing dependency_links to ../../build/drone_localization/drone_localization.egg-info/dependency_links.txt
writing entry points to ../../build/drone_localization/drone_localization.egg-info/entry_points.txt
writing requirements to ../../build/drone_localization/drone_localization.egg-info/requires.txt
writing top-level names to ../../build/drone_localization/drone_localization.egg-info/top_level.txt
writing manifest file '../../build/drone_localization/drone_localization.egg-info/SOURCES.txt'
reading manifest file '../../build/drone_localization/drone_localization.egg-info/SOURCES.txt'
adding license file 'LICENSE'
writing manifest file '../../build/drone_localization/drone_localization.egg-info/SOURCES.txt'
running build
running build_py
creating /home/anton202/devlab/drone_ws/build/drone_localization/build
creating /home/anton202/devlab/drone_ws/build/drone_localization/build/lib
creating /home/anton202/devlab/drone_ws/build/drone_localization/build/lib/drone_localization
copying drone_localization/drone_localization.py -> /home/anton202/devlab/drone_ws/build/drone_localization/build/lib/drone_localization
copying drone_localization/__init__.py -> /home/anton202/devlab/drone_ws/build/drone_localization/build/lib/drone_localization
running install
running install_lib
creating /home/anton202/devlab/drone_ws/install/drone_localization/lib/python3.10/site-packages/drone_localization
copying /home/anton202/devlab/drone_ws/build/drone_localization/build/lib/drone_localization/drone_localization.py -> /home/anton202/devlab/drone_ws/install/drone_localization/lib/python3.10/site-packages/drone_localization
copying /home/anton202/devlab/drone_ws/build/drone_localization/build/lib/drone_localization/__init__.py -> /home/anton202/devlab/drone_ws/install/drone_localization/lib/python3.10/site-packages/drone_localization
byte-compiling /home/anton202/devlab/drone_ws/install/drone_localization/lib/python3.10/site-packages/drone_localization/drone_localization.py to drone_localization.cpython-310.pyc
byte-compiling /home/anton202/devlab/drone_ws/install/drone_localization/lib/python3.10/site-packages/drone_localization/__init__.py to __init__.cpython-310.pyc
running install_data
creating /home/anton202/devlab/drone_ws/install/drone_localization/share/ament_index
creating /home/anton202/devlab/drone_ws/install/drone_localization/share/ament_index/resource_index
creating /home/anton202/devlab/drone_ws/install/drone_localization/share/ament_index/resource_index/packages
copying resource/drone_localization -> /home/anton202/devlab/drone_ws/install/drone_localization/share/ament_index/resource_index/packages
copying package.xml -> /home/anton202/devlab/drone_ws/install/drone_localization/share/drone_localization
running install_egg_info
Copying ../../build/drone_localization/drone_localization.egg-info to /home/anton202/devlab/drone_ws/install/drone_localization/lib/python3.10/site-packages/drone_localization-0.0.0-py3.10.egg-info
running install_scripts
Installing drone_localization script to /home/anton202/devlab/drone_ws/install/drone_localization/lib/drone_localization
writing list of installed files to '/home/anton202/devlab/drone_ws/build/drone_localization/install.log'
