[0.114s] Invoking command in '/home/anton202/devlab/drone_ws/build/ros2_aruco_interfaces': CMAKE_PREFIX_PATH=/opt/ros/iron /home/anton202/.local/bin/cmake /home/anton202/devlab/drone_ws/src/ros2_aruco/ros2_aruco_interfaces -DCMAKE_INSTALL_PREFIX=/home/anton202/devlab/drone_ws/install/ros2_aruco_interfaces
[0.180s] -- The C compiler identification is GNU 11.4.0
[0.212s] -- The CXX compiler identification is GNU 11.4.0
[0.218s] -- Detecting C compiler ABI info
[0.250s] -- Detecting C compiler ABI info - done
[0.259s] -- Check for working C compiler: /usr/bin/cc - skipped
[0.259s] -- Detecting C compile features
[0.259s] -- Detecting C compile features - done
[0.262s] -- Detecting CXX compiler ABI info
[0.297s] -- Detecting CXX compiler ABI info - done
[0.306s] -- Check for working CXX compiler: /usr/bin/c++ - skipped
[0.306s] -- Detecting CXX compile features
[0.307s] -- Detecting CXX compile features - done
[0.308s] -- Found ament_cmake: 2.0.5 (/opt/ros/iron/share/ament_cmake/cmake)
[0.569s] -- Found Python3: /usr/bin/python3.10 (found version "3.10.12") found components: Interpreter
[0.618s] -- Found geometry_msgs: 5.0.0 (/opt/ros/iron/share/geometry_msgs/cmake)
[0.642s] -- Found rosidl_generator_c: 4.0.1 (/opt/ros/iron/share/rosidl_generator_c/cmake)
[0.650s] -- Found rosidl_generator_cpp: 4.0.1 (/opt/ros/iron/share/rosidl_generator_cpp/cmake)
[0.661s] -- Using all available rosidl_typesupport_c: rosidl_typesupport_fastrtps_c;rosidl_typesupport_introspection_c
[0.674s] -- Using all available rosidl_typesupport_cpp: rosidl_typesupport_fastrtps_cpp;rosidl_typesupport_introspection_cpp
[0.745s] -- Found rosidl_default_generators: 1.5.0 (/opt/ros/iron/share/rosidl_default_generators/cmake)
[0.752s] -- Found rosidl_adapter: 4.0.1 (/opt/ros/iron/share/rosidl_adapter/cmake)
[1.077s] -- Found ament_cmake_ros: 0.11.2 (/opt/ros/iron/share/ament_cmake_ros/cmake)
[1.525s] -- Using all available rosidl_typesupport_c: rosidl_typesupport_fastrtps_c;rosidl_typesupport_introspection_c
[1.703s] -- Using all available rosidl_typesupport_cpp: rosidl_typesupport_fastrtps_cpp;rosidl_typesupport_introspection_cpp
[1.705s] [33mCMake Warning (dev) at /opt/ros/iron/share/rosidl_generator_py/cmake/rosidl_generator_py_generate_interfaces.cmake:20 (find_package):
[1.705s]   Policy CMP0148 is not set: The FindPythonInterp and FindPythonLibs modules
[1.705s]   are removed.  Run "cmake --help-policy CMP0148" for policy details.  Use
[1.705s]   the cmake_policy command to set the policy and suppress this warning.
[1.705s] 
[1.705s] Call Stack (most recent call first):
[1.705s]   /opt/ros/iron/share/ament_cmake_core/cmake/core/ament_execute_extensions.cmake:48 (include)
[1.705s]   /opt/ros/iron/share/rosidl_cmake/cmake/rosidl_generate_interfaces.cmake:316 (ament_execute_extensions)
[1.705s]   CMakeLists.txt:28 (rosidl_generate_interfaces)
[1.705s] This warning is for project developers.  Use -Wno-dev to suppress it.
[1.705s] [0m
[1.716s] -- Found PythonInterp: /usr/bin/python3 (found suitable version "3.10.12", minimum required is "3.6")
[1.717s] -- Found python_cmake_module: 0.10.2 (/opt/ros/iron/share/python_cmake_module/cmake)
[1.717s] [33mCMake Warning (dev) at /opt/ros/iron/share/python_cmake_module/cmake/Modules/FindPythonExtra.cmake:52 (find_package):
[1.717s]   Policy CMP0148 is not set: The FindPythonInterp and FindPythonLibs modules
[1.717s]   are removed.  Run "cmake --help-policy CMP0148" for policy details.  Use
[1.717s]   the cmake_policy command to set the policy and suppress this warning.
[1.717s] 
[1.717s] Call Stack (most recent call first):
[1.717s]   /opt/ros/iron/share/rosidl_generator_py/cmake/rosidl_generator_py_generate_interfaces.cmake:23 (find_package)
[1.717s]   /opt/ros/iron/share/ament_cmake_core/cmake/core/ament_execute_extensions.cmake:48 (include)
[1.717s]   /opt/ros/iron/share/rosidl_cmake/cmake/rosidl_generate_interfaces.cmake:316 (ament_execute_extensions)
[1.717s]   CMakeLists.txt:28 (rosidl_generate_interfaces)
[1.717s] This warning is for project developers.  Use -Wno-dev to suppress it.
[1.717s] [0m
[1.729s] [33mCMake Warning (dev) at /opt/ros/iron/share/python_cmake_module/cmake/Modules/FindPythonExtra.cmake:140 (find_package):
[1.729s]   Policy CMP0148 is not set: The FindPythonInterp and FindPythonLibs modules
[1.729s]   are removed.  Run "cmake --help-policy CMP0148" for policy details.  Use
[1.729s]   the cmake_policy command to set the policy and suppress this warning.
[1.729s] 
[1.729s] Call Stack (most recent call first):
[1.729s]   /opt/ros/iron/share/rosidl_generator_py/cmake/rosidl_generator_py_generate_interfaces.cmake:23 (find_package)
[1.729s]   /opt/ros/iron/share/ament_cmake_core/cmake/core/ament_execute_extensions.cmake:48 (include)
[1.729s]   /opt/ros/iron/share/rosidl_cmake/cmake/rosidl_generate_interfaces.cmake:316 (ament_execute_extensions)
[1.729s]   CMakeLists.txt:28 (rosidl_generate_interfaces)
[1.729s] This warning is for project developers.  Use -Wno-dev to suppress it.
[1.729s] [0m
[1.732s] -- Found PythonLibs: /usr/lib/x86_64-linux-gnu/libpython3.10.so (found suitable version "3.10.12", minimum required is "3.5")
[1.732s] -- Using PYTHON_EXECUTABLE: /usr/bin/python3
[1.732s] -- Using PYTHON_INCLUDE_DIRS: /usr/include/python3.10
[1.732s] -- Using PYTHON_LIBRARIES: /usr/lib/x86_64-linux-gnu/libpython3.10.so
[1.744s] -- Found PythonExtra: .so
[1.787s] -- Found ament_lint_auto: 0.14.3 (/opt/ros/iron/share/ament_lint_auto/cmake)
[1.799s] -- Added test 'copyright' to check source files copyright and LICENSE
[1.800s] -- Added test 'lint_cmake' to check CMake code style
[1.801s] -- Added test 'xmllint' to check XML markup files
[1.802s] -- Configuring done (1.6s)
[1.823s] -- Generating done (0.0s)
[1.825s] -- Build files have been written to: /home/anton202/devlab/drone_ws/build/ros2_aruco_interfaces
[1.837s] Invoked command in '/home/anton202/devlab/drone_ws/build/ros2_aruco_interfaces' returned '0': CMAKE_PREFIX_PATH=/opt/ros/iron /home/anton202/.local/bin/cmake /home/anton202/devlab/drone_ws/src/ros2_aruco/ros2_aruco_interfaces -DCMAKE_INSTALL_PREFIX=/home/anton202/devlab/drone_ws/install/ros2_aruco_interfaces
[1.837s] Invoking command in '/home/anton202/devlab/drone_ws/build/ros2_aruco_interfaces': CMAKE_PREFIX_PATH=/opt/ros/iron /home/anton202/.local/bin/cmake --build /home/anton202/devlab/drone_ws/build/ros2_aruco_interfaces -- -j20 -l20
[1.888s] [  2%] [34m[1mGenerating type hashes for ROS interfaces[0m
[1.889s] [  2%] Built target ament_cmake_python_copy_ros2_aruco_interfaces
[1.999s] running egg_info
[2.000s] creating ros2_aruco_interfaces.egg-info
[2.001s] [  2%] Built target ros2_aruco_interfaces__rosidl_generator_type_description
[2.005s] [  5%] [34m[1mGenerating C code for ROS interfaces[0m
[2.007s] [  8%] [34m[1mGenerating C++ code for ROS interfaces[0m
[2.009s] writing ros2_aruco_interfaces.egg-info/PKG-INFO
[2.010s] writing dependency_links to ros2_aruco_interfaces.egg-info/dependency_links.txt
[2.010s] writing top-level names to ros2_aruco_interfaces.egg-info/top_level.txt
[2.010s] writing manifest file 'ros2_aruco_interfaces.egg-info/SOURCES.txt'
[2.038s] reading manifest file 'ros2_aruco_interfaces.egg-info/SOURCES.txt'
[2.038s] writing manifest file 'ros2_aruco_interfaces.egg-info/SOURCES.txt'
[2.051s] [  8%] Built target ament_cmake_python_build_ros2_aruco_interfaces_egg
[2.137s] [  8%] Built target ros2_aruco_interfaces__cpp
[2.152s] [ 11%] [32mBuilding C object CMakeFiles/ros2_aruco_interfaces__rosidl_generator_c.dir/rosidl_generator_c/ros2_aruco_interfaces/msg/detail/aruco_markers__description.c.o[0m
[2.152s] [ 14%] [32mBuilding C object CMakeFiles/ros2_aruco_interfaces__rosidl_generator_c.dir/rosidl_generator_c/ros2_aruco_interfaces/msg/detail/aruco_markers__functions.c.o[0m
[2.152s] [ 17%] [32mBuilding C object CMakeFiles/ros2_aruco_interfaces__rosidl_generator_c.dir/rosidl_generator_c/ros2_aruco_interfaces/msg/detail/aruco_markers__type_support.c.o[0m
[2.175s] [ 20%] [32m[1mLinking C shared library libros2_aruco_interfaces__rosidl_generator_c.so[0m
[2.190s] [ 20%] Built target ros2_aruco_interfaces__rosidl_generator_c
[2.192s] [ 23%] [34m[1mGenerating C++ type support dispatch for ROS interfaces[0m
[2.192s] [ 26%] [34m[1mGenerating C type support for eProsima Fast-RTPS[0m
[2.193s] [ 29%] [34m[1mGenerating C++ type support for eProsima Fast-RTPS[0m
[2.193s] [ 32%] [34m[1mGenerating C introspection for ROS interfaces[0m
[2.193s] [ 35%] [34m[1mGenerating C type support dispatch for ROS interfaces[0m
[2.193s] [ 38%] [34m[1mGenerating C++ introspection for ROS interfaces[0m
[2.330s] [ 41%] [32mBuilding CXX object CMakeFiles/ros2_aruco_interfaces__rosidl_typesupport_c.dir/rosidl_typesupport_c/ros2_aruco_interfaces/msg/aruco_markers__type_support.cpp.o[0m
[2.330s] [ 44%] [32mBuilding CXX object CMakeFiles/ros2_aruco_interfaces__rosidl_typesupport_cpp.dir/rosidl_typesupport_cpp/ros2_aruco_interfaces/msg/aruco_markers__type_support.cpp.o[0m
[2.339s] [ 47%] [32mBuilding CXX object CMakeFiles/ros2_aruco_interfaces__rosidl_typesupport_introspection_cpp.dir/rosidl_typesupport_introspection_cpp/ros2_aruco_interfaces/msg/detail/aruco_markers__type_support.cpp.o[0m
[2.339s] [ 50%] [32mBuilding C object CMakeFiles/ros2_aruco_interfaces__rosidl_typesupport_introspection_c.dir/rosidl_typesupport_introspection_c/ros2_aruco_interfaces/msg/detail/aruco_markers__type_support.c.o[0m
[2.342s] [ 52%] [32mBuilding CXX object CMakeFiles/ros2_aruco_interfaces__rosidl_typesupport_fastrtps_c.dir/rosidl_typesupport_fastrtps_c/ros2_aruco_interfaces/msg/detail/aruco_markers__type_support_c.cpp.o[0m
[2.344s] [ 55%] [32mBuilding CXX object CMakeFiles/ros2_aruco_interfaces__rosidl_typesupport_fastrtps_cpp.dir/rosidl_typesupport_fastrtps_cpp/ros2_aruco_interfaces/msg/detail/dds_fastrtps/aruco_markers__type_support.cpp.o[0m
[2.352s] [ 58%] [32m[1mLinking CXX shared library libros2_aruco_interfaces__rosidl_typesupport_c.so[0m
[2.362s] [ 61%] [32m[1mLinking C shared library libros2_aruco_interfaces__rosidl_typesupport_introspection_c.so[0m
[2.371s] [ 61%] Built target ros2_aruco_interfaces__rosidl_typesupport_c
[2.375s] [ 61%] Built target ros2_aruco_interfaces__rosidl_typesupport_introspection_c
[2.523s] [ 64%] [32m[1mLinking CXX shared library libros2_aruco_interfaces__rosidl_typesupport_fastrtps_c.so[0m
[2.530s] [ 67%] [32m[1mLinking CXX shared library libros2_aruco_interfaces__rosidl_typesupport_cpp.so[0m
[2.549s] [ 67%] Built target ros2_aruco_interfaces__rosidl_typesupport_cpp
[2.562s] [ 67%] Built target ros2_aruco_interfaces__rosidl_typesupport_fastrtps_c
[2.582s] [ 70%] [32m[1mLinking CXX shared library libros2_aruco_interfaces__rosidl_typesupport_introspection_cpp.so[0m
[2.619s] [ 70%] Built target ros2_aruco_interfaces__rosidl_typesupport_introspection_cpp
[2.653s] [ 73%] [32m[1mLinking CXX shared library libros2_aruco_interfaces__rosidl_typesupport_fastrtps_cpp.so[0m
[2.689s] [ 73%] Built target ros2_aruco_interfaces__rosidl_typesupport_fastrtps_cpp
[2.695s] [ 73%] Built target ros2_aruco_interfaces
[2.700s] [ 76%] [34m[1mGenerating Python code for ROS interfaces[0m
[2.857s] [ 76%] Built target ros2_aruco_interfaces__py
[2.862s] [ 79%] [32mBuilding C object CMakeFiles/ros2_aruco_interfaces__rosidl_generator_py.dir/rosidl_generator_py/ros2_aruco_interfaces/msg/_aruco_markers_s.c.o[0m
[2.918s] [ 82%] [32m[1mLinking C shared library rosidl_generator_py/ros2_aruco_interfaces/libros2_aruco_interfaces__rosidl_generator_py.so[0m
[2.936s] [ 82%] Built target ros2_aruco_interfaces__rosidl_generator_py
[2.942s] [ 85%] [32mBuilding C object CMakeFiles/ros2_aruco_interfaces__rosidl_typesupport_fastrtps_c__pyext.dir/rosidl_generator_py/ros2_aruco_interfaces/_ros2_aruco_interfaces_s.ep.rosidl_typesupport_fastrtps_c.c.o[0m
[2.942s] [ 88%] [32mBuilding C object CMakeFiles/ros2_aruco_interfaces__rosidl_typesupport_introspection_c__pyext.dir/rosidl_generator_py/ros2_aruco_interfaces/_ros2_aruco_interfaces_s.ep.rosidl_typesupport_introspection_c.c.o[0m
[2.942s] [ 91%] [32mBuilding C object CMakeFiles/ros2_aruco_interfaces__rosidl_typesupport_c__pyext.dir/rosidl_generator_py/ros2_aruco_interfaces/_ros2_aruco_interfaces_s.ep.rosidl_typesupport_c.c.o[0m
[2.994s] [100%] [32m[1mLinking C shared library rosidl_generator_py/ros2_aruco_interfaces/ros2_aruco_interfaces_s__rosidl_typesupport_introspection_c.cpython-310-x86_64-linux-gnu.so[0m
[2.994s] [100%] [32m[1mLinking C shared library rosidl_generator_py/ros2_aruco_interfaces/ros2_aruco_interfaces_s__rosidl_typesupport_fastrtps_c.cpython-310-x86_64-linux-gnu.so[0m
[2.994s] [100%] [32m[1mLinking C shared library rosidl_generator_py/ros2_aruco_interfaces/ros2_aruco_interfaces_s__rosidl_typesupport_c.cpython-310-x86_64-linux-gnu.so[0m
[3.009s] [100%] Built target ros2_aruco_interfaces__rosidl_typesupport_fastrtps_c__pyext
[3.010s] [100%] Built target ros2_aruco_interfaces__rosidl_typesupport_introspection_c__pyext
[3.010s] [100%] Built target ros2_aruco_interfaces__rosidl_typesupport_c__pyext
[3.020s] Invoked command in '/home/anton202/devlab/drone_ws/build/ros2_aruco_interfaces' returned '0': CMAKE_PREFIX_PATH=/opt/ros/iron /home/anton202/.local/bin/cmake --build /home/anton202/devlab/drone_ws/build/ros2_aruco_interfaces -- -j20 -l20
[3.135s] Invoking command in '/home/anton202/devlab/drone_ws/build/ros2_aruco_interfaces': CMAKE_PREFIX_PATH=/opt/ros/iron /home/anton202/.local/bin/cmake --install /home/anton202/devlab/drone_ws/build/ros2_aruco_interfaces
[3.174s] -- Install configuration: ""
[3.174s] -- Installing: /home/anton202/devlab/drone_ws/install/ros2_aruco_interfaces/share/ament_index/resource_index/rosidl_interfaces/ros2_aruco_interfaces
[3.174s] -- Installing: /home/anton202/devlab/drone_ws/install/ros2_aruco_interfaces/share/ros2_aruco_interfaces/msg/ArucoMarkers.json
[3.174s] -- Installing: /home/anton202/devlab/drone_ws/install/ros2_aruco_interfaces/include/ros2_aruco_interfaces/ros2_aruco_interfaces
[3.174s] -- Installing: /home/anton202/devlab/drone_ws/install/ros2_aruco_interfaces/include/ros2_aruco_interfaces/ros2_aruco_interfaces/msg
[3.174s] -- Installing: /home/anton202/devlab/drone_ws/install/ros2_aruco_interfaces/include/ros2_aruco_interfaces/ros2_aruco_interfaces/msg/aruco_markers.h
[3.174s] -- Installing: /home/anton202/devlab/drone_ws/install/ros2_aruco_interfaces/include/ros2_aruco_interfaces/ros2_aruco_interfaces/msg/detail
[3.174s] -- Installing: /home/anton202/devlab/drone_ws/install/ros2_aruco_interfaces/include/ros2_aruco_interfaces/ros2_aruco_interfaces/msg/detail/aruco_markers__struct.h
[3.174s] -- Installing: /home/anton202/devlab/drone_ws/install/ros2_aruco_interfaces/include/ros2_aruco_interfaces/ros2_aruco_interfaces/msg/detail/aruco_markers__description.c
[3.174s] -- Installing: /home/anton202/devlab/drone_ws/install/ros2_aruco_interfaces/include/ros2_aruco_interfaces/ros2_aruco_interfaces/msg/detail/aruco_markers__functions.c
[3.174s] -- Installing: /home/anton202/devlab/drone_ws/install/ros2_aruco_interfaces/include/ros2_aruco_interfaces/ros2_aruco_interfaces/msg/detail/aruco_markers__type_support.h
[3.174s] -- Installing: /home/anton202/devlab/drone_ws/install/ros2_aruco_interfaces/include/ros2_aruco_interfaces/ros2_aruco_interfaces/msg/detail/aruco_markers__functions.h
[3.174s] -- Installing: /home/anton202/devlab/drone_ws/install/ros2_aruco_interfaces/include/ros2_aruco_interfaces/ros2_aruco_interfaces/msg/detail/aruco_markers__type_support.c
[3.175s] -- Installing: /home/anton202/devlab/drone_ws/install/ros2_aruco_interfaces/include/ros2_aruco_interfaces/ros2_aruco_interfaces/msg/rosidl_generator_c__visibility_control.h
[3.175s] -- Installing: /home/anton202/devlab/drone_ws/install/ros2_aruco_interfaces/share/ros2_aruco_interfaces/environment/library_path.sh
[3.175s] -- Installing: /home/anton202/devlab/drone_ws/install/ros2_aruco_interfaces/share/ros2_aruco_interfaces/environment/library_path.dsv
[3.175s] -- Installing: /home/anton202/devlab/drone_ws/install/ros2_aruco_interfaces/lib/libros2_aruco_interfaces__rosidl_generator_c.so
[3.175s] -- Set non-toolchain portion of runtime path of "/home/anton202/devlab/drone_ws/install/ros2_aruco_interfaces/lib/libros2_aruco_interfaces__rosidl_generator_c.so" to ""
[3.175s] -- Up-to-date: /home/anton202/devlab/drone_ws/install/ros2_aruco_interfaces/include/ros2_aruco_interfaces/ros2_aruco_interfaces
[3.175s] -- Up-to-date: /home/anton202/devlab/drone_ws/install/ros2_aruco_interfaces/include/ros2_aruco_interfaces/ros2_aruco_interfaces/msg
[3.175s] -- Up-to-date: /home/anton202/devlab/drone_ws/install/ros2_aruco_interfaces/include/ros2_aruco_interfaces/ros2_aruco_interfaces/msg/detail
[3.175s] -- Installing: /home/anton202/devlab/drone_ws/install/ros2_aruco_interfaces/include/ros2_aruco_interfaces/ros2_aruco_interfaces/msg/detail/aruco_markers__rosidl_typesupport_fastrtps_c.h
[3.175s] -- Installing: /home/anton202/devlab/drone_ws/install/ros2_aruco_interfaces/include/ros2_aruco_interfaces/ros2_aruco_interfaces/msg/rosidl_typesupport_fastrtps_c__visibility_control.h
[3.175s] -- Installing: /home/anton202/devlab/drone_ws/install/ros2_aruco_interfaces/lib/libros2_aruco_interfaces__rosidl_typesupport_fastrtps_c.so
[3.175s] -- Set non-toolchain portion of runtime path of "/home/anton202/devlab/drone_ws/install/ros2_aruco_interfaces/lib/libros2_aruco_interfaces__rosidl_typesupport_fastrtps_c.so" to ""
[3.175s] -- Up-to-date: /home/anton202/devlab/drone_ws/install/ros2_aruco_interfaces/include/ros2_aruco_interfaces/ros2_aruco_interfaces
[3.175s] -- Up-to-date: /home/anton202/devlab/drone_ws/install/ros2_aruco_interfaces/include/ros2_aruco_interfaces/ros2_aruco_interfaces/msg
[3.175s] -- Installing: /home/anton202/devlab/drone_ws/install/ros2_aruco_interfaces/include/ros2_aruco_interfaces/ros2_aruco_interfaces/msg/aruco_markers.hpp
[3.176s] -- Up-to-date: /home/anton202/devlab/drone_ws/install/ros2_aruco_interfaces/include/ros2_aruco_interfaces/ros2_aruco_interfaces/msg/detail
[3.176s] -- Installing: /home/anton202/devlab/drone_ws/install/ros2_aruco_interfaces/include/ros2_aruco_interfaces/ros2_aruco_interfaces/msg/detail/aruco_markers__struct.hpp
[3.176s] -- Installing: /home/anton202/devlab/drone_ws/install/ros2_aruco_interfaces/include/ros2_aruco_interfaces/ros2_aruco_interfaces/msg/detail/aruco_markers__traits.hpp
[3.176s] -- Installing: /home/anton202/devlab/drone_ws/install/ros2_aruco_interfaces/include/ros2_aruco_interfaces/ros2_aruco_interfaces/msg/detail/aruco_markers__builder.hpp
[3.176s] -- Up-to-date: /home/anton202/devlab/drone_ws/install/ros2_aruco_interfaces/include/ros2_aruco_interfaces/ros2_aruco_interfaces
[3.176s] -- Up-to-date: /home/anton202/devlab/drone_ws/install/ros2_aruco_interfaces/include/ros2_aruco_interfaces/ros2_aruco_interfaces/msg
[3.176s] -- Up-to-date: /home/anton202/devlab/drone_ws/install/ros2_aruco_interfaces/include/ros2_aruco_interfaces/ros2_aruco_interfaces/msg/detail
[3.176s] -- Installing: /home/anton202/devlab/drone_ws/install/ros2_aruco_interfaces/include/ros2_aruco_interfaces/ros2_aruco_interfaces/msg/detail/aruco_markers__rosidl_typesupport_fastrtps_cpp.hpp
[3.176s] -- Installing: /home/anton202/devlab/drone_ws/install/ros2_aruco_interfaces/include/ros2_aruco_interfaces/ros2_aruco_interfaces/msg/detail/dds_fastrtps
[3.176s] -- Installing: /home/anton202/devlab/drone_ws/install/ros2_aruco_interfaces/include/ros2_aruco_interfaces/ros2_aruco_interfaces/msg/rosidl_typesupport_fastrtps_cpp__visibility_control.h
[3.176s] -- Installing: /home/anton202/devlab/drone_ws/install/ros2_aruco_interfaces/lib/libros2_aruco_interfaces__rosidl_typesupport_fastrtps_cpp.so
[3.176s] -- Set non-toolchain portion of runtime path of "/home/anton202/devlab/drone_ws/install/ros2_aruco_interfaces/lib/libros2_aruco_interfaces__rosidl_typesupport_fastrtps_cpp.so" to ""
[3.176s] -- Up-to-date: /home/anton202/devlab/drone_ws/install/ros2_aruco_interfaces/include/ros2_aruco_interfaces/ros2_aruco_interfaces
[3.176s] -- Up-to-date: /home/anton202/devlab/drone_ws/install/ros2_aruco_interfaces/include/ros2_aruco_interfaces/ros2_aruco_interfaces/msg
[3.176s] -- Installing: /home/anton202/devlab/drone_ws/install/ros2_aruco_interfaces/include/ros2_aruco_interfaces/ros2_aruco_interfaces/msg/rosidl_typesupport_introspection_c__visibility_control.h
[3.177s] -- Up-to-date: /home/anton202/devlab/drone_ws/install/ros2_aruco_interfaces/include/ros2_aruco_interfaces/ros2_aruco_interfaces/msg/detail
[3.177s] -- Installing: /home/anton202/devlab/drone_ws/install/ros2_aruco_interfaces/include/ros2_aruco_interfaces/ros2_aruco_interfaces/msg/detail/aruco_markers__rosidl_typesupport_introspection_c.h
[3.177s] -- Up-to-date: /home/anton202/devlab/drone_ws/install/ros2_aruco_interfaces/include/ros2_aruco_interfaces/ros2_aruco_interfaces/msg/detail/aruco_markers__type_support.c
[3.177s] -- Installing: /home/anton202/devlab/drone_ws/install/ros2_aruco_interfaces/lib/libros2_aruco_interfaces__rosidl_typesupport_introspection_c.so
[3.177s] -- Set non-toolchain portion of runtime path of "/home/anton202/devlab/drone_ws/install/ros2_aruco_interfaces/lib/libros2_aruco_interfaces__rosidl_typesupport_introspection_c.so" to ""
[3.177s] -- Installing: /home/anton202/devlab/drone_ws/install/ros2_aruco_interfaces/lib/libros2_aruco_interfaces__rosidl_typesupport_c.so
[3.177s] -- Set non-toolchain portion of runtime path of "/home/anton202/devlab/drone_ws/install/ros2_aruco_interfaces/lib/libros2_aruco_interfaces__rosidl_typesupport_c.so" to ""
[3.177s] -- Up-to-date: /home/anton202/devlab/drone_ws/install/ros2_aruco_interfaces/include/ros2_aruco_interfaces/ros2_aruco_interfaces
[3.177s] -- Up-to-date: /home/anton202/devlab/drone_ws/install/ros2_aruco_interfaces/include/ros2_aruco_interfaces/ros2_aruco_interfaces/msg
[3.177s] -- Up-to-date: /home/anton202/devlab/drone_ws/install/ros2_aruco_interfaces/include/ros2_aruco_interfaces/ros2_aruco_interfaces/msg/detail
[3.177s] -- Installing: /home/anton202/devlab/drone_ws/install/ros2_aruco_interfaces/include/ros2_aruco_interfaces/ros2_aruco_interfaces/msg/detail/aruco_markers__type_support.cpp
[3.177s] -- Installing: /home/anton202/devlab/drone_ws/install/ros2_aruco_interfaces/include/ros2_aruco_interfaces/ros2_aruco_interfaces/msg/detail/aruco_markers__rosidl_typesupport_introspection_cpp.hpp
[3.177s] -- Installing: /home/anton202/devlab/drone_ws/install/ros2_aruco_interfaces/lib/libros2_aruco_interfaces__rosidl_typesupport_introspection_cpp.so
[3.177s] -- Set non-toolchain portion of runtime path of "/home/anton202/devlab/drone_ws/install/ros2_aruco_interfaces/lib/libros2_aruco_interfaces__rosidl_typesupport_introspection_cpp.so" to ""
[3.177s] -- Installing: /home/anton202/devlab/drone_ws/install/ros2_aruco_interfaces/lib/libros2_aruco_interfaces__rosidl_typesupport_cpp.so
[3.177s] -- Set non-toolchain portion of runtime path of "/home/anton202/devlab/drone_ws/install/ros2_aruco_interfaces/lib/libros2_aruco_interfaces__rosidl_typesupport_cpp.so" to ""
[3.177s] -- Installing: /home/anton202/devlab/drone_ws/install/ros2_aruco_interfaces/share/ros2_aruco_interfaces/environment/pythonpath.sh
[3.177s] -- Installing: /home/anton202/devlab/drone_ws/install/ros2_aruco_interfaces/share/ros2_aruco_interfaces/environment/pythonpath.dsv
[3.177s] -- Installing: /home/anton202/devlab/drone_ws/install/ros2_aruco_interfaces/lib/python3.10/site-packages/ros2_aruco_interfaces-0.1.0-py3.10.egg-info
[3.178s] -- Installing: /home/anton202/devlab/drone_ws/install/ros2_aruco_interfaces/lib/python3.10/site-packages/ros2_aruco_interfaces-0.1.0-py3.10.egg-info/SOURCES.txt
[3.178s] -- Installing: /home/anton202/devlab/drone_ws/install/ros2_aruco_interfaces/lib/python3.10/site-packages/ros2_aruco_interfaces-0.1.0-py3.10.egg-info/top_level.txt
[3.178s] -- Installing: /home/anton202/devlab/drone_ws/install/ros2_aruco_interfaces/lib/python3.10/site-packages/ros2_aruco_interfaces-0.1.0-py3.10.egg-info/PKG-INFO
[3.178s] -- Installing: /home/anton202/devlab/drone_ws/install/ros2_aruco_interfaces/lib/python3.10/site-packages/ros2_aruco_interfaces-0.1.0-py3.10.egg-info/dependency_links.txt
[3.178s] -- Installing: /home/anton202/devlab/drone_ws/install/ros2_aruco_interfaces/lib/python3.10/site-packages/ros2_aruco_interfaces
[3.178s] -- Installing: /home/anton202/devlab/drone_ws/install/ros2_aruco_interfaces/lib/python3.10/site-packages/ros2_aruco_interfaces/ros2_aruco_interfaces_s__rosidl_typesupport_c.cpython-310-x86_64-linux-gnu.so
[3.178s] -- Installing: /home/anton202/devlab/drone_ws/install/ros2_aruco_interfaces/lib/python3.10/site-packages/ros2_aruco_interfaces/msg
[3.178s] -- Installing: /home/anton202/devlab/drone_ws/install/ros2_aruco_interfaces/lib/python3.10/site-packages/ros2_aruco_interfaces/msg/_aruco_markers.py
[3.178s] -- Installing: /home/anton202/devlab/drone_ws/install/ros2_aruco_interfaces/lib/python3.10/site-packages/ros2_aruco_interfaces/msg/__init__.py
[3.178s] -- Installing: /home/anton202/devlab/drone_ws/install/ros2_aruco_interfaces/lib/python3.10/site-packages/ros2_aruco_interfaces/msg/_aruco_markers_s.c
[3.178s] -- Installing: /home/anton202/devlab/drone_ws/install/ros2_aruco_interfaces/lib/python3.10/site-packages/ros2_aruco_interfaces/_ros2_aruco_interfaces_s.ep.rosidl_typesupport_fastrtps_c.c
[3.178s] -- Installing: /home/anton202/devlab/drone_ws/install/ros2_aruco_interfaces/lib/python3.10/site-packages/ros2_aruco_interfaces/ros2_aruco_interfaces_s__rosidl_typesupport_introspection_c.cpython-310-x86_64-linux-gnu.so
[3.178s] -- Installing: /home/anton202/devlab/drone_ws/install/ros2_aruco_interfaces/lib/python3.10/site-packages/ros2_aruco_interfaces/_ros2_aruco_interfaces_s.ep.rosidl_typesupport_introspection_c.c
[3.178s] -- Installing: /home/anton202/devlab/drone_ws/install/ros2_aruco_interfaces/lib/python3.10/site-packages/ros2_aruco_interfaces/libros2_aruco_interfaces__rosidl_generator_py.so
[3.178s] -- Installing: /home/anton202/devlab/drone_ws/install/ros2_aruco_interfaces/lib/python3.10/site-packages/ros2_aruco_interfaces/__init__.py
[3.178s] -- Installing: /home/anton202/devlab/drone_ws/install/ros2_aruco_interfaces/lib/python3.10/site-packages/ros2_aruco_interfaces/ros2_aruco_interfaces_s__rosidl_typesupport_fastrtps_c.cpython-310-x86_64-linux-gnu.so
[3.178s] -- Installing: /home/anton202/devlab/drone_ws/install/ros2_aruco_interfaces/lib/python3.10/site-packages/ros2_aruco_interfaces/_ros2_aruco_interfaces_s.ep.rosidl_typesupport_c.c
[3.195s] Listing '/home/anton202/devlab/drone_ws/install/ros2_aruco_interfaces/lib/python3.10/site-packages/ros2_aruco_interfaces'...
[3.195s] Compiling '/home/anton202/devlab/drone_ws/install/ros2_aruco_interfaces/lib/python3.10/site-packages/ros2_aruco_interfaces/__init__.py'...
[3.195s] Listing '/home/anton202/devlab/drone_ws/install/ros2_aruco_interfaces/lib/python3.10/site-packages/ros2_aruco_interfaces/msg'...
[3.195s] Compiling '/home/anton202/devlab/drone_ws/install/ros2_aruco_interfaces/lib/python3.10/site-packages/ros2_aruco_interfaces/msg/__init__.py'...
[3.195s] Compiling '/home/anton202/devlab/drone_ws/install/ros2_aruco_interfaces/lib/python3.10/site-packages/ros2_aruco_interfaces/msg/_aruco_markers.py'...
[3.197s] -- Installing: /home/anton202/devlab/drone_ws/install/ros2_aruco_interfaces/lib/python3.10/site-packages/ros2_aruco_interfaces/ros2_aruco_interfaces_s__rosidl_typesupport_fastrtps_c.cpython-310-x86_64-linux-gnu.so
[3.198s] -- Set non-toolchain portion of runtime path of "/home/anton202/devlab/drone_ws/install/ros2_aruco_interfaces/lib/python3.10/site-packages/ros2_aruco_interfaces/ros2_aruco_interfaces_s__rosidl_typesupport_fastrtps_c.cpython-310-x86_64-linux-gnu.so" to ""
[3.198s] -- Installing: /home/anton202/devlab/drone_ws/install/ros2_aruco_interfaces/lib/python3.10/site-packages/ros2_aruco_interfaces/ros2_aruco_interfaces_s__rosidl_typesupport_introspection_c.cpython-310-x86_64-linux-gnu.so
[3.198s] -- Set non-toolchain portion of runtime path of "/home/anton202/devlab/drone_ws/install/ros2_aruco_interfaces/lib/python3.10/site-packages/ros2_aruco_interfaces/ros2_aruco_interfaces_s__rosidl_typesupport_introspection_c.cpython-310-x86_64-linux-gnu.so" to ""
[3.198s] -- Installing: /home/anton202/devlab/drone_ws/install/ros2_aruco_interfaces/lib/python3.10/site-packages/ros2_aruco_interfaces/ros2_aruco_interfaces_s__rosidl_typesupport_c.cpython-310-x86_64-linux-gnu.so
[3.198s] -- Set non-toolchain portion of runtime path of "/home/anton202/devlab/drone_ws/install/ros2_aruco_interfaces/lib/python3.10/site-packages/ros2_aruco_interfaces/ros2_aruco_interfaces_s__rosidl_typesupport_c.cpython-310-x86_64-linux-gnu.so" to ""
[3.198s] -- Installing: /home/anton202/devlab/drone_ws/install/ros2_aruco_interfaces/lib/libros2_aruco_interfaces__rosidl_generator_py.so
[3.198s] -- Set non-toolchain portion of runtime path of "/home/anton202/devlab/drone_ws/install/ros2_aruco_interfaces/lib/libros2_aruco_interfaces__rosidl_generator_py.so" to ""
[3.198s] -- Installing: /home/anton202/devlab/drone_ws/install/ros2_aruco_interfaces/share/ros2_aruco_interfaces/msg/ArucoMarkers.idl
[3.198s] -- Installing: /home/anton202/devlab/drone_ws/install/ros2_aruco_interfaces/share/ros2_aruco_interfaces/msg/ArucoMarkers.msg
[3.198s] -- Installing: /home/anton202/devlab/drone_ws/install/ros2_aruco_interfaces/share/ament_index/resource_index/package_run_dependencies/ros2_aruco_interfaces
[3.198s] -- Installing: /home/anton202/devlab/drone_ws/install/ros2_aruco_interfaces/share/ament_index/resource_index/parent_prefix_path/ros2_aruco_interfaces
[3.198s] -- Installing: /home/anton202/devlab/drone_ws/install/ros2_aruco_interfaces/share/ros2_aruco_interfaces/environment/ament_prefix_path.sh
[3.198s] -- Installing: /home/anton202/devlab/drone_ws/install/ros2_aruco_interfaces/share/ros2_aruco_interfaces/environment/ament_prefix_path.dsv
[3.199s] -- Installing: /home/anton202/devlab/drone_ws/install/ros2_aruco_interfaces/share/ros2_aruco_interfaces/environment/path.sh
[3.199s] -- Installing: /home/anton202/devlab/drone_ws/install/ros2_aruco_interfaces/share/ros2_aruco_interfaces/environment/path.dsv
[3.199s] -- Installing: /home/anton202/devlab/drone_ws/install/ros2_aruco_interfaces/share/ros2_aruco_interfaces/local_setup.bash
[3.199s] -- Installing: /home/anton202/devlab/drone_ws/install/ros2_aruco_interfaces/share/ros2_aruco_interfaces/local_setup.sh
[3.199s] -- Installing: /home/anton202/devlab/drone_ws/install/ros2_aruco_interfaces/share/ros2_aruco_interfaces/local_setup.zsh
[3.199s] -- Installing: /home/anton202/devlab/drone_ws/install/ros2_aruco_interfaces/share/ros2_aruco_interfaces/local_setup.dsv
[3.199s] -- Installing: /home/anton202/devlab/drone_ws/install/ros2_aruco_interfaces/share/ros2_aruco_interfaces/package.dsv
[3.199s] -- Installing: /home/anton202/devlab/drone_ws/install/ros2_aruco_interfaces/share/ament_index/resource_index/packages/ros2_aruco_interfaces
[3.199s] -- Installing: /home/anton202/devlab/drone_ws/install/ros2_aruco_interfaces/share/ros2_aruco_interfaces/cmake/export_ros2_aruco_interfaces__rosidl_generator_cExport.cmake
[3.199s] -- Installing: /home/anton202/devlab/drone_ws/install/ros2_aruco_interfaces/share/ros2_aruco_interfaces/cmake/export_ros2_aruco_interfaces__rosidl_generator_cExport-noconfig.cmake
[3.199s] -- Installing: /home/anton202/devlab/drone_ws/install/ros2_aruco_interfaces/share/ros2_aruco_interfaces/cmake/export_ros2_aruco_interfaces__rosidl_typesupport_fastrtps_cExport.cmake
[3.199s] -- Installing: /home/anton202/devlab/drone_ws/install/ros2_aruco_interfaces/share/ros2_aruco_interfaces/cmake/export_ros2_aruco_interfaces__rosidl_typesupport_fastrtps_cExport-noconfig.cmake
[3.199s] -- Installing: /home/anton202/devlab/drone_ws/install/ros2_aruco_interfaces/share/ros2_aruco_interfaces/cmake/export_ros2_aruco_interfaces__rosidl_generator_cppExport.cmake
[3.199s] -- Installing: /home/anton202/devlab/drone_ws/install/ros2_aruco_interfaces/share/ros2_aruco_interfaces/cmake/export_ros2_aruco_interfaces__rosidl_typesupport_fastrtps_cppExport.cmake
[3.199s] -- Installing: /home/anton202/devlab/drone_ws/install/ros2_aruco_interfaces/share/ros2_aruco_interfaces/cmake/export_ros2_aruco_interfaces__rosidl_typesupport_fastrtps_cppExport-noconfig.cmake
[3.199s] -- Installing: /home/anton202/devlab/drone_ws/install/ros2_aruco_interfaces/share/ros2_aruco_interfaces/cmake/ros2_aruco_interfaces__rosidl_typesupport_introspection_cExport.cmake
[3.200s] -- Installing: /home/anton202/devlab/drone_ws/install/ros2_aruco_interfaces/share/ros2_aruco_interfaces/cmake/ros2_aruco_interfaces__rosidl_typesupport_introspection_cExport-noconfig.cmake
[3.200s] -- Installing: /home/anton202/devlab/drone_ws/install/ros2_aruco_interfaces/share/ros2_aruco_interfaces/cmake/ros2_aruco_interfaces__rosidl_typesupport_cExport.cmake
[3.200s] -- Installing: /home/anton202/devlab/drone_ws/install/ros2_aruco_interfaces/share/ros2_aruco_interfaces/cmake/ros2_aruco_interfaces__rosidl_typesupport_cExport-noconfig.cmake
[3.200s] -- Installing: /home/anton202/devlab/drone_ws/install/ros2_aruco_interfaces/share/ros2_aruco_interfaces/cmake/ros2_aruco_interfaces__rosidl_typesupport_introspection_cppExport.cmake
[3.200s] -- Installing: /home/anton202/devlab/drone_ws/install/ros2_aruco_interfaces/share/ros2_aruco_interfaces/cmake/ros2_aruco_interfaces__rosidl_typesupport_introspection_cppExport-noconfig.cmake
[3.200s] -- Installing: /home/anton202/devlab/drone_ws/install/ros2_aruco_interfaces/share/ros2_aruco_interfaces/cmake/ros2_aruco_interfaces__rosidl_typesupport_cppExport.cmake
[3.200s] -- Installing: /home/anton202/devlab/drone_ws/install/ros2_aruco_interfaces/share/ros2_aruco_interfaces/cmake/ros2_aruco_interfaces__rosidl_typesupport_cppExport-noconfig.cmake
[3.200s] -- Installing: /home/anton202/devlab/drone_ws/install/ros2_aruco_interfaces/share/ros2_aruco_interfaces/cmake/export_ros2_aruco_interfaces__rosidl_generator_pyExport.cmake
[3.200s] -- Installing: /home/anton202/devlab/drone_ws/install/ros2_aruco_interfaces/share/ros2_aruco_interfaces/cmake/export_ros2_aruco_interfaces__rosidl_generator_pyExport-noconfig.cmake
[3.200s] -- Installing: /home/anton202/devlab/drone_ws/install/ros2_aruco_interfaces/share/ros2_aruco_interfaces/cmake/rosidl_cmake-extras.cmake
[3.200s] -- Installing: /home/anton202/devlab/drone_ws/install/ros2_aruco_interfaces/share/ros2_aruco_interfaces/cmake/ament_cmake_export_dependencies-extras.cmake
[3.200s] -- Installing: /home/anton202/devlab/drone_ws/install/ros2_aruco_interfaces/share/ros2_aruco_interfaces/cmake/ament_cmake_export_include_directories-extras.cmake
[3.200s] -- Installing: /home/anton202/devlab/drone_ws/install/ros2_aruco_interfaces/share/ros2_aruco_interfaces/cmake/ament_cmake_export_libraries-extras.cmake
[3.200s] -- Installing: /home/anton202/devlab/drone_ws/install/ros2_aruco_interfaces/share/ros2_aruco_interfaces/cmake/ament_cmake_export_targets-extras.cmake
[3.200s] -- Installing: /home/anton202/devlab/drone_ws/install/ros2_aruco_interfaces/share/ros2_aruco_interfaces/cmake/rosidl_cmake_export_typesupport_targets-extras.cmake
[3.200s] -- Installing: /home/anton202/devlab/drone_ws/install/ros2_aruco_interfaces/share/ros2_aruco_interfaces/cmake/rosidl_cmake_export_typesupport_libraries-extras.cmake
[3.200s] -- Installing: /home/anton202/devlab/drone_ws/install/ros2_aruco_interfaces/share/ros2_aruco_interfaces/cmake/ros2_aruco_interfacesConfig.cmake
[3.200s] -- Installing: /home/anton202/devlab/drone_ws/install/ros2_aruco_interfaces/share/ros2_aruco_interfaces/cmake/ros2_aruco_interfacesConfig-version.cmake
[3.200s] -- Installing: /home/anton202/devlab/drone_ws/install/ros2_aruco_interfaces/share/ros2_aruco_interfaces/package.xml
[3.208s] Invoked command in '/home/anton202/devlab/drone_ws/build/ros2_aruco_interfaces' returned '0': CMAKE_PREFIX_PATH=/opt/ros/iron /home/anton202/.local/bin/cmake --install /home/anton202/devlab/drone_ws/build/ros2_aruco_interfaces
