[0.343s] Invoking command in '/home/anton202/devlab/drone_ws/build/usb_cam': CMAKE_PREFIX_PATH=${CMAKE_PREFIX_PATH}:/home/anton202/devlab/drone_ws/install/ros2_aruco:/home/anton202/devlab/drone_ws/install/py_pubsub:/home/anton202/devlab/drone_ws/install/learning_tf2_py:/opt/ros/iron CONDA_PROMPT_MODIFIER=(base) /home/anton202/.local/bin/cmake --build /home/anton202/devlab/drone_ws/build/usb_cam -- -j20 -l20
[0.406s] [ 14%] Built target usb_cam
[0.407s] [ 28%] Built target gtest_main
[0.409s] [ 42%] Built target usb_cam_node_exe
[0.409s] [ 57%] Built target gtest
[0.416s] [ 71%] Built target usb_cam_node
[0.418s] [ 85%] Built target test_usb_cam_utils
[0.420s] [100%] Built target test_pixel_formats
[0.431s] Invoked command in '/home/anton202/devlab/drone_ws/build/usb_cam' returned '0': CMAKE_PREFIX_PATH=${CMAKE_PREFIX_PATH}:/home/anton202/devlab/drone_ws/install/ros2_aruco:/home/anton202/devlab/drone_ws/install/py_pubsub:/home/anton202/devlab/drone_ws/install/learning_tf2_py:/opt/ros/iron CONDA_PROMPT_MODIFIER=(base) /home/anton202/.local/bin/cmake --build /home/anton202/devlab/drone_ws/build/usb_cam -- -j20 -l20
[0.561s] Invoking command in '/home/anton202/devlab/drone_ws/build/usb_cam': CMAKE_PREFIX_PATH=${CMAKE_PREFIX_PATH}:/home/anton202/devlab/drone_ws/install/ros2_aruco:/home/anton202/devlab/drone_ws/install/py_pubsub:/home/anton202/devlab/drone_ws/install/learning_tf2_py:/opt/ros/iron CONDA_PROMPT_MODIFIER=(base) /home/anton202/.local/bin/cmake --install /home/anton202/devlab/drone_ws/build/usb_cam
[0.608s] -- Install configuration: ""
[0.608s] -- Up-to-date: /home/anton202/devlab/drone_ws/install/usb_cam/share/usb_cam/environment/library_path.sh
[0.608s] -- Up-to-date: /home/anton202/devlab/drone_ws/install/usb_cam/share/usb_cam/environment/library_path.dsv
[0.608s] -- Up-to-date: /home/anton202/devlab/drone_ws/install/usb_cam/lib/usb_cam/usb_cam_node_exe
[0.609s] -- Up-to-date: /home/anton202/devlab/drone_ws/install/usb_cam/lib/usb_cam/show_image.py
[0.609s] -- Up-to-date: /home/anton202/devlab/drone_ws/install/usb_cam/lib/libusb_cam.so
[0.609s] -- Up-to-date: /home/anton202/devlab/drone_ws/install/usb_cam/lib/libusb_cam_node.so
[0.609s] -- Up-to-date: /home/anton202/devlab/drone_ws/install/usb_cam/include
[0.609s] -- Up-to-date: /home/anton202/devlab/drone_ws/install/usb_cam/include/usb_cam
[0.609s] -- Up-to-date: /home/anton202/devlab/drone_ws/install/usb_cam/include/usb_cam/formats
[0.609s] -- Up-to-date: /home/anton202/devlab/drone_ws/install/usb_cam/include/usb_cam/formats/rgb.hpp
[0.610s] -- Up-to-date: /home/anton202/devlab/drone_ws/install/usb_cam/include/usb_cam/formats/pixel_format_base.hpp
[0.610s] -- Up-to-date: /home/anton202/devlab/drone_ws/install/usb_cam/include/usb_cam/formats/mjpeg.hpp
[0.610s] -- Up-to-date: /home/anton202/devlab/drone_ws/install/usb_cam/include/usb_cam/formats/mono.hpp
[0.610s] -- Up-to-date: /home/anton202/devlab/drone_ws/install/usb_cam/include/usb_cam/formats/av_pixel_format_helper.hpp
[0.610s] -- Up-to-date: /home/anton202/devlab/drone_ws/install/usb_cam/include/usb_cam/formats/utils.hpp
[0.610s] -- Up-to-date: /home/anton202/devlab/drone_ws/install/usb_cam/include/usb_cam/formats/m420.hpp
[0.610s] -- Up-to-date: /home/anton202/devlab/drone_ws/install/usb_cam/include/usb_cam/formats/uyvy.hpp
[0.610s] -- Up-to-date: /home/anton202/devlab/drone_ws/install/usb_cam/include/usb_cam/formats/yuyv.hpp
[0.610s] -- Up-to-date: /home/anton202/devlab/drone_ws/install/usb_cam/include/usb_cam/usb_cam_node.hpp
[0.610s] -- Up-to-date: /home/anton202/devlab/drone_ws/install/usb_cam/include/usb_cam/usb_cam.hpp
[0.610s] -- Up-to-date: /home/anton202/devlab/drone_ws/install/usb_cam/include/usb_cam/utils.hpp
[0.610s] -- Up-to-date: /home/anton202/devlab/drone_ws/install/usb_cam/include/usb_cam/constants.hpp
[0.610s] -- Up-to-date: /home/anton202/devlab/drone_ws/install/usb_cam/include/usb_cam/conversions.hpp
[0.610s] -- Up-to-date: /home/anton202/devlab/drone_ws/install/usb_cam/lib/libusb_cam_node.so
[0.610s] -- Up-to-date: /home/anton202/devlab/drone_ws/install/usb_cam/share/usb_cam/launch
[0.611s] -- Up-to-date: /home/anton202/devlab/drone_ws/install/usb_cam/share/usb_cam/launch/camera.launch.py
[0.611s] -- Up-to-date: /home/anton202/devlab/drone_ws/install/usb_cam/share/usb_cam/launch/camera_config.py
[0.611s] -- Up-to-date: /home/anton202/devlab/drone_ws/install/usb_cam/share/usb_cam/launch/__init__.py
[0.611s] -- Up-to-date: /home/anton202/devlab/drone_ws/install/usb_cam/share/usb_cam/config
[0.611s] -- Up-to-date: /home/anton202/devlab/drone_ws/install/usb_cam/share/usb_cam/config/camera_info.yaml
[0.611s] -- Up-to-date: /home/anton202/devlab/drone_ws/install/usb_cam/share/usb_cam/config/params_1.yaml
[0.611s] -- Up-to-date: /home/anton202/devlab/drone_ws/install/usb_cam/share/usb_cam/config/params_2.yaml
[0.611s] -- Up-to-date: /home/anton202/devlab/drone_ws/install/usb_cam/share/ament_index/resource_index/package_run_dependencies/usb_cam
[0.611s] -- Up-to-date: /home/anton202/devlab/drone_ws/install/usb_cam/share/ament_index/resource_index/parent_prefix_path/usb_cam
[0.611s] -- Up-to-date: /home/anton202/devlab/drone_ws/install/usb_cam/share/usb_cam/environment/ament_prefix_path.sh
[0.611s] -- Up-to-date: /home/anton202/devlab/drone_ws/install/usb_cam/share/usb_cam/environment/ament_prefix_path.dsv
[0.611s] -- Up-to-date: /home/anton202/devlab/drone_ws/install/usb_cam/share/usb_cam/environment/path.sh
[0.611s] -- Up-to-date: /home/anton202/devlab/drone_ws/install/usb_cam/share/usb_cam/environment/path.dsv
[0.611s] -- Up-to-date: /home/anton202/devlab/drone_ws/install/usb_cam/share/usb_cam/local_setup.bash
[0.612s] -- Up-to-date: /home/anton202/devlab/drone_ws/install/usb_cam/share/usb_cam/local_setup.sh
[0.612s] -- Up-to-date: /home/anton202/devlab/drone_ws/install/usb_cam/share/usb_cam/local_setup.zsh
[0.612s] -- Up-to-date: /home/anton202/devlab/drone_ws/install/usb_cam/share/usb_cam/local_setup.dsv
[0.612s] -- Installing: /home/anton202/devlab/drone_ws/install/usb_cam/share/usb_cam/package.dsv
[0.612s] -- Up-to-date: /home/anton202/devlab/drone_ws/install/usb_cam/share/ament_index/resource_index/packages/usb_cam
[0.612s] -- Up-to-date: /home/anton202/devlab/drone_ws/install/usb_cam/share/ament_index/resource_index/rclcpp_components/usb_cam
[0.612s] -- Up-to-date: /home/anton202/devlab/drone_ws/install/usb_cam/share/usb_cam/cmake/ament_cmake_export_libraries-extras.cmake
[0.612s] -- Up-to-date: /home/anton202/devlab/drone_ws/install/usb_cam/share/usb_cam/cmake/ament_cmake_export_dependencies-extras.cmake
[0.612s] -- Up-to-date: /home/anton202/devlab/drone_ws/install/usb_cam/share/usb_cam/cmake/ament_cmake_export_include_directories-extras.cmake
[0.612s] -- Up-to-date: /home/anton202/devlab/drone_ws/install/usb_cam/share/usb_cam/cmake/usb_camConfig.cmake
[0.612s] -- Up-to-date: /home/anton202/devlab/drone_ws/install/usb_cam/share/usb_cam/cmake/usb_camConfig-version.cmake
[0.612s] -- Up-to-date: /home/anton202/devlab/drone_ws/install/usb_cam/share/usb_cam/package.xml
[0.619s] Invoked command in '/home/anton202/devlab/drone_ws/build/usb_cam' returned '0': CMAKE_PREFIX_PATH=${CMAKE_PREFIX_PATH}:/home/anton202/devlab/drone_ws/install/ros2_aruco:/home/anton202/devlab/drone_ws/install/py_pubsub:/home/anton202/devlab/drone_ws/install/learning_tf2_py:/opt/ros/iron CONDA_PROMPT_MODIFIER=(base) /home/anton202/.local/bin/cmake --install /home/anton202/devlab/drone_ws/build/usb_cam
