[0.946s] Invoking command in '/home/anton202/devlab/drone_ws/src/learning_tf2_py': CONDA_PROMPT_MODIFIER=(base) PYTHONPATH=/home/anton202/devlab/drone_ws/build/learning_tf2_py/prefix_override:/home/anton202/devlab/drone_ws/install/learning_tf2_py/lib/python3.10/site-packages:${PYTHONPATH} /usr/bin/python3 -W ignore:setup.py install is deprecated setup.py egg_info --egg-base ../../build/learning_tf2_py build --build-base /home/anton202/devlab/drone_ws/build/learning_tf2_py/build install --record /home/anton202/devlab/drone_ws/build/learning_tf2_py/install.log --single-version-externally-managed install_data
[1.105s] running egg_info
[1.116s] writing ../../build/learning_tf2_py/learning_tf2_py.egg-info/PKG-INFO
[1.116s] writing dependency_links to ../../build/learning_tf2_py/learning_tf2_py.egg-info/dependency_links.txt
[1.116s] writing entry points to ../../build/learning_tf2_py/learning_tf2_py.egg-info/entry_points.txt
[1.116s] writing requirements to ../../build/learning_tf2_py/learning_tf2_py.egg-info/requires.txt
[1.116s] writing top-level names to ../../build/learning_tf2_py/learning_tf2_py.egg-info/top_level.txt
[1.141s] reading manifest file '../../build/learning_tf2_py/learning_tf2_py.egg-info/SOURCES.txt'
[1.141s] adding license file 'LICENSE'
[1.141s] writing manifest file '../../build/learning_tf2_py/learning_tf2_py.egg-info/SOURCES.txt'
[1.141s] running build
[1.141s] running build_py
[1.141s] copying learning_tf2_py/simple_listener.py -> /home/anton202/devlab/drone_ws/build/learning_tf2_py/build/lib/learning_tf2_py
[1.142s] copying learning_tf2_py/static_turtle_tf2_broadcaster.py -> /home/anton202/devlab/drone_ws/build/learning_tf2_py/build/lib/learning_tf2_py
[1.142s] copying learning_tf2_py/simple_broadcaster.py -> /home/anton202/devlab/drone_ws/build/learning_tf2_py/build/lib/learning_tf2_py
[1.142s] copying learning_tf2_py/turtle_tf2_listener.py -> /home/anton202/devlab/drone_ws/build/learning_tf2_py/build/lib/learning_tf2_py
[1.142s] copying learning_tf2_py/turtle_tf2_broadcaster.py -> /home/anton202/devlab/drone_ws/build/learning_tf2_py/build/lib/learning_tf2_py
[1.142s] copying learning_tf2_py/__init__.py -> /home/anton202/devlab/drone_ws/build/learning_tf2_py/build/lib/learning_tf2_py
[1.142s] running install
[1.145s] running install_lib
[1.158s] running install_data
[1.158s] copying resource/learning_tf2_py -> /home/anton202/devlab/drone_ws/install/learning_tf2_py/share/ament_index/resource_index/packages
[1.158s] copying package.xml -> /home/anton202/devlab/drone_ws/install/learning_tf2_py/share/learning_tf2_py
[1.158s] running install_egg_info
[1.170s] removing '/home/anton202/devlab/drone_ws/install/learning_tf2_py/lib/python3.10/site-packages/learning_tf2_py-0.0.0-py3.10.egg-info' (and everything under it)
[1.170s] Copying ../../build/learning_tf2_py/learning_tf2_py.egg-info to /home/anton202/devlab/drone_ws/install/learning_tf2_py/lib/python3.10/site-packages/learning_tf2_py-0.0.0-py3.10.egg-info
[1.170s] running install_scripts
[1.278s] Installing simple_broadcaster script to /home/anton202/devlab/drone_ws/install/learning_tf2_py/lib/learning_tf2_py
[1.278s] Installing simple_listener script to /home/anton202/devlab/drone_ws/install/learning_tf2_py/lib/learning_tf2_py
[1.278s] Installing static_turtle_tf2_broadcaster script to /home/anton202/devlab/drone_ws/install/learning_tf2_py/lib/learning_tf2_py
[1.278s] Installing turtle_tf2_broadcaster script to /home/anton202/devlab/drone_ws/install/learning_tf2_py/lib/learning_tf2_py
[1.278s] writing list of installed files to '/home/anton202/devlab/drone_ws/build/learning_tf2_py/install.log'
[1.299s] Invoked command in '/home/anton202/devlab/drone_ws/src/learning_tf2_py' returned '0': CONDA_PROMPT_MODIFIER=(base) PYTHONPATH=/home/anton202/devlab/drone_ws/build/learning_tf2_py/prefix_override:/home/anton202/devlab/drone_ws/install/learning_tf2_py/lib/python3.10/site-packages:${PYTHONPATH} /usr/bin/python3 -W ignore:setup.py install is deprecated setup.py egg_info --egg-base ../../build/learning_tf2_py build --build-base /home/anton202/devlab/drone_ws/build/learning_tf2_py/build install --record /home/anton202/devlab/drone_ws/build/learning_tf2_py/install.log --single-version-externally-managed install_data
